<!DOCTYPE html PUBLIC "-//W3C//DTD XHTML 1.1//EN" "http://www.w3.org/TR/xhtml11/DTD/xhtml11.dtd">
<html xmlns="http://www.w3.org/1999/xhtml"><head><title>TestNG Report</title><style type="text/css">table {margin-bottom:10px;border-collapse:collapse;empty-cells:show}th,td {border:1px solid #009;padding:.25em .5em}th {vertical-align:bottom}td {vertical-align:top}table a {font-weight:bold}.stripe td {background-color: #E6EBF9}.num {text-align:right}.passedodd td {background-color: #3F3}.passedeven td {background-color: #0A0}.skippedodd td {background-color: #DDD}.skippedeven td {background-color: #CCC}.failedodd td,.attn {background-color: #F33}.failedeven td,.stripe .attn {background-color: #D00}.stacktrace {white-space:pre;font-family:monospace}.totop {font-size:85%;text-align:center;border-bottom:2px solid #000}</style></head><body><table><tr><th>Test</th><th># Passed</th><th># Skipped</th><th># Failed</th><th>Time (ms)</th><th>Included Groups</th><th>Excluded Groups</th></tr><tr><th colspan="7">MyMoneyKart</th></tr><tr><td><a href="#t0">MyMoneyKart_Functional_Test</a></td><td class="num">5</td><td class="num">0</td><td class="num attn">19</td><td class="num">276,794</td><td></td><td></td></tr><tr class="stripe"><td><a href="#t1">BusBookingSite_Functional_Test</a></td><td class="num">14</td><td class="num">0</td><td class="num attn">1</td><td class="num">445,028</td><td></td><td></td></tr><tr><td><a href="#t2">Utility_Functional_Test</a></td><td class="num">10</td><td class="num">0</td><td class="num">0</td><td class="num">287,686</td><td></td><td></td></tr><tr><th>Total</th><th class="num">29</th><th class="num">0</th><th class="num attn">20</th><th class="num">1,009,508</th><th colspan="2"></th></tr></table><table><thead><tr><th>Class</th><th>Method</th><th>Start</th><th>Time (ms)</th></tr></thead><tbody><tr><th colspan="4">MyMoneyKart</th></tr></tbody><tbody id="t0"><tr><th colspan="4">MyMoneyKart_Functional_Test &#8212; failed</th></tr><tr class="failedeven"><td rowspan="19">com.mmk.test_execution_engine.MMKMainSiteTestCases</td><td><a href="#m0">checkContactUsPageValidations</a></td><td rowspan="1">1500377705527</td><td rowspan="1">45557</td></tr><tr class="failedeven"><td><a href="#m1">failSubscriptionFeePaymentFromPG</a></td><td rowspan="1">1500377816553</td><td rowspan="1">154</td></tr><tr class="failedeven"><td><a href="#m2">navigateKYCPageAndCancelClick</a></td><td rowspan="1">1500377819478</td><td rowspan="1">200</td></tr><tr class="failedeven"><td><a href="#m3">navigateKYCPageAndCheckMissingKYCDetails</a></td><td rowspan="1">1500377818332</td><td rowspan="1">162</td></tr><tr class="failedeven"><td><a href="#m4">navigateKYCPageAndGetDetails</a></td><td rowspan="1">1500377817706</td><td rowspan="1">156</td></tr><tr class="failedeven"><td><a href="#m5">navigateKYCPageAndTransferTheKYC</a></td><td rowspan="1">1500377818906</td><td rowspan="1">151</td></tr><tr class="failedeven"><td><a href="#m6">navigateOnContactUsPage</a></td><td rowspan="1">1500377614134</td><td rowspan="1">45657</td></tr><tr class="failedeven"><td><a href="#m7">navigateToChangePasswordPage</a></td><td rowspan="1">1500377820659</td><td rowspan="1">174</td></tr><tr class="failedeven"><td><a href="#m8">navigateToChangePasswordPageAndCheckBlankFieldValidation</a></td><td rowspan="1">1500377821342</td><td rowspan="1">152</td></tr><tr class="failedeven"><td><a href="#m9">navigateToChangePasswordPageAndCheckCancelRedirect</a></td><td rowspan="1">1500377821897</td><td rowspan="1">146</td></tr><tr class="failedeven"><td><a href="#m10">navigateToChangePasswordPageAnddoChangePassword</a></td><td rowspan="1">1500377822454</td><td rowspan="1">142</td></tr><tr class="failedeven"><td><a href="#m11">navigateToKycDetailsPageAndVerifyCorrectRedirect</a></td><td rowspan="1">1500377817115</td><td rowspan="1">163</td></tr><tr class="failedeven"><td><a href="#m12">navigateToUserAccountScbscriptionLink</a></td><td rowspan="1">1500377815207</td><td rowspan="1">357</td></tr><tr class="failedeven"><td><a href="#m13">navigateToUserAccountScbscriptionLinkAndCheckScbscriptionStatus</a></td><td rowspan="1">1500377815967</td><td rowspan="1">155</td></tr><tr class="failedeven"><td><a href="#m14">navigateToUserProfile</a></td><td rowspan="1">1500377823007</td><td rowspan="1">151</td></tr><tr class="failedeven"><td><a href="#m15">navigateToUserProfileAndCheckValidRedirect</a></td><td rowspan="1">1500377823633</td><td rowspan="1">162</td></tr><tr class="failedeven"><td><a href="#m16">navigateToUserProfileAndGetProfileDetails</a></td><td rowspan="1">1500377824198</td><td rowspan="1">170</td></tr><tr class="failedeven"><td><a href="#m17">submitContactByEndUser</a></td><td rowspan="1">1500377659868</td><td rowspan="1">45597</td></tr><tr class="failedeven"><td><a href="#m18">verifyPancardAndIdProffDocOnKycForm</a></td><td rowspan="1">1500377820086</td><td rowspan="1">146</td></tr><tr><th colspan="4">MyMoneyKart_Functional_Test &#8212; passed</th></tr><tr class="passedeven"><td rowspan="5">com.mmk.test_execution_engine.MMKMainSiteTestCases</td><td><a href="#m19">busSearchFromMMKHomePageWithUserLogin</a></td><td rowspan="1">1500377612662</td><td rowspan="1">1472</td></tr><tr class="passedeven"><td><a href="#m20">inviteFriends</a></td><td rowspan="1">1500377756246</td><td rowspan="1">58960</td></tr><tr class="passedeven"><td><a href="#m21">navigateOnInviteFriend</a></td><td rowspan="1">1500377751162</td><td rowspan="1">5083</td></tr><tr class="passedeven"><td><a href="#m22">userLogin</a></td><td rowspan="1">1500377548018</td><td rowspan="1">57869</td></tr><tr class="passedeven"><td><a href="#m23">userWalletDetails</a></td><td rowspan="1">1500377605887</td><td rowspan="1">6774</td></tr></tbody><tbody id="t1"><tr><th colspan="4">BusBookingSite_Functional_Test &#8212; failed</th></tr><tr class="failedeven"><td rowspan="1">com.mmk.test_execution_engine.MMKBusSiteTestCases</td><td><a href="#m24">modifySearchCheck</a></td><td rowspan="1">1500377851021</td><td rowspan="1">71794</td></tr><tr><th colspan="4">BusBookingSite_Functional_Test &#8212; passed</th></tr><tr class="passedeven"><td rowspan="14">com.mmk.test_execution_engine.MMKBusSiteTestCases</td><td><a href="#m25">applyCouponCode</a></td><td rowspan="1">1500378026383</td><td rowspan="1">52317</td></tr><tr class="passedeven"><td><a href="#m26">applyWalletAmountAndCheckout</a></td><td rowspan="1">1500378078700</td><td rowspan="1">88456</td></tr><tr class="passedeven"><td><a href="#m27">checkBusRatingOptionAvailability</a></td><td rowspan="1">1500377841176</td><td rowspan="1">302</td></tr><tr class="passedeven"><td><a href="#m28">completeBusBookingAndOrderCheckout</a></td><td rowspan="1">1500378167156</td><td rowspan="1">103821</td></tr><tr class="passedeven"><td><a href="#m29">doBusSearch</a></td><td rowspan="1">1500377846217</td><td rowspan="1">4804</td></tr><tr class="passedeven"><td><a href="#m30">fillPassangerDetailsAndProceedFurther</a></td><td rowspan="1">1500377977444</td><td rowspan="1">48939</td></tr><tr class="passedeven"><td><a href="#m31">getRecentSearches</a></td><td rowspan="1">1500377845685</td><td rowspan="1">531</td></tr><tr class="passedeven"><td><a href="#m32">getSelectedPreferredCity</a></td><td rowspan="1">1500377838812</td><td rowspan="1">2000</td></tr><tr class="passedeven"><td><a href="#m33">isSelfFunctionalityCheck</a></td><td rowspan="1">1500377938949</td><td rowspan="1">38495</td></tr><tr class="passedeven"><td><a href="#m34">navigateToBusHomePage</a></td><td rowspan="1">1500377825950</td><td rowspan="1">12843</td></tr><tr class="passedeven"><td><a href="#m35">rateABusIfRatingOptionAvailable</a></td><td rowspan="1">1500377841478</td><td rowspan="1">4207</td></tr><tr class="passedeven"><td><a href="#m36">selectSeatAndProceed</a></td><td rowspan="1">1500377922818</td><td rowspan="1">16130</td></tr><tr class="passedeven"><td><a href="#m37">setPreferredCity</a></td><td rowspan="1">1500377840812</td><td rowspan="1">364</td></tr><tr class="passedeven"><td><a href="#m38">userLoginCheckAndLoginIfNot</a></td><td rowspan="1">1500377838793</td><td rowspan="1">19</td></tr></tbody><tbody id="t2"><tr><th colspan="4">Utility_Functional_Test &#8212; passed</th></tr><tr class="passedeven"><td rowspan="10">com.mmk.test_execution_engine.MMKUtilitySiteTestCases</td><td><a href="#m39">navigateToUtilityHomePageAndCheckWeatherUserIsLogigedIn</a></td><td rowspan="1">1500378280522</td><td rowspan="1">326</td></tr><tr class="passedeven"><td><a href="#m40">navigateToUtilitySiteAndVerifyCorrectLandingHomePage</a></td><td rowspan="1">1500378271001</td><td rowspan="1">9519</td></tr><tr class="passedeven"><td><a href="#m41">navigateToUtilitySiteAndswitchTodthRecharge</a></td><td rowspan="1">1500378483572</td><td rowspan="1">6678</td></tr><tr class="passedeven"><td><a href="#m42">proceedDTHRechargeAndVerifyLandingPage</a></td><td rowspan="1">1500378490251</td><td rowspan="1">17769</td></tr><tr class="passedeven"><td><a href="#m43">proceedDTHRechargeAndVerifyStatusOnThankyouPage</a></td><td rowspan="1">1500378508020</td><td rowspan="1">50665</td></tr><tr class="passedeven"><td><a href="#m44">proceedPostpaidMobileRechargeAndVerifyStatusOnThankyouPage</a></td><td rowspan="1">1500378434891</td><td rowspan="1">48680</td></tr><tr class="passedeven"><td><a href="#m45">proceedPrepaidMobileRechargeAndApplyCoupon</a></td><td rowspan="1">1500378298699</td><td rowspan="1">31663</td></tr><tr class="passedeven"><td><a href="#m46">proceedPrepaidMobileRechargeAndVerifyStatusOnThankyouPage</a></td><td rowspan="1">1500378385512</td><td rowspan="1">49379</td></tr><tr class="passedeven"><td><a href="#m47">proceedPrepaidMobileRechargeAndVeriyLandingPageAfterWalletPay</a></td><td rowspan="1">1500378330363</td><td rowspan="1">55148</td></tr><tr class="passedeven"><td><a href="#m48">proceedPrepaidMobilerechargeAndVerifyLandingPageAfterFillRechargeDetails</a></td><td rowspan="1">1500378280849</td><td rowspan="1">17850</td></tr></tbody></table><h2>MyMoneyKart_Functional_Test</h2><h3 id="m0">com.mmk.test_execution_engine.MMKMainSiteTestCases#checkContactUsPageValidations</h3><table class="result"><tr><th>Exception</th></tr><tr><td><div class="stacktrace">org.openqa.selenium.InvalidArgumentException: Could not find webelement key
Build info: version: &apos;3.4.0&apos;, revision: &apos;unknown&apos;, time: &apos;unknown&apos;
System info: host: &apos;TSS167&apos;, ip: &apos;192.168.1.167&apos;, os.name: &apos;Windows 8.1&apos;, os.arch: &apos;amd64&apos;, os.version: &apos;6.3&apos;, java.version: &apos;1.8.0_51&apos;
Driver info: org.openqa.selenium.firefox.FirefoxDriver
Capabilities [{moz:profile=C:\Users\NAREND~1.RAJ\AppData\Local\Temp\rust_mozprofile.N4yg1ywWgtwa, rotatable=false, timeouts={implicit=0.0, page load=300000.0, script=30000.0}, pageLoadStrategy=normal, platform=ANY, specificationLevel=0.0, moz:accessibilityChecks=false, acceptInsecureCerts=false, browserVersion=52.0.2, platformVersion=6.3, moz:processID=1360.0, browserName=firefox, javascriptEnabled=true, platformName=windows_nt}]
Session ID: 0215aa8f-cade-4264-91fd-3c58a5fd1fb0
	at org.openqa.selenium.remote.http.W3CHttpResponseCodec.createException(W3CHttpResponseCodec.java:150)
	at org.openqa.selenium.remote.http.W3CHttpResponseCodec.decode(W3CHttpResponseCodec.java:115)
	at org.openqa.selenium.remote.http.W3CHttpResponseCodec.decode(W3CHttpResponseCodec.java:45)
	at org.openqa.selenium.remote.HttpCommandExecutor.execute(HttpCommandExecutor.java:164)
	at org.openqa.selenium.remote.service.DriverCommandExecutor.execute(DriverCommandExecutor.java:82)
	at org.openqa.selenium.remote.RemoteWebDriver.execute(RemoteWebDriver.java:637)
	at org.openqa.selenium.remote.RemoteWebDriver.perform(RemoteWebDriver.java:703)
	at org.openqa.selenium.interactions.Actions$BuiltAction.perform(Actions.java:631)
	at com.mmkproject.pages.MyMoneyKartHomePage.navigateToContactUsPage(MyMoneyKartHomePage.java:235)
	at com.mmk.test_execution_engine.MMKMainSiteTestCases.checkContactUsPageValidations(MMKMainSiteTestCases.java:100)
... Removed 37 stack frames</div></td></tr></table><p class="totop"><a href="#summary">back to summary</a></p><h3 id="m1">com.mmk.test_execution_engine.MMKMainSiteTestCases#failSubscriptionFeePaymentFromPG</h3><table class="result"><tr><th>Exception</th></tr><tr><td><div class="stacktrace">org.openqa.selenium.InvalidArgumentException: Could not find webelement key
Build info: version: &apos;3.4.0&apos;, revision: &apos;unknown&apos;, time: &apos;unknown&apos;
System info: host: &apos;TSS167&apos;, ip: &apos;192.168.1.167&apos;, os.name: &apos;Windows 8.1&apos;, os.arch: &apos;amd64&apos;, os.version: &apos;6.3&apos;, java.version: &apos;1.8.0_51&apos;
Driver info: org.openqa.selenium.firefox.FirefoxDriver
Capabilities [{moz:profile=C:\Users\NAREND~1.RAJ\AppData\Local\Temp\rust_mozprofile.N4yg1ywWgtwa, rotatable=false, timeouts={implicit=0.0, page load=300000.0, script=30000.0}, pageLoadStrategy=normal, platform=ANY, specificationLevel=0.0, moz:accessibilityChecks=false, acceptInsecureCerts=false, browserVersion=52.0.2, platformVersion=6.3, moz:processID=1360.0, browserName=firefox, javascriptEnabled=true, platformName=windows_nt}]
Session ID: 0215aa8f-cade-4264-91fd-3c58a5fd1fb0
	at org.openqa.selenium.remote.http.W3CHttpResponseCodec.createException(W3CHttpResponseCodec.java:150)
	at org.openqa.selenium.remote.http.W3CHttpResponseCodec.decode(W3CHttpResponseCodec.java:115)
	at org.openqa.selenium.remote.http.W3CHttpResponseCodec.decode(W3CHttpResponseCodec.java:45)
	at org.openqa.selenium.remote.HttpCommandExecutor.execute(HttpCommandExecutor.java:164)
	at org.openqa.selenium.remote.service.DriverCommandExecutor.execute(DriverCommandExecutor.java:82)
	at org.openqa.selenium.remote.RemoteWebDriver.execute(RemoteWebDriver.java:637)
	at org.openqa.selenium.remote.RemoteWebDriver.perform(RemoteWebDriver.java:703)
	at org.openqa.selenium.interactions.Actions$BuiltAction.perform(Actions.java:631)
	at com.mmkproject.pages.MyMoneyKartHomePage.navigateAccountSubscription(MyMoneyKartHomePage.java:336)
	at com.mmk.test_execution_engine.MMKMainSiteTestCases.failSubscriptionFeePaymentFromPG(MMKMainSiteTestCases.java:143)
... Removed 37 stack frames</div></td></tr></table><p class="totop"><a href="#summary">back to summary</a></p><h3 id="m2">com.mmk.test_execution_engine.MMKMainSiteTestCases#navigateKYCPageAndCancelClick</h3><table class="result"><tr><th>Exception</th></tr><tr><td><div class="stacktrace">org.openqa.selenium.InvalidArgumentException: Could not find webelement key
Build info: version: &apos;3.4.0&apos;, revision: &apos;unknown&apos;, time: &apos;unknown&apos;
System info: host: &apos;TSS167&apos;, ip: &apos;192.168.1.167&apos;, os.name: &apos;Windows 8.1&apos;, os.arch: &apos;amd64&apos;, os.version: &apos;6.3&apos;, java.version: &apos;1.8.0_51&apos;
Driver info: org.openqa.selenium.firefox.FirefoxDriver
Capabilities [{moz:profile=C:\Users\NAREND~1.RAJ\AppData\Local\Temp\rust_mozprofile.N4yg1ywWgtwa, rotatable=false, timeouts={implicit=0.0, page load=300000.0, script=30000.0}, pageLoadStrategy=normal, platform=ANY, specificationLevel=0.0, moz:accessibilityChecks=false, acceptInsecureCerts=false, browserVersion=52.0.2, platformVersion=6.3, moz:processID=1360.0, browserName=firefox, javascriptEnabled=true, platformName=windows_nt}]
Session ID: 0215aa8f-cade-4264-91fd-3c58a5fd1fb0
	at org.openqa.selenium.remote.http.W3CHttpResponseCodec.createException(W3CHttpResponseCodec.java:150)
	at org.openqa.selenium.remote.http.W3CHttpResponseCodec.decode(W3CHttpResponseCodec.java:115)
	at org.openqa.selenium.remote.http.W3CHttpResponseCodec.decode(W3CHttpResponseCodec.java:45)
	at org.openqa.selenium.remote.HttpCommandExecutor.execute(HttpCommandExecutor.java:164)
	at org.openqa.selenium.remote.service.DriverCommandExecutor.execute(DriverCommandExecutor.java:82)
	at org.openqa.selenium.remote.RemoteWebDriver.execute(RemoteWebDriver.java:637)
	at org.openqa.selenium.remote.RemoteWebDriver.perform(RemoteWebDriver.java:703)
	at org.openqa.selenium.interactions.Actions$BuiltAction.perform(Actions.java:631)
	at com.mmkproject.pages.MyMoneyKartHomePage.navigateToKYCDetails(MyMoneyKartHomePage.java:378)
	at com.mmk.test_execution_engine.MMKMainSiteTestCases.navigateKYCPageAndCancelClick(MMKMainSiteTestCases.java:199)
... Removed 37 stack frames</div></td></tr></table><p class="totop"><a href="#summary">back to summary</a></p><h3 id="m3">com.mmk.test_execution_engine.MMKMainSiteTestCases#navigateKYCPageAndCheckMissingKYCDetails</h3><table class="result"><tr><th>Exception</th></tr><tr><td><div class="stacktrace">org.openqa.selenium.InvalidArgumentException: Could not find webelement key
Build info: version: &apos;3.4.0&apos;, revision: &apos;unknown&apos;, time: &apos;unknown&apos;
System info: host: &apos;TSS167&apos;, ip: &apos;192.168.1.167&apos;, os.name: &apos;Windows 8.1&apos;, os.arch: &apos;amd64&apos;, os.version: &apos;6.3&apos;, java.version: &apos;1.8.0_51&apos;
Driver info: org.openqa.selenium.firefox.FirefoxDriver
Capabilities [{moz:profile=C:\Users\NAREND~1.RAJ\AppData\Local\Temp\rust_mozprofile.N4yg1ywWgtwa, rotatable=false, timeouts={implicit=0.0, page load=300000.0, script=30000.0}, pageLoadStrategy=normal, platform=ANY, specificationLevel=0.0, moz:accessibilityChecks=false, acceptInsecureCerts=false, browserVersion=52.0.2, platformVersion=6.3, moz:processID=1360.0, browserName=firefox, javascriptEnabled=true, platformName=windows_nt}]
Session ID: 0215aa8f-cade-4264-91fd-3c58a5fd1fb0
	at org.openqa.selenium.remote.http.W3CHttpResponseCodec.createException(W3CHttpResponseCodec.java:150)
	at org.openqa.selenium.remote.http.W3CHttpResponseCodec.decode(W3CHttpResponseCodec.java:115)
	at org.openqa.selenium.remote.http.W3CHttpResponseCodec.decode(W3CHttpResponseCodec.java:45)
	at org.openqa.selenium.remote.HttpCommandExecutor.execute(HttpCommandExecutor.java:164)
	at org.openqa.selenium.remote.service.DriverCommandExecutor.execute(DriverCommandExecutor.java:82)
	at org.openqa.selenium.remote.RemoteWebDriver.execute(RemoteWebDriver.java:637)
	at org.openqa.selenium.remote.RemoteWebDriver.perform(RemoteWebDriver.java:703)
	at org.openqa.selenium.interactions.Actions$BuiltAction.perform(Actions.java:631)
	at com.mmkproject.pages.MyMoneyKartHomePage.navigateToKYCDetails(MyMoneyKartHomePage.java:378)
	at com.mmk.test_execution_engine.MMKMainSiteTestCases.navigateKYCPageAndCheckMissingKYCDetails(MMKMainSiteTestCases.java:181)
... Removed 37 stack frames</div></td></tr></table><p class="totop"><a href="#summary">back to summary</a></p><h3 id="m4">com.mmk.test_execution_engine.MMKMainSiteTestCases#navigateKYCPageAndGetDetails</h3><table class="result"><tr><th>Exception</th></tr><tr><td><div class="stacktrace">org.openqa.selenium.InvalidArgumentException: Could not find webelement key
Build info: version: &apos;3.4.0&apos;, revision: &apos;unknown&apos;, time: &apos;unknown&apos;
System info: host: &apos;TSS167&apos;, ip: &apos;192.168.1.167&apos;, os.name: &apos;Windows 8.1&apos;, os.arch: &apos;amd64&apos;, os.version: &apos;6.3&apos;, java.version: &apos;1.8.0_51&apos;
Driver info: org.openqa.selenium.firefox.FirefoxDriver
Capabilities [{moz:profile=C:\Users\NAREND~1.RAJ\AppData\Local\Temp\rust_mozprofile.N4yg1ywWgtwa, rotatable=false, timeouts={implicit=0.0, page load=300000.0, script=30000.0}, pageLoadStrategy=normal, platform=ANY, specificationLevel=0.0, moz:accessibilityChecks=false, acceptInsecureCerts=false, browserVersion=52.0.2, platformVersion=6.3, moz:processID=1360.0, browserName=firefox, javascriptEnabled=true, platformName=windows_nt}]
Session ID: 0215aa8f-cade-4264-91fd-3c58a5fd1fb0
	at org.openqa.selenium.remote.http.W3CHttpResponseCodec.createException(W3CHttpResponseCodec.java:150)
	at org.openqa.selenium.remote.http.W3CHttpResponseCodec.decode(W3CHttpResponseCodec.java:115)
	at org.openqa.selenium.remote.http.W3CHttpResponseCodec.decode(W3CHttpResponseCodec.java:45)
	at org.openqa.selenium.remote.HttpCommandExecutor.execute(HttpCommandExecutor.java:164)
	at org.openqa.selenium.remote.service.DriverCommandExecutor.execute(DriverCommandExecutor.java:82)
	at org.openqa.selenium.remote.RemoteWebDriver.execute(RemoteWebDriver.java:637)
	at org.openqa.selenium.remote.RemoteWebDriver.perform(RemoteWebDriver.java:703)
	at org.openqa.selenium.interactions.Actions$BuiltAction.perform(Actions.java:631)
	at com.mmkproject.pages.MyMoneyKartHomePage.navigateToKYCDetails(MyMoneyKartHomePage.java:378)
	at com.mmk.test_execution_engine.MMKMainSiteTestCases.navigateKYCPageAndGetDetails(MMKMainSiteTestCases.java:163)
... Removed 37 stack frames</div></td></tr></table><p class="totop"><a href="#summary">back to summary</a></p><h3 id="m5">com.mmk.test_execution_engine.MMKMainSiteTestCases#navigateKYCPageAndTransferTheKYC</h3><table class="result"><tr><th>Exception</th></tr><tr><td><div class="stacktrace">org.openqa.selenium.InvalidArgumentException: Could not find webelement key
Build info: version: &apos;3.4.0&apos;, revision: &apos;unknown&apos;, time: &apos;unknown&apos;
System info: host: &apos;TSS167&apos;, ip: &apos;192.168.1.167&apos;, os.name: &apos;Windows 8.1&apos;, os.arch: &apos;amd64&apos;, os.version: &apos;6.3&apos;, java.version: &apos;1.8.0_51&apos;
Driver info: org.openqa.selenium.firefox.FirefoxDriver
Capabilities [{moz:profile=C:\Users\NAREND~1.RAJ\AppData\Local\Temp\rust_mozprofile.N4yg1ywWgtwa, rotatable=false, timeouts={implicit=0.0, page load=300000.0, script=30000.0}, pageLoadStrategy=normal, platform=ANY, specificationLevel=0.0, moz:accessibilityChecks=false, acceptInsecureCerts=false, browserVersion=52.0.2, platformVersion=6.3, moz:processID=1360.0, browserName=firefox, javascriptEnabled=true, platformName=windows_nt}]
Session ID: 0215aa8f-cade-4264-91fd-3c58a5fd1fb0
	at org.openqa.selenium.remote.http.W3CHttpResponseCodec.createException(W3CHttpResponseCodec.java:150)
	at org.openqa.selenium.remote.http.W3CHttpResponseCodec.decode(W3CHttpResponseCodec.java:115)
	at org.openqa.selenium.remote.http.W3CHttpResponseCodec.decode(W3CHttpResponseCodec.java:45)
	at org.openqa.selenium.remote.HttpCommandExecutor.execute(HttpCommandExecutor.java:164)
	at org.openqa.selenium.remote.service.DriverCommandExecutor.execute(DriverCommandExecutor.java:82)
	at org.openqa.selenium.remote.RemoteWebDriver.execute(RemoteWebDriver.java:637)
	at org.openqa.selenium.remote.RemoteWebDriver.perform(RemoteWebDriver.java:703)
	at org.openqa.selenium.interactions.Actions$BuiltAction.perform(Actions.java:631)
	at com.mmkproject.pages.MyMoneyKartHomePage.navigateToKYCDetails(MyMoneyKartHomePage.java:378)
	at com.mmk.test_execution_engine.MMKMainSiteTestCases.navigateKYCPageAndTransferTheKYC(MMKMainSiteTestCases.java:190)
... Removed 37 stack frames</div></td></tr></table><p class="totop"><a href="#summary">back to summary</a></p><h3 id="m6">com.mmk.test_execution_engine.MMKMainSiteTestCases#navigateOnContactUsPage</h3><table class="result"><tr><th>Exception</th></tr><tr><td><div class="stacktrace">org.openqa.selenium.InvalidArgumentException: Could not find webelement key
Build info: version: &apos;3.4.0&apos;, revision: &apos;unknown&apos;, time: &apos;unknown&apos;
System info: host: &apos;TSS167&apos;, ip: &apos;192.168.1.167&apos;, os.name: &apos;Windows 8.1&apos;, os.arch: &apos;amd64&apos;, os.version: &apos;6.3&apos;, java.version: &apos;1.8.0_51&apos;
Driver info: org.openqa.selenium.firefox.FirefoxDriver
Capabilities [{moz:profile=C:\Users\NAREND~1.RAJ\AppData\Local\Temp\rust_mozprofile.N4yg1ywWgtwa, rotatable=false, timeouts={implicit=0.0, page load=300000.0, script=30000.0}, pageLoadStrategy=normal, platform=ANY, specificationLevel=0.0, moz:accessibilityChecks=false, acceptInsecureCerts=false, browserVersion=52.0.2, platformVersion=6.3, moz:processID=1360.0, browserName=firefox, javascriptEnabled=true, platformName=windows_nt}]
Session ID: 0215aa8f-cade-4264-91fd-3c58a5fd1fb0
	at org.openqa.selenium.remote.http.W3CHttpResponseCodec.createException(W3CHttpResponseCodec.java:150)
	at org.openqa.selenium.remote.http.W3CHttpResponseCodec.decode(W3CHttpResponseCodec.java:115)
	at org.openqa.selenium.remote.http.W3CHttpResponseCodec.decode(W3CHttpResponseCodec.java:45)
	at org.openqa.selenium.remote.HttpCommandExecutor.execute(HttpCommandExecutor.java:164)
	at org.openqa.selenium.remote.service.DriverCommandExecutor.execute(DriverCommandExecutor.java:82)
	at org.openqa.selenium.remote.RemoteWebDriver.execute(RemoteWebDriver.java:637)
	at org.openqa.selenium.remote.RemoteWebDriver.perform(RemoteWebDriver.java:703)
	at org.openqa.selenium.interactions.Actions$BuiltAction.perform(Actions.java:631)
	at com.mmkproject.pages.MyMoneyKartHomePage.navigateToContactUsPage(MyMoneyKartHomePage.java:235)
	at com.mmk.test_execution_engine.MMKMainSiteTestCases.navigateOnContactUsPage(MMKMainSiteTestCases.java:71)
... Removed 37 stack frames</div></td></tr></table><p class="totop"><a href="#summary">back to summary</a></p><h3 id="m7">com.mmk.test_execution_engine.MMKMainSiteTestCases#navigateToChangePasswordPage</h3><table class="result"><tr><th>Exception</th></tr><tr><td><div class="stacktrace">org.openqa.selenium.InvalidArgumentException: Could not find webelement key
Build info: version: &apos;3.4.0&apos;, revision: &apos;unknown&apos;, time: &apos;unknown&apos;
System info: host: &apos;TSS167&apos;, ip: &apos;192.168.1.167&apos;, os.name: &apos;Windows 8.1&apos;, os.arch: &apos;amd64&apos;, os.version: &apos;6.3&apos;, java.version: &apos;1.8.0_51&apos;
Driver info: org.openqa.selenium.firefox.FirefoxDriver
Capabilities [{moz:profile=C:\Users\NAREND~1.RAJ\AppData\Local\Temp\rust_mozprofile.N4yg1ywWgtwa, rotatable=false, timeouts={implicit=0.0, page load=300000.0, script=30000.0}, pageLoadStrategy=normal, platform=ANY, specificationLevel=0.0, moz:accessibilityChecks=false, acceptInsecureCerts=false, browserVersion=52.0.2, platformVersion=6.3, moz:processID=1360.0, browserName=firefox, javascriptEnabled=true, platformName=windows_nt}]
Session ID: 0215aa8f-cade-4264-91fd-3c58a5fd1fb0
	at org.openqa.selenium.remote.http.W3CHttpResponseCodec.createException(W3CHttpResponseCodec.java:150)
	at org.openqa.selenium.remote.http.W3CHttpResponseCodec.decode(W3CHttpResponseCodec.java:115)
	at org.openqa.selenium.remote.http.W3CHttpResponseCodec.decode(W3CHttpResponseCodec.java:45)
	at org.openqa.selenium.remote.HttpCommandExecutor.execute(HttpCommandExecutor.java:164)
	at org.openqa.selenium.remote.service.DriverCommandExecutor.execute(DriverCommandExecutor.java:82)
	at org.openqa.selenium.remote.RemoteWebDriver.execute(RemoteWebDriver.java:637)
	at org.openqa.selenium.remote.RemoteWebDriver.perform(RemoteWebDriver.java:703)
	at org.openqa.selenium.interactions.Actions$BuiltAction.perform(Actions.java:631)
	at com.mmkproject.pages.MyMoneyKartHomePage.navigateToChangePassword(MyMoneyKartHomePage.java:419)
	at com.mmk.test_execution_engine.MMKMainSiteTestCases.navigateToChangePasswordPage(MMKMainSiteTestCases.java:208)
... Removed 37 stack frames</div></td></tr></table><p class="totop"><a href="#summary">back to summary</a></p><h3 id="m8">com.mmk.test_execution_engine.MMKMainSiteTestCases#navigateToChangePasswordPageAndCheckBlankFieldValidation</h3><table class="result"><tr><th>Exception</th></tr><tr><td><div class="stacktrace">org.openqa.selenium.InvalidArgumentException: Could not find webelement key
Build info: version: &apos;3.4.0&apos;, revision: &apos;unknown&apos;, time: &apos;unknown&apos;
System info: host: &apos;TSS167&apos;, ip: &apos;192.168.1.167&apos;, os.name: &apos;Windows 8.1&apos;, os.arch: &apos;amd64&apos;, os.version: &apos;6.3&apos;, java.version: &apos;1.8.0_51&apos;
Driver info: org.openqa.selenium.firefox.FirefoxDriver
Capabilities [{moz:profile=C:\Users\NAREND~1.RAJ\AppData\Local\Temp\rust_mozprofile.N4yg1ywWgtwa, rotatable=false, timeouts={implicit=0.0, page load=300000.0, script=30000.0}, pageLoadStrategy=normal, platform=ANY, specificationLevel=0.0, moz:accessibilityChecks=false, acceptInsecureCerts=false, browserVersion=52.0.2, platformVersion=6.3, moz:processID=1360.0, browserName=firefox, javascriptEnabled=true, platformName=windows_nt}]
Session ID: 0215aa8f-cade-4264-91fd-3c58a5fd1fb0
	at org.openqa.selenium.remote.http.W3CHttpResponseCodec.createException(W3CHttpResponseCodec.java:150)
	at org.openqa.selenium.remote.http.W3CHttpResponseCodec.decode(W3CHttpResponseCodec.java:115)
	at org.openqa.selenium.remote.http.W3CHttpResponseCodec.decode(W3CHttpResponseCodec.java:45)
	at org.openqa.selenium.remote.HttpCommandExecutor.execute(HttpCommandExecutor.java:164)
	at org.openqa.selenium.remote.service.DriverCommandExecutor.execute(DriverCommandExecutor.java:82)
	at org.openqa.selenium.remote.RemoteWebDriver.execute(RemoteWebDriver.java:637)
	at org.openqa.selenium.remote.RemoteWebDriver.perform(RemoteWebDriver.java:703)
	at org.openqa.selenium.interactions.Actions$BuiltAction.perform(Actions.java:631)
	at com.mmkproject.pages.MyMoneyKartHomePage.navigateToChangePassword(MyMoneyKartHomePage.java:419)
	at com.mmk.test_execution_engine.MMKMainSiteTestCases.navigateToChangePasswordPageAndCheckBlankFieldValidation(MMKMainSiteTestCases.java:216)
... Removed 37 stack frames</div></td></tr></table><p class="totop"><a href="#summary">back to summary</a></p><h3 id="m9">com.mmk.test_execution_engine.MMKMainSiteTestCases#navigateToChangePasswordPageAndCheckCancelRedirect</h3><table class="result"><tr><th>Exception</th></tr><tr><td><div class="stacktrace">org.openqa.selenium.InvalidArgumentException: Could not find webelement key
Build info: version: &apos;3.4.0&apos;, revision: &apos;unknown&apos;, time: &apos;unknown&apos;
System info: host: &apos;TSS167&apos;, ip: &apos;192.168.1.167&apos;, os.name: &apos;Windows 8.1&apos;, os.arch: &apos;amd64&apos;, os.version: &apos;6.3&apos;, java.version: &apos;1.8.0_51&apos;
Driver info: org.openqa.selenium.firefox.FirefoxDriver
Capabilities [{moz:profile=C:\Users\NAREND~1.RAJ\AppData\Local\Temp\rust_mozprofile.N4yg1ywWgtwa, rotatable=false, timeouts={implicit=0.0, page load=300000.0, script=30000.0}, pageLoadStrategy=normal, platform=ANY, specificationLevel=0.0, moz:accessibilityChecks=false, acceptInsecureCerts=false, browserVersion=52.0.2, platformVersion=6.3, moz:processID=1360.0, browserName=firefox, javascriptEnabled=true, platformName=windows_nt}]
Session ID: 0215aa8f-cade-4264-91fd-3c58a5fd1fb0
	at org.openqa.selenium.remote.http.W3CHttpResponseCodec.createException(W3CHttpResponseCodec.java:150)
	at org.openqa.selenium.remote.http.W3CHttpResponseCodec.decode(W3CHttpResponseCodec.java:115)
	at org.openqa.selenium.remote.http.W3CHttpResponseCodec.decode(W3CHttpResponseCodec.java:45)
	at org.openqa.selenium.remote.HttpCommandExecutor.execute(HttpCommandExecutor.java:164)
	at org.openqa.selenium.remote.service.DriverCommandExecutor.execute(DriverCommandExecutor.java:82)
	at org.openqa.selenium.remote.RemoteWebDriver.execute(RemoteWebDriver.java:637)
	at org.openqa.selenium.remote.RemoteWebDriver.perform(RemoteWebDriver.java:703)
	at org.openqa.selenium.interactions.Actions$BuiltAction.perform(Actions.java:631)
	at com.mmkproject.pages.MyMoneyKartHomePage.navigateToChangePassword(MyMoneyKartHomePage.java:419)
	at com.mmk.test_execution_engine.MMKMainSiteTestCases.navigateToChangePasswordPageAndCheckCancelRedirect(MMKMainSiteTestCases.java:234)
... Removed 37 stack frames</div></td></tr></table><p class="totop"><a href="#summary">back to summary</a></p><h3 id="m10">com.mmk.test_execution_engine.MMKMainSiteTestCases#navigateToChangePasswordPageAnddoChangePassword</h3><table class="result"><tr><th>Exception</th></tr><tr><td><div class="stacktrace">org.openqa.selenium.InvalidArgumentException: Could not find webelement key
Build info: version: &apos;3.4.0&apos;, revision: &apos;unknown&apos;, time: &apos;unknown&apos;
System info: host: &apos;TSS167&apos;, ip: &apos;192.168.1.167&apos;, os.name: &apos;Windows 8.1&apos;, os.arch: &apos;amd64&apos;, os.version: &apos;6.3&apos;, java.version: &apos;1.8.0_51&apos;
Driver info: org.openqa.selenium.firefox.FirefoxDriver
Capabilities [{moz:profile=C:\Users\NAREND~1.RAJ\AppData\Local\Temp\rust_mozprofile.N4yg1ywWgtwa, rotatable=false, timeouts={implicit=0.0, page load=300000.0, script=30000.0}, pageLoadStrategy=normal, platform=ANY, specificationLevel=0.0, moz:accessibilityChecks=false, acceptInsecureCerts=false, browserVersion=52.0.2, platformVersion=6.3, moz:processID=1360.0, browserName=firefox, javascriptEnabled=true, platformName=windows_nt}]
Session ID: 0215aa8f-cade-4264-91fd-3c58a5fd1fb0
	at org.openqa.selenium.remote.http.W3CHttpResponseCodec.createException(W3CHttpResponseCodec.java:150)
	at org.openqa.selenium.remote.http.W3CHttpResponseCodec.decode(W3CHttpResponseCodec.java:115)
	at org.openqa.selenium.remote.http.W3CHttpResponseCodec.decode(W3CHttpResponseCodec.java:45)
	at org.openqa.selenium.remote.HttpCommandExecutor.execute(HttpCommandExecutor.java:164)
	at org.openqa.selenium.remote.service.DriverCommandExecutor.execute(DriverCommandExecutor.java:82)
	at org.openqa.selenium.remote.RemoteWebDriver.execute(RemoteWebDriver.java:637)
	at org.openqa.selenium.remote.RemoteWebDriver.perform(RemoteWebDriver.java:703)
	at org.openqa.selenium.interactions.Actions$BuiltAction.perform(Actions.java:631)
	at com.mmkproject.pages.MyMoneyKartHomePage.navigateToChangePassword(MyMoneyKartHomePage.java:419)
	at com.mmk.test_execution_engine.MMKMainSiteTestCases.navigateToChangePasswordPageAnddoChangePassword(MMKMainSiteTestCases.java:225)
... Removed 37 stack frames</div></td></tr></table><p class="totop"><a href="#summary">back to summary</a></p><h3 id="m11">com.mmk.test_execution_engine.MMKMainSiteTestCases#navigateToKycDetailsPageAndVerifyCorrectRedirect</h3><table class="result"><tr><th>Exception</th></tr><tr><td><div class="stacktrace">org.openqa.selenium.InvalidArgumentException: Could not find webelement key
Build info: version: &apos;3.4.0&apos;, revision: &apos;unknown&apos;, time: &apos;unknown&apos;
System info: host: &apos;TSS167&apos;, ip: &apos;192.168.1.167&apos;, os.name: &apos;Windows 8.1&apos;, os.arch: &apos;amd64&apos;, os.version: &apos;6.3&apos;, java.version: &apos;1.8.0_51&apos;
Driver info: org.openqa.selenium.firefox.FirefoxDriver
Capabilities [{moz:profile=C:\Users\NAREND~1.RAJ\AppData\Local\Temp\rust_mozprofile.N4yg1ywWgtwa, rotatable=false, timeouts={implicit=0.0, page load=300000.0, script=30000.0}, pageLoadStrategy=normal, platform=ANY, specificationLevel=0.0, moz:accessibilityChecks=false, acceptInsecureCerts=false, browserVersion=52.0.2, platformVersion=6.3, moz:processID=1360.0, browserName=firefox, javascriptEnabled=true, platformName=windows_nt}]
Session ID: 0215aa8f-cade-4264-91fd-3c58a5fd1fb0
	at org.openqa.selenium.remote.http.W3CHttpResponseCodec.createException(W3CHttpResponseCodec.java:150)
	at org.openqa.selenium.remote.http.W3CHttpResponseCodec.decode(W3CHttpResponseCodec.java:115)
	at org.openqa.selenium.remote.http.W3CHttpResponseCodec.decode(W3CHttpResponseCodec.java:45)
	at org.openqa.selenium.remote.HttpCommandExecutor.execute(HttpCommandExecutor.java:164)
	at org.openqa.selenium.remote.service.DriverCommandExecutor.execute(DriverCommandExecutor.java:82)
	at org.openqa.selenium.remote.RemoteWebDriver.execute(RemoteWebDriver.java:637)
	at org.openqa.selenium.remote.RemoteWebDriver.perform(RemoteWebDriver.java:703)
	at org.openqa.selenium.interactions.Actions$BuiltAction.perform(Actions.java:631)
	at com.mmkproject.pages.MyMoneyKartHomePage.navigateToKYCDetails(MyMoneyKartHomePage.java:378)
	at com.mmk.test_execution_engine.MMKMainSiteTestCases.navigateToKycDetailsPageAndVerifyCorrectRedirect(MMKMainSiteTestCases.java:154)
... Removed 37 stack frames</div></td></tr></table><p class="totop"><a href="#summary">back to summary</a></p><h3 id="m12">com.mmk.test_execution_engine.MMKMainSiteTestCases#navigateToUserAccountScbscriptionLink</h3><table class="result"><tr><th>Exception</th></tr><tr><td><div class="stacktrace">org.openqa.selenium.InvalidArgumentException: Could not find webelement key
Build info: version: &apos;3.4.0&apos;, revision: &apos;unknown&apos;, time: &apos;unknown&apos;
System info: host: &apos;TSS167&apos;, ip: &apos;192.168.1.167&apos;, os.name: &apos;Windows 8.1&apos;, os.arch: &apos;amd64&apos;, os.version: &apos;6.3&apos;, java.version: &apos;1.8.0_51&apos;
Driver info: org.openqa.selenium.firefox.FirefoxDriver
Capabilities [{moz:profile=C:\Users\NAREND~1.RAJ\AppData\Local\Temp\rust_mozprofile.N4yg1ywWgtwa, rotatable=false, timeouts={implicit=0.0, page load=300000.0, script=30000.0}, pageLoadStrategy=normal, platform=ANY, specificationLevel=0.0, moz:accessibilityChecks=false, acceptInsecureCerts=false, browserVersion=52.0.2, platformVersion=6.3, moz:processID=1360.0, browserName=firefox, javascriptEnabled=true, platformName=windows_nt}]
Session ID: 0215aa8f-cade-4264-91fd-3c58a5fd1fb0
	at org.openqa.selenium.remote.http.W3CHttpResponseCodec.createException(W3CHttpResponseCodec.java:150)
	at org.openqa.selenium.remote.http.W3CHttpResponseCodec.decode(W3CHttpResponseCodec.java:115)
	at org.openqa.selenium.remote.http.W3CHttpResponseCodec.decode(W3CHttpResponseCodec.java:45)
	at org.openqa.selenium.remote.HttpCommandExecutor.execute(HttpCommandExecutor.java:164)
	at org.openqa.selenium.remote.service.DriverCommandExecutor.execute(DriverCommandExecutor.java:82)
	at org.openqa.selenium.remote.RemoteWebDriver.execute(RemoteWebDriver.java:637)
	at org.openqa.selenium.remote.RemoteWebDriver.perform(RemoteWebDriver.java:703)
	at org.openqa.selenium.interactions.Actions$BuiltAction.perform(Actions.java:631)
	at com.mmkproject.pages.MyMoneyKartHomePage.navigateAccountSubscription(MyMoneyKartHomePage.java:336)
	at com.mmk.test_execution_engine.MMKMainSiteTestCases.navigateToUserAccountScbscriptionLink(MMKMainSiteTestCases.java:127)
... Removed 37 stack frames</div></td></tr></table><p class="totop"><a href="#summary">back to summary</a></p><h3 id="m13">com.mmk.test_execution_engine.MMKMainSiteTestCases#navigateToUserAccountScbscriptionLinkAndCheckScbscriptionStatus</h3><table class="result"><tr><th>Exception</th></tr><tr><td><div class="stacktrace">org.openqa.selenium.InvalidArgumentException: Could not find webelement key
Build info: version: &apos;3.4.0&apos;, revision: &apos;unknown&apos;, time: &apos;unknown&apos;
System info: host: &apos;TSS167&apos;, ip: &apos;192.168.1.167&apos;, os.name: &apos;Windows 8.1&apos;, os.arch: &apos;amd64&apos;, os.version: &apos;6.3&apos;, java.version: &apos;1.8.0_51&apos;
Driver info: org.openqa.selenium.firefox.FirefoxDriver
Capabilities [{moz:profile=C:\Users\NAREND~1.RAJ\AppData\Local\Temp\rust_mozprofile.N4yg1ywWgtwa, rotatable=false, timeouts={implicit=0.0, page load=300000.0, script=30000.0}, pageLoadStrategy=normal, platform=ANY, specificationLevel=0.0, moz:accessibilityChecks=false, acceptInsecureCerts=false, browserVersion=52.0.2, platformVersion=6.3, moz:processID=1360.0, browserName=firefox, javascriptEnabled=true, platformName=windows_nt}]
Session ID: 0215aa8f-cade-4264-91fd-3c58a5fd1fb0
	at org.openqa.selenium.remote.http.W3CHttpResponseCodec.createException(W3CHttpResponseCodec.java:150)
	at org.openqa.selenium.remote.http.W3CHttpResponseCodec.decode(W3CHttpResponseCodec.java:115)
	at org.openqa.selenium.remote.http.W3CHttpResponseCodec.decode(W3CHttpResponseCodec.java:45)
	at org.openqa.selenium.remote.HttpCommandExecutor.execute(HttpCommandExecutor.java:164)
	at org.openqa.selenium.remote.service.DriverCommandExecutor.execute(DriverCommandExecutor.java:82)
	at org.openqa.selenium.remote.RemoteWebDriver.execute(RemoteWebDriver.java:637)
	at org.openqa.selenium.remote.RemoteWebDriver.perform(RemoteWebDriver.java:703)
	at org.openqa.selenium.interactions.Actions$BuiltAction.perform(Actions.java:631)
	at com.mmkproject.pages.MyMoneyKartHomePage.navigateAccountSubscription(MyMoneyKartHomePage.java:336)
	at com.mmk.test_execution_engine.MMKMainSiteTestCases.navigateToUserAccountScbscriptionLinkAndCheckScbscriptionStatus(MMKMainSiteTestCases.java:134)
... Removed 37 stack frames</div></td></tr></table><p class="totop"><a href="#summary">back to summary</a></p><h3 id="m14">com.mmk.test_execution_engine.MMKMainSiteTestCases#navigateToUserProfile</h3><table class="result"><tr><th>Exception</th></tr><tr><td><div class="stacktrace">org.openqa.selenium.InvalidArgumentException: Could not find webelement key
Build info: version: &apos;3.4.0&apos;, revision: &apos;unknown&apos;, time: &apos;unknown&apos;
System info: host: &apos;TSS167&apos;, ip: &apos;192.168.1.167&apos;, os.name: &apos;Windows 8.1&apos;, os.arch: &apos;amd64&apos;, os.version: &apos;6.3&apos;, java.version: &apos;1.8.0_51&apos;
Driver info: org.openqa.selenium.firefox.FirefoxDriver
Capabilities [{moz:profile=C:\Users\NAREND~1.RAJ\AppData\Local\Temp\rust_mozprofile.N4yg1ywWgtwa, rotatable=false, timeouts={implicit=0.0, page load=300000.0, script=30000.0}, pageLoadStrategy=normal, platform=ANY, specificationLevel=0.0, moz:accessibilityChecks=false, acceptInsecureCerts=false, browserVersion=52.0.2, platformVersion=6.3, moz:processID=1360.0, browserName=firefox, javascriptEnabled=true, platformName=windows_nt}]
Session ID: 0215aa8f-cade-4264-91fd-3c58a5fd1fb0
	at org.openqa.selenium.remote.http.W3CHttpResponseCodec.createException(W3CHttpResponseCodec.java:150)
	at org.openqa.selenium.remote.http.W3CHttpResponseCodec.decode(W3CHttpResponseCodec.java:115)
	at org.openqa.selenium.remote.http.W3CHttpResponseCodec.decode(W3CHttpResponseCodec.java:45)
	at org.openqa.selenium.remote.HttpCommandExecutor.execute(HttpCommandExecutor.java:164)
	at org.openqa.selenium.remote.service.DriverCommandExecutor.execute(DriverCommandExecutor.java:82)
	at org.openqa.selenium.remote.RemoteWebDriver.execute(RemoteWebDriver.java:637)
	at org.openqa.selenium.remote.RemoteWebDriver.perform(RemoteWebDriver.java:703)
	at org.openqa.selenium.interactions.Actions$BuiltAction.perform(Actions.java:631)
	at com.mmkproject.pages.MyMoneyKartHomePage.navigateToUserProfile(MyMoneyKartHomePage.java:461)
	at com.mmk.test_execution_engine.MMKMainSiteTestCases.navigateToUserProfile(MMKMainSiteTestCases.java:243)
... Removed 36 stack frames</div></td></tr></table><p class="totop"><a href="#summary">back to summary</a></p><h3 id="m15">com.mmk.test_execution_engine.MMKMainSiteTestCases#navigateToUserProfileAndCheckValidRedirect</h3><table class="result"><tr><th>Exception</th></tr><tr><td><div class="stacktrace">org.openqa.selenium.InvalidArgumentException: Could not find webelement key
Build info: version: &apos;3.4.0&apos;, revision: &apos;unknown&apos;, time: &apos;unknown&apos;
System info: host: &apos;TSS167&apos;, ip: &apos;192.168.1.167&apos;, os.name: &apos;Windows 8.1&apos;, os.arch: &apos;amd64&apos;, os.version: &apos;6.3&apos;, java.version: &apos;1.8.0_51&apos;
Driver info: org.openqa.selenium.firefox.FirefoxDriver
Capabilities [{moz:profile=C:\Users\NAREND~1.RAJ\AppData\Local\Temp\rust_mozprofile.N4yg1ywWgtwa, rotatable=false, timeouts={implicit=0.0, page load=300000.0, script=30000.0}, pageLoadStrategy=normal, platform=ANY, specificationLevel=0.0, moz:accessibilityChecks=false, acceptInsecureCerts=false, browserVersion=52.0.2, platformVersion=6.3, moz:processID=1360.0, browserName=firefox, javascriptEnabled=true, platformName=windows_nt}]
Session ID: 0215aa8f-cade-4264-91fd-3c58a5fd1fb0
	at org.openqa.selenium.remote.http.W3CHttpResponseCodec.createException(W3CHttpResponseCodec.java:150)
	at org.openqa.selenium.remote.http.W3CHttpResponseCodec.decode(W3CHttpResponseCodec.java:115)
	at org.openqa.selenium.remote.http.W3CHttpResponseCodec.decode(W3CHttpResponseCodec.java:45)
	at org.openqa.selenium.remote.HttpCommandExecutor.execute(HttpCommandExecutor.java:164)
	at org.openqa.selenium.remote.service.DriverCommandExecutor.execute(DriverCommandExecutor.java:82)
	at org.openqa.selenium.remote.RemoteWebDriver.execute(RemoteWebDriver.java:637)
	at org.openqa.selenium.remote.RemoteWebDriver.perform(RemoteWebDriver.java:703)
	at org.openqa.selenium.interactions.Actions$BuiltAction.perform(Actions.java:631)
	at com.mmkproject.pages.MyMoneyKartHomePage.navigateToUserProfile(MyMoneyKartHomePage.java:461)
	at com.mmk.test_execution_engine.MMKMainSiteTestCases.navigateToUserProfileAndCheckValidRedirect(MMKMainSiteTestCases.java:250)
... Removed 36 stack frames</div></td></tr></table><p class="totop"><a href="#summary">back to summary</a></p><h3 id="m16">com.mmk.test_execution_engine.MMKMainSiteTestCases#navigateToUserProfileAndGetProfileDetails</h3><table class="result"><tr><th>Exception</th></tr><tr><td><div class="stacktrace">org.openqa.selenium.InvalidArgumentException: Could not find webelement key
Build info: version: &apos;3.4.0&apos;, revision: &apos;unknown&apos;, time: &apos;unknown&apos;
System info: host: &apos;TSS167&apos;, ip: &apos;192.168.1.167&apos;, os.name: &apos;Windows 8.1&apos;, os.arch: &apos;amd64&apos;, os.version: &apos;6.3&apos;, java.version: &apos;1.8.0_51&apos;
Driver info: org.openqa.selenium.firefox.FirefoxDriver
Capabilities [{moz:profile=C:\Users\NAREND~1.RAJ\AppData\Local\Temp\rust_mozprofile.N4yg1ywWgtwa, rotatable=false, timeouts={implicit=0.0, page load=300000.0, script=30000.0}, pageLoadStrategy=normal, platform=ANY, specificationLevel=0.0, moz:accessibilityChecks=false, acceptInsecureCerts=false, browserVersion=52.0.2, platformVersion=6.3, moz:processID=1360.0, browserName=firefox, javascriptEnabled=true, platformName=windows_nt}]
Session ID: 0215aa8f-cade-4264-91fd-3c58a5fd1fb0
	at org.openqa.selenium.remote.http.W3CHttpResponseCodec.createException(W3CHttpResponseCodec.java:150)
	at org.openqa.selenium.remote.http.W3CHttpResponseCodec.decode(W3CHttpResponseCodec.java:115)
	at org.openqa.selenium.remote.http.W3CHttpResponseCodec.decode(W3CHttpResponseCodec.java:45)
	at org.openqa.selenium.remote.HttpCommandExecutor.execute(HttpCommandExecutor.java:164)
	at org.openqa.selenium.remote.service.DriverCommandExecutor.execute(DriverCommandExecutor.java:82)
	at org.openqa.selenium.remote.RemoteWebDriver.execute(RemoteWebDriver.java:637)
	at org.openqa.selenium.remote.RemoteWebDriver.perform(RemoteWebDriver.java:703)
	at org.openqa.selenium.interactions.Actions$BuiltAction.perform(Actions.java:631)
	at com.mmkproject.pages.MyMoneyKartHomePage.navigateToUserProfile(MyMoneyKartHomePage.java:461)
	at com.mmk.test_execution_engine.MMKMainSiteTestCases.navigateToUserProfileAndGetProfileDetails(MMKMainSiteTestCases.java:261)
... Removed 36 stack frames</div></td></tr></table><p class="totop"><a href="#summary">back to summary</a></p><h3 id="m17">com.mmk.test_execution_engine.MMKMainSiteTestCases#submitContactByEndUser</h3><table class="result"><tr><th>Exception</th></tr><tr><td><div class="stacktrace">org.openqa.selenium.InvalidArgumentException: Could not find webelement key
Build info: version: &apos;3.4.0&apos;, revision: &apos;unknown&apos;, time: &apos;unknown&apos;
System info: host: &apos;TSS167&apos;, ip: &apos;192.168.1.167&apos;, os.name: &apos;Windows 8.1&apos;, os.arch: &apos;amd64&apos;, os.version: &apos;6.3&apos;, java.version: &apos;1.8.0_51&apos;
Driver info: org.openqa.selenium.firefox.FirefoxDriver
Capabilities [{moz:profile=C:\Users\NAREND~1.RAJ\AppData\Local\Temp\rust_mozprofile.N4yg1ywWgtwa, rotatable=false, timeouts={implicit=0.0, page load=300000.0, script=30000.0}, pageLoadStrategy=normal, platform=ANY, specificationLevel=0.0, moz:accessibilityChecks=false, acceptInsecureCerts=false, browserVersion=52.0.2, platformVersion=6.3, moz:processID=1360.0, browserName=firefox, javascriptEnabled=true, platformName=windows_nt}]
Session ID: 0215aa8f-cade-4264-91fd-3c58a5fd1fb0
	at org.openqa.selenium.remote.http.W3CHttpResponseCodec.createException(W3CHttpResponseCodec.java:150)
	at org.openqa.selenium.remote.http.W3CHttpResponseCodec.decode(W3CHttpResponseCodec.java:115)
	at org.openqa.selenium.remote.http.W3CHttpResponseCodec.decode(W3CHttpResponseCodec.java:45)
	at org.openqa.selenium.remote.HttpCommandExecutor.execute(HttpCommandExecutor.java:164)
	at org.openqa.selenium.remote.service.DriverCommandExecutor.execute(DriverCommandExecutor.java:82)
	at org.openqa.selenium.remote.RemoteWebDriver.execute(RemoteWebDriver.java:637)
	at org.openqa.selenium.remote.RemoteWebDriver.perform(RemoteWebDriver.java:703)
	at org.openqa.selenium.interactions.Actions$BuiltAction.perform(Actions.java:631)
	at com.mmkproject.pages.MyMoneyKartHomePage.navigateToContactUsPage(MyMoneyKartHomePage.java:235)
	at com.mmk.test_execution_engine.MMKMainSiteTestCases.submitContactByEndUser(MMKMainSiteTestCases.java:87)
... Removed 37 stack frames</div></td></tr></table><p class="totop"><a href="#summary">back to summary</a></p><h3 id="m18">com.mmk.test_execution_engine.MMKMainSiteTestCases#verifyPancardAndIdProffDocOnKycForm</h3><table class="result"><tr><th>Exception</th></tr><tr><td><div class="stacktrace">org.openqa.selenium.InvalidArgumentException: Could not find webelement key
Build info: version: &apos;3.4.0&apos;, revision: &apos;unknown&apos;, time: &apos;unknown&apos;
System info: host: &apos;TSS167&apos;, ip: &apos;192.168.1.167&apos;, os.name: &apos;Windows 8.1&apos;, os.arch: &apos;amd64&apos;, os.version: &apos;6.3&apos;, java.version: &apos;1.8.0_51&apos;
Driver info: org.openqa.selenium.firefox.FirefoxDriver
Capabilities [{moz:profile=C:\Users\NAREND~1.RAJ\AppData\Local\Temp\rust_mozprofile.N4yg1ywWgtwa, rotatable=false, timeouts={implicit=0.0, page load=300000.0, script=30000.0}, pageLoadStrategy=normal, platform=ANY, specificationLevel=0.0, moz:accessibilityChecks=false, acceptInsecureCerts=false, browserVersion=52.0.2, platformVersion=6.3, moz:processID=1360.0, browserName=firefox, javascriptEnabled=true, platformName=windows_nt}]
Session ID: 0215aa8f-cade-4264-91fd-3c58a5fd1fb0
	at org.openqa.selenium.remote.http.W3CHttpResponseCodec.createException(W3CHttpResponseCodec.java:150)
	at org.openqa.selenium.remote.http.W3CHttpResponseCodec.decode(W3CHttpResponseCodec.java:115)
	at org.openqa.selenium.remote.http.W3CHttpResponseCodec.decode(W3CHttpResponseCodec.java:45)
	at org.openqa.selenium.remote.HttpCommandExecutor.execute(HttpCommandExecutor.java:164)
	at org.openqa.selenium.remote.service.DriverCommandExecutor.execute(DriverCommandExecutor.java:82)
	at org.openqa.selenium.remote.RemoteWebDriver.execute(RemoteWebDriver.java:637)
	at org.openqa.selenium.remote.RemoteWebDriver.perform(RemoteWebDriver.java:703)
	at org.openqa.selenium.interactions.Actions$BuiltAction.perform(Actions.java:631)
	at com.mmkproject.pages.MyMoneyKartHomePage.navigateToKYCDetails(MyMoneyKartHomePage.java:378)
	at com.mmk.test_execution_engine.MMKMainSiteTestCases.verifyPancardAndIdProffDocOnKycForm(MMKMainSiteTestCases.java:172)
... Removed 37 stack frames</div></td></tr></table><p class="totop"><a href="#summary">back to summary</a></p><h3 id="m19">com.mmk.test_execution_engine.MMKMainSiteTestCases#busSearchFromMMKHomePageWithUserLogin</h3><table class="result"></table><p class="totop"><a href="#summary">back to summary</a></p><h3 id="m20">com.mmk.test_execution_engine.MMKMainSiteTestCases#inviteFriends</h3><table class="result"></table><p class="totop"><a href="#summary">back to summary</a></p><h3 id="m21">com.mmk.test_execution_engine.MMKMainSiteTestCases#navigateOnInviteFriend</h3><table class="result"></table><p class="totop"><a href="#summary">back to summary</a></p><h3 id="m22">com.mmk.test_execution_engine.MMKMainSiteTestCases#userLogin</h3><table class="result"></table><p class="totop"><a href="#summary">back to summary</a></p><h3 id="m23">com.mmk.test_execution_engine.MMKMainSiteTestCases#userWalletDetails</h3><table class="result"></table><p class="totop"><a href="#summary">back to summary</a></p><h2>BusBookingSite_Functional_Test</h2><h3 id="m24">com.mmk.test_execution_engine.MMKBusSiteTestCases#modifySearchCheck</h3><table class="result"><tr><th>Exception</th></tr><tr><td><div class="stacktrace">org.openqa.selenium.NoSuchElementException: Unable to locate element: //input[@id=&apos;hdDate&apos;]
For documentation on this error, please visit: http://seleniumhq.org/exceptions/no_such_element.html
Build info: version: &apos;3.4.0&apos;, revision: &apos;unknown&apos;, time: &apos;unknown&apos;
System info: host: &apos;TSS167&apos;, ip: &apos;192.168.1.167&apos;, os.name: &apos;Windows 8.1&apos;, os.arch: &apos;amd64&apos;, os.version: &apos;6.3&apos;, java.version: &apos;1.8.0_51&apos;
Driver info: org.openqa.selenium.firefox.FirefoxDriver
Capabilities [{moz:profile=C:\Users\NAREND~1.RAJ\AppData\Local\Temp\rust_mozprofile.N4yg1ywWgtwa, rotatable=false, timeouts={implicit=0.0, page load=300000.0, script=30000.0}, pageLoadStrategy=normal, platform=ANY, specificationLevel=0.0, moz:accessibilityChecks=false, acceptInsecureCerts=false, browserVersion=52.0.2, platformVersion=6.3, moz:processID=1360.0, browserName=firefox, javascriptEnabled=true, platformName=windows_nt}]
Session ID: 0215aa8f-cade-4264-91fd-3c58a5fd1fb0
*** Element info: {Using=xpath, value=//input[@id=&apos;hdDate&apos;]}
	at org.openqa.selenium.remote.http.W3CHttpResponseCodec.createException(W3CHttpResponseCodec.java:150)
	at org.openqa.selenium.remote.http.W3CHttpResponseCodec.decode(W3CHttpResponseCodec.java:115)
	at org.openqa.selenium.remote.http.W3CHttpResponseCodec.decode(W3CHttpResponseCodec.java:45)
	at org.openqa.selenium.remote.HttpCommandExecutor.execute(HttpCommandExecutor.java:164)
	at org.openqa.selenium.remote.service.DriverCommandExecutor.execute(DriverCommandExecutor.java:82)
	at org.openqa.selenium.remote.RemoteWebDriver.execute(RemoteWebDriver.java:637)
	at org.openqa.selenium.remote.RemoteWebDriver.findElement(RemoteWebDriver.java:410)
	at org.openqa.selenium.remote.RemoteWebDriver.findElementByXPath(RemoteWebDriver.java:509)
	at org.openqa.selenium.By$ByXPath.findElement(By.java:361)
	at org.openqa.selenium.remote.RemoteWebDriver.findElement(RemoteWebDriver.java:402)
	at org.openqa.selenium.support.pagefactory.DefaultElementLocator.findElement(DefaultElementLocator.java:69)
	at org.openqa.selenium.support.pagefactory.internal.LocatingElementHandler.invoke(LocatingElementHandler.java:38)
	at com.sun.proxy.$Proxy8.getAttribute(Unknown Source)
	at com.busproject.pages.BusListingPage.modifySearch(BusListingPage.java:94)
	at com.mmk.test_execution_engine.MMKBusSiteTestCases.modifySearchCheck(MMKBusSiteTestCases.java:123)
... Removed 37 stack frames</div></td></tr></table><p class="totop"><a href="#summary">back to summary</a></p><h3 id="m25">com.mmk.test_execution_engine.MMKBusSiteTestCases#applyCouponCode</h3><table class="result"></table><p class="totop"><a href="#summary">back to summary</a></p><h3 id="m26">com.mmk.test_execution_engine.MMKBusSiteTestCases#applyWalletAmountAndCheckout</h3><table class="result"></table><p class="totop"><a href="#summary">back to summary</a></p><h3 id="m27">com.mmk.test_execution_engine.MMKBusSiteTestCases#checkBusRatingOptionAvailability</h3><table class="result"></table><p class="totop"><a href="#summary">back to summary</a></p><h3 id="m28">com.mmk.test_execution_engine.MMKBusSiteTestCases#completeBusBookingAndOrderCheckout</h3><table class="result"></table><p class="totop"><a href="#summary">back to summary</a></p><h3 id="m29">com.mmk.test_execution_engine.MMKBusSiteTestCases#doBusSearch</h3><table class="result"></table><p class="totop"><a href="#summary">back to summary</a></p><h3 id="m30">com.mmk.test_execution_engine.MMKBusSiteTestCases#fillPassangerDetailsAndProceedFurther</h3><table class="result"></table><p class="totop"><a href="#summary">back to summary</a></p><h3 id="m31">com.mmk.test_execution_engine.MMKBusSiteTestCases#getRecentSearches</h3><table class="result"></table><p class="totop"><a href="#summary">back to summary</a></p><h3 id="m32">com.mmk.test_execution_engine.MMKBusSiteTestCases#getSelectedPreferredCity</h3><table class="result"></table><p class="totop"><a href="#summary">back to summary</a></p><h3 id="m33">com.mmk.test_execution_engine.MMKBusSiteTestCases#isSelfFunctionalityCheck</h3><table class="result"></table><p class="totop"><a href="#summary">back to summary</a></p><h3 id="m34">com.mmk.test_execution_engine.MMKBusSiteTestCases#navigateToBusHomePage</h3><table class="result"></table><p class="totop"><a href="#summary">back to summary</a></p><h3 id="m35">com.mmk.test_execution_engine.MMKBusSiteTestCases#rateABusIfRatingOptionAvailable</h3><table class="result"></table><p class="totop"><a href="#summary">back to summary</a></p><h3 id="m36">com.mmk.test_execution_engine.MMKBusSiteTestCases#selectSeatAndProceed</h3><table class="result"></table><p class="totop"><a href="#summary">back to summary</a></p><h3 id="m37">com.mmk.test_execution_engine.MMKBusSiteTestCases#setPreferredCity</h3><table class="result"></table><p class="totop"><a href="#summary">back to summary</a></p><h3 id="m38">com.mmk.test_execution_engine.MMKBusSiteTestCases#userLoginCheckAndLoginIfNot</h3><table class="result"></table><p class="totop"><a href="#summary">back to summary</a></p><h2>Utility_Functional_Test</h2><h3 id="m39">com.mmk.test_execution_engine.MMKUtilitySiteTestCases#navigateToUtilityHomePageAndCheckWeatherUserIsLogigedIn</h3><table class="result"></table><p class="totop"><a href="#summary">back to summary</a></p><h3 id="m40">com.mmk.test_execution_engine.MMKUtilitySiteTestCases#navigateToUtilitySiteAndVerifyCorrectLandingHomePage</h3><table class="result"></table><p class="totop"><a href="#summary">back to summary</a></p><h3 id="m41">com.mmk.test_execution_engine.MMKUtilitySiteTestCases#navigateToUtilitySiteAndswitchTodthRecharge</h3><table class="result"></table><p class="totop"><a href="#summary">back to summary</a></p><h3 id="m42">com.mmk.test_execution_engine.MMKUtilitySiteTestCases#proceedDTHRechargeAndVerifyLandingPage</h3><table class="result"></table><p class="totop"><a href="#summary">back to summary</a></p><h3 id="m43">com.mmk.test_execution_engine.MMKUtilitySiteTestCases#proceedDTHRechargeAndVerifyStatusOnThankyouPage</h3><table class="result"></table><p class="totop"><a href="#summary">back to summary</a></p><h3 id="m44">com.mmk.test_execution_engine.MMKUtilitySiteTestCases#proceedPostpaidMobileRechargeAndVerifyStatusOnThankyouPage</h3><table class="result"></table><p class="totop"><a href="#summary">back to summary</a></p><h3 id="m45">com.mmk.test_execution_engine.MMKUtilitySiteTestCases#proceedPrepaidMobileRechargeAndApplyCoupon</h3><table class="result"></table><p class="totop"><a href="#summary">back to summary</a></p><h3 id="m46">com.mmk.test_execution_engine.MMKUtilitySiteTestCases#proceedPrepaidMobileRechargeAndVerifyStatusOnThankyouPage</h3><table class="result"></table><p class="totop"><a href="#summary">back to summary</a></p><h3 id="m47">com.mmk.test_execution_engine.MMKUtilitySiteTestCases#proceedPrepaidMobileRechargeAndVeriyLandingPageAfterWalletPay</h3><table class="result"></table><p class="totop"><a href="#summary">back to summary</a></p><h3 id="m48">com.mmk.test_execution_engine.MMKUtilitySiteTestCases#proceedPrepaidMobilerechargeAndVerifyLandingPageAfterFillRechargeDetails</h3><table class="result"></table><p class="totop"><a href="#summary">back to summary</a></p></body></html>