<!DOCTYPE html>

<html>
  <head>
  <title>TestNG reports</title>

    <link type="text/css" href="testng-reports.css" rel="stylesheet" />  
    <script type="text/javascript" src="jquery-1.7.1.min.js"></script>
    <script type="text/javascript" src="testng-reports.js"></script>
    <script type="text/javascript" src="https://www.google.com/jsapi"></script>
    <script type='text/javascript'>
      google.load('visualization', '1', {packages:['table']});
      google.setOnLoadCallback(drawTable);
      var suiteTableInitFunctions = new Array();
      var suiteTableData = new Array();
    </script>
    <!--
      <script type="text/javascript" src="jquery-ui/js/jquery-ui-1.8.16.custom.min.js"></script>
     -->
  </head>

  <body>
    <div class="top-banner-root">
      <span class="top-banner-title-font">Test results</span>
      <br/>
      <span class="top-banner-font-1">1 suite, 20 failed tests</span>
    </div> <!-- top-banner-root -->
    <div class="navigator-root">
      <div class="navigator-suite-header">
        <span>All suites</span>
        <a href="#" class="collapse-all-link" title="Collapse/expand all the suites">
          <img class="collapse-all-icon" src="collapseall.gif">
          </img> <!-- collapse-all-icon -->
        </a> <!-- collapse-all-link -->
      </div> <!-- navigator-suite-header -->
      <div class="suite">
        <div class="rounded-window">
          <div class="suite-header light-rounded-window-top">
            <a href="#" class="navigator-link" panel-name="suite-MyMoneyKart">
              <span class="suite-name border-failed">MyMoneyKart</span>
            </a> <!-- navigator-link -->
          </div> <!-- suite-header light-rounded-window-top -->
          <div class="navigator-suite-content">
            <div class="suite-section-title">
              <span>Info</span>
            </div> <!-- suite-section-title -->
            <div class="suite-section-content">
              <ul>
                <li>
                  <a href="#" class="navigator-link " panel-name="test-xml-MyMoneyKart">
                    <span>D:\RND\GitLocalRepositoryAutomatioPurpose\MMK\mymoneykart\testng.xml</span>
                  </a> <!-- navigator-link  -->
                </li>
                <li>
                  <a href="#" class="navigator-link " panel-name="testlist-MyMoneyKart">
                    <span class="test-stats">3 tests</span>
                  </a> <!-- navigator-link  -->
                </li>
                <li>
                  <a href="#" class="navigator-link " panel-name="group-MyMoneyKart">
                    <span>0 groups</span>
                  </a> <!-- navigator-link  -->
                </li>
                <li>
                  <a href="#" class="navigator-link " panel-name="times-MyMoneyKart">
                    <span>Times</span>
                  </a> <!-- navigator-link  -->
                </li>
                <li>
                  <a href="#" class="navigator-link " panel-name="reporter-MyMoneyKart">
                    <span>Reporter output</span>
                  </a> <!-- navigator-link  -->
                </li>
                <li>
                  <a href="#" class="navigator-link " panel-name="ignored-methods-MyMoneyKart">
                    <span>Ignored methods</span>
                  </a> <!-- navigator-link  -->
                </li>
                <li>
                  <a href="#" class="navigator-link " panel-name="chronological-MyMoneyKart">
                    <span>Chronological view</span>
                  </a> <!-- navigator-link  -->
                </li>
              </ul>
            </div> <!-- suite-section-content -->
            <div class="result-section">
              <div class="suite-section-title">
                <span>Results</span>
              </div> <!-- suite-section-title -->
              <div class="suite-section-content">
                <ul>
                  <li>
                    <span class="method-stats">49 methods, 20 failed,   29 passed</span>
                  </li>
                  <li>
                    <span class="method-list-title failed">Failed methods</span>
                    <span class="show-or-hide-methods failed">
                      <a href="#" panel-name="suite-MyMoneyKart" class="hide-methods failed suite-MyMoneyKart"> (hide)</a> <!-- hide-methods failed suite-MyMoneyKart -->
                      <a href="#" panel-name="suite-MyMoneyKart" class="show-methods failed suite-MyMoneyKart"> (show)</a> <!-- show-methods failed suite-MyMoneyKart -->
                    </span>
                    <div class="method-list-content failed suite-MyMoneyKart">
                      <span>
                        <img width="3%" src="failed.png"/>
                        <a href="#" class="method navigator-link" panel-name="suite-MyMoneyKart" title="com.mmk.test_execution_engine.MMKMainSiteTestCases" hash-for-method="checkContactUsPageValidations">checkContactUsPageValidations</a> <!-- method navigator-link -->
                      </span>
                      <br/>
                      <span>
                        <img width="3%" src="failed.png"/>
                        <a href="#" class="method navigator-link" panel-name="suite-MyMoneyKart" title="com.mmk.test_execution_engine.MMKMainSiteTestCases" hash-for-method="failSubscriptionFeePaymentFromPG">failSubscriptionFeePaymentFromPG</a> <!-- method navigator-link -->
                      </span>
                      <br/>
                      <span>
                        <img width="3%" src="failed.png"/>
                        <a href="#" class="method navigator-link" panel-name="suite-MyMoneyKart" title="com.mmk.test_execution_engine.MMKBusSiteTestCases" hash-for-method="modifySearchCheck">modifySearchCheck</a> <!-- method navigator-link -->
                      </span>
                      <br/>
                      <span>
                        <img width="3%" src="failed.png"/>
                        <a href="#" class="method navigator-link" panel-name="suite-MyMoneyKart" title="com.mmk.test_execution_engine.MMKMainSiteTestCases" hash-for-method="navigateKYCPageAndCancelClick">navigateKYCPageAndCancelClick</a> <!-- method navigator-link -->
                      </span>
                      <br/>
                      <span>
                        <img width="3%" src="failed.png"/>
                        <a href="#" class="method navigator-link" panel-name="suite-MyMoneyKart" title="com.mmk.test_execution_engine.MMKMainSiteTestCases" hash-for-method="navigateKYCPageAndCheckMissingKYCDetails">navigateKYCPageAndCheckMissingKYCDetails</a> <!-- method navigator-link -->
                      </span>
                      <br/>
                      <span>
                        <img width="3%" src="failed.png"/>
                        <a href="#" class="method navigator-link" panel-name="suite-MyMoneyKart" title="com.mmk.test_execution_engine.MMKMainSiteTestCases" hash-for-method="navigateKYCPageAndGetDetails">navigateKYCPageAndGetDetails</a> <!-- method navigator-link -->
                      </span>
                      <br/>
                      <span>
                        <img width="3%" src="failed.png"/>
                        <a href="#" class="method navigator-link" panel-name="suite-MyMoneyKart" title="com.mmk.test_execution_engine.MMKMainSiteTestCases" hash-for-method="navigateKYCPageAndTransferTheKYC">navigateKYCPageAndTransferTheKYC</a> <!-- method navigator-link -->
                      </span>
                      <br/>
                      <span>
                        <img width="3%" src="failed.png"/>
                        <a href="#" class="method navigator-link" panel-name="suite-MyMoneyKart" title="com.mmk.test_execution_engine.MMKMainSiteTestCases" hash-for-method="navigateOnContactUsPage">navigateOnContactUsPage</a> <!-- method navigator-link -->
                      </span>
                      <br/>
                      <span>
                        <img width="3%" src="failed.png"/>
                        <a href="#" class="method navigator-link" panel-name="suite-MyMoneyKart" title="com.mmk.test_execution_engine.MMKMainSiteTestCases" hash-for-method="navigateToChangePasswordPage">navigateToChangePasswordPage</a> <!-- method navigator-link -->
                      </span>
                      <br/>
                      <span>
                        <img width="3%" src="failed.png"/>
                        <a href="#" class="method navigator-link" panel-name="suite-MyMoneyKart" title="com.mmk.test_execution_engine.MMKMainSiteTestCases" hash-for-method="navigateToChangePasswordPageAndCheckBlankFieldValidation">navigateToChangePasswordPageAndCheckBlankFieldValidation</a> <!-- method navigator-link -->
                      </span>
                      <br/>
                      <span>
                        <img width="3%" src="failed.png"/>
                        <a href="#" class="method navigator-link" panel-name="suite-MyMoneyKart" title="com.mmk.test_execution_engine.MMKMainSiteTestCases" hash-for-method="navigateToChangePasswordPageAndCheckCancelRedirect">navigateToChangePasswordPageAndCheckCancelRedirect</a> <!-- method navigator-link -->
                      </span>
                      <br/>
                      <span>
                        <img width="3%" src="failed.png"/>
                        <a href="#" class="method navigator-link" panel-name="suite-MyMoneyKart" title="com.mmk.test_execution_engine.MMKMainSiteTestCases" hash-for-method="navigateToChangePasswordPageAnddoChangePassword">navigateToChangePasswordPageAnddoChangePassword</a> <!-- method navigator-link -->
                      </span>
                      <br/>
                      <span>
                        <img width="3%" src="failed.png"/>
                        <a href="#" class="method navigator-link" panel-name="suite-MyMoneyKart" title="com.mmk.test_execution_engine.MMKMainSiteTestCases" hash-for-method="navigateToKycDetailsPageAndVerifyCorrectRedirect">navigateToKycDetailsPageAndVerifyCorrectRedirect</a> <!-- method navigator-link -->
                      </span>
                      <br/>
                      <span>
                        <img width="3%" src="failed.png"/>
                        <a href="#" class="method navigator-link" panel-name="suite-MyMoneyKart" title="com.mmk.test_execution_engine.MMKMainSiteTestCases" hash-for-method="navigateToUserAccountScbscriptionLink">navigateToUserAccountScbscriptionLink</a> <!-- method navigator-link -->
                      </span>
                      <br/>
                      <span>
                        <img width="3%" src="failed.png"/>
                        <a href="#" class="method navigator-link" panel-name="suite-MyMoneyKart" title="com.mmk.test_execution_engine.MMKMainSiteTestCases" hash-for-method="navigateToUserAccountScbscriptionLinkAndCheckScbscriptionStatus">navigateToUserAccountScbscriptionLinkAndCheckScbscriptionStatus</a> <!-- method navigator-link -->
                      </span>
                      <br/>
                      <span>
                        <img width="3%" src="failed.png"/>
                        <a href="#" class="method navigator-link" panel-name="suite-MyMoneyKart" title="com.mmk.test_execution_engine.MMKMainSiteTestCases" hash-for-method="navigateToUserProfile">navigateToUserProfile</a> <!-- method navigator-link -->
                      </span>
                      <br/>
                      <span>
                        <img width="3%" src="failed.png"/>
                        <a href="#" class="method navigator-link" panel-name="suite-MyMoneyKart" title="com.mmk.test_execution_engine.MMKMainSiteTestCases" hash-for-method="navigateToUserProfileAndCheckValidRedirect">navigateToUserProfileAndCheckValidRedirect</a> <!-- method navigator-link -->
                      </span>
                      <br/>
                      <span>
                        <img width="3%" src="failed.png"/>
                        <a href="#" class="method navigator-link" panel-name="suite-MyMoneyKart" title="com.mmk.test_execution_engine.MMKMainSiteTestCases" hash-for-method="navigateToUserProfileAndGetProfileDetails">navigateToUserProfileAndGetProfileDetails</a> <!-- method navigator-link -->
                      </span>
                      <br/>
                      <span>
                        <img width="3%" src="failed.png"/>
                        <a href="#" class="method navigator-link" panel-name="suite-MyMoneyKart" title="com.mmk.test_execution_engine.MMKMainSiteTestCases" hash-for-method="submitContactByEndUser">submitContactByEndUser</a> <!-- method navigator-link -->
                      </span>
                      <br/>
                      <span>
                        <img width="3%" src="failed.png"/>
                        <a href="#" class="method navigator-link" panel-name="suite-MyMoneyKart" title="com.mmk.test_execution_engine.MMKMainSiteTestCases" hash-for-method="verifyPancardAndIdProffDocOnKycForm">verifyPancardAndIdProffDocOnKycForm</a> <!-- method navigator-link -->
                      </span>
                      <br/>
                    </div> <!-- method-list-content failed suite-MyMoneyKart -->
                  </li>
                  <li>
                    <span class="method-list-title passed">Passed methods</span>
                    <span class="show-or-hide-methods passed">
                      <a href="#" panel-name="suite-MyMoneyKart" class="hide-methods passed suite-MyMoneyKart"> (hide)</a> <!-- hide-methods passed suite-MyMoneyKart -->
                      <a href="#" panel-name="suite-MyMoneyKart" class="show-methods passed suite-MyMoneyKart"> (show)</a> <!-- show-methods passed suite-MyMoneyKart -->
                    </span>
                    <div class="method-list-content passed suite-MyMoneyKart">
                      <span>
                        <img width="3%" src="passed.png"/>
                        <a href="#" class="method navigator-link" panel-name="suite-MyMoneyKart" title="com.mmk.test_execution_engine.MMKBusSiteTestCases" hash-for-method="applyCouponCode">applyCouponCode</a> <!-- method navigator-link -->
                      </span>
                      <br/>
                      <span>
                        <img width="3%" src="passed.png"/>
                        <a href="#" class="method navigator-link" panel-name="suite-MyMoneyKart" title="com.mmk.test_execution_engine.MMKBusSiteTestCases" hash-for-method="applyWalletAmountAndCheckout">applyWalletAmountAndCheckout</a> <!-- method navigator-link -->
                      </span>
                      <br/>
                      <span>
                        <img width="3%" src="passed.png"/>
                        <a href="#" class="method navigator-link" panel-name="suite-MyMoneyKart" title="com.mmk.test_execution_engine.MMKMainSiteTestCases" hash-for-method="busSearchFromMMKHomePageWithUserLogin">busSearchFromMMKHomePageWithUserLogin</a> <!-- method navigator-link -->
                      </span>
                      <br/>
                      <span>
                        <img width="3%" src="passed.png"/>
                        <a href="#" class="method navigator-link" panel-name="suite-MyMoneyKart" title="com.mmk.test_execution_engine.MMKBusSiteTestCases" hash-for-method="checkBusRatingOptionAvailability">checkBusRatingOptionAvailability</a> <!-- method navigator-link -->
                      </span>
                      <br/>
                      <span>
                        <img width="3%" src="passed.png"/>
                        <a href="#" class="method navigator-link" panel-name="suite-MyMoneyKart" title="com.mmk.test_execution_engine.MMKBusSiteTestCases" hash-for-method="completeBusBookingAndOrderCheckout">completeBusBookingAndOrderCheckout</a> <!-- method navigator-link -->
                      </span>
                      <br/>
                      <span>
                        <img width="3%" src="passed.png"/>
                        <a href="#" class="method navigator-link" panel-name="suite-MyMoneyKart" title="com.mmk.test_execution_engine.MMKBusSiteTestCases" hash-for-method="doBusSearch">doBusSearch</a> <!-- method navigator-link -->
                      </span>
                      <br/>
                      <span>
                        <img width="3%" src="passed.png"/>
                        <a href="#" class="method navigator-link" panel-name="suite-MyMoneyKart" title="com.mmk.test_execution_engine.MMKBusSiteTestCases" hash-for-method="fillPassangerDetailsAndProceedFurther">fillPassangerDetailsAndProceedFurther</a> <!-- method navigator-link -->
                      </span>
                      <br/>
                      <span>
                        <img width="3%" src="passed.png"/>
                        <a href="#" class="method navigator-link" panel-name="suite-MyMoneyKart" title="com.mmk.test_execution_engine.MMKBusSiteTestCases" hash-for-method="getRecentSearches">getRecentSearches</a> <!-- method navigator-link -->
                      </span>
                      <br/>
                      <span>
                        <img width="3%" src="passed.png"/>
                        <a href="#" class="method navigator-link" panel-name="suite-MyMoneyKart" title="com.mmk.test_execution_engine.MMKBusSiteTestCases" hash-for-method="getSelectedPreferredCity">getSelectedPreferredCity</a> <!-- method navigator-link -->
                      </span>
                      <br/>
                      <span>
                        <img width="3%" src="passed.png"/>
                        <a href="#" class="method navigator-link" panel-name="suite-MyMoneyKart" title="com.mmk.test_execution_engine.MMKMainSiteTestCases" hash-for-method="inviteFriends">inviteFriends</a> <!-- method navigator-link -->
                      </span>
                      <br/>
                      <span>
                        <img width="3%" src="passed.png"/>
                        <a href="#" class="method navigator-link" panel-name="suite-MyMoneyKart" title="com.mmk.test_execution_engine.MMKBusSiteTestCases" hash-for-method="isSelfFunctionalityCheck">isSelfFunctionalityCheck</a> <!-- method navigator-link -->
                      </span>
                      <br/>
                      <span>
                        <img width="3%" src="passed.png"/>
                        <a href="#" class="method navigator-link" panel-name="suite-MyMoneyKart" title="com.mmk.test_execution_engine.MMKMainSiteTestCases" hash-for-method="navigateOnInviteFriend">navigateOnInviteFriend</a> <!-- method navigator-link -->
                      </span>
                      <br/>
                      <span>
                        <img width="3%" src="passed.png"/>
                        <a href="#" class="method navigator-link" panel-name="suite-MyMoneyKart" title="com.mmk.test_execution_engine.MMKBusSiteTestCases" hash-for-method="navigateToBusHomePage">navigateToBusHomePage</a> <!-- method navigator-link -->
                      </span>
                      <br/>
                      <span>
                        <img width="3%" src="passed.png"/>
                        <a href="#" class="method navigator-link" panel-name="suite-MyMoneyKart" title="com.mmk.test_execution_engine.MMKUtilitySiteTestCases" hash-for-method="navigateToUtilityHomePageAndCheckWeatherUserIsLogigedIn">navigateToUtilityHomePageAndCheckWeatherUserIsLogigedIn</a> <!-- method navigator-link -->
                      </span>
                      <br/>
                      <span>
                        <img width="3%" src="passed.png"/>
                        <a href="#" class="method navigator-link" panel-name="suite-MyMoneyKart" title="com.mmk.test_execution_engine.MMKUtilitySiteTestCases" hash-for-method="navigateToUtilitySiteAndVerifyCorrectLandingHomePage">navigateToUtilitySiteAndVerifyCorrectLandingHomePage</a> <!-- method navigator-link -->
                      </span>
                      <br/>
                      <span>
                        <img width="3%" src="passed.png"/>
                        <a href="#" class="method navigator-link" panel-name="suite-MyMoneyKart" title="com.mmk.test_execution_engine.MMKUtilitySiteTestCases" hash-for-method="navigateToUtilitySiteAndswitchTodthRecharge">navigateToUtilitySiteAndswitchTodthRecharge</a> <!-- method navigator-link -->
                      </span>
                      <br/>
                      <span>
                        <img width="3%" src="passed.png"/>
                        <a href="#" class="method navigator-link" panel-name="suite-MyMoneyKart" title="com.mmk.test_execution_engine.MMKUtilitySiteTestCases" hash-for-method="proceedDTHRechargeAndVerifyLandingPage">proceedDTHRechargeAndVerifyLandingPage</a> <!-- method navigator-link -->
                      </span>
                      <br/>
                      <span>
                        <img width="3%" src="passed.png"/>
                        <a href="#" class="method navigator-link" panel-name="suite-MyMoneyKart" title="com.mmk.test_execution_engine.MMKUtilitySiteTestCases" hash-for-method="proceedDTHRechargeAndVerifyStatusOnThankyouPage">proceedDTHRechargeAndVerifyStatusOnThankyouPage</a> <!-- method navigator-link -->
                      </span>
                      <br/>
                      <span>
                        <img width="3%" src="passed.png"/>
                        <a href="#" class="method navigator-link" panel-name="suite-MyMoneyKart" title="com.mmk.test_execution_engine.MMKUtilitySiteTestCases" hash-for-method="proceedPostpaidMobileRechargeAndVerifyStatusOnThankyouPage">proceedPostpaidMobileRechargeAndVerifyStatusOnThankyouPage</a> <!-- method navigator-link -->
                      </span>
                      <br/>
                      <span>
                        <img width="3%" src="passed.png"/>
                        <a href="#" class="method navigator-link" panel-name="suite-MyMoneyKart" title="com.mmk.test_execution_engine.MMKUtilitySiteTestCases" hash-for-method="proceedPrepaidMobileRechargeAndApplyCoupon">proceedPrepaidMobileRechargeAndApplyCoupon</a> <!-- method navigator-link -->
                      </span>
                      <br/>
                      <span>
                        <img width="3%" src="passed.png"/>
                        <a href="#" class="method navigator-link" panel-name="suite-MyMoneyKart" title="com.mmk.test_execution_engine.MMKUtilitySiteTestCases" hash-for-method="proceedPrepaidMobileRechargeAndVerifyStatusOnThankyouPage">proceedPrepaidMobileRechargeAndVerifyStatusOnThankyouPage</a> <!-- method navigator-link -->
                      </span>
                      <br/>
                      <span>
                        <img width="3%" src="passed.png"/>
                        <a href="#" class="method navigator-link" panel-name="suite-MyMoneyKart" title="com.mmk.test_execution_engine.MMKUtilitySiteTestCases" hash-for-method="proceedPrepaidMobileRechargeAndVeriyLandingPageAfterWalletPay">proceedPrepaidMobileRechargeAndVeriyLandingPageAfterWalletPay</a> <!-- method navigator-link -->
                      </span>
                      <br/>
                      <span>
                        <img width="3%" src="passed.png"/>
                        <a href="#" class="method navigator-link" panel-name="suite-MyMoneyKart" title="com.mmk.test_execution_engine.MMKUtilitySiteTestCases" hash-for-method="proceedPrepaidMobilerechargeAndVerifyLandingPageAfterFillRechargeDetails">proceedPrepaidMobilerechargeAndVerifyLandingPageAfterFillRechargeDetails</a> <!-- method navigator-link -->
                      </span>
                      <br/>
                      <span>
                        <img width="3%" src="passed.png"/>
                        <a href="#" class="method navigator-link" panel-name="suite-MyMoneyKart" title="com.mmk.test_execution_engine.MMKBusSiteTestCases" hash-for-method="rateABusIfRatingOptionAvailable">rateABusIfRatingOptionAvailable</a> <!-- method navigator-link -->
                      </span>
                      <br/>
                      <span>
                        <img width="3%" src="passed.png"/>
                        <a href="#" class="method navigator-link" panel-name="suite-MyMoneyKart" title="com.mmk.test_execution_engine.MMKBusSiteTestCases" hash-for-method="selectSeatAndProceed">selectSeatAndProceed</a> <!-- method navigator-link -->
                      </span>
                      <br/>
                      <span>
                        <img width="3%" src="passed.png"/>
                        <a href="#" class="method navigator-link" panel-name="suite-MyMoneyKart" title="com.mmk.test_execution_engine.MMKBusSiteTestCases" hash-for-method="setPreferredCity">setPreferredCity</a> <!-- method navigator-link -->
                      </span>
                      <br/>
                      <span>
                        <img width="3%" src="passed.png"/>
                        <a href="#" class="method navigator-link" panel-name="suite-MyMoneyKart" title="com.mmk.test_execution_engine.MMKMainSiteTestCases" hash-for-method="userLogin">userLogin</a> <!-- method navigator-link -->
                      </span>
                      <br/>
                      <span>
                        <img width="3%" src="passed.png"/>
                        <a href="#" class="method navigator-link" panel-name="suite-MyMoneyKart" title="com.mmk.test_execution_engine.MMKBusSiteTestCases" hash-for-method="userLoginCheckAndLoginIfNot">userLoginCheckAndLoginIfNot</a> <!-- method navigator-link -->
                      </span>
                      <br/>
                      <span>
                        <img width="3%" src="passed.png"/>
                        <a href="#" class="method navigator-link" panel-name="suite-MyMoneyKart" title="com.mmk.test_execution_engine.MMKMainSiteTestCases" hash-for-method="userWalletDetails">userWalletDetails</a> <!-- method navigator-link -->
                      </span>
                      <br/>
                    </div> <!-- method-list-content passed suite-MyMoneyKart -->
                  </li>
                </ul>
              </div> <!-- suite-section-content -->
            </div> <!-- result-section -->
          </div> <!-- navigator-suite-content -->
        </div> <!-- rounded-window -->
      </div> <!-- suite -->
    </div> <!-- navigator-root -->
    <div class="wrapper">
      <div class="main-panel-root">
        <div panel-name="suite-MyMoneyKart" class="panel MyMoneyKart">
          <div class="suite-MyMoneyKart-class-failed">
            <div class="main-panel-header rounded-window-top">
              <img src="failed.png"/>
              <span class="class-name">com.mmk.test_execution_engine.MMKMainSiteTestCases</span>
            </div> <!-- main-panel-header rounded-window-top -->
            <div class="main-panel-content rounded-window-bottom">
              <div class="method">
                <div class="method-content">
                  <a name="checkContactUsPageValidations">
                  </a> <!-- checkContactUsPageValidations -->
                  <span class="method-name">checkContactUsPageValidations</span>
                  <div class="stack-trace">org.openqa.selenium.InvalidArgumentException: Could not find webelement key
Build info: version: &apos;3.4.0&apos;, revision: &apos;unknown&apos;, time: &apos;unknown&apos;
System info: host: &apos;TSS167&apos;, ip: &apos;192.168.1.167&apos;, os.name: &apos;Windows 8.1&apos;, os.arch: &apos;amd64&apos;, os.version: &apos;6.3&apos;, java.version: &apos;1.8.0_51&apos;
Driver info: org.openqa.selenium.firefox.FirefoxDriver
Capabilities [{moz:profile=C:\Users\NAREND~1.RAJ\AppData\Local\Temp\rust_mozprofile.N4yg1ywWgtwa, rotatable=false, timeouts={implicit=0.0, page load=300000.0, script=30000.0}, pageLoadStrategy=normal, platform=ANY, specificationLevel=0.0, moz:accessibilityChecks=false, acceptInsecureCerts=false, browserVersion=52.0.2, platformVersion=6.3, moz:processID=1360.0, browserName=firefox, javascriptEnabled=true, platformName=windows_nt}]
Session ID: 0215aa8f-cade-4264-91fd-3c58a5fd1fb0
	at org.openqa.selenium.remote.http.W3CHttpResponseCodec.createException(W3CHttpResponseCodec.java:150)
	at org.openqa.selenium.remote.http.W3CHttpResponseCodec.decode(W3CHttpResponseCodec.java:115)
	at org.openqa.selenium.remote.http.W3CHttpResponseCodec.decode(W3CHttpResponseCodec.java:45)
	at org.openqa.selenium.remote.HttpCommandExecutor.execute(HttpCommandExecutor.java:164)
	at org.openqa.selenium.remote.service.DriverCommandExecutor.execute(DriverCommandExecutor.java:82)
	at org.openqa.selenium.remote.RemoteWebDriver.execute(RemoteWebDriver.java:637)
	at org.openqa.selenium.remote.RemoteWebDriver.perform(RemoteWebDriver.java:703)
	at org.openqa.selenium.interactions.Actions$BuiltAction.perform(Actions.java:631)
	at com.mmkproject.pages.MyMoneyKartHomePage.navigateToContactUsPage(MyMoneyKartHomePage.java:235)
	at com.mmk.test_execution_engine.MMKMainSiteTestCases.checkContactUsPageValidations(MMKMainSiteTestCases.java:100)
... Removed 37 stack frames
</div> <!-- stack-trace -->
                </div> <!-- method-content -->
              </div> <!-- method -->
              <div class="method">
                <div class="method-content">
                  <a name="failSubscriptionFeePaymentFromPG">
                  </a> <!-- failSubscriptionFeePaymentFromPG -->
                  <span class="method-name">failSubscriptionFeePaymentFromPG</span>
                  <div class="stack-trace">org.openqa.selenium.InvalidArgumentException: Could not find webelement key
Build info: version: &apos;3.4.0&apos;, revision: &apos;unknown&apos;, time: &apos;unknown&apos;
System info: host: &apos;TSS167&apos;, ip: &apos;192.168.1.167&apos;, os.name: &apos;Windows 8.1&apos;, os.arch: &apos;amd64&apos;, os.version: &apos;6.3&apos;, java.version: &apos;1.8.0_51&apos;
Driver info: org.openqa.selenium.firefox.FirefoxDriver
Capabilities [{moz:profile=C:\Users\NAREND~1.RAJ\AppData\Local\Temp\rust_mozprofile.N4yg1ywWgtwa, rotatable=false, timeouts={implicit=0.0, page load=300000.0, script=30000.0}, pageLoadStrategy=normal, platform=ANY, specificationLevel=0.0, moz:accessibilityChecks=false, acceptInsecureCerts=false, browserVersion=52.0.2, platformVersion=6.3, moz:processID=1360.0, browserName=firefox, javascriptEnabled=true, platformName=windows_nt}]
Session ID: 0215aa8f-cade-4264-91fd-3c58a5fd1fb0
	at org.openqa.selenium.remote.http.W3CHttpResponseCodec.createException(W3CHttpResponseCodec.java:150)
	at org.openqa.selenium.remote.http.W3CHttpResponseCodec.decode(W3CHttpResponseCodec.java:115)
	at org.openqa.selenium.remote.http.W3CHttpResponseCodec.decode(W3CHttpResponseCodec.java:45)
	at org.openqa.selenium.remote.HttpCommandExecutor.execute(HttpCommandExecutor.java:164)
	at org.openqa.selenium.remote.service.DriverCommandExecutor.execute(DriverCommandExecutor.java:82)
	at org.openqa.selenium.remote.RemoteWebDriver.execute(RemoteWebDriver.java:637)
	at org.openqa.selenium.remote.RemoteWebDriver.perform(RemoteWebDriver.java:703)
	at org.openqa.selenium.interactions.Actions$BuiltAction.perform(Actions.java:631)
	at com.mmkproject.pages.MyMoneyKartHomePage.navigateAccountSubscription(MyMoneyKartHomePage.java:336)
	at com.mmk.test_execution_engine.MMKMainSiteTestCases.failSubscriptionFeePaymentFromPG(MMKMainSiteTestCases.java:143)
... Removed 37 stack frames
</div> <!-- stack-trace -->
                </div> <!-- method-content -->
              </div> <!-- method -->
              <div class="method">
                <div class="method-content">
                  <a name="navigateKYCPageAndCancelClick">
                  </a> <!-- navigateKYCPageAndCancelClick -->
                  <span class="method-name">navigateKYCPageAndCancelClick</span>
                  <div class="stack-trace">org.openqa.selenium.InvalidArgumentException: Could not find webelement key
Build info: version: &apos;3.4.0&apos;, revision: &apos;unknown&apos;, time: &apos;unknown&apos;
System info: host: &apos;TSS167&apos;, ip: &apos;192.168.1.167&apos;, os.name: &apos;Windows 8.1&apos;, os.arch: &apos;amd64&apos;, os.version: &apos;6.3&apos;, java.version: &apos;1.8.0_51&apos;
Driver info: org.openqa.selenium.firefox.FirefoxDriver
Capabilities [{moz:profile=C:\Users\NAREND~1.RAJ\AppData\Local\Temp\rust_mozprofile.N4yg1ywWgtwa, rotatable=false, timeouts={implicit=0.0, page load=300000.0, script=30000.0}, pageLoadStrategy=normal, platform=ANY, specificationLevel=0.0, moz:accessibilityChecks=false, acceptInsecureCerts=false, browserVersion=52.0.2, platformVersion=6.3, moz:processID=1360.0, browserName=firefox, javascriptEnabled=true, platformName=windows_nt}]
Session ID: 0215aa8f-cade-4264-91fd-3c58a5fd1fb0
	at org.openqa.selenium.remote.http.W3CHttpResponseCodec.createException(W3CHttpResponseCodec.java:150)
	at org.openqa.selenium.remote.http.W3CHttpResponseCodec.decode(W3CHttpResponseCodec.java:115)
	at org.openqa.selenium.remote.http.W3CHttpResponseCodec.decode(W3CHttpResponseCodec.java:45)
	at org.openqa.selenium.remote.HttpCommandExecutor.execute(HttpCommandExecutor.java:164)
	at org.openqa.selenium.remote.service.DriverCommandExecutor.execute(DriverCommandExecutor.java:82)
	at org.openqa.selenium.remote.RemoteWebDriver.execute(RemoteWebDriver.java:637)
	at org.openqa.selenium.remote.RemoteWebDriver.perform(RemoteWebDriver.java:703)
	at org.openqa.selenium.interactions.Actions$BuiltAction.perform(Actions.java:631)
	at com.mmkproject.pages.MyMoneyKartHomePage.navigateToKYCDetails(MyMoneyKartHomePage.java:378)
	at com.mmk.test_execution_engine.MMKMainSiteTestCases.navigateKYCPageAndCancelClick(MMKMainSiteTestCases.java:199)
... Removed 37 stack frames
</div> <!-- stack-trace -->
                </div> <!-- method-content -->
              </div> <!-- method -->
              <div class="method">
                <div class="method-content">
                  <a name="navigateKYCPageAndCheckMissingKYCDetails">
                  </a> <!-- navigateKYCPageAndCheckMissingKYCDetails -->
                  <span class="method-name">navigateKYCPageAndCheckMissingKYCDetails</span>
                  <div class="stack-trace">org.openqa.selenium.InvalidArgumentException: Could not find webelement key
Build info: version: &apos;3.4.0&apos;, revision: &apos;unknown&apos;, time: &apos;unknown&apos;
System info: host: &apos;TSS167&apos;, ip: &apos;192.168.1.167&apos;, os.name: &apos;Windows 8.1&apos;, os.arch: &apos;amd64&apos;, os.version: &apos;6.3&apos;, java.version: &apos;1.8.0_51&apos;
Driver info: org.openqa.selenium.firefox.FirefoxDriver
Capabilities [{moz:profile=C:\Users\NAREND~1.RAJ\AppData\Local\Temp\rust_mozprofile.N4yg1ywWgtwa, rotatable=false, timeouts={implicit=0.0, page load=300000.0, script=30000.0}, pageLoadStrategy=normal, platform=ANY, specificationLevel=0.0, moz:accessibilityChecks=false, acceptInsecureCerts=false, browserVersion=52.0.2, platformVersion=6.3, moz:processID=1360.0, browserName=firefox, javascriptEnabled=true, platformName=windows_nt}]
Session ID: 0215aa8f-cade-4264-91fd-3c58a5fd1fb0
	at org.openqa.selenium.remote.http.W3CHttpResponseCodec.createException(W3CHttpResponseCodec.java:150)
	at org.openqa.selenium.remote.http.W3CHttpResponseCodec.decode(W3CHttpResponseCodec.java:115)
	at org.openqa.selenium.remote.http.W3CHttpResponseCodec.decode(W3CHttpResponseCodec.java:45)
	at org.openqa.selenium.remote.HttpCommandExecutor.execute(HttpCommandExecutor.java:164)
	at org.openqa.selenium.remote.service.DriverCommandExecutor.execute(DriverCommandExecutor.java:82)
	at org.openqa.selenium.remote.RemoteWebDriver.execute(RemoteWebDriver.java:637)
	at org.openqa.selenium.remote.RemoteWebDriver.perform(RemoteWebDriver.java:703)
	at org.openqa.selenium.interactions.Actions$BuiltAction.perform(Actions.java:631)
	at com.mmkproject.pages.MyMoneyKartHomePage.navigateToKYCDetails(MyMoneyKartHomePage.java:378)
	at com.mmk.test_execution_engine.MMKMainSiteTestCases.navigateKYCPageAndCheckMissingKYCDetails(MMKMainSiteTestCases.java:181)
... Removed 37 stack frames
</div> <!-- stack-trace -->
                </div> <!-- method-content -->
              </div> <!-- method -->
              <div class="method">
                <div class="method-content">
                  <a name="navigateKYCPageAndGetDetails">
                  </a> <!-- navigateKYCPageAndGetDetails -->
                  <span class="method-name">navigateKYCPageAndGetDetails</span>
                  <div class="stack-trace">org.openqa.selenium.InvalidArgumentException: Could not find webelement key
Build info: version: &apos;3.4.0&apos;, revision: &apos;unknown&apos;, time: &apos;unknown&apos;
System info: host: &apos;TSS167&apos;, ip: &apos;192.168.1.167&apos;, os.name: &apos;Windows 8.1&apos;, os.arch: &apos;amd64&apos;, os.version: &apos;6.3&apos;, java.version: &apos;1.8.0_51&apos;
Driver info: org.openqa.selenium.firefox.FirefoxDriver
Capabilities [{moz:profile=C:\Users\NAREND~1.RAJ\AppData\Local\Temp\rust_mozprofile.N4yg1ywWgtwa, rotatable=false, timeouts={implicit=0.0, page load=300000.0, script=30000.0}, pageLoadStrategy=normal, platform=ANY, specificationLevel=0.0, moz:accessibilityChecks=false, acceptInsecureCerts=false, browserVersion=52.0.2, platformVersion=6.3, moz:processID=1360.0, browserName=firefox, javascriptEnabled=true, platformName=windows_nt}]
Session ID: 0215aa8f-cade-4264-91fd-3c58a5fd1fb0
	at org.openqa.selenium.remote.http.W3CHttpResponseCodec.createException(W3CHttpResponseCodec.java:150)
	at org.openqa.selenium.remote.http.W3CHttpResponseCodec.decode(W3CHttpResponseCodec.java:115)
	at org.openqa.selenium.remote.http.W3CHttpResponseCodec.decode(W3CHttpResponseCodec.java:45)
	at org.openqa.selenium.remote.HttpCommandExecutor.execute(HttpCommandExecutor.java:164)
	at org.openqa.selenium.remote.service.DriverCommandExecutor.execute(DriverCommandExecutor.java:82)
	at org.openqa.selenium.remote.RemoteWebDriver.execute(RemoteWebDriver.java:637)
	at org.openqa.selenium.remote.RemoteWebDriver.perform(RemoteWebDriver.java:703)
	at org.openqa.selenium.interactions.Actions$BuiltAction.perform(Actions.java:631)
	at com.mmkproject.pages.MyMoneyKartHomePage.navigateToKYCDetails(MyMoneyKartHomePage.java:378)
	at com.mmk.test_execution_engine.MMKMainSiteTestCases.navigateKYCPageAndGetDetails(MMKMainSiteTestCases.java:163)
... Removed 37 stack frames
</div> <!-- stack-trace -->
                </div> <!-- method-content -->
              </div> <!-- method -->
              <div class="method">
                <div class="method-content">
                  <a name="navigateKYCPageAndTransferTheKYC">
                  </a> <!-- navigateKYCPageAndTransferTheKYC -->
                  <span class="method-name">navigateKYCPageAndTransferTheKYC</span>
                  <div class="stack-trace">org.openqa.selenium.InvalidArgumentException: Could not find webelement key
Build info: version: &apos;3.4.0&apos;, revision: &apos;unknown&apos;, time: &apos;unknown&apos;
System info: host: &apos;TSS167&apos;, ip: &apos;192.168.1.167&apos;, os.name: &apos;Windows 8.1&apos;, os.arch: &apos;amd64&apos;, os.version: &apos;6.3&apos;, java.version: &apos;1.8.0_51&apos;
Driver info: org.openqa.selenium.firefox.FirefoxDriver
Capabilities [{moz:profile=C:\Users\NAREND~1.RAJ\AppData\Local\Temp\rust_mozprofile.N4yg1ywWgtwa, rotatable=false, timeouts={implicit=0.0, page load=300000.0, script=30000.0}, pageLoadStrategy=normal, platform=ANY, specificationLevel=0.0, moz:accessibilityChecks=false, acceptInsecureCerts=false, browserVersion=52.0.2, platformVersion=6.3, moz:processID=1360.0, browserName=firefox, javascriptEnabled=true, platformName=windows_nt}]
Session ID: 0215aa8f-cade-4264-91fd-3c58a5fd1fb0
	at org.openqa.selenium.remote.http.W3CHttpResponseCodec.createException(W3CHttpResponseCodec.java:150)
	at org.openqa.selenium.remote.http.W3CHttpResponseCodec.decode(W3CHttpResponseCodec.java:115)
	at org.openqa.selenium.remote.http.W3CHttpResponseCodec.decode(W3CHttpResponseCodec.java:45)
	at org.openqa.selenium.remote.HttpCommandExecutor.execute(HttpCommandExecutor.java:164)
	at org.openqa.selenium.remote.service.DriverCommandExecutor.execute(DriverCommandExecutor.java:82)
	at org.openqa.selenium.remote.RemoteWebDriver.execute(RemoteWebDriver.java:637)
	at org.openqa.selenium.remote.RemoteWebDriver.perform(RemoteWebDriver.java:703)
	at org.openqa.selenium.interactions.Actions$BuiltAction.perform(Actions.java:631)
	at com.mmkproject.pages.MyMoneyKartHomePage.navigateToKYCDetails(MyMoneyKartHomePage.java:378)
	at com.mmk.test_execution_engine.MMKMainSiteTestCases.navigateKYCPageAndTransferTheKYC(MMKMainSiteTestCases.java:190)
... Removed 37 stack frames
</div> <!-- stack-trace -->
                </div> <!-- method-content -->
              </div> <!-- method -->
              <div class="method">
                <div class="method-content">
                  <a name="navigateOnContactUsPage">
                  </a> <!-- navigateOnContactUsPage -->
                  <span class="method-name">navigateOnContactUsPage</span>
                  <div class="stack-trace">org.openqa.selenium.InvalidArgumentException: Could not find webelement key
Build info: version: &apos;3.4.0&apos;, revision: &apos;unknown&apos;, time: &apos;unknown&apos;
System info: host: &apos;TSS167&apos;, ip: &apos;192.168.1.167&apos;, os.name: &apos;Windows 8.1&apos;, os.arch: &apos;amd64&apos;, os.version: &apos;6.3&apos;, java.version: &apos;1.8.0_51&apos;
Driver info: org.openqa.selenium.firefox.FirefoxDriver
Capabilities [{moz:profile=C:\Users\NAREND~1.RAJ\AppData\Local\Temp\rust_mozprofile.N4yg1ywWgtwa, rotatable=false, timeouts={implicit=0.0, page load=300000.0, script=30000.0}, pageLoadStrategy=normal, platform=ANY, specificationLevel=0.0, moz:accessibilityChecks=false, acceptInsecureCerts=false, browserVersion=52.0.2, platformVersion=6.3, moz:processID=1360.0, browserName=firefox, javascriptEnabled=true, platformName=windows_nt}]
Session ID: 0215aa8f-cade-4264-91fd-3c58a5fd1fb0
	at org.openqa.selenium.remote.http.W3CHttpResponseCodec.createException(W3CHttpResponseCodec.java:150)
	at org.openqa.selenium.remote.http.W3CHttpResponseCodec.decode(W3CHttpResponseCodec.java:115)
	at org.openqa.selenium.remote.http.W3CHttpResponseCodec.decode(W3CHttpResponseCodec.java:45)
	at org.openqa.selenium.remote.HttpCommandExecutor.execute(HttpCommandExecutor.java:164)
	at org.openqa.selenium.remote.service.DriverCommandExecutor.execute(DriverCommandExecutor.java:82)
	at org.openqa.selenium.remote.RemoteWebDriver.execute(RemoteWebDriver.java:637)
	at org.openqa.selenium.remote.RemoteWebDriver.perform(RemoteWebDriver.java:703)
	at org.openqa.selenium.interactions.Actions$BuiltAction.perform(Actions.java:631)
	at com.mmkproject.pages.MyMoneyKartHomePage.navigateToContactUsPage(MyMoneyKartHomePage.java:235)
	at com.mmk.test_execution_engine.MMKMainSiteTestCases.navigateOnContactUsPage(MMKMainSiteTestCases.java:71)
... Removed 37 stack frames
</div> <!-- stack-trace -->
                </div> <!-- method-content -->
              </div> <!-- method -->
              <div class="method">
                <div class="method-content">
                  <a name="navigateToChangePasswordPage">
                  </a> <!-- navigateToChangePasswordPage -->
                  <span class="method-name">navigateToChangePasswordPage</span>
                  <div class="stack-trace">org.openqa.selenium.InvalidArgumentException: Could not find webelement key
Build info: version: &apos;3.4.0&apos;, revision: &apos;unknown&apos;, time: &apos;unknown&apos;
System info: host: &apos;TSS167&apos;, ip: &apos;192.168.1.167&apos;, os.name: &apos;Windows 8.1&apos;, os.arch: &apos;amd64&apos;, os.version: &apos;6.3&apos;, java.version: &apos;1.8.0_51&apos;
Driver info: org.openqa.selenium.firefox.FirefoxDriver
Capabilities [{moz:profile=C:\Users\NAREND~1.RAJ\AppData\Local\Temp\rust_mozprofile.N4yg1ywWgtwa, rotatable=false, timeouts={implicit=0.0, page load=300000.0, script=30000.0}, pageLoadStrategy=normal, platform=ANY, specificationLevel=0.0, moz:accessibilityChecks=false, acceptInsecureCerts=false, browserVersion=52.0.2, platformVersion=6.3, moz:processID=1360.0, browserName=firefox, javascriptEnabled=true, platformName=windows_nt}]
Session ID: 0215aa8f-cade-4264-91fd-3c58a5fd1fb0
	at org.openqa.selenium.remote.http.W3CHttpResponseCodec.createException(W3CHttpResponseCodec.java:150)
	at org.openqa.selenium.remote.http.W3CHttpResponseCodec.decode(W3CHttpResponseCodec.java:115)
	at org.openqa.selenium.remote.http.W3CHttpResponseCodec.decode(W3CHttpResponseCodec.java:45)
	at org.openqa.selenium.remote.HttpCommandExecutor.execute(HttpCommandExecutor.java:164)
	at org.openqa.selenium.remote.service.DriverCommandExecutor.execute(DriverCommandExecutor.java:82)
	at org.openqa.selenium.remote.RemoteWebDriver.execute(RemoteWebDriver.java:637)
	at org.openqa.selenium.remote.RemoteWebDriver.perform(RemoteWebDriver.java:703)
	at org.openqa.selenium.interactions.Actions$BuiltAction.perform(Actions.java:631)
	at com.mmkproject.pages.MyMoneyKartHomePage.navigateToChangePassword(MyMoneyKartHomePage.java:419)
	at com.mmk.test_execution_engine.MMKMainSiteTestCases.navigateToChangePasswordPage(MMKMainSiteTestCases.java:208)
... Removed 37 stack frames
</div> <!-- stack-trace -->
                </div> <!-- method-content -->
              </div> <!-- method -->
              <div class="method">
                <div class="method-content">
                  <a name="navigateToChangePasswordPageAndCheckBlankFieldValidation">
                  </a> <!-- navigateToChangePasswordPageAndCheckBlankFieldValidation -->
                  <span class="method-name">navigateToChangePasswordPageAndCheckBlankFieldValidation</span>
                  <div class="stack-trace">org.openqa.selenium.InvalidArgumentException: Could not find webelement key
Build info: version: &apos;3.4.0&apos;, revision: &apos;unknown&apos;, time: &apos;unknown&apos;
System info: host: &apos;TSS167&apos;, ip: &apos;192.168.1.167&apos;, os.name: &apos;Windows 8.1&apos;, os.arch: &apos;amd64&apos;, os.version: &apos;6.3&apos;, java.version: &apos;1.8.0_51&apos;
Driver info: org.openqa.selenium.firefox.FirefoxDriver
Capabilities [{moz:profile=C:\Users\NAREND~1.RAJ\AppData\Local\Temp\rust_mozprofile.N4yg1ywWgtwa, rotatable=false, timeouts={implicit=0.0, page load=300000.0, script=30000.0}, pageLoadStrategy=normal, platform=ANY, specificationLevel=0.0, moz:accessibilityChecks=false, acceptInsecureCerts=false, browserVersion=52.0.2, platformVersion=6.3, moz:processID=1360.0, browserName=firefox, javascriptEnabled=true, platformName=windows_nt}]
Session ID: 0215aa8f-cade-4264-91fd-3c58a5fd1fb0
	at org.openqa.selenium.remote.http.W3CHttpResponseCodec.createException(W3CHttpResponseCodec.java:150)
	at org.openqa.selenium.remote.http.W3CHttpResponseCodec.decode(W3CHttpResponseCodec.java:115)
	at org.openqa.selenium.remote.http.W3CHttpResponseCodec.decode(W3CHttpResponseCodec.java:45)
	at org.openqa.selenium.remote.HttpCommandExecutor.execute(HttpCommandExecutor.java:164)
	at org.openqa.selenium.remote.service.DriverCommandExecutor.execute(DriverCommandExecutor.java:82)
	at org.openqa.selenium.remote.RemoteWebDriver.execute(RemoteWebDriver.java:637)
	at org.openqa.selenium.remote.RemoteWebDriver.perform(RemoteWebDriver.java:703)
	at org.openqa.selenium.interactions.Actions$BuiltAction.perform(Actions.java:631)
	at com.mmkproject.pages.MyMoneyKartHomePage.navigateToChangePassword(MyMoneyKartHomePage.java:419)
	at com.mmk.test_execution_engine.MMKMainSiteTestCases.navigateToChangePasswordPageAndCheckBlankFieldValidation(MMKMainSiteTestCases.java:216)
... Removed 37 stack frames
</div> <!-- stack-trace -->
                </div> <!-- method-content -->
              </div> <!-- method -->
              <div class="method">
                <div class="method-content">
                  <a name="navigateToChangePasswordPageAndCheckCancelRedirect">
                  </a> <!-- navigateToChangePasswordPageAndCheckCancelRedirect -->
                  <span class="method-name">navigateToChangePasswordPageAndCheckCancelRedirect</span>
                  <div class="stack-trace">org.openqa.selenium.InvalidArgumentException: Could not find webelement key
Build info: version: &apos;3.4.0&apos;, revision: &apos;unknown&apos;, time: &apos;unknown&apos;
System info: host: &apos;TSS167&apos;, ip: &apos;192.168.1.167&apos;, os.name: &apos;Windows 8.1&apos;, os.arch: &apos;amd64&apos;, os.version: &apos;6.3&apos;, java.version: &apos;1.8.0_51&apos;
Driver info: org.openqa.selenium.firefox.FirefoxDriver
Capabilities [{moz:profile=C:\Users\NAREND~1.RAJ\AppData\Local\Temp\rust_mozprofile.N4yg1ywWgtwa, rotatable=false, timeouts={implicit=0.0, page load=300000.0, script=30000.0}, pageLoadStrategy=normal, platform=ANY, specificationLevel=0.0, moz:accessibilityChecks=false, acceptInsecureCerts=false, browserVersion=52.0.2, platformVersion=6.3, moz:processID=1360.0, browserName=firefox, javascriptEnabled=true, platformName=windows_nt}]
Session ID: 0215aa8f-cade-4264-91fd-3c58a5fd1fb0
	at org.openqa.selenium.remote.http.W3CHttpResponseCodec.createException(W3CHttpResponseCodec.java:150)
	at org.openqa.selenium.remote.http.W3CHttpResponseCodec.decode(W3CHttpResponseCodec.java:115)
	at org.openqa.selenium.remote.http.W3CHttpResponseCodec.decode(W3CHttpResponseCodec.java:45)
	at org.openqa.selenium.remote.HttpCommandExecutor.execute(HttpCommandExecutor.java:164)
	at org.openqa.selenium.remote.service.DriverCommandExecutor.execute(DriverCommandExecutor.java:82)
	at org.openqa.selenium.remote.RemoteWebDriver.execute(RemoteWebDriver.java:637)
	at org.openqa.selenium.remote.RemoteWebDriver.perform(RemoteWebDriver.java:703)
	at org.openqa.selenium.interactions.Actions$BuiltAction.perform(Actions.java:631)
	at com.mmkproject.pages.MyMoneyKartHomePage.navigateToChangePassword(MyMoneyKartHomePage.java:419)
	at com.mmk.test_execution_engine.MMKMainSiteTestCases.navigateToChangePasswordPageAndCheckCancelRedirect(MMKMainSiteTestCases.java:234)
... Removed 37 stack frames
</div> <!-- stack-trace -->
                </div> <!-- method-content -->
              </div> <!-- method -->
              <div class="method">
                <div class="method-content">
                  <a name="navigateToChangePasswordPageAnddoChangePassword">
                  </a> <!-- navigateToChangePasswordPageAnddoChangePassword -->
                  <span class="method-name">navigateToChangePasswordPageAnddoChangePassword</span>
                  <div class="stack-trace">org.openqa.selenium.InvalidArgumentException: Could not find webelement key
Build info: version: &apos;3.4.0&apos;, revision: &apos;unknown&apos;, time: &apos;unknown&apos;
System info: host: &apos;TSS167&apos;, ip: &apos;192.168.1.167&apos;, os.name: &apos;Windows 8.1&apos;, os.arch: &apos;amd64&apos;, os.version: &apos;6.3&apos;, java.version: &apos;1.8.0_51&apos;
Driver info: org.openqa.selenium.firefox.FirefoxDriver
Capabilities [{moz:profile=C:\Users\NAREND~1.RAJ\AppData\Local\Temp\rust_mozprofile.N4yg1ywWgtwa, rotatable=false, timeouts={implicit=0.0, page load=300000.0, script=30000.0}, pageLoadStrategy=normal, platform=ANY, specificationLevel=0.0, moz:accessibilityChecks=false, acceptInsecureCerts=false, browserVersion=52.0.2, platformVersion=6.3, moz:processID=1360.0, browserName=firefox, javascriptEnabled=true, platformName=windows_nt}]
Session ID: 0215aa8f-cade-4264-91fd-3c58a5fd1fb0
	at org.openqa.selenium.remote.http.W3CHttpResponseCodec.createException(W3CHttpResponseCodec.java:150)
	at org.openqa.selenium.remote.http.W3CHttpResponseCodec.decode(W3CHttpResponseCodec.java:115)
	at org.openqa.selenium.remote.http.W3CHttpResponseCodec.decode(W3CHttpResponseCodec.java:45)
	at org.openqa.selenium.remote.HttpCommandExecutor.execute(HttpCommandExecutor.java:164)
	at org.openqa.selenium.remote.service.DriverCommandExecutor.execute(DriverCommandExecutor.java:82)
	at org.openqa.selenium.remote.RemoteWebDriver.execute(RemoteWebDriver.java:637)
	at org.openqa.selenium.remote.RemoteWebDriver.perform(RemoteWebDriver.java:703)
	at org.openqa.selenium.interactions.Actions$BuiltAction.perform(Actions.java:631)
	at com.mmkproject.pages.MyMoneyKartHomePage.navigateToChangePassword(MyMoneyKartHomePage.java:419)
	at com.mmk.test_execution_engine.MMKMainSiteTestCases.navigateToChangePasswordPageAnddoChangePassword(MMKMainSiteTestCases.java:225)
... Removed 37 stack frames
</div> <!-- stack-trace -->
                </div> <!-- method-content -->
              </div> <!-- method -->
              <div class="method">
                <div class="method-content">
                  <a name="navigateToKycDetailsPageAndVerifyCorrectRedirect">
                  </a> <!-- navigateToKycDetailsPageAndVerifyCorrectRedirect -->
                  <span class="method-name">navigateToKycDetailsPageAndVerifyCorrectRedirect</span>
                  <div class="stack-trace">org.openqa.selenium.InvalidArgumentException: Could not find webelement key
Build info: version: &apos;3.4.0&apos;, revision: &apos;unknown&apos;, time: &apos;unknown&apos;
System info: host: &apos;TSS167&apos;, ip: &apos;192.168.1.167&apos;, os.name: &apos;Windows 8.1&apos;, os.arch: &apos;amd64&apos;, os.version: &apos;6.3&apos;, java.version: &apos;1.8.0_51&apos;
Driver info: org.openqa.selenium.firefox.FirefoxDriver
Capabilities [{moz:profile=C:\Users\NAREND~1.RAJ\AppData\Local\Temp\rust_mozprofile.N4yg1ywWgtwa, rotatable=false, timeouts={implicit=0.0, page load=300000.0, script=30000.0}, pageLoadStrategy=normal, platform=ANY, specificationLevel=0.0, moz:accessibilityChecks=false, acceptInsecureCerts=false, browserVersion=52.0.2, platformVersion=6.3, moz:processID=1360.0, browserName=firefox, javascriptEnabled=true, platformName=windows_nt}]
Session ID: 0215aa8f-cade-4264-91fd-3c58a5fd1fb0
	at org.openqa.selenium.remote.http.W3CHttpResponseCodec.createException(W3CHttpResponseCodec.java:150)
	at org.openqa.selenium.remote.http.W3CHttpResponseCodec.decode(W3CHttpResponseCodec.java:115)
	at org.openqa.selenium.remote.http.W3CHttpResponseCodec.decode(W3CHttpResponseCodec.java:45)
	at org.openqa.selenium.remote.HttpCommandExecutor.execute(HttpCommandExecutor.java:164)
	at org.openqa.selenium.remote.service.DriverCommandExecutor.execute(DriverCommandExecutor.java:82)
	at org.openqa.selenium.remote.RemoteWebDriver.execute(RemoteWebDriver.java:637)
	at org.openqa.selenium.remote.RemoteWebDriver.perform(RemoteWebDriver.java:703)
	at org.openqa.selenium.interactions.Actions$BuiltAction.perform(Actions.java:631)
	at com.mmkproject.pages.MyMoneyKartHomePage.navigateToKYCDetails(MyMoneyKartHomePage.java:378)
	at com.mmk.test_execution_engine.MMKMainSiteTestCases.navigateToKycDetailsPageAndVerifyCorrectRedirect(MMKMainSiteTestCases.java:154)
... Removed 37 stack frames
</div> <!-- stack-trace -->
                </div> <!-- method-content -->
              </div> <!-- method -->
              <div class="method">
                <div class="method-content">
                  <a name="navigateToUserAccountScbscriptionLink">
                  </a> <!-- navigateToUserAccountScbscriptionLink -->
                  <span class="method-name">navigateToUserAccountScbscriptionLink</span>
                  <div class="stack-trace">org.openqa.selenium.InvalidArgumentException: Could not find webelement key
Build info: version: &apos;3.4.0&apos;, revision: &apos;unknown&apos;, time: &apos;unknown&apos;
System info: host: &apos;TSS167&apos;, ip: &apos;192.168.1.167&apos;, os.name: &apos;Windows 8.1&apos;, os.arch: &apos;amd64&apos;, os.version: &apos;6.3&apos;, java.version: &apos;1.8.0_51&apos;
Driver info: org.openqa.selenium.firefox.FirefoxDriver
Capabilities [{moz:profile=C:\Users\NAREND~1.RAJ\AppData\Local\Temp\rust_mozprofile.N4yg1ywWgtwa, rotatable=false, timeouts={implicit=0.0, page load=300000.0, script=30000.0}, pageLoadStrategy=normal, platform=ANY, specificationLevel=0.0, moz:accessibilityChecks=false, acceptInsecureCerts=false, browserVersion=52.0.2, platformVersion=6.3, moz:processID=1360.0, browserName=firefox, javascriptEnabled=true, platformName=windows_nt}]
Session ID: 0215aa8f-cade-4264-91fd-3c58a5fd1fb0
	at org.openqa.selenium.remote.http.W3CHttpResponseCodec.createException(W3CHttpResponseCodec.java:150)
	at org.openqa.selenium.remote.http.W3CHttpResponseCodec.decode(W3CHttpResponseCodec.java:115)
	at org.openqa.selenium.remote.http.W3CHttpResponseCodec.decode(W3CHttpResponseCodec.java:45)
	at org.openqa.selenium.remote.HttpCommandExecutor.execute(HttpCommandExecutor.java:164)
	at org.openqa.selenium.remote.service.DriverCommandExecutor.execute(DriverCommandExecutor.java:82)
	at org.openqa.selenium.remote.RemoteWebDriver.execute(RemoteWebDriver.java:637)
	at org.openqa.selenium.remote.RemoteWebDriver.perform(RemoteWebDriver.java:703)
	at org.openqa.selenium.interactions.Actions$BuiltAction.perform(Actions.java:631)
	at com.mmkproject.pages.MyMoneyKartHomePage.navigateAccountSubscription(MyMoneyKartHomePage.java:336)
	at com.mmk.test_execution_engine.MMKMainSiteTestCases.navigateToUserAccountScbscriptionLink(MMKMainSiteTestCases.java:127)
... Removed 37 stack frames
</div> <!-- stack-trace -->
                </div> <!-- method-content -->
              </div> <!-- method -->
              <div class="method">
                <div class="method-content">
                  <a name="navigateToUserAccountScbscriptionLinkAndCheckScbscriptionStatus">
                  </a> <!-- navigateToUserAccountScbscriptionLinkAndCheckScbscriptionStatus -->
                  <span class="method-name">navigateToUserAccountScbscriptionLinkAndCheckScbscriptionStatus</span>
                  <div class="stack-trace">org.openqa.selenium.InvalidArgumentException: Could not find webelement key
Build info: version: &apos;3.4.0&apos;, revision: &apos;unknown&apos;, time: &apos;unknown&apos;
System info: host: &apos;TSS167&apos;, ip: &apos;192.168.1.167&apos;, os.name: &apos;Windows 8.1&apos;, os.arch: &apos;amd64&apos;, os.version: &apos;6.3&apos;, java.version: &apos;1.8.0_51&apos;
Driver info: org.openqa.selenium.firefox.FirefoxDriver
Capabilities [{moz:profile=C:\Users\NAREND~1.RAJ\AppData\Local\Temp\rust_mozprofile.N4yg1ywWgtwa, rotatable=false, timeouts={implicit=0.0, page load=300000.0, script=30000.0}, pageLoadStrategy=normal, platform=ANY, specificationLevel=0.0, moz:accessibilityChecks=false, acceptInsecureCerts=false, browserVersion=52.0.2, platformVersion=6.3, moz:processID=1360.0, browserName=firefox, javascriptEnabled=true, platformName=windows_nt}]
Session ID: 0215aa8f-cade-4264-91fd-3c58a5fd1fb0
	at org.openqa.selenium.remote.http.W3CHttpResponseCodec.createException(W3CHttpResponseCodec.java:150)
	at org.openqa.selenium.remote.http.W3CHttpResponseCodec.decode(W3CHttpResponseCodec.java:115)
	at org.openqa.selenium.remote.http.W3CHttpResponseCodec.decode(W3CHttpResponseCodec.java:45)
	at org.openqa.selenium.remote.HttpCommandExecutor.execute(HttpCommandExecutor.java:164)
	at org.openqa.selenium.remote.service.DriverCommandExecutor.execute(DriverCommandExecutor.java:82)
	at org.openqa.selenium.remote.RemoteWebDriver.execute(RemoteWebDriver.java:637)
	at org.openqa.selenium.remote.RemoteWebDriver.perform(RemoteWebDriver.java:703)
	at org.openqa.selenium.interactions.Actions$BuiltAction.perform(Actions.java:631)
	at com.mmkproject.pages.MyMoneyKartHomePage.navigateAccountSubscription(MyMoneyKartHomePage.java:336)
	at com.mmk.test_execution_engine.MMKMainSiteTestCases.navigateToUserAccountScbscriptionLinkAndCheckScbscriptionStatus(MMKMainSiteTestCases.java:134)
... Removed 37 stack frames
</div> <!-- stack-trace -->
                </div> <!-- method-content -->
              </div> <!-- method -->
              <div class="method">
                <div class="method-content">
                  <a name="navigateToUserProfile">
                  </a> <!-- navigateToUserProfile -->
                  <span class="method-name">navigateToUserProfile</span>
                  <div class="stack-trace">org.openqa.selenium.InvalidArgumentException: Could not find webelement key
Build info: version: &apos;3.4.0&apos;, revision: &apos;unknown&apos;, time: &apos;unknown&apos;
System info: host: &apos;TSS167&apos;, ip: &apos;192.168.1.167&apos;, os.name: &apos;Windows 8.1&apos;, os.arch: &apos;amd64&apos;, os.version: &apos;6.3&apos;, java.version: &apos;1.8.0_51&apos;
Driver info: org.openqa.selenium.firefox.FirefoxDriver
Capabilities [{moz:profile=C:\Users\NAREND~1.RAJ\AppData\Local\Temp\rust_mozprofile.N4yg1ywWgtwa, rotatable=false, timeouts={implicit=0.0, page load=300000.0, script=30000.0}, pageLoadStrategy=normal, platform=ANY, specificationLevel=0.0, moz:accessibilityChecks=false, acceptInsecureCerts=false, browserVersion=52.0.2, platformVersion=6.3, moz:processID=1360.0, browserName=firefox, javascriptEnabled=true, platformName=windows_nt}]
Session ID: 0215aa8f-cade-4264-91fd-3c58a5fd1fb0
	at org.openqa.selenium.remote.http.W3CHttpResponseCodec.createException(W3CHttpResponseCodec.java:150)
	at org.openqa.selenium.remote.http.W3CHttpResponseCodec.decode(W3CHttpResponseCodec.java:115)
	at org.openqa.selenium.remote.http.W3CHttpResponseCodec.decode(W3CHttpResponseCodec.java:45)
	at org.openqa.selenium.remote.HttpCommandExecutor.execute(HttpCommandExecutor.java:164)
	at org.openqa.selenium.remote.service.DriverCommandExecutor.execute(DriverCommandExecutor.java:82)
	at org.openqa.selenium.remote.RemoteWebDriver.execute(RemoteWebDriver.java:637)
	at org.openqa.selenium.remote.RemoteWebDriver.perform(RemoteWebDriver.java:703)
	at org.openqa.selenium.interactions.Actions$BuiltAction.perform(Actions.java:631)
	at com.mmkproject.pages.MyMoneyKartHomePage.navigateToUserProfile(MyMoneyKartHomePage.java:461)
	at com.mmk.test_execution_engine.MMKMainSiteTestCases.navigateToUserProfile(MMKMainSiteTestCases.java:243)
... Removed 36 stack frames
</div> <!-- stack-trace -->
                </div> <!-- method-content -->
              </div> <!-- method -->
              <div class="method">
                <div class="method-content">
                  <a name="navigateToUserProfileAndCheckValidRedirect">
                  </a> <!-- navigateToUserProfileAndCheckValidRedirect -->
                  <span class="method-name">navigateToUserProfileAndCheckValidRedirect</span>
                  <div class="stack-trace">org.openqa.selenium.InvalidArgumentException: Could not find webelement key
Build info: version: &apos;3.4.0&apos;, revision: &apos;unknown&apos;, time: &apos;unknown&apos;
System info: host: &apos;TSS167&apos;, ip: &apos;192.168.1.167&apos;, os.name: &apos;Windows 8.1&apos;, os.arch: &apos;amd64&apos;, os.version: &apos;6.3&apos;, java.version: &apos;1.8.0_51&apos;
Driver info: org.openqa.selenium.firefox.FirefoxDriver
Capabilities [{moz:profile=C:\Users\NAREND~1.RAJ\AppData\Local\Temp\rust_mozprofile.N4yg1ywWgtwa, rotatable=false, timeouts={implicit=0.0, page load=300000.0, script=30000.0}, pageLoadStrategy=normal, platform=ANY, specificationLevel=0.0, moz:accessibilityChecks=false, acceptInsecureCerts=false, browserVersion=52.0.2, platformVersion=6.3, moz:processID=1360.0, browserName=firefox, javascriptEnabled=true, platformName=windows_nt}]
Session ID: 0215aa8f-cade-4264-91fd-3c58a5fd1fb0
	at org.openqa.selenium.remote.http.W3CHttpResponseCodec.createException(W3CHttpResponseCodec.java:150)
	at org.openqa.selenium.remote.http.W3CHttpResponseCodec.decode(W3CHttpResponseCodec.java:115)
	at org.openqa.selenium.remote.http.W3CHttpResponseCodec.decode(W3CHttpResponseCodec.java:45)
	at org.openqa.selenium.remote.HttpCommandExecutor.execute(HttpCommandExecutor.java:164)
	at org.openqa.selenium.remote.service.DriverCommandExecutor.execute(DriverCommandExecutor.java:82)
	at org.openqa.selenium.remote.RemoteWebDriver.execute(RemoteWebDriver.java:637)
	at org.openqa.selenium.remote.RemoteWebDriver.perform(RemoteWebDriver.java:703)
	at org.openqa.selenium.interactions.Actions$BuiltAction.perform(Actions.java:631)
	at com.mmkproject.pages.MyMoneyKartHomePage.navigateToUserProfile(MyMoneyKartHomePage.java:461)
	at com.mmk.test_execution_engine.MMKMainSiteTestCases.navigateToUserProfileAndCheckValidRedirect(MMKMainSiteTestCases.java:250)
... Removed 36 stack frames
</div> <!-- stack-trace -->
                </div> <!-- method-content -->
              </div> <!-- method -->
              <div class="method">
                <div class="method-content">
                  <a name="navigateToUserProfileAndGetProfileDetails">
                  </a> <!-- navigateToUserProfileAndGetProfileDetails -->
                  <span class="method-name">navigateToUserProfileAndGetProfileDetails</span>
                  <div class="stack-trace">org.openqa.selenium.InvalidArgumentException: Could not find webelement key
Build info: version: &apos;3.4.0&apos;, revision: &apos;unknown&apos;, time: &apos;unknown&apos;
System info: host: &apos;TSS167&apos;, ip: &apos;192.168.1.167&apos;, os.name: &apos;Windows 8.1&apos;, os.arch: &apos;amd64&apos;, os.version: &apos;6.3&apos;, java.version: &apos;1.8.0_51&apos;
Driver info: org.openqa.selenium.firefox.FirefoxDriver
Capabilities [{moz:profile=C:\Users\NAREND~1.RAJ\AppData\Local\Temp\rust_mozprofile.N4yg1ywWgtwa, rotatable=false, timeouts={implicit=0.0, page load=300000.0, script=30000.0}, pageLoadStrategy=normal, platform=ANY, specificationLevel=0.0, moz:accessibilityChecks=false, acceptInsecureCerts=false, browserVersion=52.0.2, platformVersion=6.3, moz:processID=1360.0, browserName=firefox, javascriptEnabled=true, platformName=windows_nt}]
Session ID: 0215aa8f-cade-4264-91fd-3c58a5fd1fb0
	at org.openqa.selenium.remote.http.W3CHttpResponseCodec.createException(W3CHttpResponseCodec.java:150)
	at org.openqa.selenium.remote.http.W3CHttpResponseCodec.decode(W3CHttpResponseCodec.java:115)
	at org.openqa.selenium.remote.http.W3CHttpResponseCodec.decode(W3CHttpResponseCodec.java:45)
	at org.openqa.selenium.remote.HttpCommandExecutor.execute(HttpCommandExecutor.java:164)
	at org.openqa.selenium.remote.service.DriverCommandExecutor.execute(DriverCommandExecutor.java:82)
	at org.openqa.selenium.remote.RemoteWebDriver.execute(RemoteWebDriver.java:637)
	at org.openqa.selenium.remote.RemoteWebDriver.perform(RemoteWebDriver.java:703)
	at org.openqa.selenium.interactions.Actions$BuiltAction.perform(Actions.java:631)
	at com.mmkproject.pages.MyMoneyKartHomePage.navigateToUserProfile(MyMoneyKartHomePage.java:461)
	at com.mmk.test_execution_engine.MMKMainSiteTestCases.navigateToUserProfileAndGetProfileDetails(MMKMainSiteTestCases.java:261)
... Removed 36 stack frames
</div> <!-- stack-trace -->
                </div> <!-- method-content -->
              </div> <!-- method -->
              <div class="method">
                <div class="method-content">
                  <a name="submitContactByEndUser">
                  </a> <!-- submitContactByEndUser -->
                  <span class="method-name">submitContactByEndUser</span>
                  <div class="stack-trace">org.openqa.selenium.InvalidArgumentException: Could not find webelement key
Build info: version: &apos;3.4.0&apos;, revision: &apos;unknown&apos;, time: &apos;unknown&apos;
System info: host: &apos;TSS167&apos;, ip: &apos;192.168.1.167&apos;, os.name: &apos;Windows 8.1&apos;, os.arch: &apos;amd64&apos;, os.version: &apos;6.3&apos;, java.version: &apos;1.8.0_51&apos;
Driver info: org.openqa.selenium.firefox.FirefoxDriver
Capabilities [{moz:profile=C:\Users\NAREND~1.RAJ\AppData\Local\Temp\rust_mozprofile.N4yg1ywWgtwa, rotatable=false, timeouts={implicit=0.0, page load=300000.0, script=30000.0}, pageLoadStrategy=normal, platform=ANY, specificationLevel=0.0, moz:accessibilityChecks=false, acceptInsecureCerts=false, browserVersion=52.0.2, platformVersion=6.3, moz:processID=1360.0, browserName=firefox, javascriptEnabled=true, platformName=windows_nt}]
Session ID: 0215aa8f-cade-4264-91fd-3c58a5fd1fb0
	at org.openqa.selenium.remote.http.W3CHttpResponseCodec.createException(W3CHttpResponseCodec.java:150)
	at org.openqa.selenium.remote.http.W3CHttpResponseCodec.decode(W3CHttpResponseCodec.java:115)
	at org.openqa.selenium.remote.http.W3CHttpResponseCodec.decode(W3CHttpResponseCodec.java:45)
	at org.openqa.selenium.remote.HttpCommandExecutor.execute(HttpCommandExecutor.java:164)
	at org.openqa.selenium.remote.service.DriverCommandExecutor.execute(DriverCommandExecutor.java:82)
	at org.openqa.selenium.remote.RemoteWebDriver.execute(RemoteWebDriver.java:637)
	at org.openqa.selenium.remote.RemoteWebDriver.perform(RemoteWebDriver.java:703)
	at org.openqa.selenium.interactions.Actions$BuiltAction.perform(Actions.java:631)
	at com.mmkproject.pages.MyMoneyKartHomePage.navigateToContactUsPage(MyMoneyKartHomePage.java:235)
	at com.mmk.test_execution_engine.MMKMainSiteTestCases.submitContactByEndUser(MMKMainSiteTestCases.java:87)
... Removed 37 stack frames
</div> <!-- stack-trace -->
                </div> <!-- method-content -->
              </div> <!-- method -->
              <div class="method">
                <div class="method-content">
                  <a name="verifyPancardAndIdProffDocOnKycForm">
                  </a> <!-- verifyPancardAndIdProffDocOnKycForm -->
                  <span class="method-name">verifyPancardAndIdProffDocOnKycForm</span>
                  <div class="stack-trace">org.openqa.selenium.InvalidArgumentException: Could not find webelement key
Build info: version: &apos;3.4.0&apos;, revision: &apos;unknown&apos;, time: &apos;unknown&apos;
System info: host: &apos;TSS167&apos;, ip: &apos;192.168.1.167&apos;, os.name: &apos;Windows 8.1&apos;, os.arch: &apos;amd64&apos;, os.version: &apos;6.3&apos;, java.version: &apos;1.8.0_51&apos;
Driver info: org.openqa.selenium.firefox.FirefoxDriver
Capabilities [{moz:profile=C:\Users\NAREND~1.RAJ\AppData\Local\Temp\rust_mozprofile.N4yg1ywWgtwa, rotatable=false, timeouts={implicit=0.0, page load=300000.0, script=30000.0}, pageLoadStrategy=normal, platform=ANY, specificationLevel=0.0, moz:accessibilityChecks=false, acceptInsecureCerts=false, browserVersion=52.0.2, platformVersion=6.3, moz:processID=1360.0, browserName=firefox, javascriptEnabled=true, platformName=windows_nt}]
Session ID: 0215aa8f-cade-4264-91fd-3c58a5fd1fb0
	at org.openqa.selenium.remote.http.W3CHttpResponseCodec.createException(W3CHttpResponseCodec.java:150)
	at org.openqa.selenium.remote.http.W3CHttpResponseCodec.decode(W3CHttpResponseCodec.java:115)
	at org.openqa.selenium.remote.http.W3CHttpResponseCodec.decode(W3CHttpResponseCodec.java:45)
	at org.openqa.selenium.remote.HttpCommandExecutor.execute(HttpCommandExecutor.java:164)
	at org.openqa.selenium.remote.service.DriverCommandExecutor.execute(DriverCommandExecutor.java:82)
	at org.openqa.selenium.remote.RemoteWebDriver.execute(RemoteWebDriver.java:637)
	at org.openqa.selenium.remote.RemoteWebDriver.perform(RemoteWebDriver.java:703)
	at org.openqa.selenium.interactions.Actions$BuiltAction.perform(Actions.java:631)
	at com.mmkproject.pages.MyMoneyKartHomePage.navigateToKYCDetails(MyMoneyKartHomePage.java:378)
	at com.mmk.test_execution_engine.MMKMainSiteTestCases.verifyPancardAndIdProffDocOnKycForm(MMKMainSiteTestCases.java:172)
... Removed 37 stack frames
</div> <!-- stack-trace -->
                </div> <!-- method-content -->
              </div> <!-- method -->
            </div> <!-- main-panel-content rounded-window-bottom -->
          </div> <!-- suite-MyMoneyKart-class-failed -->
          <div class="suite-MyMoneyKart-class-failed">
            <div class="main-panel-header rounded-window-top">
              <img src="failed.png"/>
              <span class="class-name">com.mmk.test_execution_engine.MMKBusSiteTestCases</span>
            </div> <!-- main-panel-header rounded-window-top -->
            <div class="main-panel-content rounded-window-bottom">
              <div class="method">
                <div class="method-content">
                  <a name="modifySearchCheck">
                  </a> <!-- modifySearchCheck -->
                  <span class="method-name">modifySearchCheck</span>
                  <div class="stack-trace">org.openqa.selenium.NoSuchElementException: Unable to locate element: //input[@id=&apos;hdDate&apos;]
For documentation on this error, please visit: http://seleniumhq.org/exceptions/no_such_element.html
Build info: version: &apos;3.4.0&apos;, revision: &apos;unknown&apos;, time: &apos;unknown&apos;
System info: host: &apos;TSS167&apos;, ip: &apos;192.168.1.167&apos;, os.name: &apos;Windows 8.1&apos;, os.arch: &apos;amd64&apos;, os.version: &apos;6.3&apos;, java.version: &apos;1.8.0_51&apos;
Driver info: org.openqa.selenium.firefox.FirefoxDriver
Capabilities [{moz:profile=C:\Users\NAREND~1.RAJ\AppData\Local\Temp\rust_mozprofile.N4yg1ywWgtwa, rotatable=false, timeouts={implicit=0.0, page load=300000.0, script=30000.0}, pageLoadStrategy=normal, platform=ANY, specificationLevel=0.0, moz:accessibilityChecks=false, acceptInsecureCerts=false, browserVersion=52.0.2, platformVersion=6.3, moz:processID=1360.0, browserName=firefox, javascriptEnabled=true, platformName=windows_nt}]
Session ID: 0215aa8f-cade-4264-91fd-3c58a5fd1fb0
*** Element info: {Using=xpath, value=//input[@id=&apos;hdDate&apos;]}
	at org.openqa.selenium.remote.http.W3CHttpResponseCodec.createException(W3CHttpResponseCodec.java:150)
	at org.openqa.selenium.remote.http.W3CHttpResponseCodec.decode(W3CHttpResponseCodec.java:115)
	at org.openqa.selenium.remote.http.W3CHttpResponseCodec.decode(W3CHttpResponseCodec.java:45)
	at org.openqa.selenium.remote.HttpCommandExecutor.execute(HttpCommandExecutor.java:164)
	at org.openqa.selenium.remote.service.DriverCommandExecutor.execute(DriverCommandExecutor.java:82)
	at org.openqa.selenium.remote.RemoteWebDriver.execute(RemoteWebDriver.java:637)
	at org.openqa.selenium.remote.RemoteWebDriver.findElement(RemoteWebDriver.java:410)
	at org.openqa.selenium.remote.RemoteWebDriver.findElementByXPath(RemoteWebDriver.java:509)
	at org.openqa.selenium.By$ByXPath.findElement(By.java:361)
	at org.openqa.selenium.remote.RemoteWebDriver.findElement(RemoteWebDriver.java:402)
	at org.openqa.selenium.support.pagefactory.DefaultElementLocator.findElement(DefaultElementLocator.java:69)
	at org.openqa.selenium.support.pagefactory.internal.LocatingElementHandler.invoke(LocatingElementHandler.java:38)
	at com.sun.proxy.$Proxy8.getAttribute(Unknown Source)
	at com.busproject.pages.BusListingPage.modifySearch(BusListingPage.java:94)
	at com.mmk.test_execution_engine.MMKBusSiteTestCases.modifySearchCheck(MMKBusSiteTestCases.java:123)
... Removed 37 stack frames
</div> <!-- stack-trace -->
                </div> <!-- method-content -->
              </div> <!-- method -->
            </div> <!-- main-panel-content rounded-window-bottom -->
          </div> <!-- suite-MyMoneyKart-class-failed -->
          <div class="suite-MyMoneyKart-class-passed">
            <div class="main-panel-header rounded-window-top">
              <img src="passed.png"/>
              <span class="class-name">com.mmk.test_execution_engine.MMKUtilitySiteTestCases</span>
            </div> <!-- main-panel-header rounded-window-top -->
            <div class="main-panel-content rounded-window-bottom">
              <div class="method">
                <div class="method-content">
                  <a name="navigateToUtilityHomePageAndCheckWeatherUserIsLogigedIn">
                  </a> <!-- navigateToUtilityHomePageAndCheckWeatherUserIsLogigedIn -->
                  <span class="method-name">navigateToUtilityHomePageAndCheckWeatherUserIsLogigedIn</span>
                </div> <!-- method-content -->
              </div> <!-- method -->
              <div class="method">
                <div class="method-content">
                  <a name="navigateToUtilitySiteAndVerifyCorrectLandingHomePage">
                  </a> <!-- navigateToUtilitySiteAndVerifyCorrectLandingHomePage -->
                  <span class="method-name">navigateToUtilitySiteAndVerifyCorrectLandingHomePage</span>
                </div> <!-- method-content -->
              </div> <!-- method -->
              <div class="method">
                <div class="method-content">
                  <a name="navigateToUtilitySiteAndswitchTodthRecharge">
                  </a> <!-- navigateToUtilitySiteAndswitchTodthRecharge -->
                  <span class="method-name">navigateToUtilitySiteAndswitchTodthRecharge</span>
                </div> <!-- method-content -->
              </div> <!-- method -->
              <div class="method">
                <div class="method-content">
                  <a name="proceedDTHRechargeAndVerifyLandingPage">
                  </a> <!-- proceedDTHRechargeAndVerifyLandingPage -->
                  <span class="method-name">proceedDTHRechargeAndVerifyLandingPage</span>
                </div> <!-- method-content -->
              </div> <!-- method -->
              <div class="method">
                <div class="method-content">
                  <a name="proceedDTHRechargeAndVerifyStatusOnThankyouPage">
                  </a> <!-- proceedDTHRechargeAndVerifyStatusOnThankyouPage -->
                  <span class="method-name">proceedDTHRechargeAndVerifyStatusOnThankyouPage</span>
                </div> <!-- method-content -->
              </div> <!-- method -->
              <div class="method">
                <div class="method-content">
                  <a name="proceedPostpaidMobileRechargeAndVerifyStatusOnThankyouPage">
                  </a> <!-- proceedPostpaidMobileRechargeAndVerifyStatusOnThankyouPage -->
                  <span class="method-name">proceedPostpaidMobileRechargeAndVerifyStatusOnThankyouPage</span>
                </div> <!-- method-content -->
              </div> <!-- method -->
              <div class="method">
                <div class="method-content">
                  <a name="proceedPrepaidMobileRechargeAndApplyCoupon">
                  </a> <!-- proceedPrepaidMobileRechargeAndApplyCoupon -->
                  <span class="method-name">proceedPrepaidMobileRechargeAndApplyCoupon</span>
                </div> <!-- method-content -->
              </div> <!-- method -->
              <div class="method">
                <div class="method-content">
                  <a name="proceedPrepaidMobileRechargeAndVerifyStatusOnThankyouPage">
                  </a> <!-- proceedPrepaidMobileRechargeAndVerifyStatusOnThankyouPage -->
                  <span class="method-name">proceedPrepaidMobileRechargeAndVerifyStatusOnThankyouPage</span>
                </div> <!-- method-content -->
              </div> <!-- method -->
              <div class="method">
                <div class="method-content">
                  <a name="proceedPrepaidMobileRechargeAndVeriyLandingPageAfterWalletPay">
                  </a> <!-- proceedPrepaidMobileRechargeAndVeriyLandingPageAfterWalletPay -->
                  <span class="method-name">proceedPrepaidMobileRechargeAndVeriyLandingPageAfterWalletPay</span>
                </div> <!-- method-content -->
              </div> <!-- method -->
              <div class="method">
                <div class="method-content">
                  <a name="proceedPrepaidMobilerechargeAndVerifyLandingPageAfterFillRechargeDetails">
                  </a> <!-- proceedPrepaidMobilerechargeAndVerifyLandingPageAfterFillRechargeDetails -->
                  <span class="method-name">proceedPrepaidMobilerechargeAndVerifyLandingPageAfterFillRechargeDetails</span>
                </div> <!-- method-content -->
              </div> <!-- method -->
            </div> <!-- main-panel-content rounded-window-bottom -->
          </div> <!-- suite-MyMoneyKart-class-passed -->
          <div class="suite-MyMoneyKart-class-passed">
            <div class="main-panel-header rounded-window-top">
              <img src="passed.png"/>
              <span class="class-name">com.mmk.test_execution_engine.MMKMainSiteTestCases</span>
            </div> <!-- main-panel-header rounded-window-top -->
            <div class="main-panel-content rounded-window-bottom">
              <div class="method">
                <div class="method-content">
                  <a name="busSearchFromMMKHomePageWithUserLogin">
                  </a> <!-- busSearchFromMMKHomePageWithUserLogin -->
                  <span class="method-name">busSearchFromMMKHomePageWithUserLogin</span>
                </div> <!-- method-content -->
              </div> <!-- method -->
              <div class="method">
                <div class="method-content">
                  <a name="inviteFriends">
                  </a> <!-- inviteFriends -->
                  <span class="method-name">inviteFriends</span>
                </div> <!-- method-content -->
              </div> <!-- method -->
              <div class="method">
                <div class="method-content">
                  <a name="navigateOnInviteFriend">
                  </a> <!-- navigateOnInviteFriend -->
                  <span class="method-name">navigateOnInviteFriend</span>
                </div> <!-- method-content -->
              </div> <!-- method -->
              <div class="method">
                <div class="method-content">
                  <a name="userLogin">
                  </a> <!-- userLogin -->
                  <span class="method-name">userLogin</span>
                </div> <!-- method-content -->
              </div> <!-- method -->
              <div class="method">
                <div class="method-content">
                  <a name="userWalletDetails">
                  </a> <!-- userWalletDetails -->
                  <span class="method-name">userWalletDetails</span>
                </div> <!-- method-content -->
              </div> <!-- method -->
            </div> <!-- main-panel-content rounded-window-bottom -->
          </div> <!-- suite-MyMoneyKart-class-passed -->
          <div class="suite-MyMoneyKart-class-passed">
            <div class="main-panel-header rounded-window-top">
              <img src="passed.png"/>
              <span class="class-name">com.mmk.test_execution_engine.MMKBusSiteTestCases</span>
            </div> <!-- main-panel-header rounded-window-top -->
            <div class="main-panel-content rounded-window-bottom">
              <div class="method">
                <div class="method-content">
                  <a name="applyCouponCode">
                  </a> <!-- applyCouponCode -->
                  <span class="method-name">applyCouponCode</span>
                </div> <!-- method-content -->
              </div> <!-- method -->
              <div class="method">
                <div class="method-content">
                  <a name="applyWalletAmountAndCheckout">
                  </a> <!-- applyWalletAmountAndCheckout -->
                  <span class="method-name">applyWalletAmountAndCheckout</span>
                </div> <!-- method-content -->
              </div> <!-- method -->
              <div class="method">
                <div class="method-content">
                  <a name="checkBusRatingOptionAvailability">
                  </a> <!-- checkBusRatingOptionAvailability -->
                  <span class="method-name">checkBusRatingOptionAvailability</span>
                </div> <!-- method-content -->
              </div> <!-- method -->
              <div class="method">
                <div class="method-content">
                  <a name="completeBusBookingAndOrderCheckout">
                  </a> <!-- completeBusBookingAndOrderCheckout -->
                  <span class="method-name">completeBusBookingAndOrderCheckout</span>
                </div> <!-- method-content -->
              </div> <!-- method -->
              <div class="method">
                <div class="method-content">
                  <a name="doBusSearch">
                  </a> <!-- doBusSearch -->
                  <span class="method-name">doBusSearch</span>
                </div> <!-- method-content -->
              </div> <!-- method -->
              <div class="method">
                <div class="method-content">
                  <a name="fillPassangerDetailsAndProceedFurther">
                  </a> <!-- fillPassangerDetailsAndProceedFurther -->
                  <span class="method-name">fillPassangerDetailsAndProceedFurther</span>
                </div> <!-- method-content -->
              </div> <!-- method -->
              <div class="method">
                <div class="method-content">
                  <a name="getRecentSearches">
                  </a> <!-- getRecentSearches -->
                  <span class="method-name">getRecentSearches</span>
                </div> <!-- method-content -->
              </div> <!-- method -->
              <div class="method">
                <div class="method-content">
                  <a name="getSelectedPreferredCity">
                  </a> <!-- getSelectedPreferredCity -->
                  <span class="method-name">getSelectedPreferredCity</span>
                </div> <!-- method-content -->
              </div> <!-- method -->
              <div class="method">
                <div class="method-content">
                  <a name="isSelfFunctionalityCheck">
                  </a> <!-- isSelfFunctionalityCheck -->
                  <span class="method-name">isSelfFunctionalityCheck</span>
                </div> <!-- method-content -->
              </div> <!-- method -->
              <div class="method">
                <div class="method-content">
                  <a name="navigateToBusHomePage">
                  </a> <!-- navigateToBusHomePage -->
                  <span class="method-name">navigateToBusHomePage</span>
                </div> <!-- method-content -->
              </div> <!-- method -->
              <div class="method">
                <div class="method-content">
                  <a name="rateABusIfRatingOptionAvailable">
                  </a> <!-- rateABusIfRatingOptionAvailable -->
                  <span class="method-name">rateABusIfRatingOptionAvailable</span>
                </div> <!-- method-content -->
              </div> <!-- method -->
              <div class="method">
                <div class="method-content">
                  <a name="selectSeatAndProceed">
                  </a> <!-- selectSeatAndProceed -->
                  <span class="method-name">selectSeatAndProceed</span>
                </div> <!-- method-content -->
              </div> <!-- method -->
              <div class="method">
                <div class="method-content">
                  <a name="setPreferredCity">
                  </a> <!-- setPreferredCity -->
                  <span class="method-name">setPreferredCity</span>
                </div> <!-- method-content -->
              </div> <!-- method -->
              <div class="method">
                <div class="method-content">
                  <a name="userLoginCheckAndLoginIfNot">
                  </a> <!-- userLoginCheckAndLoginIfNot -->
                  <span class="method-name">userLoginCheckAndLoginIfNot</span>
                </div> <!-- method-content -->
              </div> <!-- method -->
            </div> <!-- main-panel-content rounded-window-bottom -->
          </div> <!-- suite-MyMoneyKart-class-passed -->
        </div> <!-- panel MyMoneyKart -->
        <div panel-name="test-xml-MyMoneyKart" class="panel">
          <div class="main-panel-header rounded-window-top">
            <span class="header-content">D:\RND\GitLocalRepositoryAutomatioPurpose\MMK\mymoneykart\testng.xml</span>
          </div> <!-- main-panel-header rounded-window-top -->
          <div class="main-panel-content rounded-window-bottom">
            <pre>
&lt;?xml version=&quot;1.0&quot; encoding=&quot;UTF-8&quot;?&gt;
&lt;!DOCTYPE suite SYSTEM &quot;http://testng.org/testng-1.0.dtd&quot;&gt;
&lt;suite verbose=&quot;0&quot; name=&quot;MyMoneyKart&quot;&gt;
  &lt;parameter name=&quot;browser&quot; value=&quot;firefox&quot;/&gt;
  &lt;listeners&gt;
    &lt;listener class-name=&quot;org.uncommons.reportng.HTMLReporter&quot;/&gt;
    &lt;listener class-name=&quot;org.uncommons.reportng.JUnitXMLReporter&quot;/&gt;
  &lt;/listeners&gt;
  &lt;test name=&quot;MyMoneyKart_Functional_Test&quot;&gt;
    &lt;classes&gt;
      &lt;class name=&quot;com.mmk.test_execution_engine.MMKMainSiteTestCases&quot;&gt;
        &lt;methods&gt;
          &lt;include name=&quot;userLogin&quot;/&gt;
          &lt;include name=&quot;userWalletDetails&quot;/&gt;
          &lt;include name=&quot;busSearchFromMMKHomePageWithUserLogin&quot;/&gt;
          &lt;include name=&quot;navigateOnContactUsPage&quot;/&gt;
          &lt;include name=&quot;submitContactByEndUser&quot;/&gt;
          &lt;include name=&quot;checkContactUsPageValidations&quot;/&gt;
          &lt;include name=&quot;navigateOnInviteFriend&quot;/&gt;
          &lt;include name=&quot;inviteFriends&quot;/&gt;
          &lt;include name=&quot;navigateToUserAccountScbscriptionLink&quot;/&gt;
          &lt;include name=&quot;navigateToUserAccountScbscriptionLinkAndCheckScbscriptionStatus&quot;/&gt;
          &lt;include name=&quot;failSubscriptionFeePaymentFromPG&quot;/&gt;
          &lt;include name=&quot;navigateToKycDetailsPageAndVerifyCorrectRedirect&quot;/&gt;
          &lt;include name=&quot;navigateKYCPageAndGetDetails&quot;/&gt;
          &lt;include name=&quot;navigateKYCPageAndCheckMissingKYCDetails&quot;/&gt;
          &lt;include name=&quot;navigateKYCPageAndTransferTheKYC&quot;/&gt;
          &lt;include name=&quot;navigateKYCPageAndCancelClick&quot;/&gt;
          &lt;include name=&quot;verifyPancardAndIdProffDocOnKycForm&quot;/&gt;
          &lt;include name=&quot;navigateToChangePasswordPage&quot;/&gt;
          &lt;include name=&quot;navigateToChangePasswordPageAndCheckBlankFieldValidation&quot;/&gt;
          &lt;include name=&quot;navigateToChangePasswordPageAndCheckCancelRedirect&quot;/&gt;
          &lt;include name=&quot;navigateToChangePasswordPageAnddoChangePassword&quot;/&gt;
          &lt;include name=&quot;navigateToUserProfile&quot;/&gt;
          &lt;include name=&quot;navigateToUserProfileAndCheckValidRedirect&quot;/&gt;
          &lt;include name=&quot;navigateToUserProfileAndGetProfileDetails&quot;/&gt;
        &lt;/methods&gt;
      &lt;/class&gt; &lt;!-- com.mmk.test_execution_engine.MMKMainSiteTestCases --&gt;
    &lt;/classes&gt;
  &lt;/test&gt; &lt;!-- MyMoneyKart_Functional_Test --&gt;
  &lt;test name=&quot;BusBookingSite_Functional_Test&quot;&gt;
    &lt;classes&gt;
      &lt;class name=&quot;com.mmk.test_execution_engine.MMKBusSiteTestCases&quot;&gt;
        &lt;methods&gt;
          &lt;include name=&quot;navigateToBusHomePage&quot;/&gt;
          &lt;include name=&quot;userLoginCheckAndLoginIfNot&quot;/&gt;
          &lt;include name=&quot;getSelectedPreferredCity&quot;/&gt;
          &lt;include name=&quot;setPreferredCity&quot;/&gt;
          &lt;include name=&quot;checkBusRatingOptionAvailability&quot;/&gt;
          &lt;include name=&quot;rateABusIfRatingOptionAvailable&quot;/&gt;
          &lt;include name=&quot;getRecentSearches&quot;/&gt;
          &lt;include name=&quot;doBusSearch&quot;/&gt;
          &lt;include name=&quot;modifySearchCheck&quot;/&gt;
          &lt;include name=&quot;selectSeatAndProceed&quot;/&gt;
          &lt;include name=&quot;isSelfFunctionalityCheck&quot;/&gt;
          &lt;include name=&quot;fillPassangerDetailsAndProceedFurther&quot;/&gt;
          &lt;include name=&quot;applyCouponCode&quot;/&gt;
          &lt;include name=&quot;applyWalletAmountAndCheckout&quot;/&gt;
          &lt;include name=&quot;completeBusBookingAndOrderCheckout&quot;/&gt;
        &lt;/methods&gt;
      &lt;/class&gt; &lt;!-- com.mmk.test_execution_engine.MMKBusSiteTestCases --&gt;
    &lt;/classes&gt;
  &lt;/test&gt; &lt;!-- BusBookingSite_Functional_Test --&gt;
  &lt;test name=&quot;Utility_Functional_Test&quot;&gt;
    &lt;classes&gt;
      &lt;class name=&quot;com.mmk.test_execution_engine.MMKUtilitySiteTestCases&quot;&gt;
        &lt;methods&gt;
          &lt;include name=&quot;navigateToUtilitySiteAndVerifyCorrectLandingHomePage&quot;/&gt;
          &lt;include name=&quot;navigateToUtilityHomePageAndCheckWeatherUserIsLogigedIn&quot;/&gt;
          &lt;include name=&quot;proceedPrepaidMobilerechargeAndVerifyLandingPageAfterFillRechargeDetails&quot;/&gt;
          &lt;include name=&quot;proceedPrepaidMobileRechargeAndApplyCoupon&quot;/&gt;
          &lt;include name=&quot;proceedPrepaidMobileRechargeAndVeriyLandingPageAfterWalletPay&quot;/&gt;
          &lt;include name=&quot;proceedPrepaidMobileRechargeAndVerifyStatusOnThankyouPage&quot;/&gt;
          &lt;include name=&quot;proceedPostpaidMobileRechargeAndVerifyStatusOnThankyouPage&quot;/&gt;
          &lt;include name=&quot;navigateToUtilitySiteAndswitchTodthRecharge&quot;/&gt;
          &lt;include name=&quot;proceedDTHRechargeAndVerifyLandingPage&quot;/&gt;
          &lt;include name=&quot;proceedDTHRechargeAndVerifyStatusOnThankyouPage&quot;/&gt;
        &lt;/methods&gt;
      &lt;/class&gt; &lt;!-- com.mmk.test_execution_engine.MMKUtilitySiteTestCases --&gt;
    &lt;/classes&gt;
  &lt;/test&gt; &lt;!-- Utility_Functional_Test --&gt;
&lt;/suite&gt; &lt;!-- MyMoneyKart --&gt;
            </pre>
          </div> <!-- main-panel-content rounded-window-bottom -->
        </div> <!-- panel -->
        <div panel-name="testlist-MyMoneyKart" class="panel">
          <div class="main-panel-header rounded-window-top">
            <span class="header-content">Tests for MyMoneyKart</span>
          </div> <!-- main-panel-header rounded-window-top -->
          <div class="main-panel-content rounded-window-bottom">
            <ul>
              <li>
                <span class="test-name">MyMoneyKart_Functional_Test (1 class)</span>
              </li>
              <li>
                <span class="test-name">BusBookingSite_Functional_Test (1 class)</span>
              </li>
              <li>
                <span class="test-name">Utility_Functional_Test (1 class)</span>
              </li>
            </ul>
          </div> <!-- main-panel-content rounded-window-bottom -->
        </div> <!-- panel -->
        <div panel-name="group-MyMoneyKart" class="panel">
          <div class="main-panel-header rounded-window-top">
            <span class="header-content">Groups for MyMoneyKart</span>
          </div> <!-- main-panel-header rounded-window-top -->
          <div class="main-panel-content rounded-window-bottom">
          </div> <!-- main-panel-content rounded-window-bottom -->
        </div> <!-- panel -->
        <div panel-name="times-MyMoneyKart" class="panel">
          <div class="main-panel-header rounded-window-top">
            <span class="header-content">Times for MyMoneyKart</span>
          </div> <!-- main-panel-header rounded-window-top -->
          <div class="main-panel-content rounded-window-bottom">
            <div class="times-div">
              <script type="text/javascript">
suiteTableInitFunctions.push('tableData_MyMoneyKart');
function tableData_MyMoneyKart() {
var data = new google.visualization.DataTable();
data.addColumn('number', 'Number');
data.addColumn('string', 'Method');
data.addColumn('string', 'Class');
data.addColumn('number', 'Time (ms)');
data.addRows(49);
data.setCell(0, 0, 0)
data.setCell(0, 1, 'completeBusBookingAndOrderCheckout')
data.setCell(0, 2, 'com.mmk.test_execution_engine.MMKBusSiteTestCases')
data.setCell(0, 3, 103821);
data.setCell(1, 0, 1)
data.setCell(1, 1, 'applyWalletAmountAndCheckout')
data.setCell(1, 2, 'com.mmk.test_execution_engine.MMKBusSiteTestCases')
data.setCell(1, 3, 88456);
data.setCell(2, 0, 2)
data.setCell(2, 1, 'modifySearchCheck')
data.setCell(2, 2, 'com.mmk.test_execution_engine.MMKBusSiteTestCases')
data.setCell(2, 3, 71794);
data.setCell(3, 0, 3)
data.setCell(3, 1, 'inviteFriends')
data.setCell(3, 2, 'com.mmk.test_execution_engine.MMKMainSiteTestCases')
data.setCell(3, 3, 58960);
data.setCell(4, 0, 4)
data.setCell(4, 1, 'userLogin')
data.setCell(4, 2, 'com.mmk.test_execution_engine.MMKMainSiteTestCases')
data.setCell(4, 3, 57869);
data.setCell(5, 0, 5)
data.setCell(5, 1, 'proceedPrepaidMobileRechargeAndVeriyLandingPageAfterWalletPay')
data.setCell(5, 2, 'com.mmk.test_execution_engine.MMKUtilitySiteTestCases')
data.setCell(5, 3, 55148);
data.setCell(6, 0, 6)
data.setCell(6, 1, 'applyCouponCode')
data.setCell(6, 2, 'com.mmk.test_execution_engine.MMKBusSiteTestCases')
data.setCell(6, 3, 52317);
data.setCell(7, 0, 7)
data.setCell(7, 1, 'proceedDTHRechargeAndVerifyStatusOnThankyouPage')
data.setCell(7, 2, 'com.mmk.test_execution_engine.MMKUtilitySiteTestCases')
data.setCell(7, 3, 50665);
data.setCell(8, 0, 8)
data.setCell(8, 1, 'proceedPrepaidMobileRechargeAndVerifyStatusOnThankyouPage')
data.setCell(8, 2, 'com.mmk.test_execution_engine.MMKUtilitySiteTestCases')
data.setCell(8, 3, 49379);
data.setCell(9, 0, 9)
data.setCell(9, 1, 'fillPassangerDetailsAndProceedFurther')
data.setCell(9, 2, 'com.mmk.test_execution_engine.MMKBusSiteTestCases')
data.setCell(9, 3, 48939);
data.setCell(10, 0, 10)
data.setCell(10, 1, 'proceedPostpaidMobileRechargeAndVerifyStatusOnThankyouPage')
data.setCell(10, 2, 'com.mmk.test_execution_engine.MMKUtilitySiteTestCases')
data.setCell(10, 3, 48680);
data.setCell(11, 0, 11)
data.setCell(11, 1, 'navigateOnContactUsPage')
data.setCell(11, 2, 'com.mmk.test_execution_engine.MMKMainSiteTestCases')
data.setCell(11, 3, 45657);
data.setCell(12, 0, 12)
data.setCell(12, 1, 'submitContactByEndUser')
data.setCell(12, 2, 'com.mmk.test_execution_engine.MMKMainSiteTestCases')
data.setCell(12, 3, 45597);
data.setCell(13, 0, 13)
data.setCell(13, 1, 'checkContactUsPageValidations')
data.setCell(13, 2, 'com.mmk.test_execution_engine.MMKMainSiteTestCases')
data.setCell(13, 3, 45557);
data.setCell(14, 0, 14)
data.setCell(14, 1, 'isSelfFunctionalityCheck')
data.setCell(14, 2, 'com.mmk.test_execution_engine.MMKBusSiteTestCases')
data.setCell(14, 3, 38495);
data.setCell(15, 0, 15)
data.setCell(15, 1, 'proceedPrepaidMobileRechargeAndApplyCoupon')
data.setCell(15, 2, 'com.mmk.test_execution_engine.MMKUtilitySiteTestCases')
data.setCell(15, 3, 31663);
data.setCell(16, 0, 16)
data.setCell(16, 1, 'proceedPrepaidMobilerechargeAndVerifyLandingPageAfterFillRechargeDetails')
data.setCell(16, 2, 'com.mmk.test_execution_engine.MMKUtilitySiteTestCases')
data.setCell(16, 3, 17850);
data.setCell(17, 0, 17)
data.setCell(17, 1, 'proceedDTHRechargeAndVerifyLandingPage')
data.setCell(17, 2, 'com.mmk.test_execution_engine.MMKUtilitySiteTestCases')
data.setCell(17, 3, 17769);
data.setCell(18, 0, 18)
data.setCell(18, 1, 'selectSeatAndProceed')
data.setCell(18, 2, 'com.mmk.test_execution_engine.MMKBusSiteTestCases')
data.setCell(18, 3, 16130);
data.setCell(19, 0, 19)
data.setCell(19, 1, 'navigateToBusHomePage')
data.setCell(19, 2, 'com.mmk.test_execution_engine.MMKBusSiteTestCases')
data.setCell(19, 3, 12843);
data.setCell(20, 0, 20)
data.setCell(20, 1, 'navigateToUtilitySiteAndVerifyCorrectLandingHomePage')
data.setCell(20, 2, 'com.mmk.test_execution_engine.MMKUtilitySiteTestCases')
data.setCell(20, 3, 9519);
data.setCell(21, 0, 21)
data.setCell(21, 1, 'userWalletDetails')
data.setCell(21, 2, 'com.mmk.test_execution_engine.MMKMainSiteTestCases')
data.setCell(21, 3, 6774);
data.setCell(22, 0, 22)
data.setCell(22, 1, 'navigateToUtilitySiteAndswitchTodthRecharge')
data.setCell(22, 2, 'com.mmk.test_execution_engine.MMKUtilitySiteTestCases')
data.setCell(22, 3, 6678);
data.setCell(23, 0, 23)
data.setCell(23, 1, 'navigateOnInviteFriend')
data.setCell(23, 2, 'com.mmk.test_execution_engine.MMKMainSiteTestCases')
data.setCell(23, 3, 5083);
data.setCell(24, 0, 24)
data.setCell(24, 1, 'doBusSearch')
data.setCell(24, 2, 'com.mmk.test_execution_engine.MMKBusSiteTestCases')
data.setCell(24, 3, 4804);
data.setCell(25, 0, 25)
data.setCell(25, 1, 'rateABusIfRatingOptionAvailable')
data.setCell(25, 2, 'com.mmk.test_execution_engine.MMKBusSiteTestCases')
data.setCell(25, 3, 4207);
data.setCell(26, 0, 26)
data.setCell(26, 1, 'getSelectedPreferredCity')
data.setCell(26, 2, 'com.mmk.test_execution_engine.MMKBusSiteTestCases')
data.setCell(26, 3, 2000);
data.setCell(27, 0, 27)
data.setCell(27, 1, 'busSearchFromMMKHomePageWithUserLogin')
data.setCell(27, 2, 'com.mmk.test_execution_engine.MMKMainSiteTestCases')
data.setCell(27, 3, 1472);
data.setCell(28, 0, 28)
data.setCell(28, 1, 'getRecentSearches')
data.setCell(28, 2, 'com.mmk.test_execution_engine.MMKBusSiteTestCases')
data.setCell(28, 3, 531);
data.setCell(29, 0, 29)
data.setCell(29, 1, 'setPreferredCity')
data.setCell(29, 2, 'com.mmk.test_execution_engine.MMKBusSiteTestCases')
data.setCell(29, 3, 364);
data.setCell(30, 0, 30)
data.setCell(30, 1, 'navigateToUserAccountScbscriptionLink')
data.setCell(30, 2, 'com.mmk.test_execution_engine.MMKMainSiteTestCases')
data.setCell(30, 3, 357);
data.setCell(31, 0, 31)
data.setCell(31, 1, 'navigateToUtilityHomePageAndCheckWeatherUserIsLogigedIn')
data.setCell(31, 2, 'com.mmk.test_execution_engine.MMKUtilitySiteTestCases')
data.setCell(31, 3, 326);
data.setCell(32, 0, 32)
data.setCell(32, 1, 'checkBusRatingOptionAvailability')
data.setCell(32, 2, 'com.mmk.test_execution_engine.MMKBusSiteTestCases')
data.setCell(32, 3, 302);
data.setCell(33, 0, 33)
data.setCell(33, 1, 'navigateKYCPageAndCancelClick')
data.setCell(33, 2, 'com.mmk.test_execution_engine.MMKMainSiteTestCases')
data.setCell(33, 3, 200);
data.setCell(34, 0, 34)
data.setCell(34, 1, 'navigateToChangePasswordPage')
data.setCell(34, 2, 'com.mmk.test_execution_engine.MMKMainSiteTestCases')
data.setCell(34, 3, 174);
data.setCell(35, 0, 35)
data.setCell(35, 1, 'navigateToUserProfileAndGetProfileDetails')
data.setCell(35, 2, 'com.mmk.test_execution_engine.MMKMainSiteTestCases')
data.setCell(35, 3, 170);
data.setCell(36, 0, 36)
data.setCell(36, 1, 'navigateToKycDetailsPageAndVerifyCorrectRedirect')
data.setCell(36, 2, 'com.mmk.test_execution_engine.MMKMainSiteTestCases')
data.setCell(36, 3, 163);
data.setCell(37, 0, 37)
data.setCell(37, 1, 'navigateKYCPageAndCheckMissingKYCDetails')
data.setCell(37, 2, 'com.mmk.test_execution_engine.MMKMainSiteTestCases')
data.setCell(37, 3, 162);
data.setCell(38, 0, 38)
data.setCell(38, 1, 'navigateToUserProfileAndCheckValidRedirect')
data.setCell(38, 2, 'com.mmk.test_execution_engine.MMKMainSiteTestCases')
data.setCell(38, 3, 162);
data.setCell(39, 0, 39)
data.setCell(39, 1, 'navigateKYCPageAndGetDetails')
data.setCell(39, 2, 'com.mmk.test_execution_engine.MMKMainSiteTestCases')
data.setCell(39, 3, 156);
data.setCell(40, 0, 40)
data.setCell(40, 1, 'navigateToUserAccountScbscriptionLinkAndCheckScbscriptionStatus')
data.setCell(40, 2, 'com.mmk.test_execution_engine.MMKMainSiteTestCases')
data.setCell(40, 3, 155);
data.setCell(41, 0, 41)
data.setCell(41, 1, 'failSubscriptionFeePaymentFromPG')
data.setCell(41, 2, 'com.mmk.test_execution_engine.MMKMainSiteTestCases')
data.setCell(41, 3, 154);
data.setCell(42, 0, 42)
data.setCell(42, 1, 'navigateToChangePasswordPageAndCheckBlankFieldValidation')
data.setCell(42, 2, 'com.mmk.test_execution_engine.MMKMainSiteTestCases')
data.setCell(42, 3, 152);
data.setCell(43, 0, 43)
data.setCell(43, 1, 'navigateToUserProfile')
data.setCell(43, 2, 'com.mmk.test_execution_engine.MMKMainSiteTestCases')
data.setCell(43, 3, 151);
data.setCell(44, 0, 44)
data.setCell(44, 1, 'navigateKYCPageAndTransferTheKYC')
data.setCell(44, 2, 'com.mmk.test_execution_engine.MMKMainSiteTestCases')
data.setCell(44, 3, 151);
data.setCell(45, 0, 45)
data.setCell(45, 1, 'verifyPancardAndIdProffDocOnKycForm')
data.setCell(45, 2, 'com.mmk.test_execution_engine.MMKMainSiteTestCases')
data.setCell(45, 3, 146);
data.setCell(46, 0, 46)
data.setCell(46, 1, 'navigateToChangePasswordPageAndCheckCancelRedirect')
data.setCell(46, 2, 'com.mmk.test_execution_engine.MMKMainSiteTestCases')
data.setCell(46, 3, 146);
data.setCell(47, 0, 47)
data.setCell(47, 1, 'navigateToChangePasswordPageAnddoChangePassword')
data.setCell(47, 2, 'com.mmk.test_execution_engine.MMKMainSiteTestCases')
data.setCell(47, 3, 142);
data.setCell(48, 0, 48)
data.setCell(48, 1, 'userLoginCheckAndLoginIfNot')
data.setCell(48, 2, 'com.mmk.test_execution_engine.MMKBusSiteTestCases')
data.setCell(48, 3, 19);
window.suiteTableData['MyMoneyKart']= { tableData: data, tableDiv: 'times-div-MyMoneyKart'}
return data;
}
              </script>
              <span class="suite-total-time">Total running time: 16 minutes</span>
              <div id="times-div-MyMoneyKart">
              </div> <!-- times-div-MyMoneyKart -->
            </div> <!-- times-div -->
          </div> <!-- main-panel-content rounded-window-bottom -->
        </div> <!-- panel -->
        <div panel-name="reporter-MyMoneyKart" class="panel">
          <div class="main-panel-header rounded-window-top">
            <span class="header-content">Reporter output for MyMoneyKart</span>
          </div> <!-- main-panel-header rounded-window-top -->
          <div class="main-panel-content rounded-window-bottom">
          </div> <!-- main-panel-content rounded-window-bottom -->
        </div> <!-- panel -->
        <div panel-name="ignored-methods-MyMoneyKart" class="panel">
          <div class="main-panel-header rounded-window-top">
            <span class="header-content">1 ignored method</span>
          </div> <!-- main-panel-header rounded-window-top -->
          <div class="main-panel-content rounded-window-bottom">
            <div class="ignored-class-div">
              <span class="ignored-class-name">com.mmk.test_execution_engine.MMKUtilitySiteTestCases</span>
              <div class="ignored-methods-div">
                <span class="ignored-method-name">proceedWithPrepaidMobilerechargeWithWrongDetails</span>
                <br/>
              </div> <!-- ignored-methods-div -->
            </div> <!-- ignored-class-div -->
          </div> <!-- main-panel-content rounded-window-bottom -->
        </div> <!-- panel -->
        <div panel-name="chronological-MyMoneyKart" class="panel">
          <div class="main-panel-header rounded-window-top">
            <span class="header-content">Methods in chronological order</span>
          </div> <!-- main-panel-header rounded-window-top -->
          <div class="main-panel-content rounded-window-bottom">
            <div class="chronological-class">
              <div class="chronological-class-name">com.mmk.test_execution_engine.MMKUtilitySiteTestCases</div> <!-- chronological-class-name -->
              <div class="configuration-suite before">
                <span class="method-name">setUp(firefox)</span>
                <span class="method-start">0 ms</span>
              </div> <!-- configuration-suite before -->
            </div> <!-- chronological-class -->
            <div class="chronological-class">
              <div class="chronological-class-name">com.mmk.test_execution_engine.MMKMainSiteTestCases</div> <!-- chronological-class-name -->
              <div class="test-method">
                <span class="method-name">userLogin</span>
                <span class="method-start">29064 ms</span>
              </div> <!-- test-method -->
              <div class="configuration-method after">
                <span class="method-name">tearDown([TestResult name=userLogin status=SUCCESS method=MMKMainSiteTestCases.userLogin()[pri:0, instance:co...)</span>
                <span class="method-start">86933 ms</span>
              </div> <!-- configuration-method after -->
              <div class="test-method">
                <span class="method-name">userWalletDetails</span>
                <span class="method-start">86933 ms</span>
              </div> <!-- test-method -->
              <div class="configuration-method after">
                <span class="method-name">tearDown([TestResult name=userWalletDetails status=SUCCESS method=MMKMainSiteTestCases.userWalletDetails()[pr...)</span>
                <span class="method-start">93707 ms</span>
              </div> <!-- configuration-method after -->
              <div class="test-method">
                <span class="method-name">busSearchFromMMKHomePageWithUserLogin</span>
                <span class="method-start">93708 ms</span>
              </div> <!-- test-method -->
              <div class="test-method">
                <img src="failed.png">
                </img>
                <span class="method-name">navigateOnContactUsPage</span>
                <span class="method-start">95180 ms</span>
              </div> <!-- test-method -->
              <div class="configuration-method after">
                <span class="method-name">tearDown([TestResult name=busSearchFromMMKHomePageWithUserLogin status=SUCCESS method=MMKMainSiteTestCases.bu...)</span>
                <span class="method-start">95180 ms</span>
              </div> <!-- configuration-method after -->
              <div class="configuration-method after">
                <span class="method-name">tearDown([TestResult name=navigateOnContactUsPage status=FAILURE method=MMKMainSiteTestCases.navigateOnContac...)</span>
                <span class="method-start">140840 ms</span>
              </div> <!-- configuration-method after -->
              <div class="test-method">
                <img src="failed.png">
                </img>
                <span class="method-name">submitContactByEndUser</span>
                <span class="method-start">140914 ms</span>
              </div> <!-- test-method -->
              <div class="configuration-method after">
                <span class="method-name">tearDown([TestResult name=submitContactByEndUser status=FAILURE method=MMKMainSiteTestCases.submitContactByEn...)</span>
                <span class="method-start">186511 ms</span>
              </div> <!-- configuration-method after -->
              <div class="test-method">
                <img src="failed.png">
                </img>
                <span class="method-name">checkContactUsPageValidations</span>
                <span class="method-start">186573 ms</span>
              </div> <!-- test-method -->
              <div class="configuration-method after">
                <span class="method-name">tearDown([TestResult name=checkContactUsPageValidations status=FAILURE method=MMKMainSiteTestCases.checkConta...)</span>
                <span class="method-start">232146 ms</span>
              </div> <!-- configuration-method after -->
              <div class="test-method">
                <span class="method-name">navigateOnInviteFriend</span>
                <span class="method-start">232208 ms</span>
              </div> <!-- test-method -->
              <div class="configuration-method after">
                <span class="method-name">tearDown([TestResult name=navigateOnInviteFriend status=SUCCESS method=MMKMainSiteTestCases.navigateOnInviteF...)</span>
                <span class="method-start">237291 ms</span>
              </div> <!-- configuration-method after -->
              <div class="test-method">
                <span class="method-name">inviteFriends</span>
                <span class="method-start">237292 ms</span>
              </div> <!-- test-method -->
              <div class="configuration-method after">
                <span class="method-name">tearDown([TestResult name=inviteFriends status=SUCCESS method=MMKMainSiteTestCases.inviteFriends()[pri:0, ins...)</span>
                <span class="method-start">296252 ms</span>
              </div> <!-- configuration-method after -->
              <div class="test-method">
                <img src="failed.png">
                </img>
                <span class="method-name">navigateToUserAccountScbscriptionLink</span>
                <span class="method-start">296253 ms</span>
              </div> <!-- test-method -->
              <div class="configuration-method after">
                <span class="method-name">tearDown([TestResult name=navigateToUserAccountScbscriptionLink status=FAILURE method=MMKMainSiteTestCases.na...)</span>
                <span class="method-start">296610 ms</span>
              </div> <!-- configuration-method after -->
              <div class="test-method">
                <img src="failed.png">
                </img>
                <span class="method-name">navigateToUserAccountScbscriptionLinkAndCheckScbscriptionStatus</span>
                <span class="method-start">297013 ms</span>
              </div> <!-- test-method -->
              <div class="configuration-method after">
                <span class="method-name">tearDown([TestResult name=navigateToUserAccountScbscriptionLinkAndCheckScbscriptionStatus status=FAILURE meth...)</span>
                <span class="method-start">297169 ms</span>
              </div> <!-- configuration-method after -->
              <div class="test-method">
                <img src="failed.png">
                </img>
                <span class="method-name">failSubscriptionFeePaymentFromPG</span>
                <span class="method-start">297599 ms</span>
              </div> <!-- test-method -->
              <div class="configuration-method after">
                <span class="method-name">tearDown([TestResult name=failSubscriptionFeePaymentFromPG status=FAILURE method=MMKMainSiteTestCases.failSub...)</span>
                <span class="method-start">297754 ms</span>
              </div> <!-- configuration-method after -->
              <div class="test-method">
                <img src="failed.png">
                </img>
                <span class="method-name">navigateToKycDetailsPageAndVerifyCorrectRedirect</span>
                <span class="method-start">298161 ms</span>
              </div> <!-- test-method -->
              <div class="configuration-method after">
                <span class="method-name">tearDown([TestResult name=navigateToKycDetailsPageAndVerifyCorrectRedirect status=FAILURE method=MMKMainSiteT...)</span>
                <span class="method-start">298325 ms</span>
              </div> <!-- configuration-method after -->
              <div class="test-method">
                <img src="failed.png">
                </img>
                <span class="method-name">navigateKYCPageAndGetDetails</span>
                <span class="method-start">298752 ms</span>
              </div> <!-- test-method -->
              <div class="configuration-method after">
                <span class="method-name">tearDown([TestResult name=navigateKYCPageAndGetDetails status=FAILURE method=MMKMainSiteTestCases.navigateKYC...)</span>
                <span class="method-start">298908 ms</span>
              </div> <!-- configuration-method after -->
              <div class="test-method">
                <img src="failed.png">
                </img>
                <span class="method-name">navigateKYCPageAndCheckMissingKYCDetails</span>
                <span class="method-start">299378 ms</span>
              </div> <!-- test-method -->
              <div class="configuration-method after">
                <span class="method-name">tearDown([TestResult name=navigateKYCPageAndCheckMissingKYCDetails status=FAILURE method=MMKMainSiteTestCases...)</span>
                <span class="method-start">299541 ms</span>
              </div> <!-- configuration-method after -->
              <div class="test-method">
                <img src="failed.png">
                </img>
                <span class="method-name">navigateKYCPageAndTransferTheKYC</span>
                <span class="method-start">299952 ms</span>
              </div> <!-- test-method -->
              <div class="configuration-method after">
                <span class="method-name">tearDown([TestResult name=navigateKYCPageAndTransferTheKYC status=FAILURE method=MMKMainSiteTestCases.navigat...)</span>
                <span class="method-start">300104 ms</span>
              </div> <!-- configuration-method after -->
              <div class="test-method">
                <img src="failed.png">
                </img>
                <span class="method-name">navigateKYCPageAndCancelClick</span>
                <span class="method-start">300524 ms</span>
              </div> <!-- test-method -->
              <div class="configuration-method after">
                <span class="method-name">tearDown([TestResult name=navigateKYCPageAndCancelClick status=FAILURE method=MMKMainSiteTestCases.navigateKY...)</span>
                <span class="method-start">300725 ms</span>
              </div> <!-- configuration-method after -->
              <div class="test-method">
                <img src="failed.png">
                </img>
                <span class="method-name">verifyPancardAndIdProffDocOnKycForm</span>
                <span class="method-start">301132 ms</span>
              </div> <!-- test-method -->
              <div class="configuration-method after">
                <span class="method-name">tearDown([TestResult name=verifyPancardAndIdProffDocOnKycForm status=FAILURE method=MMKMainSiteTestCases.veri...)</span>
                <span class="method-start">301279 ms</span>
              </div> <!-- configuration-method after -->
              <div class="test-method">
                <img src="failed.png">
                </img>
                <span class="method-name">navigateToChangePasswordPage</span>
                <span class="method-start">301705 ms</span>
              </div> <!-- test-method -->
              <div class="configuration-method after">
                <span class="method-name">tearDown([TestResult name=navigateToChangePasswordPage status=FAILURE method=MMKMainSiteTestCases.navigateToC...)</span>
                <span class="method-start">301880 ms</span>
              </div> <!-- configuration-method after -->
              <div class="test-method">
                <img src="failed.png">
                </img>
                <span class="method-name">navigateToChangePasswordPageAndCheckBlankFieldValidation</span>
                <span class="method-start">302388 ms</span>
              </div> <!-- test-method -->
              <div class="configuration-method after">
                <span class="method-name">tearDown([TestResult name=navigateToChangePasswordPageAndCheckBlankFieldValidation status=FAILURE method=MMKM...)</span>
                <span class="method-start">302540 ms</span>
              </div> <!-- configuration-method after -->
              <div class="test-method">
                <img src="failed.png">
                </img>
                <span class="method-name">navigateToChangePasswordPageAndCheckCancelRedirect</span>
                <span class="method-start">302943 ms</span>
              </div> <!-- test-method -->
              <div class="configuration-method after">
                <span class="method-name">tearDown([TestResult name=navigateToChangePasswordPageAndCheckCancelRedirect status=FAILURE method=MMKMainSit...)</span>
                <span class="method-start">303089 ms</span>
              </div> <!-- configuration-method after -->
              <div class="test-method">
                <img src="failed.png">
                </img>
                <span class="method-name">navigateToChangePasswordPageAnddoChangePassword</span>
                <span class="method-start">303500 ms</span>
              </div> <!-- test-method -->
              <div class="configuration-method after">
                <span class="method-name">tearDown([TestResult name=navigateToChangePasswordPageAnddoChangePassword status=FAILURE method=MMKMainSiteTe...)</span>
                <span class="method-start">303643 ms</span>
              </div> <!-- configuration-method after -->
              <div class="test-method">
                <img src="failed.png">
                </img>
                <span class="method-name">navigateToUserProfile</span>
                <span class="method-start">304053 ms</span>
              </div> <!-- test-method -->
              <div class="configuration-method after">
                <span class="method-name">tearDown([TestResult name=navigateToUserProfile status=FAILURE method=MMKMainSiteTestCases.navigateToUserProf...)</span>
                <span class="method-start">304205 ms</span>
              </div> <!-- configuration-method after -->
              <div class="test-method">
                <img src="failed.png">
                </img>
                <span class="method-name">navigateToUserProfileAndCheckValidRedirect</span>
                <span class="method-start">304679 ms</span>
              </div> <!-- test-method -->
              <div class="configuration-method after">
                <span class="method-name">tearDown([TestResult name=navigateToUserProfileAndCheckValidRedirect status=FAILURE method=MMKMainSiteTestCas...)</span>
                <span class="method-start">304841 ms</span>
              </div> <!-- configuration-method after -->
              <div class="test-method">
                <img src="failed.png">
                </img>
                <span class="method-name">navigateToUserProfileAndGetProfileDetails</span>
                <span class="method-start">305244 ms</span>
              </div> <!-- test-method -->
              <div class="configuration-method after">
                <span class="method-name">tearDown([TestResult name=navigateToUserProfileAndGetProfileDetails status=FAILURE method=MMKMainSiteTestCase...)</span>
                <span class="method-start">305414 ms</span>
              </div> <!-- configuration-method after -->
            </div> <!-- chronological-class -->
            <div class="chronological-class">
              <div class="chronological-class-name">com.mmk.test_execution_engine.MMKBusSiteTestCases</div> <!-- chronological-class-name -->
              <div class="test-method">
                <span class="method-name">navigateToBusHomePage</span>
                <span class="method-start">306996 ms</span>
              </div> <!-- test-method -->
              <div class="test-method">
                <span class="method-name">userLoginCheckAndLoginIfNot</span>
                <span class="method-start">319839 ms</span>
              </div> <!-- test-method -->
              <div class="test-method">
                <span class="method-name">getSelectedPreferredCity</span>
                <span class="method-start">319858 ms</span>
              </div> <!-- test-method -->
              <div class="test-method">
                <span class="method-name">setPreferredCity</span>
                <span class="method-start">321858 ms</span>
              </div> <!-- test-method -->
              <div class="test-method">
                <span class="method-name">checkBusRatingOptionAvailability</span>
                <span class="method-start">322222 ms</span>
              </div> <!-- test-method -->
              <div class="test-method">
                <span class="method-name">rateABusIfRatingOptionAvailable</span>
                <span class="method-start">322524 ms</span>
              </div> <!-- test-method -->
              <div class="test-method">
                <span class="method-name">getRecentSearches</span>
                <span class="method-start">326731 ms</span>
              </div> <!-- test-method -->
              <div class="test-method">
                <span class="method-name">doBusSearch</span>
                <span class="method-start">327263 ms</span>
              </div> <!-- test-method -->
              <div class="test-method">
                <img src="failed.png">
                </img>
                <span class="method-name">modifySearchCheck</span>
                <span class="method-start">332067 ms</span>
              </div> <!-- test-method -->
              <div class="test-method">
                <span class="method-name">selectSeatAndProceed</span>
                <span class="method-start">403864 ms</span>
              </div> <!-- test-method -->
              <div class="test-method">
                <span class="method-name">isSelfFunctionalityCheck</span>
                <span class="method-start">419995 ms</span>
              </div> <!-- test-method -->
              <div class="test-method">
                <span class="method-name">fillPassangerDetailsAndProceedFurther</span>
                <span class="method-start">458490 ms</span>
              </div> <!-- test-method -->
              <div class="test-method">
                <span class="method-name">applyCouponCode</span>
                <span class="method-start">507429 ms</span>
              </div> <!-- test-method -->
              <div class="test-method">
                <span class="method-name">applyWalletAmountAndCheckout</span>
                <span class="method-start">559746 ms</span>
              </div> <!-- test-method -->
              <div class="test-method">
                <span class="method-name">completeBusBookingAndOrderCheckout</span>
                <span class="method-start">648202 ms</span>
              </div> <!-- test-method -->
            </div> <!-- chronological-class -->
            <div class="chronological-class">
              <div class="chronological-class-name">com.mmk.test_execution_engine.MMKUtilitySiteTestCases</div> <!-- chronological-class-name -->
              <div class="test-method">
                <span class="method-name">navigateToUtilitySiteAndVerifyCorrectLandingHomePage</span>
                <span class="method-start">752047 ms</span>
              </div> <!-- test-method -->
              <div class="configuration-method after">
                <span class="method-name">tearDown([TestResult name=navigateToUtilitySiteAndVerifyCorrectLandingHomePage status=SUCCESS method=MMKUtili...)</span>
                <span class="method-start">761567 ms</span>
              </div> <!-- configuration-method after -->
              <div class="test-method">
                <span class="method-name">navigateToUtilityHomePageAndCheckWeatherUserIsLogigedIn</span>
                <span class="method-start">761568 ms</span>
              </div> <!-- test-method -->
              <div class="test-method">
                <span class="method-name">proceedPrepaidMobilerechargeAndVerifyLandingPageAfterFillRechargeDetails</span>
                <span class="method-start">761895 ms</span>
              </div> <!-- test-method -->
              <div class="configuration-method after">
                <span class="method-name">tearDown([TestResult name=navigateToUtilityHomePageAndCheckWeatherUserIsLogigedIn status=SUCCESS method=MMKUt...)</span>
                <span class="method-start">761895 ms</span>
              </div> <!-- configuration-method after -->
              <div class="test-method">
                <span class="method-name">proceedPrepaidMobileRechargeAndApplyCoupon</span>
                <span class="method-start">779745 ms</span>
              </div> <!-- test-method -->
              <div class="configuration-method after">
                <span class="method-name">tearDown([TestResult name=proceedPrepaidMobilerechargeAndVerifyLandingPageAfterFillRechargeDetails status=SUC...)</span>
                <span class="method-start">779745 ms</span>
              </div> <!-- configuration-method after -->
              <div class="test-method">
                <span class="method-name">proceedPrepaidMobileRechargeAndVeriyLandingPageAfterWalletPay</span>
                <span class="method-start">811409 ms</span>
              </div> <!-- test-method -->
              <div class="configuration-method after">
                <span class="method-name">tearDown([TestResult name=proceedPrepaidMobileRechargeAndApplyCoupon status=SUCCESS method=MMKUtilitySiteTest...)</span>
                <span class="method-start">811409 ms</span>
              </div> <!-- configuration-method after -->
              <div class="test-method">
                <span class="method-name">proceedPrepaidMobileRechargeAndVerifyStatusOnThankyouPage</span>
                <span class="method-start">866558 ms</span>
              </div> <!-- test-method -->
              <div class="configuration-method after">
                <span class="method-name">tearDown([TestResult name=proceedPrepaidMobileRechargeAndVeriyLandingPageAfterWalletPay status=SUCCESS method...)</span>
                <span class="method-start">866558 ms</span>
              </div> <!-- configuration-method after -->
              <div class="test-method">
                <span class="method-name">proceedPostpaidMobileRechargeAndVerifyStatusOnThankyouPage</span>
                <span class="method-start">915937 ms</span>
              </div> <!-- test-method -->
              <div class="configuration-method after">
                <span class="method-name">tearDown([TestResult name=proceedPrepaidMobileRechargeAndVerifyStatusOnThankyouPage status=SUCCESS method=MMK...)</span>
                <span class="method-start">915937 ms</span>
              </div> <!-- configuration-method after -->
              <div class="configuration-method after">
                <span class="method-name">tearDown([TestResult name=proceedPostpaidMobileRechargeAndVerifyStatusOnThankyouPage status=SUCCESS method=MM...)</span>
                <span class="method-start">964617 ms</span>
              </div> <!-- configuration-method after -->
              <div class="test-method">
                <span class="method-name">navigateToUtilitySiteAndswitchTodthRecharge</span>
                <span class="method-start">964618 ms</span>
              </div> <!-- test-method -->
              <div class="configuration-method after">
                <span class="method-name">tearDown([TestResult name=navigateToUtilitySiteAndswitchTodthRecharge status=SUCCESS method=MMKUtilitySiteTes...)</span>
                <span class="method-start">971296 ms</span>
              </div> <!-- configuration-method after -->
              <div class="test-method">
                <span class="method-name">proceedDTHRechargeAndVerifyLandingPage</span>
                <span class="method-start">971297 ms</span>
              </div> <!-- test-method -->
              <div class="test-method">
                <span class="method-name">proceedDTHRechargeAndVerifyStatusOnThankyouPage</span>
                <span class="method-start">989066 ms</span>
              </div> <!-- test-method -->
              <div class="configuration-method after">
                <span class="method-name">tearDown([TestResult name=proceedDTHRechargeAndVerifyLandingPage status=SUCCESS method=MMKUtilitySiteTestCase...)</span>
                <span class="method-start">989066 ms</span>
              </div> <!-- configuration-method after -->
              <div class="configuration-method after">
                <span class="method-name">tearDown([TestResult name=proceedDTHRechargeAndVerifyStatusOnThankyouPage status=SUCCESS method=MMKUtilitySit...)</span>
                <span class="method-start">1039732 ms</span>
              </div> <!-- configuration-method after -->
          </div> <!-- main-panel-content rounded-window-bottom -->
        </div> <!-- panel -->
      </div> <!-- main-panel-root -->
    </div> <!-- wrapper -->
  </body>
</html>
