<?xml version="1.0" encoding="UTF-8"?>
<testng-results skipped="0" failed="20" total="49" passed="29">
  <reporter-output>
    <line>
      <![CDATA[<h3>Failed Test Method :navigateOnContactUsPage</h3></br>]]>
    </line>
    <line>
      <![CDATA[<a href="..\screenshots\FailedTest\mmk_test_18_Jul_2017__05_04_19PM.png"><p align="left">Failed Test Screenshot Tue Jul 18 17:04:19 IST 2017</p>]]>
    </line>
    <line>
      <![CDATA[<p><img width="600" src=..\screenshots\FailedTest\mmk_test_18_Jul_2017__05_04_19PM.png alt="Test Failed atTue Jul 18 17:04:19 IST 2017"/></p></a><br/>]]>
    </line>
    <line>
      <![CDATA[<h3>Failed Test Method :submitContactByEndUser</h3></br>]]>
    </line>
    <line>
      <![CDATA[<a href="..\screenshots\FailedTest\mmk_test_18_Jul_2017__05_05_05PM.png"><p align="left">Failed Test Screenshot Tue Jul 18 17:05:05 IST 2017</p>]]>
    </line>
    <line>
      <![CDATA[<p><img width="600" src=..\screenshots\FailedTest\mmk_test_18_Jul_2017__05_05_05PM.png alt="Test Failed atTue Jul 18 17:05:05 IST 2017"/></p></a><br/>]]>
    </line>
    <line>
      <![CDATA[<h3>Failed Test Method :checkContactUsPageValidations</h3></br>]]>
    </line>
    <line>
      <![CDATA[<a href="..\screenshots\FailedTest\mmk_test_18_Jul_2017__05_05_51PM.png"><p align="left">Failed Test Screenshot Tue Jul 18 17:05:51 IST 2017</p>]]>
    </line>
    <line>
      <![CDATA[<p><img width="600" src=..\screenshots\FailedTest\mmk_test_18_Jul_2017__05_05_51PM.png alt="Test Failed atTue Jul 18 17:05:51 IST 2017"/></p></a><br/>]]>
    </line>
    <line>
      <![CDATA[<h3>Failed Test Method :navigateToUserAccountScbscriptionLink</h3></br>]]>
    </line>
    <line>
      <![CDATA[<a href="..\screenshots\FailedTest\mmk_test_18_Jul_2017__05_06_55PM.png"><p align="left">Failed Test Screenshot Tue Jul 18 17:06:55 IST 2017</p>]]>
    </line>
    <line>
      <![CDATA[<p><img width="600" src=..\screenshots\FailedTest\mmk_test_18_Jul_2017__05_06_55PM.png alt="Test Failed atTue Jul 18 17:06:55 IST 2017"/></p></a><br/>]]>
    </line>
    <line>
      <![CDATA[<h3>Failed Test Method :navigateToUserAccountScbscriptionLinkAndCheckScbscriptionStatus</h3></br>]]>
    </line>
    <line>
      <![CDATA[<a href="..\screenshots\FailedTest\mmk_test_18_Jul_2017__05_06_56PM.png"><p align="left">Failed Test Screenshot Tue Jul 18 17:06:56 IST 2017</p>]]>
    </line>
    <line>
      <![CDATA[<p><img width="600" src=..\screenshots\FailedTest\mmk_test_18_Jul_2017__05_06_56PM.png alt="Test Failed atTue Jul 18 17:06:56 IST 2017"/></p></a><br/>]]>
    </line>
    <line>
      <![CDATA[<h3>Failed Test Method :failSubscriptionFeePaymentFromPG</h3></br>]]>
    </line>
    <line>
      <![CDATA[<a href="..\screenshots\FailedTest\mmk_test_18_Jul_2017__05_06_57PM.png"><p align="left">Failed Test Screenshot Tue Jul 18 17:06:57 IST 2017</p>]]>
    </line>
    <line>
      <![CDATA[<p><img width="600" src=..\screenshots\FailedTest\mmk_test_18_Jul_2017__05_06_57PM.png alt="Test Failed atTue Jul 18 17:06:57 IST 2017"/></p></a><br/>]]>
    </line>
    <line>
      <![CDATA[<h3>Failed Test Method :navigateToKycDetailsPageAndVerifyCorrectRedirect</h3></br>]]>
    </line>
    <line>
      <![CDATA[<a href="..\screenshots\FailedTest\mmk_test_18_Jul_2017__05_06_57PM.png"><p align="left">Failed Test Screenshot Tue Jul 18 17:06:57 IST 2017</p>]]>
    </line>
    <line>
      <![CDATA[<p><img width="600" src=..\screenshots\FailedTest\mmk_test_18_Jul_2017__05_06_57PM.png alt="Test Failed atTue Jul 18 17:06:57 IST 2017"/></p></a><br/>]]>
    </line>
    <line>
      <![CDATA[<h3>Failed Test Method :navigateKYCPageAndGetDetails</h3></br>]]>
    </line>
    <line>
      <![CDATA[<a href="..\screenshots\FailedTest\mmk_test_18_Jul_2017__05_06_58PM.png"><p align="left">Failed Test Screenshot Tue Jul 18 17:06:58 IST 2017</p>]]>
    </line>
    <line>
      <![CDATA[<p><img width="600" src=..\screenshots\FailedTest\mmk_test_18_Jul_2017__05_06_58PM.png alt="Test Failed atTue Jul 18 17:06:58 IST 2017"/></p></a><br/>]]>
    </line>
    <line>
      <![CDATA[<h3>Failed Test Method :navigateKYCPageAndCheckMissingKYCDetails</h3></br>]]>
    </line>
    <line>
      <![CDATA[<a href="..\screenshots\FailedTest\mmk_test_18_Jul_2017__05_06_58PM.png"><p align="left">Failed Test Screenshot Tue Jul 18 17:06:58 IST 2017</p>]]>
    </line>
    <line>
      <![CDATA[<p><img width="600" src=..\screenshots\FailedTest\mmk_test_18_Jul_2017__05_06_58PM.png alt="Test Failed atTue Jul 18 17:06:58 IST 2017"/></p></a><br/>]]>
    </line>
    <line>
      <![CDATA[<h3>Failed Test Method :navigateKYCPageAndTransferTheKYC</h3></br>]]>
    </line>
    <line>
      <![CDATA[<a href="..\screenshots\FailedTest\mmk_test_18_Jul_2017__05_06_59PM.png"><p align="left">Failed Test Screenshot Tue Jul 18 17:06:59 IST 2017</p>]]>
    </line>
    <line>
      <![CDATA[<p><img width="600" src=..\screenshots\FailedTest\mmk_test_18_Jul_2017__05_06_59PM.png alt="Test Failed atTue Jul 18 17:06:59 IST 2017"/></p></a><br/>]]>
    </line>
    <line>
      <![CDATA[<h3>Failed Test Method :navigateKYCPageAndCancelClick</h3></br>]]>
    </line>
    <line>
      <![CDATA[<a href="..\screenshots\FailedTest\mmk_test_18_Jul_2017__05_07_00PM.png"><p align="left">Failed Test Screenshot Tue Jul 18 17:07:00 IST 2017</p>]]>
    </line>
    <line>
      <![CDATA[<p><img width="600" src=..\screenshots\FailedTest\mmk_test_18_Jul_2017__05_07_00PM.png alt="Test Failed atTue Jul 18 17:07:00 IST 2017"/></p></a><br/>]]>
    </line>
    <line>
      <![CDATA[<h3>Failed Test Method :verifyPancardAndIdProffDocOnKycForm</h3></br>]]>
    </line>
    <line>
      <![CDATA[<a href="..\screenshots\FailedTest\mmk_test_18_Jul_2017__05_07_00PM.png"><p align="left">Failed Test Screenshot Tue Jul 18 17:07:00 IST 2017</p>]]>
    </line>
    <line>
      <![CDATA[<p><img width="600" src=..\screenshots\FailedTest\mmk_test_18_Jul_2017__05_07_00PM.png alt="Test Failed atTue Jul 18 17:07:00 IST 2017"/></p></a><br/>]]>
    </line>
    <line>
      <![CDATA[<h3>Failed Test Method :navigateToChangePasswordPage</h3></br>]]>
    </line>
    <line>
      <![CDATA[<a href="..\screenshots\FailedTest\mmk_test_18_Jul_2017__05_07_01PM.png"><p align="left">Failed Test Screenshot Tue Jul 18 17:07:01 IST 2017</p>]]>
    </line>
    <line>
      <![CDATA[<p><img width="600" src=..\screenshots\FailedTest\mmk_test_18_Jul_2017__05_07_01PM.png alt="Test Failed atTue Jul 18 17:07:01 IST 2017"/></p></a><br/>]]>
    </line>
    <line>
      <![CDATA[<h3>Failed Test Method :navigateToChangePasswordPageAndCheckBlankFieldValidation</h3></br>]]>
    </line>
    <line>
      <![CDATA[<a href="..\screenshots\FailedTest\mmk_test_18_Jul_2017__05_07_01PM.png"><p align="left">Failed Test Screenshot Tue Jul 18 17:07:01 IST 2017</p>]]>
    </line>
    <line>
      <![CDATA[<p><img width="600" src=..\screenshots\FailedTest\mmk_test_18_Jul_2017__05_07_01PM.png alt="Test Failed atTue Jul 18 17:07:01 IST 2017"/></p></a><br/>]]>
    </line>
    <line>
      <![CDATA[<h3>Failed Test Method :navigateToChangePasswordPageAndCheckCancelRedirect</h3></br>]]>
    </line>
    <line>
      <![CDATA[<a href="..\screenshots\FailedTest\mmk_test_18_Jul_2017__05_07_02PM.png"><p align="left">Failed Test Screenshot Tue Jul 18 17:07:02 IST 2017</p>]]>
    </line>
    <line>
      <![CDATA[<p><img width="600" src=..\screenshots\FailedTest\mmk_test_18_Jul_2017__05_07_02PM.png alt="Test Failed atTue Jul 18 17:07:02 IST 2017"/></p></a><br/>]]>
    </line>
    <line>
      <![CDATA[<h3>Failed Test Method :navigateToChangePasswordPageAnddoChangePassword</h3></br>]]>
    </line>
    <line>
      <![CDATA[<a href="..\screenshots\FailedTest\mmk_test_18_Jul_2017__05_07_03PM.png"><p align="left">Failed Test Screenshot Tue Jul 18 17:07:03 IST 2017</p>]]>
    </line>
    <line>
      <![CDATA[<p><img width="600" src=..\screenshots\FailedTest\mmk_test_18_Jul_2017__05_07_03PM.png alt="Test Failed atTue Jul 18 17:07:03 IST 2017"/></p></a><br/>]]>
    </line>
    <line>
      <![CDATA[<h3>Failed Test Method :navigateToUserProfile</h3></br>]]>
    </line>
    <line>
      <![CDATA[<a href="..\screenshots\FailedTest\mmk_test_18_Jul_2017__05_07_03PM.png"><p align="left">Failed Test Screenshot Tue Jul 18 17:07:03 IST 2017</p>]]>
    </line>
    <line>
      <![CDATA[<p><img width="600" src=..\screenshots\FailedTest\mmk_test_18_Jul_2017__05_07_03PM.png alt="Test Failed atTue Jul 18 17:07:03 IST 2017"/></p></a><br/>]]>
    </line>
    <line>
      <![CDATA[<h3>Failed Test Method :navigateToUserProfileAndCheckValidRedirect</h3></br>]]>
    </line>
    <line>
      <![CDATA[<a href="..\screenshots\FailedTest\mmk_test_18_Jul_2017__05_07_04PM.png"><p align="left">Failed Test Screenshot Tue Jul 18 17:07:04 IST 2017</p>]]>
    </line>
    <line>
      <![CDATA[<p><img width="600" src=..\screenshots\FailedTest\mmk_test_18_Jul_2017__05_07_04PM.png alt="Test Failed atTue Jul 18 17:07:04 IST 2017"/></p></a><br/>]]>
    </line>
    <line>
      <![CDATA[<h3>Failed Test Method :navigateToUserProfileAndGetProfileDetails</h3></br>]]>
    </line>
    <line>
      <![CDATA[<a href="..\screenshots\FailedTest\mmk_test_18_Jul_2017__05_07_04PM.png"><p align="left">Failed Test Screenshot Tue Jul 18 17:07:04 IST 2017</p>]]>
    </line>
    <line>
      <![CDATA[<p><img width="600" src=..\screenshots\FailedTest\mmk_test_18_Jul_2017__05_07_04PM.png alt="Test Failed atTue Jul 18 17:07:04 IST 2017"/></p></a><br/>]]>
    </line>
  </reporter-output>
  <suite name="MyMoneyKart" duration-ms="1010699" started-at="2017-07-18T11:32:27Z" finished-at="2017-07-18T11:49:18Z">
    <groups>
    </groups>
    <test name="MyMoneyKart_Functional_Test" duration-ms="276794" started-at="2017-07-18T11:32:27Z" finished-at="2017-07-18T11:37:04Z">
      <class name="com.mmk.test_execution_engine.MMKMainSiteTestCases">
        <test-method status="PASS" signature="userLogin()[pri:0, instance:com.mmk.test_execution_engine.MMKMainSiteTestCases@1ed4004b]" name="userLogin" duration-ms="57869" started-at="2017-07-18T17:02:28Z" finished-at="2017-07-18T17:03:25Z">
          <reporter-output>
          </reporter-output>
        </test-method> <!-- userLogin -->
        <test-method status="PASS" signature="userWalletDetails()[pri:0, instance:com.mmk.test_execution_engine.MMKMainSiteTestCases@1ed4004b]" name="userWalletDetails" duration-ms="6774" started-at="2017-07-18T17:03:25Z" finished-at="2017-07-18T17:03:32Z">
          <reporter-output>
          </reporter-output>
        </test-method> <!-- userWalletDetails -->
        <test-method status="PASS" signature="tearDown(org.testng.ITestResult)[pri:0, instance:com.mmk.test_execution_engine.MMKMainSiteTestCases@1ed4004b]" name="tearDown" is-config="true" duration-ms="0" started-at="2017-07-18T17:03:25Z" finished-at="2017-07-18T17:03:25Z">
          <params>
            <param index="0">
              <value>
                <![CDATA[[TestResult name=userLogin status=SUCCESS method=MMKMainSiteTestCases.userLogin()[pri:0, instance:com.mmk.test_execution_engine.MMKMainSiteTestCases@1ed4004b] output={null}]]]>
              </value>
            </param>
          </params>
          <reporter-output>
          </reporter-output>
        </test-method> <!-- tearDown -->
        <test-method status="PASS" signature="tearDown(org.testng.ITestResult)[pri:0, instance:com.mmk.test_execution_engine.MMKMainSiteTestCases@1ed4004b]" name="tearDown" is-config="true" duration-ms="1" started-at="2017-07-18T17:03:32Z" finished-at="2017-07-18T17:03:32Z">
          <params>
            <param index="0">
              <value>
                <![CDATA[[TestResult name=userWalletDetails status=SUCCESS method=MMKMainSiteTestCases.userWalletDetails()[pri:0, instance:com.mmk.test_execution_engine.MMKMainSiteTestCases@1ed4004b] output={null}]]]>
              </value>
            </param>
          </params>
          <reporter-output>
          </reporter-output>
        </test-method> <!-- tearDown -->
        <test-method status="PASS" signature="busSearchFromMMKHomePageWithUserLogin()[pri:0, instance:com.mmk.test_execution_engine.MMKMainSiteTestCases@1ed4004b]" name="busSearchFromMMKHomePageWithUserLogin" duration-ms="1472" started-at="2017-07-18T17:03:32Z" finished-at="2017-07-18T17:03:34Z">
          <reporter-output>
          </reporter-output>
        </test-method> <!-- busSearchFromMMKHomePageWithUserLogin -->
        <test-method status="FAIL" signature="navigateOnContactUsPage()[pri:0, instance:com.mmk.test_execution_engine.MMKMainSiteTestCases@1ed4004b]" name="navigateOnContactUsPage" duration-ms="45657" started-at="2017-07-18T17:03:34Z" finished-at="2017-07-18T17:04:19Z">
          <exception class="org.openqa.selenium.InvalidArgumentException">
            <message>
              <![CDATA[Could not find webelement key
Build info: version: '3.4.0', revision: 'unknown', time: 'unknown'
System info: host: 'TSS167', ip: '192.168.1.167', os.name: 'Windows 8.1', os.arch: 'amd64', os.version: '6.3', java.version: '1.8.0_51'
Driver info: org.openqa.selenium.firefox.FirefoxDriver
Capabilities [{moz:profile=C:\Users\NAREND~1.RAJ\AppData\Local\Temp\rust_mozprofile.N4yg1ywWgtwa, rotatable=false, timeouts={implicit=0.0, page load=300000.0, script=30000.0}, pageLoadStrategy=normal, platform=ANY, specificationLevel=0.0, moz:accessibilityChecks=false, acceptInsecureCerts=false, browserVersion=52.0.2, platformVersion=6.3, moz:processID=1360.0, browserName=firefox, javascriptEnabled=true, platformName=windows_nt}]
Session ID: 0215aa8f-cade-4264-91fd-3c58a5fd1fb0]]>
            </message>
            <full-stacktrace>
              <![CDATA[org.openqa.selenium.InvalidArgumentException: Could not find webelement key
Build info: version: '3.4.0', revision: 'unknown', time: 'unknown'
System info: host: 'TSS167', ip: '192.168.1.167', os.name: 'Windows 8.1', os.arch: 'amd64', os.version: '6.3', java.version: '1.8.0_51'
Driver info: org.openqa.selenium.firefox.FirefoxDriver
Capabilities [{moz:profile=C:\Users\NAREND~1.RAJ\AppData\Local\Temp\rust_mozprofile.N4yg1ywWgtwa, rotatable=false, timeouts={implicit=0.0, page load=300000.0, script=30000.0}, pageLoadStrategy=normal, platform=ANY, specificationLevel=0.0, moz:accessibilityChecks=false, acceptInsecureCerts=false, browserVersion=52.0.2, platformVersion=6.3, moz:processID=1360.0, browserName=firefox, javascriptEnabled=true, platformName=windows_nt}]
Session ID: 0215aa8f-cade-4264-91fd-3c58a5fd1fb0
	at sun.reflect.NativeConstructorAccessorImpl.newInstance0(Native Method)
	at sun.reflect.NativeConstructorAccessorImpl.newInstance(NativeConstructorAccessorImpl.java:62)
	at sun.reflect.DelegatingConstructorAccessorImpl.newInstance(DelegatingConstructorAccessorImpl.java:45)
	at java.lang.reflect.Constructor.newInstance(Constructor.java:422)
	at org.openqa.selenium.remote.http.W3CHttpResponseCodec.createException(W3CHttpResponseCodec.java:150)
	at org.openqa.selenium.remote.http.W3CHttpResponseCodec.decode(W3CHttpResponseCodec.java:115)
	at org.openqa.selenium.remote.http.W3CHttpResponseCodec.decode(W3CHttpResponseCodec.java:45)
	at org.openqa.selenium.remote.HttpCommandExecutor.execute(HttpCommandExecutor.java:164)
	at org.openqa.selenium.remote.service.DriverCommandExecutor.execute(DriverCommandExecutor.java:82)
	at org.openqa.selenium.remote.RemoteWebDriver.execute(RemoteWebDriver.java:637)
	at org.openqa.selenium.remote.RemoteWebDriver.perform(RemoteWebDriver.java:703)
	at org.openqa.selenium.interactions.Actions$BuiltAction.perform(Actions.java:631)
	at com.mmkproject.pages.MyMoneyKartHomePage.navigateToContactUsPage(MyMoneyKartHomePage.java:235)
	at com.mmk.test_execution_engine.MMKMainSiteTestCases.navigateOnContactUsPage(MMKMainSiteTestCases.java:71)
	at sun.reflect.NativeMethodAccessorImpl.invoke0(Native Method)
	at sun.reflect.NativeMethodAccessorImpl.invoke(NativeMethodAccessorImpl.java:62)
	at sun.reflect.DelegatingMethodAccessorImpl.invoke(DelegatingMethodAccessorImpl.java:43)
	at java.lang.reflect.Method.invoke(Method.java:497)
	at org.testng.internal.MethodInvocationHelper.invokeMethod(MethodInvocationHelper.java:84)
	at org.testng.internal.Invoker.invokeMethod(Invoker.java:714)
	at org.testng.internal.Invoker.invokeTestMethod(Invoker.java:901)
	at org.testng.internal.Invoker.invokeTestMethods(Invoker.java:1231)
	at org.testng.internal.TestMethodWorker.invokeTestMethods(TestMethodWorker.java:127)
	at org.testng.internal.TestMethodWorker.run(TestMethodWorker.java:111)
	at org.testng.TestRunner.privateRun(TestRunner.java:767)
	at org.testng.TestRunner.run(TestRunner.java:617)
	at org.testng.SuiteRunner.runTest(SuiteRunner.java:334)
	at org.testng.SuiteRunner.runSequentially(SuiteRunner.java:329)
	at org.testng.SuiteRunner.privateRun(SuiteRunner.java:291)
	at org.testng.SuiteRunner.run(SuiteRunner.java:240)
	at org.testng.SuiteRunnerWorker.runSuite(SuiteRunnerWorker.java:52)
	at org.testng.SuiteRunnerWorker.run(SuiteRunnerWorker.java:86)
	at org.testng.TestNG.runSuitesSequentially(TestNG.java:1224)
	at org.testng.TestNG.runSuitesLocally(TestNG.java:1149)
	at org.testng.TestNG.run(TestNG.java:1057)
	at org.apache.maven.surefire.testng.TestNGExecutor.run(TestNGExecutor.java:178)
	at org.apache.maven.surefire.testng.TestNGXmlTestSuite.execute(TestNGXmlTestSuite.java:92)
	at org.apache.maven.surefire.testng.TestNGProvider.invoke(TestNGProvider.java:96)
	at sun.reflect.NativeMethodAccessorImpl.invoke0(Native Method)
	at sun.reflect.NativeMethodAccessorImpl.invoke(NativeMethodAccessorImpl.java:62)
	at sun.reflect.DelegatingMethodAccessorImpl.invoke(DelegatingMethodAccessorImpl.java:43)
	at java.lang.reflect.Method.invoke(Method.java:497)
	at org.apache.maven.surefire.util.ReflectionUtils.invokeMethodWithArray(ReflectionUtils.java:189)
	at org.apache.maven.surefire.booter.ProviderFactory$ProviderProxy.invoke(ProviderFactory.java:165)
	at org.apache.maven.surefire.booter.ProviderFactory.invokeProvider(ProviderFactory.java:85)
	at org.apache.maven.surefire.booter.ForkedBooter.runSuitesInProcess(ForkedBooter.java:115)
	at org.apache.maven.surefire.booter.ForkedBooter.main(ForkedBooter.java:75)
]]>
            </full-stacktrace>
          </exception> <!-- org.openqa.selenium.InvalidArgumentException -->
          <reporter-output>
          </reporter-output>
        </test-method> <!-- navigateOnContactUsPage -->
        <test-method status="PASS" signature="tearDown(org.testng.ITestResult)[pri:0, instance:com.mmk.test_execution_engine.MMKMainSiteTestCases@1ed4004b]" name="tearDown" is-config="true" duration-ms="0" started-at="2017-07-18T17:03:34Z" finished-at="2017-07-18T17:03:34Z">
          <params>
            <param index="0">
              <value>
                <![CDATA[[TestResult name=busSearchFromMMKHomePageWithUserLogin status=SUCCESS method=MMKMainSiteTestCases.busSearchFromMMKHomePageWithUserLogin()[pri:0, instance:com.mmk.test_execution_engine.MMKMainSiteTestCases@1ed4004b] output={null}]]]>
              </value>
            </param>
          </params>
          <reporter-output>
          </reporter-output>
        </test-method> <!-- tearDown -->
        <test-method status="PASS" signature="tearDown(org.testng.ITestResult)[pri:0, instance:com.mmk.test_execution_engine.MMKMainSiteTestCases@1ed4004b]" name="tearDown" is-config="true" duration-ms="74" started-at="2017-07-18T17:04:19Z" finished-at="2017-07-18T17:04:19Z">
          <params>
            <param index="0">
              <value>
                <![CDATA[[TestResult name=navigateOnContactUsPage status=FAILURE method=MMKMainSiteTestCases.navigateOnContactUsPage()[pri:0, instance:com.mmk.test_execution_engine.MMKMainSiteTestCases@1ed4004b] output={null}]]]>
              </value>
            </param>
          </params>
          <reporter-output>
            <line>
              <![CDATA[<h3>Failed Test Method :navigateOnContactUsPage</h3></br>]]>
            </line>
            <line>
              <![CDATA[<a href="..\screenshots\FailedTest\mmk_test_18_Jul_2017__05_04_19PM.png"><p align="left">Failed Test Screenshot Tue Jul 18 17:04:19 IST 2017</p>]]>
            </line>
            <line>
              <![CDATA[<p><img width="600" src=..\screenshots\FailedTest\mmk_test_18_Jul_2017__05_04_19PM.png alt="Test Failed atTue Jul 18 17:04:19 IST 2017"/></p></a><br/>]]>
            </line>
          </reporter-output>
        </test-method> <!-- tearDown -->
        <test-method status="FAIL" signature="submitContactByEndUser()[pri:0, instance:com.mmk.test_execution_engine.MMKMainSiteTestCases@1ed4004b]" name="submitContactByEndUser" duration-ms="45597" started-at="2017-07-18T17:04:19Z" finished-at="2017-07-18T17:05:05Z">
          <exception class="org.openqa.selenium.InvalidArgumentException">
            <message>
              <![CDATA[Could not find webelement key
Build info: version: '3.4.0', revision: 'unknown', time: 'unknown'
System info: host: 'TSS167', ip: '192.168.1.167', os.name: 'Windows 8.1', os.arch: 'amd64', os.version: '6.3', java.version: '1.8.0_51'
Driver info: org.openqa.selenium.firefox.FirefoxDriver
Capabilities [{moz:profile=C:\Users\NAREND~1.RAJ\AppData\Local\Temp\rust_mozprofile.N4yg1ywWgtwa, rotatable=false, timeouts={implicit=0.0, page load=300000.0, script=30000.0}, pageLoadStrategy=normal, platform=ANY, specificationLevel=0.0, moz:accessibilityChecks=false, acceptInsecureCerts=false, browserVersion=52.0.2, platformVersion=6.3, moz:processID=1360.0, browserName=firefox, javascriptEnabled=true, platformName=windows_nt}]
Session ID: 0215aa8f-cade-4264-91fd-3c58a5fd1fb0]]>
            </message>
            <full-stacktrace>
              <![CDATA[org.openqa.selenium.InvalidArgumentException: Could not find webelement key
Build info: version: '3.4.0', revision: 'unknown', time: 'unknown'
System info: host: 'TSS167', ip: '192.168.1.167', os.name: 'Windows 8.1', os.arch: 'amd64', os.version: '6.3', java.version: '1.8.0_51'
Driver info: org.openqa.selenium.firefox.FirefoxDriver
Capabilities [{moz:profile=C:\Users\NAREND~1.RAJ\AppData\Local\Temp\rust_mozprofile.N4yg1ywWgtwa, rotatable=false, timeouts={implicit=0.0, page load=300000.0, script=30000.0}, pageLoadStrategy=normal, platform=ANY, specificationLevel=0.0, moz:accessibilityChecks=false, acceptInsecureCerts=false, browserVersion=52.0.2, platformVersion=6.3, moz:processID=1360.0, browserName=firefox, javascriptEnabled=true, platformName=windows_nt}]
Session ID: 0215aa8f-cade-4264-91fd-3c58a5fd1fb0
	at sun.reflect.NativeConstructorAccessorImpl.newInstance0(Native Method)
	at sun.reflect.NativeConstructorAccessorImpl.newInstance(NativeConstructorAccessorImpl.java:62)
	at sun.reflect.DelegatingConstructorAccessorImpl.newInstance(DelegatingConstructorAccessorImpl.java:45)
	at java.lang.reflect.Constructor.newInstance(Constructor.java:422)
	at org.openqa.selenium.remote.http.W3CHttpResponseCodec.createException(W3CHttpResponseCodec.java:150)
	at org.openqa.selenium.remote.http.W3CHttpResponseCodec.decode(W3CHttpResponseCodec.java:115)
	at org.openqa.selenium.remote.http.W3CHttpResponseCodec.decode(W3CHttpResponseCodec.java:45)
	at org.openqa.selenium.remote.HttpCommandExecutor.execute(HttpCommandExecutor.java:164)
	at org.openqa.selenium.remote.service.DriverCommandExecutor.execute(DriverCommandExecutor.java:82)
	at org.openqa.selenium.remote.RemoteWebDriver.execute(RemoteWebDriver.java:637)
	at org.openqa.selenium.remote.RemoteWebDriver.perform(RemoteWebDriver.java:703)
	at org.openqa.selenium.interactions.Actions$BuiltAction.perform(Actions.java:631)
	at com.mmkproject.pages.MyMoneyKartHomePage.navigateToContactUsPage(MyMoneyKartHomePage.java:235)
	at com.mmk.test_execution_engine.MMKMainSiteTestCases.submitContactByEndUser(MMKMainSiteTestCases.java:87)
	at sun.reflect.NativeMethodAccessorImpl.invoke0(Native Method)
	at sun.reflect.NativeMethodAccessorImpl.invoke(NativeMethodAccessorImpl.java:62)
	at sun.reflect.DelegatingMethodAccessorImpl.invoke(DelegatingMethodAccessorImpl.java:43)
	at java.lang.reflect.Method.invoke(Method.java:497)
	at org.testng.internal.MethodInvocationHelper.invokeMethod(MethodInvocationHelper.java:84)
	at org.testng.internal.Invoker.invokeMethod(Invoker.java:714)
	at org.testng.internal.Invoker.invokeTestMethod(Invoker.java:901)
	at org.testng.internal.Invoker.invokeTestMethods(Invoker.java:1231)
	at org.testng.internal.TestMethodWorker.invokeTestMethods(TestMethodWorker.java:127)
	at org.testng.internal.TestMethodWorker.run(TestMethodWorker.java:111)
	at org.testng.TestRunner.privateRun(TestRunner.java:767)
	at org.testng.TestRunner.run(TestRunner.java:617)
	at org.testng.SuiteRunner.runTest(SuiteRunner.java:334)
	at org.testng.SuiteRunner.runSequentially(SuiteRunner.java:329)
	at org.testng.SuiteRunner.privateRun(SuiteRunner.java:291)
	at org.testng.SuiteRunner.run(SuiteRunner.java:240)
	at org.testng.SuiteRunnerWorker.runSuite(SuiteRunnerWorker.java:52)
	at org.testng.SuiteRunnerWorker.run(SuiteRunnerWorker.java:86)
	at org.testng.TestNG.runSuitesSequentially(TestNG.java:1224)
	at org.testng.TestNG.runSuitesLocally(TestNG.java:1149)
	at org.testng.TestNG.run(TestNG.java:1057)
	at org.apache.maven.surefire.testng.TestNGExecutor.run(TestNGExecutor.java:178)
	at org.apache.maven.surefire.testng.TestNGXmlTestSuite.execute(TestNGXmlTestSuite.java:92)
	at org.apache.maven.surefire.testng.TestNGProvider.invoke(TestNGProvider.java:96)
	at sun.reflect.NativeMethodAccessorImpl.invoke0(Native Method)
	at sun.reflect.NativeMethodAccessorImpl.invoke(NativeMethodAccessorImpl.java:62)
	at sun.reflect.DelegatingMethodAccessorImpl.invoke(DelegatingMethodAccessorImpl.java:43)
	at java.lang.reflect.Method.invoke(Method.java:497)
	at org.apache.maven.surefire.util.ReflectionUtils.invokeMethodWithArray(ReflectionUtils.java:189)
	at org.apache.maven.surefire.booter.ProviderFactory$ProviderProxy.invoke(ProviderFactory.java:165)
	at org.apache.maven.surefire.booter.ProviderFactory.invokeProvider(ProviderFactory.java:85)
	at org.apache.maven.surefire.booter.ForkedBooter.runSuitesInProcess(ForkedBooter.java:115)
	at org.apache.maven.surefire.booter.ForkedBooter.main(ForkedBooter.java:75)
]]>
            </full-stacktrace>
          </exception> <!-- org.openqa.selenium.InvalidArgumentException -->
          <reporter-output>
          </reporter-output>
        </test-method> <!-- submitContactByEndUser -->
        <test-method status="PASS" signature="tearDown(org.testng.ITestResult)[pri:0, instance:com.mmk.test_execution_engine.MMKMainSiteTestCases@1ed4004b]" name="tearDown" is-config="true" duration-ms="62" started-at="2017-07-18T17:05:05Z" finished-at="2017-07-18T17:05:05Z">
          <params>
            <param index="0">
              <value>
                <![CDATA[[TestResult name=submitContactByEndUser status=FAILURE method=MMKMainSiteTestCases.submitContactByEndUser()[pri:0, instance:com.mmk.test_execution_engine.MMKMainSiteTestCases@1ed4004b] output={null}]]]>
              </value>
            </param>
          </params>
          <reporter-output>
            <line>
              <![CDATA[<h3>Failed Test Method :submitContactByEndUser</h3></br>]]>
            </line>
            <line>
              <![CDATA[<a href="..\screenshots\FailedTest\mmk_test_18_Jul_2017__05_05_05PM.png"><p align="left">Failed Test Screenshot Tue Jul 18 17:05:05 IST 2017</p>]]>
            </line>
            <line>
              <![CDATA[<p><img width="600" src=..\screenshots\FailedTest\mmk_test_18_Jul_2017__05_05_05PM.png alt="Test Failed atTue Jul 18 17:05:05 IST 2017"/></p></a><br/>]]>
            </line>
          </reporter-output>
        </test-method> <!-- tearDown -->
        <test-method status="FAIL" signature="checkContactUsPageValidations()[pri:0, instance:com.mmk.test_execution_engine.MMKMainSiteTestCases@1ed4004b]" name="checkContactUsPageValidations" duration-ms="45557" started-at="2017-07-18T17:05:05Z" finished-at="2017-07-18T17:05:51Z">
          <exception class="org.openqa.selenium.InvalidArgumentException">
            <message>
              <![CDATA[Could not find webelement key
Build info: version: '3.4.0', revision: 'unknown', time: 'unknown'
System info: host: 'TSS167', ip: '192.168.1.167', os.name: 'Windows 8.1', os.arch: 'amd64', os.version: '6.3', java.version: '1.8.0_51'
Driver info: org.openqa.selenium.firefox.FirefoxDriver
Capabilities [{moz:profile=C:\Users\NAREND~1.RAJ\AppData\Local\Temp\rust_mozprofile.N4yg1ywWgtwa, rotatable=false, timeouts={implicit=0.0, page load=300000.0, script=30000.0}, pageLoadStrategy=normal, platform=ANY, specificationLevel=0.0, moz:accessibilityChecks=false, acceptInsecureCerts=false, browserVersion=52.0.2, platformVersion=6.3, moz:processID=1360.0, browserName=firefox, javascriptEnabled=true, platformName=windows_nt}]
Session ID: 0215aa8f-cade-4264-91fd-3c58a5fd1fb0]]>
            </message>
            <full-stacktrace>
              <![CDATA[org.openqa.selenium.InvalidArgumentException: Could not find webelement key
Build info: version: '3.4.0', revision: 'unknown', time: 'unknown'
System info: host: 'TSS167', ip: '192.168.1.167', os.name: 'Windows 8.1', os.arch: 'amd64', os.version: '6.3', java.version: '1.8.0_51'
Driver info: org.openqa.selenium.firefox.FirefoxDriver
Capabilities [{moz:profile=C:\Users\NAREND~1.RAJ\AppData\Local\Temp\rust_mozprofile.N4yg1ywWgtwa, rotatable=false, timeouts={implicit=0.0, page load=300000.0, script=30000.0}, pageLoadStrategy=normal, platform=ANY, specificationLevel=0.0, moz:accessibilityChecks=false, acceptInsecureCerts=false, browserVersion=52.0.2, platformVersion=6.3, moz:processID=1360.0, browserName=firefox, javascriptEnabled=true, platformName=windows_nt}]
Session ID: 0215aa8f-cade-4264-91fd-3c58a5fd1fb0
	at sun.reflect.NativeConstructorAccessorImpl.newInstance0(Native Method)
	at sun.reflect.NativeConstructorAccessorImpl.newInstance(NativeConstructorAccessorImpl.java:62)
	at sun.reflect.DelegatingConstructorAccessorImpl.newInstance(DelegatingConstructorAccessorImpl.java:45)
	at java.lang.reflect.Constructor.newInstance(Constructor.java:422)
	at org.openqa.selenium.remote.http.W3CHttpResponseCodec.createException(W3CHttpResponseCodec.java:150)
	at org.openqa.selenium.remote.http.W3CHttpResponseCodec.decode(W3CHttpResponseCodec.java:115)
	at org.openqa.selenium.remote.http.W3CHttpResponseCodec.decode(W3CHttpResponseCodec.java:45)
	at org.openqa.selenium.remote.HttpCommandExecutor.execute(HttpCommandExecutor.java:164)
	at org.openqa.selenium.remote.service.DriverCommandExecutor.execute(DriverCommandExecutor.java:82)
	at org.openqa.selenium.remote.RemoteWebDriver.execute(RemoteWebDriver.java:637)
	at org.openqa.selenium.remote.RemoteWebDriver.perform(RemoteWebDriver.java:703)
	at org.openqa.selenium.interactions.Actions$BuiltAction.perform(Actions.java:631)
	at com.mmkproject.pages.MyMoneyKartHomePage.navigateToContactUsPage(MyMoneyKartHomePage.java:235)
	at com.mmk.test_execution_engine.MMKMainSiteTestCases.checkContactUsPageValidations(MMKMainSiteTestCases.java:100)
	at sun.reflect.NativeMethodAccessorImpl.invoke0(Native Method)
	at sun.reflect.NativeMethodAccessorImpl.invoke(NativeMethodAccessorImpl.java:62)
	at sun.reflect.DelegatingMethodAccessorImpl.invoke(DelegatingMethodAccessorImpl.java:43)
	at java.lang.reflect.Method.invoke(Method.java:497)
	at org.testng.internal.MethodInvocationHelper.invokeMethod(MethodInvocationHelper.java:84)
	at org.testng.internal.Invoker.invokeMethod(Invoker.java:714)
	at org.testng.internal.Invoker.invokeTestMethod(Invoker.java:901)
	at org.testng.internal.Invoker.invokeTestMethods(Invoker.java:1231)
	at org.testng.internal.TestMethodWorker.invokeTestMethods(TestMethodWorker.java:127)
	at org.testng.internal.TestMethodWorker.run(TestMethodWorker.java:111)
	at org.testng.TestRunner.privateRun(TestRunner.java:767)
	at org.testng.TestRunner.run(TestRunner.java:617)
	at org.testng.SuiteRunner.runTest(SuiteRunner.java:334)
	at org.testng.SuiteRunner.runSequentially(SuiteRunner.java:329)
	at org.testng.SuiteRunner.privateRun(SuiteRunner.java:291)
	at org.testng.SuiteRunner.run(SuiteRunner.java:240)
	at org.testng.SuiteRunnerWorker.runSuite(SuiteRunnerWorker.java:52)
	at org.testng.SuiteRunnerWorker.run(SuiteRunnerWorker.java:86)
	at org.testng.TestNG.runSuitesSequentially(TestNG.java:1224)
	at org.testng.TestNG.runSuitesLocally(TestNG.java:1149)
	at org.testng.TestNG.run(TestNG.java:1057)
	at org.apache.maven.surefire.testng.TestNGExecutor.run(TestNGExecutor.java:178)
	at org.apache.maven.surefire.testng.TestNGXmlTestSuite.execute(TestNGXmlTestSuite.java:92)
	at org.apache.maven.surefire.testng.TestNGProvider.invoke(TestNGProvider.java:96)
	at sun.reflect.NativeMethodAccessorImpl.invoke0(Native Method)
	at sun.reflect.NativeMethodAccessorImpl.invoke(NativeMethodAccessorImpl.java:62)
	at sun.reflect.DelegatingMethodAccessorImpl.invoke(DelegatingMethodAccessorImpl.java:43)
	at java.lang.reflect.Method.invoke(Method.java:497)
	at org.apache.maven.surefire.util.ReflectionUtils.invokeMethodWithArray(ReflectionUtils.java:189)
	at org.apache.maven.surefire.booter.ProviderFactory$ProviderProxy.invoke(ProviderFactory.java:165)
	at org.apache.maven.surefire.booter.ProviderFactory.invokeProvider(ProviderFactory.java:85)
	at org.apache.maven.surefire.booter.ForkedBooter.runSuitesInProcess(ForkedBooter.java:115)
	at org.apache.maven.surefire.booter.ForkedBooter.main(ForkedBooter.java:75)
]]>
            </full-stacktrace>
          </exception> <!-- org.openqa.selenium.InvalidArgumentException -->
          <reporter-output>
          </reporter-output>
        </test-method> <!-- checkContactUsPageValidations -->
        <test-method status="PASS" signature="tearDown(org.testng.ITestResult)[pri:0, instance:com.mmk.test_execution_engine.MMKMainSiteTestCases@1ed4004b]" name="tearDown" is-config="true" duration-ms="62" started-at="2017-07-18T17:05:51Z" finished-at="2017-07-18T17:05:51Z">
          <params>
            <param index="0">
              <value>
                <![CDATA[[TestResult name=checkContactUsPageValidations status=FAILURE method=MMKMainSiteTestCases.checkContactUsPageValidations()[pri:0, instance:com.mmk.test_execution_engine.MMKMainSiteTestCases@1ed4004b] output={null}]]]>
              </value>
            </param>
          </params>
          <reporter-output>
            <line>
              <![CDATA[<h3>Failed Test Method :checkContactUsPageValidations</h3></br>]]>
            </line>
            <line>
              <![CDATA[<a href="..\screenshots\FailedTest\mmk_test_18_Jul_2017__05_05_51PM.png"><p align="left">Failed Test Screenshot Tue Jul 18 17:05:51 IST 2017</p>]]>
            </line>
            <line>
              <![CDATA[<p><img width="600" src=..\screenshots\FailedTest\mmk_test_18_Jul_2017__05_05_51PM.png alt="Test Failed atTue Jul 18 17:05:51 IST 2017"/></p></a><br/>]]>
            </line>
          </reporter-output>
        </test-method> <!-- tearDown -->
        <test-method status="PASS" signature="navigateOnInviteFriend()[pri:0, instance:com.mmk.test_execution_engine.MMKMainSiteTestCases@1ed4004b]" name="navigateOnInviteFriend" duration-ms="5083" started-at="2017-07-18T17:05:51Z" finished-at="2017-07-18T17:05:56Z">
          <reporter-output>
          </reporter-output>
        </test-method> <!-- navigateOnInviteFriend -->
        <test-method status="PASS" signature="tearDown(org.testng.ITestResult)[pri:0, instance:com.mmk.test_execution_engine.MMKMainSiteTestCases@1ed4004b]" name="tearDown" is-config="true" duration-ms="1" started-at="2017-07-18T17:05:56Z" finished-at="2017-07-18T17:05:56Z">
          <params>
            <param index="0">
              <value>
                <![CDATA[[TestResult name=navigateOnInviteFriend status=SUCCESS method=MMKMainSiteTestCases.navigateOnInviteFriend()[pri:0, instance:com.mmk.test_execution_engine.MMKMainSiteTestCases@1ed4004b] output={null}]]]>
              </value>
            </param>
          </params>
          <reporter-output>
          </reporter-output>
        </test-method> <!-- tearDown -->
        <test-method status="PASS" signature="inviteFriends()[pri:0, instance:com.mmk.test_execution_engine.MMKMainSiteTestCases@1ed4004b]" name="inviteFriends" duration-ms="58960" started-at="2017-07-18T17:05:56Z" finished-at="2017-07-18T17:06:55Z">
          <reporter-output>
          </reporter-output>
        </test-method> <!-- inviteFriends -->
        <test-method status="PASS" signature="tearDown(org.testng.ITestResult)[pri:0, instance:com.mmk.test_execution_engine.MMKMainSiteTestCases@1ed4004b]" name="tearDown" is-config="true" duration-ms="1" started-at="2017-07-18T17:06:55Z" finished-at="2017-07-18T17:06:55Z">
          <params>
            <param index="0">
              <value>
                <![CDATA[[TestResult name=inviteFriends status=SUCCESS method=MMKMainSiteTestCases.inviteFriends()[pri:0, instance:com.mmk.test_execution_engine.MMKMainSiteTestCases@1ed4004b] output={null}]]]>
              </value>
            </param>
          </params>
          <reporter-output>
          </reporter-output>
        </test-method> <!-- tearDown -->
        <test-method status="FAIL" signature="navigateToUserAccountScbscriptionLink()[pri:0, instance:com.mmk.test_execution_engine.MMKMainSiteTestCases@1ed4004b]" name="navigateToUserAccountScbscriptionLink" duration-ms="357" started-at="2017-07-18T17:06:55Z" finished-at="2017-07-18T17:06:55Z">
          <exception class="org.openqa.selenium.InvalidArgumentException">
            <message>
              <![CDATA[Could not find webelement key
Build info: version: '3.4.0', revision: 'unknown', time: 'unknown'
System info: host: 'TSS167', ip: '192.168.1.167', os.name: 'Windows 8.1', os.arch: 'amd64', os.version: '6.3', java.version: '1.8.0_51'
Driver info: org.openqa.selenium.firefox.FirefoxDriver
Capabilities [{moz:profile=C:\Users\NAREND~1.RAJ\AppData\Local\Temp\rust_mozprofile.N4yg1ywWgtwa, rotatable=false, timeouts={implicit=0.0, page load=300000.0, script=30000.0}, pageLoadStrategy=normal, platform=ANY, specificationLevel=0.0, moz:accessibilityChecks=false, acceptInsecureCerts=false, browserVersion=52.0.2, platformVersion=6.3, moz:processID=1360.0, browserName=firefox, javascriptEnabled=true, platformName=windows_nt}]
Session ID: 0215aa8f-cade-4264-91fd-3c58a5fd1fb0]]>
            </message>
            <full-stacktrace>
              <![CDATA[org.openqa.selenium.InvalidArgumentException: Could not find webelement key
Build info: version: '3.4.0', revision: 'unknown', time: 'unknown'
System info: host: 'TSS167', ip: '192.168.1.167', os.name: 'Windows 8.1', os.arch: 'amd64', os.version: '6.3', java.version: '1.8.0_51'
Driver info: org.openqa.selenium.firefox.FirefoxDriver
Capabilities [{moz:profile=C:\Users\NAREND~1.RAJ\AppData\Local\Temp\rust_mozprofile.N4yg1ywWgtwa, rotatable=false, timeouts={implicit=0.0, page load=300000.0, script=30000.0}, pageLoadStrategy=normal, platform=ANY, specificationLevel=0.0, moz:accessibilityChecks=false, acceptInsecureCerts=false, browserVersion=52.0.2, platformVersion=6.3, moz:processID=1360.0, browserName=firefox, javascriptEnabled=true, platformName=windows_nt}]
Session ID: 0215aa8f-cade-4264-91fd-3c58a5fd1fb0
	at sun.reflect.NativeConstructorAccessorImpl.newInstance0(Native Method)
	at sun.reflect.NativeConstructorAccessorImpl.newInstance(NativeConstructorAccessorImpl.java:62)
	at sun.reflect.DelegatingConstructorAccessorImpl.newInstance(DelegatingConstructorAccessorImpl.java:45)
	at java.lang.reflect.Constructor.newInstance(Constructor.java:422)
	at org.openqa.selenium.remote.http.W3CHttpResponseCodec.createException(W3CHttpResponseCodec.java:150)
	at org.openqa.selenium.remote.http.W3CHttpResponseCodec.decode(W3CHttpResponseCodec.java:115)
	at org.openqa.selenium.remote.http.W3CHttpResponseCodec.decode(W3CHttpResponseCodec.java:45)
	at org.openqa.selenium.remote.HttpCommandExecutor.execute(HttpCommandExecutor.java:164)
	at org.openqa.selenium.remote.service.DriverCommandExecutor.execute(DriverCommandExecutor.java:82)
	at org.openqa.selenium.remote.RemoteWebDriver.execute(RemoteWebDriver.java:637)
	at org.openqa.selenium.remote.RemoteWebDriver.perform(RemoteWebDriver.java:703)
	at org.openqa.selenium.interactions.Actions$BuiltAction.perform(Actions.java:631)
	at com.mmkproject.pages.MyMoneyKartHomePage.navigateAccountSubscription(MyMoneyKartHomePage.java:336)
	at com.mmk.test_execution_engine.MMKMainSiteTestCases.navigateToUserAccountScbscriptionLink(MMKMainSiteTestCases.java:127)
	at sun.reflect.NativeMethodAccessorImpl.invoke0(Native Method)
	at sun.reflect.NativeMethodAccessorImpl.invoke(NativeMethodAccessorImpl.java:62)
	at sun.reflect.DelegatingMethodAccessorImpl.invoke(DelegatingMethodAccessorImpl.java:43)
	at java.lang.reflect.Method.invoke(Method.java:497)
	at org.testng.internal.MethodInvocationHelper.invokeMethod(MethodInvocationHelper.java:84)
	at org.testng.internal.Invoker.invokeMethod(Invoker.java:714)
	at org.testng.internal.Invoker.invokeTestMethod(Invoker.java:901)
	at org.testng.internal.Invoker.invokeTestMethods(Invoker.java:1231)
	at org.testng.internal.TestMethodWorker.invokeTestMethods(TestMethodWorker.java:127)
	at org.testng.internal.TestMethodWorker.run(TestMethodWorker.java:111)
	at org.testng.TestRunner.privateRun(TestRunner.java:767)
	at org.testng.TestRunner.run(TestRunner.java:617)
	at org.testng.SuiteRunner.runTest(SuiteRunner.java:334)
	at org.testng.SuiteRunner.runSequentially(SuiteRunner.java:329)
	at org.testng.SuiteRunner.privateRun(SuiteRunner.java:291)
	at org.testng.SuiteRunner.run(SuiteRunner.java:240)
	at org.testng.SuiteRunnerWorker.runSuite(SuiteRunnerWorker.java:52)
	at org.testng.SuiteRunnerWorker.run(SuiteRunnerWorker.java:86)
	at org.testng.TestNG.runSuitesSequentially(TestNG.java:1224)
	at org.testng.TestNG.runSuitesLocally(TestNG.java:1149)
	at org.testng.TestNG.run(TestNG.java:1057)
	at org.apache.maven.surefire.testng.TestNGExecutor.run(TestNGExecutor.java:178)
	at org.apache.maven.surefire.testng.TestNGXmlTestSuite.execute(TestNGXmlTestSuite.java:92)
	at org.apache.maven.surefire.testng.TestNGProvider.invoke(TestNGProvider.java:96)
	at sun.reflect.NativeMethodAccessorImpl.invoke0(Native Method)
	at sun.reflect.NativeMethodAccessorImpl.invoke(NativeMethodAccessorImpl.java:62)
	at sun.reflect.DelegatingMethodAccessorImpl.invoke(DelegatingMethodAccessorImpl.java:43)
	at java.lang.reflect.Method.invoke(Method.java:497)
	at org.apache.maven.surefire.util.ReflectionUtils.invokeMethodWithArray(ReflectionUtils.java:189)
	at org.apache.maven.surefire.booter.ProviderFactory$ProviderProxy.invoke(ProviderFactory.java:165)
	at org.apache.maven.surefire.booter.ProviderFactory.invokeProvider(ProviderFactory.java:85)
	at org.apache.maven.surefire.booter.ForkedBooter.runSuitesInProcess(ForkedBooter.java:115)
	at org.apache.maven.surefire.booter.ForkedBooter.main(ForkedBooter.java:75)
]]>
            </full-stacktrace>
          </exception> <!-- org.openqa.selenium.InvalidArgumentException -->
          <reporter-output>
          </reporter-output>
        </test-method> <!-- navigateToUserAccountScbscriptionLink -->
        <test-method status="PASS" signature="tearDown(org.testng.ITestResult)[pri:0, instance:com.mmk.test_execution_engine.MMKMainSiteTestCases@1ed4004b]" name="tearDown" is-config="true" duration-ms="403" started-at="2017-07-18T17:06:55Z" finished-at="2017-07-18T17:06:55Z">
          <params>
            <param index="0">
              <value>
                <![CDATA[[TestResult name=navigateToUserAccountScbscriptionLink status=FAILURE method=MMKMainSiteTestCases.navigateToUserAccountScbscriptionLink()[pri:0, instance:com.mmk.test_execution_engine.MMKMainSiteTestCases@1ed4004b] output={null}]]]>
              </value>
            </param>
          </params>
          <reporter-output>
            <line>
              <![CDATA[<h3>Failed Test Method :navigateToUserAccountScbscriptionLink</h3></br>]]>
            </line>
            <line>
              <![CDATA[<a href="..\screenshots\FailedTest\mmk_test_18_Jul_2017__05_06_55PM.png"><p align="left">Failed Test Screenshot Tue Jul 18 17:06:55 IST 2017</p>]]>
            </line>
            <line>
              <![CDATA[<p><img width="600" src=..\screenshots\FailedTest\mmk_test_18_Jul_2017__05_06_55PM.png alt="Test Failed atTue Jul 18 17:06:55 IST 2017"/></p></a><br/>]]>
            </line>
          </reporter-output>
        </test-method> <!-- tearDown -->
        <test-method status="FAIL" signature="navigateToUserAccountScbscriptionLinkAndCheckScbscriptionStatus()[pri:0, instance:com.mmk.test_execution_engine.MMKMainSiteTestCases@1ed4004b]" name="navigateToUserAccountScbscriptionLinkAndCheckScbscriptionStatus" duration-ms="155" started-at="2017-07-18T17:06:55Z" finished-at="2017-07-18T17:06:56Z">
          <exception class="org.openqa.selenium.InvalidArgumentException">
            <message>
              <![CDATA[Could not find webelement key
Build info: version: '3.4.0', revision: 'unknown', time: 'unknown'
System info: host: 'TSS167', ip: '192.168.1.167', os.name: 'Windows 8.1', os.arch: 'amd64', os.version: '6.3', java.version: '1.8.0_51'
Driver info: org.openqa.selenium.firefox.FirefoxDriver
Capabilities [{moz:profile=C:\Users\NAREND~1.RAJ\AppData\Local\Temp\rust_mozprofile.N4yg1ywWgtwa, rotatable=false, timeouts={implicit=0.0, page load=300000.0, script=30000.0}, pageLoadStrategy=normal, platform=ANY, specificationLevel=0.0, moz:accessibilityChecks=false, acceptInsecureCerts=false, browserVersion=52.0.2, platformVersion=6.3, moz:processID=1360.0, browserName=firefox, javascriptEnabled=true, platformName=windows_nt}]
Session ID: 0215aa8f-cade-4264-91fd-3c58a5fd1fb0]]>
            </message>
            <full-stacktrace>
              <![CDATA[org.openqa.selenium.InvalidArgumentException: Could not find webelement key
Build info: version: '3.4.0', revision: 'unknown', time: 'unknown'
System info: host: 'TSS167', ip: '192.168.1.167', os.name: 'Windows 8.1', os.arch: 'amd64', os.version: '6.3', java.version: '1.8.0_51'
Driver info: org.openqa.selenium.firefox.FirefoxDriver
Capabilities [{moz:profile=C:\Users\NAREND~1.RAJ\AppData\Local\Temp\rust_mozprofile.N4yg1ywWgtwa, rotatable=false, timeouts={implicit=0.0, page load=300000.0, script=30000.0}, pageLoadStrategy=normal, platform=ANY, specificationLevel=0.0, moz:accessibilityChecks=false, acceptInsecureCerts=false, browserVersion=52.0.2, platformVersion=6.3, moz:processID=1360.0, browserName=firefox, javascriptEnabled=true, platformName=windows_nt}]
Session ID: 0215aa8f-cade-4264-91fd-3c58a5fd1fb0
	at sun.reflect.NativeConstructorAccessorImpl.newInstance0(Native Method)
	at sun.reflect.NativeConstructorAccessorImpl.newInstance(NativeConstructorAccessorImpl.java:62)
	at sun.reflect.DelegatingConstructorAccessorImpl.newInstance(DelegatingConstructorAccessorImpl.java:45)
	at java.lang.reflect.Constructor.newInstance(Constructor.java:422)
	at org.openqa.selenium.remote.http.W3CHttpResponseCodec.createException(W3CHttpResponseCodec.java:150)
	at org.openqa.selenium.remote.http.W3CHttpResponseCodec.decode(W3CHttpResponseCodec.java:115)
	at org.openqa.selenium.remote.http.W3CHttpResponseCodec.decode(W3CHttpResponseCodec.java:45)
	at org.openqa.selenium.remote.HttpCommandExecutor.execute(HttpCommandExecutor.java:164)
	at org.openqa.selenium.remote.service.DriverCommandExecutor.execute(DriverCommandExecutor.java:82)
	at org.openqa.selenium.remote.RemoteWebDriver.execute(RemoteWebDriver.java:637)
	at org.openqa.selenium.remote.RemoteWebDriver.perform(RemoteWebDriver.java:703)
	at org.openqa.selenium.interactions.Actions$BuiltAction.perform(Actions.java:631)
	at com.mmkproject.pages.MyMoneyKartHomePage.navigateAccountSubscription(MyMoneyKartHomePage.java:336)
	at com.mmk.test_execution_engine.MMKMainSiteTestCases.navigateToUserAccountScbscriptionLinkAndCheckScbscriptionStatus(MMKMainSiteTestCases.java:134)
	at sun.reflect.NativeMethodAccessorImpl.invoke0(Native Method)
	at sun.reflect.NativeMethodAccessorImpl.invoke(NativeMethodAccessorImpl.java:62)
	at sun.reflect.DelegatingMethodAccessorImpl.invoke(DelegatingMethodAccessorImpl.java:43)
	at java.lang.reflect.Method.invoke(Method.java:497)
	at org.testng.internal.MethodInvocationHelper.invokeMethod(MethodInvocationHelper.java:84)
	at org.testng.internal.Invoker.invokeMethod(Invoker.java:714)
	at org.testng.internal.Invoker.invokeTestMethod(Invoker.java:901)
	at org.testng.internal.Invoker.invokeTestMethods(Invoker.java:1231)
	at org.testng.internal.TestMethodWorker.invokeTestMethods(TestMethodWorker.java:127)
	at org.testng.internal.TestMethodWorker.run(TestMethodWorker.java:111)
	at org.testng.TestRunner.privateRun(TestRunner.java:767)
	at org.testng.TestRunner.run(TestRunner.java:617)
	at org.testng.SuiteRunner.runTest(SuiteRunner.java:334)
	at org.testng.SuiteRunner.runSequentially(SuiteRunner.java:329)
	at org.testng.SuiteRunner.privateRun(SuiteRunner.java:291)
	at org.testng.SuiteRunner.run(SuiteRunner.java:240)
	at org.testng.SuiteRunnerWorker.runSuite(SuiteRunnerWorker.java:52)
	at org.testng.SuiteRunnerWorker.run(SuiteRunnerWorker.java:86)
	at org.testng.TestNG.runSuitesSequentially(TestNG.java:1224)
	at org.testng.TestNG.runSuitesLocally(TestNG.java:1149)
	at org.testng.TestNG.run(TestNG.java:1057)
	at org.apache.maven.surefire.testng.TestNGExecutor.run(TestNGExecutor.java:178)
	at org.apache.maven.surefire.testng.TestNGXmlTestSuite.execute(TestNGXmlTestSuite.java:92)
	at org.apache.maven.surefire.testng.TestNGProvider.invoke(TestNGProvider.java:96)
	at sun.reflect.NativeMethodAccessorImpl.invoke0(Native Method)
	at sun.reflect.NativeMethodAccessorImpl.invoke(NativeMethodAccessorImpl.java:62)
	at sun.reflect.DelegatingMethodAccessorImpl.invoke(DelegatingMethodAccessorImpl.java:43)
	at java.lang.reflect.Method.invoke(Method.java:497)
	at org.apache.maven.surefire.util.ReflectionUtils.invokeMethodWithArray(ReflectionUtils.java:189)
	at org.apache.maven.surefire.booter.ProviderFactory$ProviderProxy.invoke(ProviderFactory.java:165)
	at org.apache.maven.surefire.booter.ProviderFactory.invokeProvider(ProviderFactory.java:85)
	at org.apache.maven.surefire.booter.ForkedBooter.runSuitesInProcess(ForkedBooter.java:115)
	at org.apache.maven.surefire.booter.ForkedBooter.main(ForkedBooter.java:75)
]]>
            </full-stacktrace>
          </exception> <!-- org.openqa.selenium.InvalidArgumentException -->
          <reporter-output>
          </reporter-output>
        </test-method> <!-- navigateToUserAccountScbscriptionLinkAndCheckScbscriptionStatus -->
        <test-method status="PASS" signature="tearDown(org.testng.ITestResult)[pri:0, instance:com.mmk.test_execution_engine.MMKMainSiteTestCases@1ed4004b]" name="tearDown" is-config="true" duration-ms="429" started-at="2017-07-18T17:06:56Z" finished-at="2017-07-18T17:06:56Z">
          <params>
            <param index="0">
              <value>
                <![CDATA[[TestResult name=navigateToUserAccountScbscriptionLinkAndCheckScbscriptionStatus status=FAILURE method=MMKMainSiteTestCases.navigateToUserAccountScbscriptionLinkAndCheckScbscriptionStatus()[pri:0, instance:com.mmk.test_execution_engine.MMKMainSiteTestCases@1ed4004b] output={null}]]]>
              </value>
            </param>
          </params>
          <reporter-output>
            <line>
              <![CDATA[<h3>Failed Test Method :navigateToUserAccountScbscriptionLinkAndCheckScbscriptionStatus</h3></br>]]>
            </line>
            <line>
              <![CDATA[<a href="..\screenshots\FailedTest\mmk_test_18_Jul_2017__05_06_56PM.png"><p align="left">Failed Test Screenshot Tue Jul 18 17:06:56 IST 2017</p>]]>
            </line>
            <line>
              <![CDATA[<p><img width="600" src=..\screenshots\FailedTest\mmk_test_18_Jul_2017__05_06_56PM.png alt="Test Failed atTue Jul 18 17:06:56 IST 2017"/></p></a><br/>]]>
            </line>
          </reporter-output>
        </test-method> <!-- tearDown -->
        <test-method status="FAIL" signature="failSubscriptionFeePaymentFromPG()[pri:0, instance:com.mmk.test_execution_engine.MMKMainSiteTestCases@1ed4004b]" name="failSubscriptionFeePaymentFromPG" duration-ms="154" started-at="2017-07-18T17:06:56Z" finished-at="2017-07-18T17:06:56Z">
          <exception class="org.openqa.selenium.InvalidArgumentException">
            <message>
              <![CDATA[Could not find webelement key
Build info: version: '3.4.0', revision: 'unknown', time: 'unknown'
System info: host: 'TSS167', ip: '192.168.1.167', os.name: 'Windows 8.1', os.arch: 'amd64', os.version: '6.3', java.version: '1.8.0_51'
Driver info: org.openqa.selenium.firefox.FirefoxDriver
Capabilities [{moz:profile=C:\Users\NAREND~1.RAJ\AppData\Local\Temp\rust_mozprofile.N4yg1ywWgtwa, rotatable=false, timeouts={implicit=0.0, page load=300000.0, script=30000.0}, pageLoadStrategy=normal, platform=ANY, specificationLevel=0.0, moz:accessibilityChecks=false, acceptInsecureCerts=false, browserVersion=52.0.2, platformVersion=6.3, moz:processID=1360.0, browserName=firefox, javascriptEnabled=true, platformName=windows_nt}]
Session ID: 0215aa8f-cade-4264-91fd-3c58a5fd1fb0]]>
            </message>
            <full-stacktrace>
              <![CDATA[org.openqa.selenium.InvalidArgumentException: Could not find webelement key
Build info: version: '3.4.0', revision: 'unknown', time: 'unknown'
System info: host: 'TSS167', ip: '192.168.1.167', os.name: 'Windows 8.1', os.arch: 'amd64', os.version: '6.3', java.version: '1.8.0_51'
Driver info: org.openqa.selenium.firefox.FirefoxDriver
Capabilities [{moz:profile=C:\Users\NAREND~1.RAJ\AppData\Local\Temp\rust_mozprofile.N4yg1ywWgtwa, rotatable=false, timeouts={implicit=0.0, page load=300000.0, script=30000.0}, pageLoadStrategy=normal, platform=ANY, specificationLevel=0.0, moz:accessibilityChecks=false, acceptInsecureCerts=false, browserVersion=52.0.2, platformVersion=6.3, moz:processID=1360.0, browserName=firefox, javascriptEnabled=true, platformName=windows_nt}]
Session ID: 0215aa8f-cade-4264-91fd-3c58a5fd1fb0
	at sun.reflect.NativeConstructorAccessorImpl.newInstance0(Native Method)
	at sun.reflect.NativeConstructorAccessorImpl.newInstance(NativeConstructorAccessorImpl.java:62)
	at sun.reflect.DelegatingConstructorAccessorImpl.newInstance(DelegatingConstructorAccessorImpl.java:45)
	at java.lang.reflect.Constructor.newInstance(Constructor.java:422)
	at org.openqa.selenium.remote.http.W3CHttpResponseCodec.createException(W3CHttpResponseCodec.java:150)
	at org.openqa.selenium.remote.http.W3CHttpResponseCodec.decode(W3CHttpResponseCodec.java:115)
	at org.openqa.selenium.remote.http.W3CHttpResponseCodec.decode(W3CHttpResponseCodec.java:45)
	at org.openqa.selenium.remote.HttpCommandExecutor.execute(HttpCommandExecutor.java:164)
	at org.openqa.selenium.remote.service.DriverCommandExecutor.execute(DriverCommandExecutor.java:82)
	at org.openqa.selenium.remote.RemoteWebDriver.execute(RemoteWebDriver.java:637)
	at org.openqa.selenium.remote.RemoteWebDriver.perform(RemoteWebDriver.java:703)
	at org.openqa.selenium.interactions.Actions$BuiltAction.perform(Actions.java:631)
	at com.mmkproject.pages.MyMoneyKartHomePage.navigateAccountSubscription(MyMoneyKartHomePage.java:336)
	at com.mmk.test_execution_engine.MMKMainSiteTestCases.failSubscriptionFeePaymentFromPG(MMKMainSiteTestCases.java:143)
	at sun.reflect.NativeMethodAccessorImpl.invoke0(Native Method)
	at sun.reflect.NativeMethodAccessorImpl.invoke(NativeMethodAccessorImpl.java:62)
	at sun.reflect.DelegatingMethodAccessorImpl.invoke(DelegatingMethodAccessorImpl.java:43)
	at java.lang.reflect.Method.invoke(Method.java:497)
	at org.testng.internal.MethodInvocationHelper.invokeMethod(MethodInvocationHelper.java:84)
	at org.testng.internal.Invoker.invokeMethod(Invoker.java:714)
	at org.testng.internal.Invoker.invokeTestMethod(Invoker.java:901)
	at org.testng.internal.Invoker.invokeTestMethods(Invoker.java:1231)
	at org.testng.internal.TestMethodWorker.invokeTestMethods(TestMethodWorker.java:127)
	at org.testng.internal.TestMethodWorker.run(TestMethodWorker.java:111)
	at org.testng.TestRunner.privateRun(TestRunner.java:767)
	at org.testng.TestRunner.run(TestRunner.java:617)
	at org.testng.SuiteRunner.runTest(SuiteRunner.java:334)
	at org.testng.SuiteRunner.runSequentially(SuiteRunner.java:329)
	at org.testng.SuiteRunner.privateRun(SuiteRunner.java:291)
	at org.testng.SuiteRunner.run(SuiteRunner.java:240)
	at org.testng.SuiteRunnerWorker.runSuite(SuiteRunnerWorker.java:52)
	at org.testng.SuiteRunnerWorker.run(SuiteRunnerWorker.java:86)
	at org.testng.TestNG.runSuitesSequentially(TestNG.java:1224)
	at org.testng.TestNG.runSuitesLocally(TestNG.java:1149)
	at org.testng.TestNG.run(TestNG.java:1057)
	at org.apache.maven.surefire.testng.TestNGExecutor.run(TestNGExecutor.java:178)
	at org.apache.maven.surefire.testng.TestNGXmlTestSuite.execute(TestNGXmlTestSuite.java:92)
	at org.apache.maven.surefire.testng.TestNGProvider.invoke(TestNGProvider.java:96)
	at sun.reflect.NativeMethodAccessorImpl.invoke0(Native Method)
	at sun.reflect.NativeMethodAccessorImpl.invoke(NativeMethodAccessorImpl.java:62)
	at sun.reflect.DelegatingMethodAccessorImpl.invoke(DelegatingMethodAccessorImpl.java:43)
	at java.lang.reflect.Method.invoke(Method.java:497)
	at org.apache.maven.surefire.util.ReflectionUtils.invokeMethodWithArray(ReflectionUtils.java:189)
	at org.apache.maven.surefire.booter.ProviderFactory$ProviderProxy.invoke(ProviderFactory.java:165)
	at org.apache.maven.surefire.booter.ProviderFactory.invokeProvider(ProviderFactory.java:85)
	at org.apache.maven.surefire.booter.ForkedBooter.runSuitesInProcess(ForkedBooter.java:115)
	at org.apache.maven.surefire.booter.ForkedBooter.main(ForkedBooter.java:75)
]]>
            </full-stacktrace>
          </exception> <!-- org.openqa.selenium.InvalidArgumentException -->
          <reporter-output>
          </reporter-output>
        </test-method> <!-- failSubscriptionFeePaymentFromPG -->
        <test-method status="PASS" signature="tearDown(org.testng.ITestResult)[pri:0, instance:com.mmk.test_execution_engine.MMKMainSiteTestCases@1ed4004b]" name="tearDown" is-config="true" duration-ms="406" started-at="2017-07-18T17:06:56Z" finished-at="2017-07-18T17:06:57Z">
          <params>
            <param index="0">
              <value>
                <![CDATA[[TestResult name=failSubscriptionFeePaymentFromPG status=FAILURE method=MMKMainSiteTestCases.failSubscriptionFeePaymentFromPG()[pri:0, instance:com.mmk.test_execution_engine.MMKMainSiteTestCases@1ed4004b] output={null}]]]>
              </value>
            </param>
          </params>
          <reporter-output>
            <line>
              <![CDATA[<h3>Failed Test Method :failSubscriptionFeePaymentFromPG</h3></br>]]>
            </line>
            <line>
              <![CDATA[<a href="..\screenshots\FailedTest\mmk_test_18_Jul_2017__05_06_57PM.png"><p align="left">Failed Test Screenshot Tue Jul 18 17:06:57 IST 2017</p>]]>
            </line>
            <line>
              <![CDATA[<p><img width="600" src=..\screenshots\FailedTest\mmk_test_18_Jul_2017__05_06_57PM.png alt="Test Failed atTue Jul 18 17:06:57 IST 2017"/></p></a><br/>]]>
            </line>
          </reporter-output>
        </test-method> <!-- tearDown -->
        <test-method status="FAIL" signature="navigateToKycDetailsPageAndVerifyCorrectRedirect()[pri:0, instance:com.mmk.test_execution_engine.MMKMainSiteTestCases@1ed4004b]" name="navigateToKycDetailsPageAndVerifyCorrectRedirect" duration-ms="163" started-at="2017-07-18T17:06:57Z" finished-at="2017-07-18T17:06:57Z">
          <exception class="org.openqa.selenium.InvalidArgumentException">
            <message>
              <![CDATA[Could not find webelement key
Build info: version: '3.4.0', revision: 'unknown', time: 'unknown'
System info: host: 'TSS167', ip: '192.168.1.167', os.name: 'Windows 8.1', os.arch: 'amd64', os.version: '6.3', java.version: '1.8.0_51'
Driver info: org.openqa.selenium.firefox.FirefoxDriver
Capabilities [{moz:profile=C:\Users\NAREND~1.RAJ\AppData\Local\Temp\rust_mozprofile.N4yg1ywWgtwa, rotatable=false, timeouts={implicit=0.0, page load=300000.0, script=30000.0}, pageLoadStrategy=normal, platform=ANY, specificationLevel=0.0, moz:accessibilityChecks=false, acceptInsecureCerts=false, browserVersion=52.0.2, platformVersion=6.3, moz:processID=1360.0, browserName=firefox, javascriptEnabled=true, platformName=windows_nt}]
Session ID: 0215aa8f-cade-4264-91fd-3c58a5fd1fb0]]>
            </message>
            <full-stacktrace>
              <![CDATA[org.openqa.selenium.InvalidArgumentException: Could not find webelement key
Build info: version: '3.4.0', revision: 'unknown', time: 'unknown'
System info: host: 'TSS167', ip: '192.168.1.167', os.name: 'Windows 8.1', os.arch: 'amd64', os.version: '6.3', java.version: '1.8.0_51'
Driver info: org.openqa.selenium.firefox.FirefoxDriver
Capabilities [{moz:profile=C:\Users\NAREND~1.RAJ\AppData\Local\Temp\rust_mozprofile.N4yg1ywWgtwa, rotatable=false, timeouts={implicit=0.0, page load=300000.0, script=30000.0}, pageLoadStrategy=normal, platform=ANY, specificationLevel=0.0, moz:accessibilityChecks=false, acceptInsecureCerts=false, browserVersion=52.0.2, platformVersion=6.3, moz:processID=1360.0, browserName=firefox, javascriptEnabled=true, platformName=windows_nt}]
Session ID: 0215aa8f-cade-4264-91fd-3c58a5fd1fb0
	at sun.reflect.NativeConstructorAccessorImpl.newInstance0(Native Method)
	at sun.reflect.NativeConstructorAccessorImpl.newInstance(NativeConstructorAccessorImpl.java:62)
	at sun.reflect.DelegatingConstructorAccessorImpl.newInstance(DelegatingConstructorAccessorImpl.java:45)
	at java.lang.reflect.Constructor.newInstance(Constructor.java:422)
	at org.openqa.selenium.remote.http.W3CHttpResponseCodec.createException(W3CHttpResponseCodec.java:150)
	at org.openqa.selenium.remote.http.W3CHttpResponseCodec.decode(W3CHttpResponseCodec.java:115)
	at org.openqa.selenium.remote.http.W3CHttpResponseCodec.decode(W3CHttpResponseCodec.java:45)
	at org.openqa.selenium.remote.HttpCommandExecutor.execute(HttpCommandExecutor.java:164)
	at org.openqa.selenium.remote.service.DriverCommandExecutor.execute(DriverCommandExecutor.java:82)
	at org.openqa.selenium.remote.RemoteWebDriver.execute(RemoteWebDriver.java:637)
	at org.openqa.selenium.remote.RemoteWebDriver.perform(RemoteWebDriver.java:703)
	at org.openqa.selenium.interactions.Actions$BuiltAction.perform(Actions.java:631)
	at com.mmkproject.pages.MyMoneyKartHomePage.navigateToKYCDetails(MyMoneyKartHomePage.java:378)
	at com.mmk.test_execution_engine.MMKMainSiteTestCases.navigateToKycDetailsPageAndVerifyCorrectRedirect(MMKMainSiteTestCases.java:154)
	at sun.reflect.NativeMethodAccessorImpl.invoke0(Native Method)
	at sun.reflect.NativeMethodAccessorImpl.invoke(NativeMethodAccessorImpl.java:62)
	at sun.reflect.DelegatingMethodAccessorImpl.invoke(DelegatingMethodAccessorImpl.java:43)
	at java.lang.reflect.Method.invoke(Method.java:497)
	at org.testng.internal.MethodInvocationHelper.invokeMethod(MethodInvocationHelper.java:84)
	at org.testng.internal.Invoker.invokeMethod(Invoker.java:714)
	at org.testng.internal.Invoker.invokeTestMethod(Invoker.java:901)
	at org.testng.internal.Invoker.invokeTestMethods(Invoker.java:1231)
	at org.testng.internal.TestMethodWorker.invokeTestMethods(TestMethodWorker.java:127)
	at org.testng.internal.TestMethodWorker.run(TestMethodWorker.java:111)
	at org.testng.TestRunner.privateRun(TestRunner.java:767)
	at org.testng.TestRunner.run(TestRunner.java:617)
	at org.testng.SuiteRunner.runTest(SuiteRunner.java:334)
	at org.testng.SuiteRunner.runSequentially(SuiteRunner.java:329)
	at org.testng.SuiteRunner.privateRun(SuiteRunner.java:291)
	at org.testng.SuiteRunner.run(SuiteRunner.java:240)
	at org.testng.SuiteRunnerWorker.runSuite(SuiteRunnerWorker.java:52)
	at org.testng.SuiteRunnerWorker.run(SuiteRunnerWorker.java:86)
	at org.testng.TestNG.runSuitesSequentially(TestNG.java:1224)
	at org.testng.TestNG.runSuitesLocally(TestNG.java:1149)
	at org.testng.TestNG.run(TestNG.java:1057)
	at org.apache.maven.surefire.testng.TestNGExecutor.run(TestNGExecutor.java:178)
	at org.apache.maven.surefire.testng.TestNGXmlTestSuite.execute(TestNGXmlTestSuite.java:92)
	at org.apache.maven.surefire.testng.TestNGProvider.invoke(TestNGProvider.java:96)
	at sun.reflect.NativeMethodAccessorImpl.invoke0(Native Method)
	at sun.reflect.NativeMethodAccessorImpl.invoke(NativeMethodAccessorImpl.java:62)
	at sun.reflect.DelegatingMethodAccessorImpl.invoke(DelegatingMethodAccessorImpl.java:43)
	at java.lang.reflect.Method.invoke(Method.java:497)
	at org.apache.maven.surefire.util.ReflectionUtils.invokeMethodWithArray(ReflectionUtils.java:189)
	at org.apache.maven.surefire.booter.ProviderFactory$ProviderProxy.invoke(ProviderFactory.java:165)
	at org.apache.maven.surefire.booter.ProviderFactory.invokeProvider(ProviderFactory.java:85)
	at org.apache.maven.surefire.booter.ForkedBooter.runSuitesInProcess(ForkedBooter.java:115)
	at org.apache.maven.surefire.booter.ForkedBooter.main(ForkedBooter.java:75)
]]>
            </full-stacktrace>
          </exception> <!-- org.openqa.selenium.InvalidArgumentException -->
          <reporter-output>
          </reporter-output>
        </test-method> <!-- navigateToKycDetailsPageAndVerifyCorrectRedirect -->
        <test-method status="PASS" signature="tearDown(org.testng.ITestResult)[pri:0, instance:com.mmk.test_execution_engine.MMKMainSiteTestCases@1ed4004b]" name="tearDown" is-config="true" duration-ms="427" started-at="2017-07-18T17:06:57Z" finished-at="2017-07-18T17:06:57Z">
          <params>
            <param index="0">
              <value>
                <![CDATA[[TestResult name=navigateToKycDetailsPageAndVerifyCorrectRedirect status=FAILURE method=MMKMainSiteTestCases.navigateToKycDetailsPageAndVerifyCorrectRedirect()[pri:0, instance:com.mmk.test_execution_engine.MMKMainSiteTestCases@1ed4004b] output={null}]]]>
              </value>
            </param>
          </params>
          <reporter-output>
            <line>
              <![CDATA[<h3>Failed Test Method :navigateToKycDetailsPageAndVerifyCorrectRedirect</h3></br>]]>
            </line>
            <line>
              <![CDATA[<a href="..\screenshots\FailedTest\mmk_test_18_Jul_2017__05_06_57PM.png"><p align="left">Failed Test Screenshot Tue Jul 18 17:06:57 IST 2017</p>]]>
            </line>
            <line>
              <![CDATA[<p><img width="600" src=..\screenshots\FailedTest\mmk_test_18_Jul_2017__05_06_57PM.png alt="Test Failed atTue Jul 18 17:06:57 IST 2017"/></p></a><br/>]]>
            </line>
          </reporter-output>
        </test-method> <!-- tearDown -->
        <test-method status="FAIL" signature="navigateKYCPageAndGetDetails()[pri:0, instance:com.mmk.test_execution_engine.MMKMainSiteTestCases@1ed4004b]" name="navigateKYCPageAndGetDetails" duration-ms="156" started-at="2017-07-18T17:06:57Z" finished-at="2017-07-18T17:06:57Z">
          <exception class="org.openqa.selenium.InvalidArgumentException">
            <message>
              <![CDATA[Could not find webelement key
Build info: version: '3.4.0', revision: 'unknown', time: 'unknown'
System info: host: 'TSS167', ip: '192.168.1.167', os.name: 'Windows 8.1', os.arch: 'amd64', os.version: '6.3', java.version: '1.8.0_51'
Driver info: org.openqa.selenium.firefox.FirefoxDriver
Capabilities [{moz:profile=C:\Users\NAREND~1.RAJ\AppData\Local\Temp\rust_mozprofile.N4yg1ywWgtwa, rotatable=false, timeouts={implicit=0.0, page load=300000.0, script=30000.0}, pageLoadStrategy=normal, platform=ANY, specificationLevel=0.0, moz:accessibilityChecks=false, acceptInsecureCerts=false, browserVersion=52.0.2, platformVersion=6.3, moz:processID=1360.0, browserName=firefox, javascriptEnabled=true, platformName=windows_nt}]
Session ID: 0215aa8f-cade-4264-91fd-3c58a5fd1fb0]]>
            </message>
            <full-stacktrace>
              <![CDATA[org.openqa.selenium.InvalidArgumentException: Could not find webelement key
Build info: version: '3.4.0', revision: 'unknown', time: 'unknown'
System info: host: 'TSS167', ip: '192.168.1.167', os.name: 'Windows 8.1', os.arch: 'amd64', os.version: '6.3', java.version: '1.8.0_51'
Driver info: org.openqa.selenium.firefox.FirefoxDriver
Capabilities [{moz:profile=C:\Users\NAREND~1.RAJ\AppData\Local\Temp\rust_mozprofile.N4yg1ywWgtwa, rotatable=false, timeouts={implicit=0.0, page load=300000.0, script=30000.0}, pageLoadStrategy=normal, platform=ANY, specificationLevel=0.0, moz:accessibilityChecks=false, acceptInsecureCerts=false, browserVersion=52.0.2, platformVersion=6.3, moz:processID=1360.0, browserName=firefox, javascriptEnabled=true, platformName=windows_nt}]
Session ID: 0215aa8f-cade-4264-91fd-3c58a5fd1fb0
	at sun.reflect.NativeConstructorAccessorImpl.newInstance0(Native Method)
	at sun.reflect.NativeConstructorAccessorImpl.newInstance(NativeConstructorAccessorImpl.java:62)
	at sun.reflect.DelegatingConstructorAccessorImpl.newInstance(DelegatingConstructorAccessorImpl.java:45)
	at java.lang.reflect.Constructor.newInstance(Constructor.java:422)
	at org.openqa.selenium.remote.http.W3CHttpResponseCodec.createException(W3CHttpResponseCodec.java:150)
	at org.openqa.selenium.remote.http.W3CHttpResponseCodec.decode(W3CHttpResponseCodec.java:115)
	at org.openqa.selenium.remote.http.W3CHttpResponseCodec.decode(W3CHttpResponseCodec.java:45)
	at org.openqa.selenium.remote.HttpCommandExecutor.execute(HttpCommandExecutor.java:164)
	at org.openqa.selenium.remote.service.DriverCommandExecutor.execute(DriverCommandExecutor.java:82)
	at org.openqa.selenium.remote.RemoteWebDriver.execute(RemoteWebDriver.java:637)
	at org.openqa.selenium.remote.RemoteWebDriver.perform(RemoteWebDriver.java:703)
	at org.openqa.selenium.interactions.Actions$BuiltAction.perform(Actions.java:631)
	at com.mmkproject.pages.MyMoneyKartHomePage.navigateToKYCDetails(MyMoneyKartHomePage.java:378)
	at com.mmk.test_execution_engine.MMKMainSiteTestCases.navigateKYCPageAndGetDetails(MMKMainSiteTestCases.java:163)
	at sun.reflect.NativeMethodAccessorImpl.invoke0(Native Method)
	at sun.reflect.NativeMethodAccessorImpl.invoke(NativeMethodAccessorImpl.java:62)
	at sun.reflect.DelegatingMethodAccessorImpl.invoke(DelegatingMethodAccessorImpl.java:43)
	at java.lang.reflect.Method.invoke(Method.java:497)
	at org.testng.internal.MethodInvocationHelper.invokeMethod(MethodInvocationHelper.java:84)
	at org.testng.internal.Invoker.invokeMethod(Invoker.java:714)
	at org.testng.internal.Invoker.invokeTestMethod(Invoker.java:901)
	at org.testng.internal.Invoker.invokeTestMethods(Invoker.java:1231)
	at org.testng.internal.TestMethodWorker.invokeTestMethods(TestMethodWorker.java:127)
	at org.testng.internal.TestMethodWorker.run(TestMethodWorker.java:111)
	at org.testng.TestRunner.privateRun(TestRunner.java:767)
	at org.testng.TestRunner.run(TestRunner.java:617)
	at org.testng.SuiteRunner.runTest(SuiteRunner.java:334)
	at org.testng.SuiteRunner.runSequentially(SuiteRunner.java:329)
	at org.testng.SuiteRunner.privateRun(SuiteRunner.java:291)
	at org.testng.SuiteRunner.run(SuiteRunner.java:240)
	at org.testng.SuiteRunnerWorker.runSuite(SuiteRunnerWorker.java:52)
	at org.testng.SuiteRunnerWorker.run(SuiteRunnerWorker.java:86)
	at org.testng.TestNG.runSuitesSequentially(TestNG.java:1224)
	at org.testng.TestNG.runSuitesLocally(TestNG.java:1149)
	at org.testng.TestNG.run(TestNG.java:1057)
	at org.apache.maven.surefire.testng.TestNGExecutor.run(TestNGExecutor.java:178)
	at org.apache.maven.surefire.testng.TestNGXmlTestSuite.execute(TestNGXmlTestSuite.java:92)
	at org.apache.maven.surefire.testng.TestNGProvider.invoke(TestNGProvider.java:96)
	at sun.reflect.NativeMethodAccessorImpl.invoke0(Native Method)
	at sun.reflect.NativeMethodAccessorImpl.invoke(NativeMethodAccessorImpl.java:62)
	at sun.reflect.DelegatingMethodAccessorImpl.invoke(DelegatingMethodAccessorImpl.java:43)
	at java.lang.reflect.Method.invoke(Method.java:497)
	at org.apache.maven.surefire.util.ReflectionUtils.invokeMethodWithArray(ReflectionUtils.java:189)
	at org.apache.maven.surefire.booter.ProviderFactory$ProviderProxy.invoke(ProviderFactory.java:165)
	at org.apache.maven.surefire.booter.ProviderFactory.invokeProvider(ProviderFactory.java:85)
	at org.apache.maven.surefire.booter.ForkedBooter.runSuitesInProcess(ForkedBooter.java:115)
	at org.apache.maven.surefire.booter.ForkedBooter.main(ForkedBooter.java:75)
]]>
            </full-stacktrace>
          </exception> <!-- org.openqa.selenium.InvalidArgumentException -->
          <reporter-output>
          </reporter-output>
        </test-method> <!-- navigateKYCPageAndGetDetails -->
        <test-method status="PASS" signature="tearDown(org.testng.ITestResult)[pri:0, instance:com.mmk.test_execution_engine.MMKMainSiteTestCases@1ed4004b]" name="tearDown" is-config="true" duration-ms="470" started-at="2017-07-18T17:06:57Z" finished-at="2017-07-18T17:06:58Z">
          <params>
            <param index="0">
              <value>
                <![CDATA[[TestResult name=navigateKYCPageAndGetDetails status=FAILURE method=MMKMainSiteTestCases.navigateKYCPageAndGetDetails()[pri:0, instance:com.mmk.test_execution_engine.MMKMainSiteTestCases@1ed4004b] output={null}]]]>
              </value>
            </param>
          </params>
          <reporter-output>
            <line>
              <![CDATA[<h3>Failed Test Method :navigateKYCPageAndGetDetails</h3></br>]]>
            </line>
            <line>
              <![CDATA[<a href="..\screenshots\FailedTest\mmk_test_18_Jul_2017__05_06_58PM.png"><p align="left">Failed Test Screenshot Tue Jul 18 17:06:58 IST 2017</p>]]>
            </line>
            <line>
              <![CDATA[<p><img width="600" src=..\screenshots\FailedTest\mmk_test_18_Jul_2017__05_06_58PM.png alt="Test Failed atTue Jul 18 17:06:58 IST 2017"/></p></a><br/>]]>
            </line>
          </reporter-output>
        </test-method> <!-- tearDown -->
        <test-method status="FAIL" signature="navigateKYCPageAndCheckMissingKYCDetails()[pri:0, instance:com.mmk.test_execution_engine.MMKMainSiteTestCases@1ed4004b]" name="navigateKYCPageAndCheckMissingKYCDetails" duration-ms="162" started-at="2017-07-18T17:06:58Z" finished-at="2017-07-18T17:06:58Z">
          <exception class="org.openqa.selenium.InvalidArgumentException">
            <message>
              <![CDATA[Could not find webelement key
Build info: version: '3.4.0', revision: 'unknown', time: 'unknown'
System info: host: 'TSS167', ip: '192.168.1.167', os.name: 'Windows 8.1', os.arch: 'amd64', os.version: '6.3', java.version: '1.8.0_51'
Driver info: org.openqa.selenium.firefox.FirefoxDriver
Capabilities [{moz:profile=C:\Users\NAREND~1.RAJ\AppData\Local\Temp\rust_mozprofile.N4yg1ywWgtwa, rotatable=false, timeouts={implicit=0.0, page load=300000.0, script=30000.0}, pageLoadStrategy=normal, platform=ANY, specificationLevel=0.0, moz:accessibilityChecks=false, acceptInsecureCerts=false, browserVersion=52.0.2, platformVersion=6.3, moz:processID=1360.0, browserName=firefox, javascriptEnabled=true, platformName=windows_nt}]
Session ID: 0215aa8f-cade-4264-91fd-3c58a5fd1fb0]]>
            </message>
            <full-stacktrace>
              <![CDATA[org.openqa.selenium.InvalidArgumentException: Could not find webelement key
Build info: version: '3.4.0', revision: 'unknown', time: 'unknown'
System info: host: 'TSS167', ip: '192.168.1.167', os.name: 'Windows 8.1', os.arch: 'amd64', os.version: '6.3', java.version: '1.8.0_51'
Driver info: org.openqa.selenium.firefox.FirefoxDriver
Capabilities [{moz:profile=C:\Users\NAREND~1.RAJ\AppData\Local\Temp\rust_mozprofile.N4yg1ywWgtwa, rotatable=false, timeouts={implicit=0.0, page load=300000.0, script=30000.0}, pageLoadStrategy=normal, platform=ANY, specificationLevel=0.0, moz:accessibilityChecks=false, acceptInsecureCerts=false, browserVersion=52.0.2, platformVersion=6.3, moz:processID=1360.0, browserName=firefox, javascriptEnabled=true, platformName=windows_nt}]
Session ID: 0215aa8f-cade-4264-91fd-3c58a5fd1fb0
	at sun.reflect.NativeConstructorAccessorImpl.newInstance0(Native Method)
	at sun.reflect.NativeConstructorAccessorImpl.newInstance(NativeConstructorAccessorImpl.java:62)
	at sun.reflect.DelegatingConstructorAccessorImpl.newInstance(DelegatingConstructorAccessorImpl.java:45)
	at java.lang.reflect.Constructor.newInstance(Constructor.java:422)
	at org.openqa.selenium.remote.http.W3CHttpResponseCodec.createException(W3CHttpResponseCodec.java:150)
	at org.openqa.selenium.remote.http.W3CHttpResponseCodec.decode(W3CHttpResponseCodec.java:115)
	at org.openqa.selenium.remote.http.W3CHttpResponseCodec.decode(W3CHttpResponseCodec.java:45)
	at org.openqa.selenium.remote.HttpCommandExecutor.execute(HttpCommandExecutor.java:164)
	at org.openqa.selenium.remote.service.DriverCommandExecutor.execute(DriverCommandExecutor.java:82)
	at org.openqa.selenium.remote.RemoteWebDriver.execute(RemoteWebDriver.java:637)
	at org.openqa.selenium.remote.RemoteWebDriver.perform(RemoteWebDriver.java:703)
	at org.openqa.selenium.interactions.Actions$BuiltAction.perform(Actions.java:631)
	at com.mmkproject.pages.MyMoneyKartHomePage.navigateToKYCDetails(MyMoneyKartHomePage.java:378)
	at com.mmk.test_execution_engine.MMKMainSiteTestCases.navigateKYCPageAndCheckMissingKYCDetails(MMKMainSiteTestCases.java:181)
	at sun.reflect.NativeMethodAccessorImpl.invoke0(Native Method)
	at sun.reflect.NativeMethodAccessorImpl.invoke(NativeMethodAccessorImpl.java:62)
	at sun.reflect.DelegatingMethodAccessorImpl.invoke(DelegatingMethodAccessorImpl.java:43)
	at java.lang.reflect.Method.invoke(Method.java:497)
	at org.testng.internal.MethodInvocationHelper.invokeMethod(MethodInvocationHelper.java:84)
	at org.testng.internal.Invoker.invokeMethod(Invoker.java:714)
	at org.testng.internal.Invoker.invokeTestMethod(Invoker.java:901)
	at org.testng.internal.Invoker.invokeTestMethods(Invoker.java:1231)
	at org.testng.internal.TestMethodWorker.invokeTestMethods(TestMethodWorker.java:127)
	at org.testng.internal.TestMethodWorker.run(TestMethodWorker.java:111)
	at org.testng.TestRunner.privateRun(TestRunner.java:767)
	at org.testng.TestRunner.run(TestRunner.java:617)
	at org.testng.SuiteRunner.runTest(SuiteRunner.java:334)
	at org.testng.SuiteRunner.runSequentially(SuiteRunner.java:329)
	at org.testng.SuiteRunner.privateRun(SuiteRunner.java:291)
	at org.testng.SuiteRunner.run(SuiteRunner.java:240)
	at org.testng.SuiteRunnerWorker.runSuite(SuiteRunnerWorker.java:52)
	at org.testng.SuiteRunnerWorker.run(SuiteRunnerWorker.java:86)
	at org.testng.TestNG.runSuitesSequentially(TestNG.java:1224)
	at org.testng.TestNG.runSuitesLocally(TestNG.java:1149)
	at org.testng.TestNG.run(TestNG.java:1057)
	at org.apache.maven.surefire.testng.TestNGExecutor.run(TestNGExecutor.java:178)
	at org.apache.maven.surefire.testng.TestNGXmlTestSuite.execute(TestNGXmlTestSuite.java:92)
	at org.apache.maven.surefire.testng.TestNGProvider.invoke(TestNGProvider.java:96)
	at sun.reflect.NativeMethodAccessorImpl.invoke0(Native Method)
	at sun.reflect.NativeMethodAccessorImpl.invoke(NativeMethodAccessorImpl.java:62)
	at sun.reflect.DelegatingMethodAccessorImpl.invoke(DelegatingMethodAccessorImpl.java:43)
	at java.lang.reflect.Method.invoke(Method.java:497)
	at org.apache.maven.surefire.util.ReflectionUtils.invokeMethodWithArray(ReflectionUtils.java:189)
	at org.apache.maven.surefire.booter.ProviderFactory$ProviderProxy.invoke(ProviderFactory.java:165)
	at org.apache.maven.surefire.booter.ProviderFactory.invokeProvider(ProviderFactory.java:85)
	at org.apache.maven.surefire.booter.ForkedBooter.runSuitesInProcess(ForkedBooter.java:115)
	at org.apache.maven.surefire.booter.ForkedBooter.main(ForkedBooter.java:75)
]]>
            </full-stacktrace>
          </exception> <!-- org.openqa.selenium.InvalidArgumentException -->
          <reporter-output>
          </reporter-output>
        </test-method> <!-- navigateKYCPageAndCheckMissingKYCDetails -->
        <test-method status="PASS" signature="tearDown(org.testng.ITestResult)[pri:0, instance:com.mmk.test_execution_engine.MMKMainSiteTestCases@1ed4004b]" name="tearDown" is-config="true" duration-ms="411" started-at="2017-07-18T17:06:58Z" finished-at="2017-07-18T17:06:58Z">
          <params>
            <param index="0">
              <value>
                <![CDATA[[TestResult name=navigateKYCPageAndCheckMissingKYCDetails status=FAILURE method=MMKMainSiteTestCases.navigateKYCPageAndCheckMissingKYCDetails()[pri:0, instance:com.mmk.test_execution_engine.MMKMainSiteTestCases@1ed4004b] output={null}]]]>
              </value>
            </param>
          </params>
          <reporter-output>
            <line>
              <![CDATA[<h3>Failed Test Method :navigateKYCPageAndCheckMissingKYCDetails</h3></br>]]>
            </line>
            <line>
              <![CDATA[<a href="..\screenshots\FailedTest\mmk_test_18_Jul_2017__05_06_58PM.png"><p align="left">Failed Test Screenshot Tue Jul 18 17:06:58 IST 2017</p>]]>
            </line>
            <line>
              <![CDATA[<p><img width="600" src=..\screenshots\FailedTest\mmk_test_18_Jul_2017__05_06_58PM.png alt="Test Failed atTue Jul 18 17:06:58 IST 2017"/></p></a><br/>]]>
            </line>
          </reporter-output>
        </test-method> <!-- tearDown -->
        <test-method status="FAIL" signature="navigateKYCPageAndTransferTheKYC()[pri:0, instance:com.mmk.test_execution_engine.MMKMainSiteTestCases@1ed4004b]" name="navigateKYCPageAndTransferTheKYC" duration-ms="151" started-at="2017-07-18T17:06:58Z" finished-at="2017-07-18T17:06:59Z">
          <exception class="org.openqa.selenium.InvalidArgumentException">
            <message>
              <![CDATA[Could not find webelement key
Build info: version: '3.4.0', revision: 'unknown', time: 'unknown'
System info: host: 'TSS167', ip: '192.168.1.167', os.name: 'Windows 8.1', os.arch: 'amd64', os.version: '6.3', java.version: '1.8.0_51'
Driver info: org.openqa.selenium.firefox.FirefoxDriver
Capabilities [{moz:profile=C:\Users\NAREND~1.RAJ\AppData\Local\Temp\rust_mozprofile.N4yg1ywWgtwa, rotatable=false, timeouts={implicit=0.0, page load=300000.0, script=30000.0}, pageLoadStrategy=normal, platform=ANY, specificationLevel=0.0, moz:accessibilityChecks=false, acceptInsecureCerts=false, browserVersion=52.0.2, platformVersion=6.3, moz:processID=1360.0, browserName=firefox, javascriptEnabled=true, platformName=windows_nt}]
Session ID: 0215aa8f-cade-4264-91fd-3c58a5fd1fb0]]>
            </message>
            <full-stacktrace>
              <![CDATA[org.openqa.selenium.InvalidArgumentException: Could not find webelement key
Build info: version: '3.4.0', revision: 'unknown', time: 'unknown'
System info: host: 'TSS167', ip: '192.168.1.167', os.name: 'Windows 8.1', os.arch: 'amd64', os.version: '6.3', java.version: '1.8.0_51'
Driver info: org.openqa.selenium.firefox.FirefoxDriver
Capabilities [{moz:profile=C:\Users\NAREND~1.RAJ\AppData\Local\Temp\rust_mozprofile.N4yg1ywWgtwa, rotatable=false, timeouts={implicit=0.0, page load=300000.0, script=30000.0}, pageLoadStrategy=normal, platform=ANY, specificationLevel=0.0, moz:accessibilityChecks=false, acceptInsecureCerts=false, browserVersion=52.0.2, platformVersion=6.3, moz:processID=1360.0, browserName=firefox, javascriptEnabled=true, platformName=windows_nt}]
Session ID: 0215aa8f-cade-4264-91fd-3c58a5fd1fb0
	at sun.reflect.NativeConstructorAccessorImpl.newInstance0(Native Method)
	at sun.reflect.NativeConstructorAccessorImpl.newInstance(NativeConstructorAccessorImpl.java:62)
	at sun.reflect.DelegatingConstructorAccessorImpl.newInstance(DelegatingConstructorAccessorImpl.java:45)
	at java.lang.reflect.Constructor.newInstance(Constructor.java:422)
	at org.openqa.selenium.remote.http.W3CHttpResponseCodec.createException(W3CHttpResponseCodec.java:150)
	at org.openqa.selenium.remote.http.W3CHttpResponseCodec.decode(W3CHttpResponseCodec.java:115)
	at org.openqa.selenium.remote.http.W3CHttpResponseCodec.decode(W3CHttpResponseCodec.java:45)
	at org.openqa.selenium.remote.HttpCommandExecutor.execute(HttpCommandExecutor.java:164)
	at org.openqa.selenium.remote.service.DriverCommandExecutor.execute(DriverCommandExecutor.java:82)
	at org.openqa.selenium.remote.RemoteWebDriver.execute(RemoteWebDriver.java:637)
	at org.openqa.selenium.remote.RemoteWebDriver.perform(RemoteWebDriver.java:703)
	at org.openqa.selenium.interactions.Actions$BuiltAction.perform(Actions.java:631)
	at com.mmkproject.pages.MyMoneyKartHomePage.navigateToKYCDetails(MyMoneyKartHomePage.java:378)
	at com.mmk.test_execution_engine.MMKMainSiteTestCases.navigateKYCPageAndTransferTheKYC(MMKMainSiteTestCases.java:190)
	at sun.reflect.NativeMethodAccessorImpl.invoke0(Native Method)
	at sun.reflect.NativeMethodAccessorImpl.invoke(NativeMethodAccessorImpl.java:62)
	at sun.reflect.DelegatingMethodAccessorImpl.invoke(DelegatingMethodAccessorImpl.java:43)
	at java.lang.reflect.Method.invoke(Method.java:497)
	at org.testng.internal.MethodInvocationHelper.invokeMethod(MethodInvocationHelper.java:84)
	at org.testng.internal.Invoker.invokeMethod(Invoker.java:714)
	at org.testng.internal.Invoker.invokeTestMethod(Invoker.java:901)
	at org.testng.internal.Invoker.invokeTestMethods(Invoker.java:1231)
	at org.testng.internal.TestMethodWorker.invokeTestMethods(TestMethodWorker.java:127)
	at org.testng.internal.TestMethodWorker.run(TestMethodWorker.java:111)
	at org.testng.TestRunner.privateRun(TestRunner.java:767)
	at org.testng.TestRunner.run(TestRunner.java:617)
	at org.testng.SuiteRunner.runTest(SuiteRunner.java:334)
	at org.testng.SuiteRunner.runSequentially(SuiteRunner.java:329)
	at org.testng.SuiteRunner.privateRun(SuiteRunner.java:291)
	at org.testng.SuiteRunner.run(SuiteRunner.java:240)
	at org.testng.SuiteRunnerWorker.runSuite(SuiteRunnerWorker.java:52)
	at org.testng.SuiteRunnerWorker.run(SuiteRunnerWorker.java:86)
	at org.testng.TestNG.runSuitesSequentially(TestNG.java:1224)
	at org.testng.TestNG.runSuitesLocally(TestNG.java:1149)
	at org.testng.TestNG.run(TestNG.java:1057)
	at org.apache.maven.surefire.testng.TestNGExecutor.run(TestNGExecutor.java:178)
	at org.apache.maven.surefire.testng.TestNGXmlTestSuite.execute(TestNGXmlTestSuite.java:92)
	at org.apache.maven.surefire.testng.TestNGProvider.invoke(TestNGProvider.java:96)
	at sun.reflect.NativeMethodAccessorImpl.invoke0(Native Method)
	at sun.reflect.NativeMethodAccessorImpl.invoke(NativeMethodAccessorImpl.java:62)
	at sun.reflect.DelegatingMethodAccessorImpl.invoke(DelegatingMethodAccessorImpl.java:43)
	at java.lang.reflect.Method.invoke(Method.java:497)
	at org.apache.maven.surefire.util.ReflectionUtils.invokeMethodWithArray(ReflectionUtils.java:189)
	at org.apache.maven.surefire.booter.ProviderFactory$ProviderProxy.invoke(ProviderFactory.java:165)
	at org.apache.maven.surefire.booter.ProviderFactory.invokeProvider(ProviderFactory.java:85)
	at org.apache.maven.surefire.booter.ForkedBooter.runSuitesInProcess(ForkedBooter.java:115)
	at org.apache.maven.surefire.booter.ForkedBooter.main(ForkedBooter.java:75)
]]>
            </full-stacktrace>
          </exception> <!-- org.openqa.selenium.InvalidArgumentException -->
          <reporter-output>
          </reporter-output>
        </test-method> <!-- navigateKYCPageAndTransferTheKYC -->
        <test-method status="PASS" signature="tearDown(org.testng.ITestResult)[pri:0, instance:com.mmk.test_execution_engine.MMKMainSiteTestCases@1ed4004b]" name="tearDown" is-config="true" duration-ms="420" started-at="2017-07-18T17:06:59Z" finished-at="2017-07-18T17:06:59Z">
          <params>
            <param index="0">
              <value>
                <![CDATA[[TestResult name=navigateKYCPageAndTransferTheKYC status=FAILURE method=MMKMainSiteTestCases.navigateKYCPageAndTransferTheKYC()[pri:0, instance:com.mmk.test_execution_engine.MMKMainSiteTestCases@1ed4004b] output={null}]]]>
              </value>
            </param>
          </params>
          <reporter-output>
            <line>
              <![CDATA[<h3>Failed Test Method :navigateKYCPageAndTransferTheKYC</h3></br>]]>
            </line>
            <line>
              <![CDATA[<a href="..\screenshots\FailedTest\mmk_test_18_Jul_2017__05_06_59PM.png"><p align="left">Failed Test Screenshot Tue Jul 18 17:06:59 IST 2017</p>]]>
            </line>
            <line>
              <![CDATA[<p><img width="600" src=..\screenshots\FailedTest\mmk_test_18_Jul_2017__05_06_59PM.png alt="Test Failed atTue Jul 18 17:06:59 IST 2017"/></p></a><br/>]]>
            </line>
          </reporter-output>
        </test-method> <!-- tearDown -->
        <test-method status="FAIL" signature="navigateKYCPageAndCancelClick()[pri:0, instance:com.mmk.test_execution_engine.MMKMainSiteTestCases@1ed4004b]" name="navigateKYCPageAndCancelClick" duration-ms="200" started-at="2017-07-18T17:06:59Z" finished-at="2017-07-18T17:06:59Z">
          <exception class="org.openqa.selenium.InvalidArgumentException">
            <message>
              <![CDATA[Could not find webelement key
Build info: version: '3.4.0', revision: 'unknown', time: 'unknown'
System info: host: 'TSS167', ip: '192.168.1.167', os.name: 'Windows 8.1', os.arch: 'amd64', os.version: '6.3', java.version: '1.8.0_51'
Driver info: org.openqa.selenium.firefox.FirefoxDriver
Capabilities [{moz:profile=C:\Users\NAREND~1.RAJ\AppData\Local\Temp\rust_mozprofile.N4yg1ywWgtwa, rotatable=false, timeouts={implicit=0.0, page load=300000.0, script=30000.0}, pageLoadStrategy=normal, platform=ANY, specificationLevel=0.0, moz:accessibilityChecks=false, acceptInsecureCerts=false, browserVersion=52.0.2, platformVersion=6.3, moz:processID=1360.0, browserName=firefox, javascriptEnabled=true, platformName=windows_nt}]
Session ID: 0215aa8f-cade-4264-91fd-3c58a5fd1fb0]]>
            </message>
            <full-stacktrace>
              <![CDATA[org.openqa.selenium.InvalidArgumentException: Could not find webelement key
Build info: version: '3.4.0', revision: 'unknown', time: 'unknown'
System info: host: 'TSS167', ip: '192.168.1.167', os.name: 'Windows 8.1', os.arch: 'amd64', os.version: '6.3', java.version: '1.8.0_51'
Driver info: org.openqa.selenium.firefox.FirefoxDriver
Capabilities [{moz:profile=C:\Users\NAREND~1.RAJ\AppData\Local\Temp\rust_mozprofile.N4yg1ywWgtwa, rotatable=false, timeouts={implicit=0.0, page load=300000.0, script=30000.0}, pageLoadStrategy=normal, platform=ANY, specificationLevel=0.0, moz:accessibilityChecks=false, acceptInsecureCerts=false, browserVersion=52.0.2, platformVersion=6.3, moz:processID=1360.0, browserName=firefox, javascriptEnabled=true, platformName=windows_nt}]
Session ID: 0215aa8f-cade-4264-91fd-3c58a5fd1fb0
	at sun.reflect.NativeConstructorAccessorImpl.newInstance0(Native Method)
	at sun.reflect.NativeConstructorAccessorImpl.newInstance(NativeConstructorAccessorImpl.java:62)
	at sun.reflect.DelegatingConstructorAccessorImpl.newInstance(DelegatingConstructorAccessorImpl.java:45)
	at java.lang.reflect.Constructor.newInstance(Constructor.java:422)
	at org.openqa.selenium.remote.http.W3CHttpResponseCodec.createException(W3CHttpResponseCodec.java:150)
	at org.openqa.selenium.remote.http.W3CHttpResponseCodec.decode(W3CHttpResponseCodec.java:115)
	at org.openqa.selenium.remote.http.W3CHttpResponseCodec.decode(W3CHttpResponseCodec.java:45)
	at org.openqa.selenium.remote.HttpCommandExecutor.execute(HttpCommandExecutor.java:164)
	at org.openqa.selenium.remote.service.DriverCommandExecutor.execute(DriverCommandExecutor.java:82)
	at org.openqa.selenium.remote.RemoteWebDriver.execute(RemoteWebDriver.java:637)
	at org.openqa.selenium.remote.RemoteWebDriver.perform(RemoteWebDriver.java:703)
	at org.openqa.selenium.interactions.Actions$BuiltAction.perform(Actions.java:631)
	at com.mmkproject.pages.MyMoneyKartHomePage.navigateToKYCDetails(MyMoneyKartHomePage.java:378)
	at com.mmk.test_execution_engine.MMKMainSiteTestCases.navigateKYCPageAndCancelClick(MMKMainSiteTestCases.java:199)
	at sun.reflect.NativeMethodAccessorImpl.invoke0(Native Method)
	at sun.reflect.NativeMethodAccessorImpl.invoke(NativeMethodAccessorImpl.java:62)
	at sun.reflect.DelegatingMethodAccessorImpl.invoke(DelegatingMethodAccessorImpl.java:43)
	at java.lang.reflect.Method.invoke(Method.java:497)
	at org.testng.internal.MethodInvocationHelper.invokeMethod(MethodInvocationHelper.java:84)
	at org.testng.internal.Invoker.invokeMethod(Invoker.java:714)
	at org.testng.internal.Invoker.invokeTestMethod(Invoker.java:901)
	at org.testng.internal.Invoker.invokeTestMethods(Invoker.java:1231)
	at org.testng.internal.TestMethodWorker.invokeTestMethods(TestMethodWorker.java:127)
	at org.testng.internal.TestMethodWorker.run(TestMethodWorker.java:111)
	at org.testng.TestRunner.privateRun(TestRunner.java:767)
	at org.testng.TestRunner.run(TestRunner.java:617)
	at org.testng.SuiteRunner.runTest(SuiteRunner.java:334)
	at org.testng.SuiteRunner.runSequentially(SuiteRunner.java:329)
	at org.testng.SuiteRunner.privateRun(SuiteRunner.java:291)
	at org.testng.SuiteRunner.run(SuiteRunner.java:240)
	at org.testng.SuiteRunnerWorker.runSuite(SuiteRunnerWorker.java:52)
	at org.testng.SuiteRunnerWorker.run(SuiteRunnerWorker.java:86)
	at org.testng.TestNG.runSuitesSequentially(TestNG.java:1224)
	at org.testng.TestNG.runSuitesLocally(TestNG.java:1149)
	at org.testng.TestNG.run(TestNG.java:1057)
	at org.apache.maven.surefire.testng.TestNGExecutor.run(TestNGExecutor.java:178)
	at org.apache.maven.surefire.testng.TestNGXmlTestSuite.execute(TestNGXmlTestSuite.java:92)
	at org.apache.maven.surefire.testng.TestNGProvider.invoke(TestNGProvider.java:96)
	at sun.reflect.NativeMethodAccessorImpl.invoke0(Native Method)
	at sun.reflect.NativeMethodAccessorImpl.invoke(NativeMethodAccessorImpl.java:62)
	at sun.reflect.DelegatingMethodAccessorImpl.invoke(DelegatingMethodAccessorImpl.java:43)
	at java.lang.reflect.Method.invoke(Method.java:497)
	at org.apache.maven.surefire.util.ReflectionUtils.invokeMethodWithArray(ReflectionUtils.java:189)
	at org.apache.maven.surefire.booter.ProviderFactory$ProviderProxy.invoke(ProviderFactory.java:165)
	at org.apache.maven.surefire.booter.ProviderFactory.invokeProvider(ProviderFactory.java:85)
	at org.apache.maven.surefire.booter.ForkedBooter.runSuitesInProcess(ForkedBooter.java:115)
	at org.apache.maven.surefire.booter.ForkedBooter.main(ForkedBooter.java:75)
]]>
            </full-stacktrace>
          </exception> <!-- org.openqa.selenium.InvalidArgumentException -->
          <reporter-output>
          </reporter-output>
        </test-method> <!-- navigateKYCPageAndCancelClick -->
        <test-method status="PASS" signature="tearDown(org.testng.ITestResult)[pri:0, instance:com.mmk.test_execution_engine.MMKMainSiteTestCases@1ed4004b]" name="tearDown" is-config="true" duration-ms="407" started-at="2017-07-18T17:06:59Z" finished-at="2017-07-18T17:07:00Z">
          <params>
            <param index="0">
              <value>
                <![CDATA[[TestResult name=navigateKYCPageAndCancelClick status=FAILURE method=MMKMainSiteTestCases.navigateKYCPageAndCancelClick()[pri:0, instance:com.mmk.test_execution_engine.MMKMainSiteTestCases@1ed4004b] output={null}]]]>
              </value>
            </param>
          </params>
          <reporter-output>
            <line>
              <![CDATA[<h3>Failed Test Method :navigateKYCPageAndCancelClick</h3></br>]]>
            </line>
            <line>
              <![CDATA[<a href="..\screenshots\FailedTest\mmk_test_18_Jul_2017__05_07_00PM.png"><p align="left">Failed Test Screenshot Tue Jul 18 17:07:00 IST 2017</p>]]>
            </line>
            <line>
              <![CDATA[<p><img width="600" src=..\screenshots\FailedTest\mmk_test_18_Jul_2017__05_07_00PM.png alt="Test Failed atTue Jul 18 17:07:00 IST 2017"/></p></a><br/>]]>
            </line>
          </reporter-output>
        </test-method> <!-- tearDown -->
        <test-method status="FAIL" signature="verifyPancardAndIdProffDocOnKycForm()[pri:0, instance:com.mmk.test_execution_engine.MMKMainSiteTestCases@1ed4004b]" name="verifyPancardAndIdProffDocOnKycForm" duration-ms="146" started-at="2017-07-18T17:07:00Z" finished-at="2017-07-18T17:07:00Z">
          <exception class="org.openqa.selenium.InvalidArgumentException">
            <message>
              <![CDATA[Could not find webelement key
Build info: version: '3.4.0', revision: 'unknown', time: 'unknown'
System info: host: 'TSS167', ip: '192.168.1.167', os.name: 'Windows 8.1', os.arch: 'amd64', os.version: '6.3', java.version: '1.8.0_51'
Driver info: org.openqa.selenium.firefox.FirefoxDriver
Capabilities [{moz:profile=C:\Users\NAREND~1.RAJ\AppData\Local\Temp\rust_mozprofile.N4yg1ywWgtwa, rotatable=false, timeouts={implicit=0.0, page load=300000.0, script=30000.0}, pageLoadStrategy=normal, platform=ANY, specificationLevel=0.0, moz:accessibilityChecks=false, acceptInsecureCerts=false, browserVersion=52.0.2, platformVersion=6.3, moz:processID=1360.0, browserName=firefox, javascriptEnabled=true, platformName=windows_nt}]
Session ID: 0215aa8f-cade-4264-91fd-3c58a5fd1fb0]]>
            </message>
            <full-stacktrace>
              <![CDATA[org.openqa.selenium.InvalidArgumentException: Could not find webelement key
Build info: version: '3.4.0', revision: 'unknown', time: 'unknown'
System info: host: 'TSS167', ip: '192.168.1.167', os.name: 'Windows 8.1', os.arch: 'amd64', os.version: '6.3', java.version: '1.8.0_51'
Driver info: org.openqa.selenium.firefox.FirefoxDriver
Capabilities [{moz:profile=C:\Users\NAREND~1.RAJ\AppData\Local\Temp\rust_mozprofile.N4yg1ywWgtwa, rotatable=false, timeouts={implicit=0.0, page load=300000.0, script=30000.0}, pageLoadStrategy=normal, platform=ANY, specificationLevel=0.0, moz:accessibilityChecks=false, acceptInsecureCerts=false, browserVersion=52.0.2, platformVersion=6.3, moz:processID=1360.0, browserName=firefox, javascriptEnabled=true, platformName=windows_nt}]
Session ID: 0215aa8f-cade-4264-91fd-3c58a5fd1fb0
	at sun.reflect.NativeConstructorAccessorImpl.newInstance0(Native Method)
	at sun.reflect.NativeConstructorAccessorImpl.newInstance(NativeConstructorAccessorImpl.java:62)
	at sun.reflect.DelegatingConstructorAccessorImpl.newInstance(DelegatingConstructorAccessorImpl.java:45)
	at java.lang.reflect.Constructor.newInstance(Constructor.java:422)
	at org.openqa.selenium.remote.http.W3CHttpResponseCodec.createException(W3CHttpResponseCodec.java:150)
	at org.openqa.selenium.remote.http.W3CHttpResponseCodec.decode(W3CHttpResponseCodec.java:115)
	at org.openqa.selenium.remote.http.W3CHttpResponseCodec.decode(W3CHttpResponseCodec.java:45)
	at org.openqa.selenium.remote.HttpCommandExecutor.execute(HttpCommandExecutor.java:164)
	at org.openqa.selenium.remote.service.DriverCommandExecutor.execute(DriverCommandExecutor.java:82)
	at org.openqa.selenium.remote.RemoteWebDriver.execute(RemoteWebDriver.java:637)
	at org.openqa.selenium.remote.RemoteWebDriver.perform(RemoteWebDriver.java:703)
	at org.openqa.selenium.interactions.Actions$BuiltAction.perform(Actions.java:631)
	at com.mmkproject.pages.MyMoneyKartHomePage.navigateToKYCDetails(MyMoneyKartHomePage.java:378)
	at com.mmk.test_execution_engine.MMKMainSiteTestCases.verifyPancardAndIdProffDocOnKycForm(MMKMainSiteTestCases.java:172)
	at sun.reflect.NativeMethodAccessorImpl.invoke0(Native Method)
	at sun.reflect.NativeMethodAccessorImpl.invoke(NativeMethodAccessorImpl.java:62)
	at sun.reflect.DelegatingMethodAccessorImpl.invoke(DelegatingMethodAccessorImpl.java:43)
	at java.lang.reflect.Method.invoke(Method.java:497)
	at org.testng.internal.MethodInvocationHelper.invokeMethod(MethodInvocationHelper.java:84)
	at org.testng.internal.Invoker.invokeMethod(Invoker.java:714)
	at org.testng.internal.Invoker.invokeTestMethod(Invoker.java:901)
	at org.testng.internal.Invoker.invokeTestMethods(Invoker.java:1231)
	at org.testng.internal.TestMethodWorker.invokeTestMethods(TestMethodWorker.java:127)
	at org.testng.internal.TestMethodWorker.run(TestMethodWorker.java:111)
	at org.testng.TestRunner.privateRun(TestRunner.java:767)
	at org.testng.TestRunner.run(TestRunner.java:617)
	at org.testng.SuiteRunner.runTest(SuiteRunner.java:334)
	at org.testng.SuiteRunner.runSequentially(SuiteRunner.java:329)
	at org.testng.SuiteRunner.privateRun(SuiteRunner.java:291)
	at org.testng.SuiteRunner.run(SuiteRunner.java:240)
	at org.testng.SuiteRunnerWorker.runSuite(SuiteRunnerWorker.java:52)
	at org.testng.SuiteRunnerWorker.run(SuiteRunnerWorker.java:86)
	at org.testng.TestNG.runSuitesSequentially(TestNG.java:1224)
	at org.testng.TestNG.runSuitesLocally(TestNG.java:1149)
	at org.testng.TestNG.run(TestNG.java:1057)
	at org.apache.maven.surefire.testng.TestNGExecutor.run(TestNGExecutor.java:178)
	at org.apache.maven.surefire.testng.TestNGXmlTestSuite.execute(TestNGXmlTestSuite.java:92)
	at org.apache.maven.surefire.testng.TestNGProvider.invoke(TestNGProvider.java:96)
	at sun.reflect.NativeMethodAccessorImpl.invoke0(Native Method)
	at sun.reflect.NativeMethodAccessorImpl.invoke(NativeMethodAccessorImpl.java:62)
	at sun.reflect.DelegatingMethodAccessorImpl.invoke(DelegatingMethodAccessorImpl.java:43)
	at java.lang.reflect.Method.invoke(Method.java:497)
	at org.apache.maven.surefire.util.ReflectionUtils.invokeMethodWithArray(ReflectionUtils.java:189)
	at org.apache.maven.surefire.booter.ProviderFactory$ProviderProxy.invoke(ProviderFactory.java:165)
	at org.apache.maven.surefire.booter.ProviderFactory.invokeProvider(ProviderFactory.java:85)
	at org.apache.maven.surefire.booter.ForkedBooter.runSuitesInProcess(ForkedBooter.java:115)
	at org.apache.maven.surefire.booter.ForkedBooter.main(ForkedBooter.java:75)
]]>
            </full-stacktrace>
          </exception> <!-- org.openqa.selenium.InvalidArgumentException -->
          <reporter-output>
          </reporter-output>
        </test-method> <!-- verifyPancardAndIdProffDocOnKycForm -->
        <test-method status="PASS" signature="tearDown(org.testng.ITestResult)[pri:0, instance:com.mmk.test_execution_engine.MMKMainSiteTestCases@1ed4004b]" name="tearDown" is-config="true" duration-ms="425" started-at="2017-07-18T17:07:00Z" finished-at="2017-07-18T17:07:00Z">
          <params>
            <param index="0">
              <value>
                <![CDATA[[TestResult name=verifyPancardAndIdProffDocOnKycForm status=FAILURE method=MMKMainSiteTestCases.verifyPancardAndIdProffDocOnKycForm()[pri:0, instance:com.mmk.test_execution_engine.MMKMainSiteTestCases@1ed4004b] output={null}]]]>
              </value>
            </param>
          </params>
          <reporter-output>
            <line>
              <![CDATA[<h3>Failed Test Method :verifyPancardAndIdProffDocOnKycForm</h3></br>]]>
            </line>
            <line>
              <![CDATA[<a href="..\screenshots\FailedTest\mmk_test_18_Jul_2017__05_07_00PM.png"><p align="left">Failed Test Screenshot Tue Jul 18 17:07:00 IST 2017</p>]]>
            </line>
            <line>
              <![CDATA[<p><img width="600" src=..\screenshots\FailedTest\mmk_test_18_Jul_2017__05_07_00PM.png alt="Test Failed atTue Jul 18 17:07:00 IST 2017"/></p></a><br/>]]>
            </line>
          </reporter-output>
        </test-method> <!-- tearDown -->
        <test-method status="FAIL" signature="navigateToChangePasswordPage()[pri:0, instance:com.mmk.test_execution_engine.MMKMainSiteTestCases@1ed4004b]" name="navigateToChangePasswordPage" duration-ms="174" started-at="2017-07-18T17:07:00Z" finished-at="2017-07-18T17:07:00Z">
          <exception class="org.openqa.selenium.InvalidArgumentException">
            <message>
              <![CDATA[Could not find webelement key
Build info: version: '3.4.0', revision: 'unknown', time: 'unknown'
System info: host: 'TSS167', ip: '192.168.1.167', os.name: 'Windows 8.1', os.arch: 'amd64', os.version: '6.3', java.version: '1.8.0_51'
Driver info: org.openqa.selenium.firefox.FirefoxDriver
Capabilities [{moz:profile=C:\Users\NAREND~1.RAJ\AppData\Local\Temp\rust_mozprofile.N4yg1ywWgtwa, rotatable=false, timeouts={implicit=0.0, page load=300000.0, script=30000.0}, pageLoadStrategy=normal, platform=ANY, specificationLevel=0.0, moz:accessibilityChecks=false, acceptInsecureCerts=false, browserVersion=52.0.2, platformVersion=6.3, moz:processID=1360.0, browserName=firefox, javascriptEnabled=true, platformName=windows_nt}]
Session ID: 0215aa8f-cade-4264-91fd-3c58a5fd1fb0]]>
            </message>
            <full-stacktrace>
              <![CDATA[org.openqa.selenium.InvalidArgumentException: Could not find webelement key
Build info: version: '3.4.0', revision: 'unknown', time: 'unknown'
System info: host: 'TSS167', ip: '192.168.1.167', os.name: 'Windows 8.1', os.arch: 'amd64', os.version: '6.3', java.version: '1.8.0_51'
Driver info: org.openqa.selenium.firefox.FirefoxDriver
Capabilities [{moz:profile=C:\Users\NAREND~1.RAJ\AppData\Local\Temp\rust_mozprofile.N4yg1ywWgtwa, rotatable=false, timeouts={implicit=0.0, page load=300000.0, script=30000.0}, pageLoadStrategy=normal, platform=ANY, specificationLevel=0.0, moz:accessibilityChecks=false, acceptInsecureCerts=false, browserVersion=52.0.2, platformVersion=6.3, moz:processID=1360.0, browserName=firefox, javascriptEnabled=true, platformName=windows_nt}]
Session ID: 0215aa8f-cade-4264-91fd-3c58a5fd1fb0
	at sun.reflect.NativeConstructorAccessorImpl.newInstance0(Native Method)
	at sun.reflect.NativeConstructorAccessorImpl.newInstance(NativeConstructorAccessorImpl.java:62)
	at sun.reflect.DelegatingConstructorAccessorImpl.newInstance(DelegatingConstructorAccessorImpl.java:45)
	at java.lang.reflect.Constructor.newInstance(Constructor.java:422)
	at org.openqa.selenium.remote.http.W3CHttpResponseCodec.createException(W3CHttpResponseCodec.java:150)
	at org.openqa.selenium.remote.http.W3CHttpResponseCodec.decode(W3CHttpResponseCodec.java:115)
	at org.openqa.selenium.remote.http.W3CHttpResponseCodec.decode(W3CHttpResponseCodec.java:45)
	at org.openqa.selenium.remote.HttpCommandExecutor.execute(HttpCommandExecutor.java:164)
	at org.openqa.selenium.remote.service.DriverCommandExecutor.execute(DriverCommandExecutor.java:82)
	at org.openqa.selenium.remote.RemoteWebDriver.execute(RemoteWebDriver.java:637)
	at org.openqa.selenium.remote.RemoteWebDriver.perform(RemoteWebDriver.java:703)
	at org.openqa.selenium.interactions.Actions$BuiltAction.perform(Actions.java:631)
	at com.mmkproject.pages.MyMoneyKartHomePage.navigateToChangePassword(MyMoneyKartHomePage.java:419)
	at com.mmk.test_execution_engine.MMKMainSiteTestCases.navigateToChangePasswordPage(MMKMainSiteTestCases.java:208)
	at sun.reflect.NativeMethodAccessorImpl.invoke0(Native Method)
	at sun.reflect.NativeMethodAccessorImpl.invoke(NativeMethodAccessorImpl.java:62)
	at sun.reflect.DelegatingMethodAccessorImpl.invoke(DelegatingMethodAccessorImpl.java:43)
	at java.lang.reflect.Method.invoke(Method.java:497)
	at org.testng.internal.MethodInvocationHelper.invokeMethod(MethodInvocationHelper.java:84)
	at org.testng.internal.Invoker.invokeMethod(Invoker.java:714)
	at org.testng.internal.Invoker.invokeTestMethod(Invoker.java:901)
	at org.testng.internal.Invoker.invokeTestMethods(Invoker.java:1231)
	at org.testng.internal.TestMethodWorker.invokeTestMethods(TestMethodWorker.java:127)
	at org.testng.internal.TestMethodWorker.run(TestMethodWorker.java:111)
	at org.testng.TestRunner.privateRun(TestRunner.java:767)
	at org.testng.TestRunner.run(TestRunner.java:617)
	at org.testng.SuiteRunner.runTest(SuiteRunner.java:334)
	at org.testng.SuiteRunner.runSequentially(SuiteRunner.java:329)
	at org.testng.SuiteRunner.privateRun(SuiteRunner.java:291)
	at org.testng.SuiteRunner.run(SuiteRunner.java:240)
	at org.testng.SuiteRunnerWorker.runSuite(SuiteRunnerWorker.java:52)
	at org.testng.SuiteRunnerWorker.run(SuiteRunnerWorker.java:86)
	at org.testng.TestNG.runSuitesSequentially(TestNG.java:1224)
	at org.testng.TestNG.runSuitesLocally(TestNG.java:1149)
	at org.testng.TestNG.run(TestNG.java:1057)
	at org.apache.maven.surefire.testng.TestNGExecutor.run(TestNGExecutor.java:178)
	at org.apache.maven.surefire.testng.TestNGXmlTestSuite.execute(TestNGXmlTestSuite.java:92)
	at org.apache.maven.surefire.testng.TestNGProvider.invoke(TestNGProvider.java:96)
	at sun.reflect.NativeMethodAccessorImpl.invoke0(Native Method)
	at sun.reflect.NativeMethodAccessorImpl.invoke(NativeMethodAccessorImpl.java:62)
	at sun.reflect.DelegatingMethodAccessorImpl.invoke(DelegatingMethodAccessorImpl.java:43)
	at java.lang.reflect.Method.invoke(Method.java:497)
	at org.apache.maven.surefire.util.ReflectionUtils.invokeMethodWithArray(ReflectionUtils.java:189)
	at org.apache.maven.surefire.booter.ProviderFactory$ProviderProxy.invoke(ProviderFactory.java:165)
	at org.apache.maven.surefire.booter.ProviderFactory.invokeProvider(ProviderFactory.java:85)
	at org.apache.maven.surefire.booter.ForkedBooter.runSuitesInProcess(ForkedBooter.java:115)
	at org.apache.maven.surefire.booter.ForkedBooter.main(ForkedBooter.java:75)
]]>
            </full-stacktrace>
          </exception> <!-- org.openqa.selenium.InvalidArgumentException -->
          <reporter-output>
          </reporter-output>
        </test-method> <!-- navigateToChangePasswordPage -->
        <test-method status="PASS" signature="tearDown(org.testng.ITestResult)[pri:0, instance:com.mmk.test_execution_engine.MMKMainSiteTestCases@1ed4004b]" name="tearDown" is-config="true" duration-ms="508" started-at="2017-07-18T17:07:00Z" finished-at="2017-07-18T17:07:01Z">
          <params>
            <param index="0">
              <value>
                <![CDATA[[TestResult name=navigateToChangePasswordPage status=FAILURE method=MMKMainSiteTestCases.navigateToChangePasswordPage()[pri:0, instance:com.mmk.test_execution_engine.MMKMainSiteTestCases@1ed4004b] output={null}]]]>
              </value>
            </param>
          </params>
          <reporter-output>
            <line>
              <![CDATA[<h3>Failed Test Method :navigateToChangePasswordPage</h3></br>]]>
            </line>
            <line>
              <![CDATA[<a href="..\screenshots\FailedTest\mmk_test_18_Jul_2017__05_07_01PM.png"><p align="left">Failed Test Screenshot Tue Jul 18 17:07:01 IST 2017</p>]]>
            </line>
            <line>
              <![CDATA[<p><img width="600" src=..\screenshots\FailedTest\mmk_test_18_Jul_2017__05_07_01PM.png alt="Test Failed atTue Jul 18 17:07:01 IST 2017"/></p></a><br/>]]>
            </line>
          </reporter-output>
        </test-method> <!-- tearDown -->
        <test-method status="FAIL" signature="navigateToChangePasswordPageAndCheckBlankFieldValidation()[pri:0, instance:com.mmk.test_execution_engine.MMKMainSiteTestCases@1ed4004b]" name="navigateToChangePasswordPageAndCheckBlankFieldValidation" duration-ms="152" started-at="2017-07-18T17:07:01Z" finished-at="2017-07-18T17:07:01Z">
          <exception class="org.openqa.selenium.InvalidArgumentException">
            <message>
              <![CDATA[Could not find webelement key
Build info: version: '3.4.0', revision: 'unknown', time: 'unknown'
System info: host: 'TSS167', ip: '192.168.1.167', os.name: 'Windows 8.1', os.arch: 'amd64', os.version: '6.3', java.version: '1.8.0_51'
Driver info: org.openqa.selenium.firefox.FirefoxDriver
Capabilities [{moz:profile=C:\Users\NAREND~1.RAJ\AppData\Local\Temp\rust_mozprofile.N4yg1ywWgtwa, rotatable=false, timeouts={implicit=0.0, page load=300000.0, script=30000.0}, pageLoadStrategy=normal, platform=ANY, specificationLevel=0.0, moz:accessibilityChecks=false, acceptInsecureCerts=false, browserVersion=52.0.2, platformVersion=6.3, moz:processID=1360.0, browserName=firefox, javascriptEnabled=true, platformName=windows_nt}]
Session ID: 0215aa8f-cade-4264-91fd-3c58a5fd1fb0]]>
            </message>
            <full-stacktrace>
              <![CDATA[org.openqa.selenium.InvalidArgumentException: Could not find webelement key
Build info: version: '3.4.0', revision: 'unknown', time: 'unknown'
System info: host: 'TSS167', ip: '192.168.1.167', os.name: 'Windows 8.1', os.arch: 'amd64', os.version: '6.3', java.version: '1.8.0_51'
Driver info: org.openqa.selenium.firefox.FirefoxDriver
Capabilities [{moz:profile=C:\Users\NAREND~1.RAJ\AppData\Local\Temp\rust_mozprofile.N4yg1ywWgtwa, rotatable=false, timeouts={implicit=0.0, page load=300000.0, script=30000.0}, pageLoadStrategy=normal, platform=ANY, specificationLevel=0.0, moz:accessibilityChecks=false, acceptInsecureCerts=false, browserVersion=52.0.2, platformVersion=6.3, moz:processID=1360.0, browserName=firefox, javascriptEnabled=true, platformName=windows_nt}]
Session ID: 0215aa8f-cade-4264-91fd-3c58a5fd1fb0
	at sun.reflect.NativeConstructorAccessorImpl.newInstance0(Native Method)
	at sun.reflect.NativeConstructorAccessorImpl.newInstance(NativeConstructorAccessorImpl.java:62)
	at sun.reflect.DelegatingConstructorAccessorImpl.newInstance(DelegatingConstructorAccessorImpl.java:45)
	at java.lang.reflect.Constructor.newInstance(Constructor.java:422)
	at org.openqa.selenium.remote.http.W3CHttpResponseCodec.createException(W3CHttpResponseCodec.java:150)
	at org.openqa.selenium.remote.http.W3CHttpResponseCodec.decode(W3CHttpResponseCodec.java:115)
	at org.openqa.selenium.remote.http.W3CHttpResponseCodec.decode(W3CHttpResponseCodec.java:45)
	at org.openqa.selenium.remote.HttpCommandExecutor.execute(HttpCommandExecutor.java:164)
	at org.openqa.selenium.remote.service.DriverCommandExecutor.execute(DriverCommandExecutor.java:82)
	at org.openqa.selenium.remote.RemoteWebDriver.execute(RemoteWebDriver.java:637)
	at org.openqa.selenium.remote.RemoteWebDriver.perform(RemoteWebDriver.java:703)
	at org.openqa.selenium.interactions.Actions$BuiltAction.perform(Actions.java:631)
	at com.mmkproject.pages.MyMoneyKartHomePage.navigateToChangePassword(MyMoneyKartHomePage.java:419)
	at com.mmk.test_execution_engine.MMKMainSiteTestCases.navigateToChangePasswordPageAndCheckBlankFieldValidation(MMKMainSiteTestCases.java:216)
	at sun.reflect.NativeMethodAccessorImpl.invoke0(Native Method)
	at sun.reflect.NativeMethodAccessorImpl.invoke(NativeMethodAccessorImpl.java:62)
	at sun.reflect.DelegatingMethodAccessorImpl.invoke(DelegatingMethodAccessorImpl.java:43)
	at java.lang.reflect.Method.invoke(Method.java:497)
	at org.testng.internal.MethodInvocationHelper.invokeMethod(MethodInvocationHelper.java:84)
	at org.testng.internal.Invoker.invokeMethod(Invoker.java:714)
	at org.testng.internal.Invoker.invokeTestMethod(Invoker.java:901)
	at org.testng.internal.Invoker.invokeTestMethods(Invoker.java:1231)
	at org.testng.internal.TestMethodWorker.invokeTestMethods(TestMethodWorker.java:127)
	at org.testng.internal.TestMethodWorker.run(TestMethodWorker.java:111)
	at org.testng.TestRunner.privateRun(TestRunner.java:767)
	at org.testng.TestRunner.run(TestRunner.java:617)
	at org.testng.SuiteRunner.runTest(SuiteRunner.java:334)
	at org.testng.SuiteRunner.runSequentially(SuiteRunner.java:329)
	at org.testng.SuiteRunner.privateRun(SuiteRunner.java:291)
	at org.testng.SuiteRunner.run(SuiteRunner.java:240)
	at org.testng.SuiteRunnerWorker.runSuite(SuiteRunnerWorker.java:52)
	at org.testng.SuiteRunnerWorker.run(SuiteRunnerWorker.java:86)
	at org.testng.TestNG.runSuitesSequentially(TestNG.java:1224)
	at org.testng.TestNG.runSuitesLocally(TestNG.java:1149)
	at org.testng.TestNG.run(TestNG.java:1057)
	at org.apache.maven.surefire.testng.TestNGExecutor.run(TestNGExecutor.java:178)
	at org.apache.maven.surefire.testng.TestNGXmlTestSuite.execute(TestNGXmlTestSuite.java:92)
	at org.apache.maven.surefire.testng.TestNGProvider.invoke(TestNGProvider.java:96)
	at sun.reflect.NativeMethodAccessorImpl.invoke0(Native Method)
	at sun.reflect.NativeMethodAccessorImpl.invoke(NativeMethodAccessorImpl.java:62)
	at sun.reflect.DelegatingMethodAccessorImpl.invoke(DelegatingMethodAccessorImpl.java:43)
	at java.lang.reflect.Method.invoke(Method.java:497)
	at org.apache.maven.surefire.util.ReflectionUtils.invokeMethodWithArray(ReflectionUtils.java:189)
	at org.apache.maven.surefire.booter.ProviderFactory$ProviderProxy.invoke(ProviderFactory.java:165)
	at org.apache.maven.surefire.booter.ProviderFactory.invokeProvider(ProviderFactory.java:85)
	at org.apache.maven.surefire.booter.ForkedBooter.runSuitesInProcess(ForkedBooter.java:115)
	at org.apache.maven.surefire.booter.ForkedBooter.main(ForkedBooter.java:75)
]]>
            </full-stacktrace>
          </exception> <!-- org.openqa.selenium.InvalidArgumentException -->
          <reporter-output>
          </reporter-output>
        </test-method> <!-- navigateToChangePasswordPageAndCheckBlankFieldValidation -->
        <test-method status="PASS" signature="tearDown(org.testng.ITestResult)[pri:0, instance:com.mmk.test_execution_engine.MMKMainSiteTestCases@1ed4004b]" name="tearDown" is-config="true" duration-ms="403" started-at="2017-07-18T17:07:01Z" finished-at="2017-07-18T17:07:01Z">
          <params>
            <param index="0">
              <value>
                <![CDATA[[TestResult name=navigateToChangePasswordPageAndCheckBlankFieldValidation status=FAILURE method=MMKMainSiteTestCases.navigateToChangePasswordPageAndCheckBlankFieldValidation()[pri:0, instance:com.mmk.test_execution_engine.MMKMainSiteTestCases@1ed4004b] output={null}]]]>
              </value>
            </param>
          </params>
          <reporter-output>
            <line>
              <![CDATA[<h3>Failed Test Method :navigateToChangePasswordPageAndCheckBlankFieldValidation</h3></br>]]>
            </line>
            <line>
              <![CDATA[<a href="..\screenshots\FailedTest\mmk_test_18_Jul_2017__05_07_01PM.png"><p align="left">Failed Test Screenshot Tue Jul 18 17:07:01 IST 2017</p>]]>
            </line>
            <line>
              <![CDATA[<p><img width="600" src=..\screenshots\FailedTest\mmk_test_18_Jul_2017__05_07_01PM.png alt="Test Failed atTue Jul 18 17:07:01 IST 2017"/></p></a><br/>]]>
            </line>
          </reporter-output>
        </test-method> <!-- tearDown -->
        <test-method status="FAIL" signature="navigateToChangePasswordPageAndCheckCancelRedirect()[pri:0, instance:com.mmk.test_execution_engine.MMKMainSiteTestCases@1ed4004b]" name="navigateToChangePasswordPageAndCheckCancelRedirect" duration-ms="146" started-at="2017-07-18T17:07:01Z" finished-at="2017-07-18T17:07:02Z">
          <exception class="org.openqa.selenium.InvalidArgumentException">
            <message>
              <![CDATA[Could not find webelement key
Build info: version: '3.4.0', revision: 'unknown', time: 'unknown'
System info: host: 'TSS167', ip: '192.168.1.167', os.name: 'Windows 8.1', os.arch: 'amd64', os.version: '6.3', java.version: '1.8.0_51'
Driver info: org.openqa.selenium.firefox.FirefoxDriver
Capabilities [{moz:profile=C:\Users\NAREND~1.RAJ\AppData\Local\Temp\rust_mozprofile.N4yg1ywWgtwa, rotatable=false, timeouts={implicit=0.0, page load=300000.0, script=30000.0}, pageLoadStrategy=normal, platform=ANY, specificationLevel=0.0, moz:accessibilityChecks=false, acceptInsecureCerts=false, browserVersion=52.0.2, platformVersion=6.3, moz:processID=1360.0, browserName=firefox, javascriptEnabled=true, platformName=windows_nt}]
Session ID: 0215aa8f-cade-4264-91fd-3c58a5fd1fb0]]>
            </message>
            <full-stacktrace>
              <![CDATA[org.openqa.selenium.InvalidArgumentException: Could not find webelement key
Build info: version: '3.4.0', revision: 'unknown', time: 'unknown'
System info: host: 'TSS167', ip: '192.168.1.167', os.name: 'Windows 8.1', os.arch: 'amd64', os.version: '6.3', java.version: '1.8.0_51'
Driver info: org.openqa.selenium.firefox.FirefoxDriver
Capabilities [{moz:profile=C:\Users\NAREND~1.RAJ\AppData\Local\Temp\rust_mozprofile.N4yg1ywWgtwa, rotatable=false, timeouts={implicit=0.0, page load=300000.0, script=30000.0}, pageLoadStrategy=normal, platform=ANY, specificationLevel=0.0, moz:accessibilityChecks=false, acceptInsecureCerts=false, browserVersion=52.0.2, platformVersion=6.3, moz:processID=1360.0, browserName=firefox, javascriptEnabled=true, platformName=windows_nt}]
Session ID: 0215aa8f-cade-4264-91fd-3c58a5fd1fb0
	at sun.reflect.NativeConstructorAccessorImpl.newInstance0(Native Method)
	at sun.reflect.NativeConstructorAccessorImpl.newInstance(NativeConstructorAccessorImpl.java:62)
	at sun.reflect.DelegatingConstructorAccessorImpl.newInstance(DelegatingConstructorAccessorImpl.java:45)
	at java.lang.reflect.Constructor.newInstance(Constructor.java:422)
	at org.openqa.selenium.remote.http.W3CHttpResponseCodec.createException(W3CHttpResponseCodec.java:150)
	at org.openqa.selenium.remote.http.W3CHttpResponseCodec.decode(W3CHttpResponseCodec.java:115)
	at org.openqa.selenium.remote.http.W3CHttpResponseCodec.decode(W3CHttpResponseCodec.java:45)
	at org.openqa.selenium.remote.HttpCommandExecutor.execute(HttpCommandExecutor.java:164)
	at org.openqa.selenium.remote.service.DriverCommandExecutor.execute(DriverCommandExecutor.java:82)
	at org.openqa.selenium.remote.RemoteWebDriver.execute(RemoteWebDriver.java:637)
	at org.openqa.selenium.remote.RemoteWebDriver.perform(RemoteWebDriver.java:703)
	at org.openqa.selenium.interactions.Actions$BuiltAction.perform(Actions.java:631)
	at com.mmkproject.pages.MyMoneyKartHomePage.navigateToChangePassword(MyMoneyKartHomePage.java:419)
	at com.mmk.test_execution_engine.MMKMainSiteTestCases.navigateToChangePasswordPageAndCheckCancelRedirect(MMKMainSiteTestCases.java:234)
	at sun.reflect.NativeMethodAccessorImpl.invoke0(Native Method)
	at sun.reflect.NativeMethodAccessorImpl.invoke(NativeMethodAccessorImpl.java:62)
	at sun.reflect.DelegatingMethodAccessorImpl.invoke(DelegatingMethodAccessorImpl.java:43)
	at java.lang.reflect.Method.invoke(Method.java:497)
	at org.testng.internal.MethodInvocationHelper.invokeMethod(MethodInvocationHelper.java:84)
	at org.testng.internal.Invoker.invokeMethod(Invoker.java:714)
	at org.testng.internal.Invoker.invokeTestMethod(Invoker.java:901)
	at org.testng.internal.Invoker.invokeTestMethods(Invoker.java:1231)
	at org.testng.internal.TestMethodWorker.invokeTestMethods(TestMethodWorker.java:127)
	at org.testng.internal.TestMethodWorker.run(TestMethodWorker.java:111)
	at org.testng.TestRunner.privateRun(TestRunner.java:767)
	at org.testng.TestRunner.run(TestRunner.java:617)
	at org.testng.SuiteRunner.runTest(SuiteRunner.java:334)
	at org.testng.SuiteRunner.runSequentially(SuiteRunner.java:329)
	at org.testng.SuiteRunner.privateRun(SuiteRunner.java:291)
	at org.testng.SuiteRunner.run(SuiteRunner.java:240)
	at org.testng.SuiteRunnerWorker.runSuite(SuiteRunnerWorker.java:52)
	at org.testng.SuiteRunnerWorker.run(SuiteRunnerWorker.java:86)
	at org.testng.TestNG.runSuitesSequentially(TestNG.java:1224)
	at org.testng.TestNG.runSuitesLocally(TestNG.java:1149)
	at org.testng.TestNG.run(TestNG.java:1057)
	at org.apache.maven.surefire.testng.TestNGExecutor.run(TestNGExecutor.java:178)
	at org.apache.maven.surefire.testng.TestNGXmlTestSuite.execute(TestNGXmlTestSuite.java:92)
	at org.apache.maven.surefire.testng.TestNGProvider.invoke(TestNGProvider.java:96)
	at sun.reflect.NativeMethodAccessorImpl.invoke0(Native Method)
	at sun.reflect.NativeMethodAccessorImpl.invoke(NativeMethodAccessorImpl.java:62)
	at sun.reflect.DelegatingMethodAccessorImpl.invoke(DelegatingMethodAccessorImpl.java:43)
	at java.lang.reflect.Method.invoke(Method.java:497)
	at org.apache.maven.surefire.util.ReflectionUtils.invokeMethodWithArray(ReflectionUtils.java:189)
	at org.apache.maven.surefire.booter.ProviderFactory$ProviderProxy.invoke(ProviderFactory.java:165)
	at org.apache.maven.surefire.booter.ProviderFactory.invokeProvider(ProviderFactory.java:85)
	at org.apache.maven.surefire.booter.ForkedBooter.runSuitesInProcess(ForkedBooter.java:115)
	at org.apache.maven.surefire.booter.ForkedBooter.main(ForkedBooter.java:75)
]]>
            </full-stacktrace>
          </exception> <!-- org.openqa.selenium.InvalidArgumentException -->
          <reporter-output>
          </reporter-output>
        </test-method> <!-- navigateToChangePasswordPageAndCheckCancelRedirect -->
        <test-method status="PASS" signature="tearDown(org.testng.ITestResult)[pri:0, instance:com.mmk.test_execution_engine.MMKMainSiteTestCases@1ed4004b]" name="tearDown" is-config="true" duration-ms="411" started-at="2017-07-18T17:07:02Z" finished-at="2017-07-18T17:07:02Z">
          <params>
            <param index="0">
              <value>
                <![CDATA[[TestResult name=navigateToChangePasswordPageAndCheckCancelRedirect status=FAILURE method=MMKMainSiteTestCases.navigateToChangePasswordPageAndCheckCancelRedirect()[pri:0, instance:com.mmk.test_execution_engine.MMKMainSiteTestCases@1ed4004b] output={null}]]]>
              </value>
            </param>
          </params>
          <reporter-output>
            <line>
              <![CDATA[<h3>Failed Test Method :navigateToChangePasswordPageAndCheckCancelRedirect</h3></br>]]>
            </line>
            <line>
              <![CDATA[<a href="..\screenshots\FailedTest\mmk_test_18_Jul_2017__05_07_02PM.png"><p align="left">Failed Test Screenshot Tue Jul 18 17:07:02 IST 2017</p>]]>
            </line>
            <line>
              <![CDATA[<p><img width="600" src=..\screenshots\FailedTest\mmk_test_18_Jul_2017__05_07_02PM.png alt="Test Failed atTue Jul 18 17:07:02 IST 2017"/></p></a><br/>]]>
            </line>
          </reporter-output>
        </test-method> <!-- tearDown -->
        <test-method status="FAIL" signature="navigateToChangePasswordPageAnddoChangePassword()[pri:0, instance:com.mmk.test_execution_engine.MMKMainSiteTestCases@1ed4004b]" name="navigateToChangePasswordPageAnddoChangePassword" duration-ms="142" started-at="2017-07-18T17:07:02Z" finished-at="2017-07-18T17:07:02Z">
          <exception class="org.openqa.selenium.InvalidArgumentException">
            <message>
              <![CDATA[Could not find webelement key
Build info: version: '3.4.0', revision: 'unknown', time: 'unknown'
System info: host: 'TSS167', ip: '192.168.1.167', os.name: 'Windows 8.1', os.arch: 'amd64', os.version: '6.3', java.version: '1.8.0_51'
Driver info: org.openqa.selenium.firefox.FirefoxDriver
Capabilities [{moz:profile=C:\Users\NAREND~1.RAJ\AppData\Local\Temp\rust_mozprofile.N4yg1ywWgtwa, rotatable=false, timeouts={implicit=0.0, page load=300000.0, script=30000.0}, pageLoadStrategy=normal, platform=ANY, specificationLevel=0.0, moz:accessibilityChecks=false, acceptInsecureCerts=false, browserVersion=52.0.2, platformVersion=6.3, moz:processID=1360.0, browserName=firefox, javascriptEnabled=true, platformName=windows_nt}]
Session ID: 0215aa8f-cade-4264-91fd-3c58a5fd1fb0]]>
            </message>
            <full-stacktrace>
              <![CDATA[org.openqa.selenium.InvalidArgumentException: Could not find webelement key
Build info: version: '3.4.0', revision: 'unknown', time: 'unknown'
System info: host: 'TSS167', ip: '192.168.1.167', os.name: 'Windows 8.1', os.arch: 'amd64', os.version: '6.3', java.version: '1.8.0_51'
Driver info: org.openqa.selenium.firefox.FirefoxDriver
Capabilities [{moz:profile=C:\Users\NAREND~1.RAJ\AppData\Local\Temp\rust_mozprofile.N4yg1ywWgtwa, rotatable=false, timeouts={implicit=0.0, page load=300000.0, script=30000.0}, pageLoadStrategy=normal, platform=ANY, specificationLevel=0.0, moz:accessibilityChecks=false, acceptInsecureCerts=false, browserVersion=52.0.2, platformVersion=6.3, moz:processID=1360.0, browserName=firefox, javascriptEnabled=true, platformName=windows_nt}]
Session ID: 0215aa8f-cade-4264-91fd-3c58a5fd1fb0
	at sun.reflect.NativeConstructorAccessorImpl.newInstance0(Native Method)
	at sun.reflect.NativeConstructorAccessorImpl.newInstance(NativeConstructorAccessorImpl.java:62)
	at sun.reflect.DelegatingConstructorAccessorImpl.newInstance(DelegatingConstructorAccessorImpl.java:45)
	at java.lang.reflect.Constructor.newInstance(Constructor.java:422)
	at org.openqa.selenium.remote.http.W3CHttpResponseCodec.createException(W3CHttpResponseCodec.java:150)
	at org.openqa.selenium.remote.http.W3CHttpResponseCodec.decode(W3CHttpResponseCodec.java:115)
	at org.openqa.selenium.remote.http.W3CHttpResponseCodec.decode(W3CHttpResponseCodec.java:45)
	at org.openqa.selenium.remote.HttpCommandExecutor.execute(HttpCommandExecutor.java:164)
	at org.openqa.selenium.remote.service.DriverCommandExecutor.execute(DriverCommandExecutor.java:82)
	at org.openqa.selenium.remote.RemoteWebDriver.execute(RemoteWebDriver.java:637)
	at org.openqa.selenium.remote.RemoteWebDriver.perform(RemoteWebDriver.java:703)
	at org.openqa.selenium.interactions.Actions$BuiltAction.perform(Actions.java:631)
	at com.mmkproject.pages.MyMoneyKartHomePage.navigateToChangePassword(MyMoneyKartHomePage.java:419)
	at com.mmk.test_execution_engine.MMKMainSiteTestCases.navigateToChangePasswordPageAnddoChangePassword(MMKMainSiteTestCases.java:225)
	at sun.reflect.NativeMethodAccessorImpl.invoke0(Native Method)
	at sun.reflect.NativeMethodAccessorImpl.invoke(NativeMethodAccessorImpl.java:62)
	at sun.reflect.DelegatingMethodAccessorImpl.invoke(DelegatingMethodAccessorImpl.java:43)
	at java.lang.reflect.Method.invoke(Method.java:497)
	at org.testng.internal.MethodInvocationHelper.invokeMethod(MethodInvocationHelper.java:84)
	at org.testng.internal.Invoker.invokeMethod(Invoker.java:714)
	at org.testng.internal.Invoker.invokeTestMethod(Invoker.java:901)
	at org.testng.internal.Invoker.invokeTestMethods(Invoker.java:1231)
	at org.testng.internal.TestMethodWorker.invokeTestMethods(TestMethodWorker.java:127)
	at org.testng.internal.TestMethodWorker.run(TestMethodWorker.java:111)
	at org.testng.TestRunner.privateRun(TestRunner.java:767)
	at org.testng.TestRunner.run(TestRunner.java:617)
	at org.testng.SuiteRunner.runTest(SuiteRunner.java:334)
	at org.testng.SuiteRunner.runSequentially(SuiteRunner.java:329)
	at org.testng.SuiteRunner.privateRun(SuiteRunner.java:291)
	at org.testng.SuiteRunner.run(SuiteRunner.java:240)
	at org.testng.SuiteRunnerWorker.runSuite(SuiteRunnerWorker.java:52)
	at org.testng.SuiteRunnerWorker.run(SuiteRunnerWorker.java:86)
	at org.testng.TestNG.runSuitesSequentially(TestNG.java:1224)
	at org.testng.TestNG.runSuitesLocally(TestNG.java:1149)
	at org.testng.TestNG.run(TestNG.java:1057)
	at org.apache.maven.surefire.testng.TestNGExecutor.run(TestNGExecutor.java:178)
	at org.apache.maven.surefire.testng.TestNGXmlTestSuite.execute(TestNGXmlTestSuite.java:92)
	at org.apache.maven.surefire.testng.TestNGProvider.invoke(TestNGProvider.java:96)
	at sun.reflect.NativeMethodAccessorImpl.invoke0(Native Method)
	at sun.reflect.NativeMethodAccessorImpl.invoke(NativeMethodAccessorImpl.java:62)
	at sun.reflect.DelegatingMethodAccessorImpl.invoke(DelegatingMethodAccessorImpl.java:43)
	at java.lang.reflect.Method.invoke(Method.java:497)
	at org.apache.maven.surefire.util.ReflectionUtils.invokeMethodWithArray(ReflectionUtils.java:189)
	at org.apache.maven.surefire.booter.ProviderFactory$ProviderProxy.invoke(ProviderFactory.java:165)
	at org.apache.maven.surefire.booter.ProviderFactory.invokeProvider(ProviderFactory.java:85)
	at org.apache.maven.surefire.booter.ForkedBooter.runSuitesInProcess(ForkedBooter.java:115)
	at org.apache.maven.surefire.booter.ForkedBooter.main(ForkedBooter.java:75)
]]>
            </full-stacktrace>
          </exception> <!-- org.openqa.selenium.InvalidArgumentException -->
          <reporter-output>
          </reporter-output>
        </test-method> <!-- navigateToChangePasswordPageAnddoChangePassword -->
        <test-method status="PASS" signature="tearDown(org.testng.ITestResult)[pri:0, instance:com.mmk.test_execution_engine.MMKMainSiteTestCases@1ed4004b]" name="tearDown" is-config="true" duration-ms="410" started-at="2017-07-18T17:07:02Z" finished-at="2017-07-18T17:07:03Z">
          <params>
            <param index="0">
              <value>
                <![CDATA[[TestResult name=navigateToChangePasswordPageAnddoChangePassword status=FAILURE method=MMKMainSiteTestCases.navigateToChangePasswordPageAnddoChangePassword()[pri:0, instance:com.mmk.test_execution_engine.MMKMainSiteTestCases@1ed4004b] output={null}]]]>
              </value>
            </param>
          </params>
          <reporter-output>
            <line>
              <![CDATA[<h3>Failed Test Method :navigateToChangePasswordPageAnddoChangePassword</h3></br>]]>
            </line>
            <line>
              <![CDATA[<a href="..\screenshots\FailedTest\mmk_test_18_Jul_2017__05_07_03PM.png"><p align="left">Failed Test Screenshot Tue Jul 18 17:07:03 IST 2017</p>]]>
            </line>
            <line>
              <![CDATA[<p><img width="600" src=..\screenshots\FailedTest\mmk_test_18_Jul_2017__05_07_03PM.png alt="Test Failed atTue Jul 18 17:07:03 IST 2017"/></p></a><br/>]]>
            </line>
          </reporter-output>
        </test-method> <!-- tearDown -->
        <test-method status="FAIL" signature="navigateToUserProfile()[pri:0, instance:com.mmk.test_execution_engine.MMKMainSiteTestCases@1ed4004b]" name="navigateToUserProfile" duration-ms="151" started-at="2017-07-18T17:07:03Z" finished-at="2017-07-18T17:07:03Z">
          <exception class="org.openqa.selenium.InvalidArgumentException">
            <message>
              <![CDATA[Could not find webelement key
Build info: version: '3.4.0', revision: 'unknown', time: 'unknown'
System info: host: 'TSS167', ip: '192.168.1.167', os.name: 'Windows 8.1', os.arch: 'amd64', os.version: '6.3', java.version: '1.8.0_51'
Driver info: org.openqa.selenium.firefox.FirefoxDriver
Capabilities [{moz:profile=C:\Users\NAREND~1.RAJ\AppData\Local\Temp\rust_mozprofile.N4yg1ywWgtwa, rotatable=false, timeouts={implicit=0.0, page load=300000.0, script=30000.0}, pageLoadStrategy=normal, platform=ANY, specificationLevel=0.0, moz:accessibilityChecks=false, acceptInsecureCerts=false, browserVersion=52.0.2, platformVersion=6.3, moz:processID=1360.0, browserName=firefox, javascriptEnabled=true, platformName=windows_nt}]
Session ID: 0215aa8f-cade-4264-91fd-3c58a5fd1fb0]]>
            </message>
            <full-stacktrace>
              <![CDATA[org.openqa.selenium.InvalidArgumentException: Could not find webelement key
Build info: version: '3.4.0', revision: 'unknown', time: 'unknown'
System info: host: 'TSS167', ip: '192.168.1.167', os.name: 'Windows 8.1', os.arch: 'amd64', os.version: '6.3', java.version: '1.8.0_51'
Driver info: org.openqa.selenium.firefox.FirefoxDriver
Capabilities [{moz:profile=C:\Users\NAREND~1.RAJ\AppData\Local\Temp\rust_mozprofile.N4yg1ywWgtwa, rotatable=false, timeouts={implicit=0.0, page load=300000.0, script=30000.0}, pageLoadStrategy=normal, platform=ANY, specificationLevel=0.0, moz:accessibilityChecks=false, acceptInsecureCerts=false, browserVersion=52.0.2, platformVersion=6.3, moz:processID=1360.0, browserName=firefox, javascriptEnabled=true, platformName=windows_nt}]
Session ID: 0215aa8f-cade-4264-91fd-3c58a5fd1fb0
	at sun.reflect.GeneratedConstructorAccessor13.newInstance(Unknown Source)
	at sun.reflect.DelegatingConstructorAccessorImpl.newInstance(DelegatingConstructorAccessorImpl.java:45)
	at java.lang.reflect.Constructor.newInstance(Constructor.java:422)
	at org.openqa.selenium.remote.http.W3CHttpResponseCodec.createException(W3CHttpResponseCodec.java:150)
	at org.openqa.selenium.remote.http.W3CHttpResponseCodec.decode(W3CHttpResponseCodec.java:115)
	at org.openqa.selenium.remote.http.W3CHttpResponseCodec.decode(W3CHttpResponseCodec.java:45)
	at org.openqa.selenium.remote.HttpCommandExecutor.execute(HttpCommandExecutor.java:164)
	at org.openqa.selenium.remote.service.DriverCommandExecutor.execute(DriverCommandExecutor.java:82)
	at org.openqa.selenium.remote.RemoteWebDriver.execute(RemoteWebDriver.java:637)
	at org.openqa.selenium.remote.RemoteWebDriver.perform(RemoteWebDriver.java:703)
	at org.openqa.selenium.interactions.Actions$BuiltAction.perform(Actions.java:631)
	at com.mmkproject.pages.MyMoneyKartHomePage.navigateToUserProfile(MyMoneyKartHomePage.java:461)
	at com.mmk.test_execution_engine.MMKMainSiteTestCases.navigateToUserProfile(MMKMainSiteTestCases.java:243)
	at sun.reflect.NativeMethodAccessorImpl.invoke0(Native Method)
	at sun.reflect.NativeMethodAccessorImpl.invoke(NativeMethodAccessorImpl.java:62)
	at sun.reflect.DelegatingMethodAccessorImpl.invoke(DelegatingMethodAccessorImpl.java:43)
	at java.lang.reflect.Method.invoke(Method.java:497)
	at org.testng.internal.MethodInvocationHelper.invokeMethod(MethodInvocationHelper.java:84)
	at org.testng.internal.Invoker.invokeMethod(Invoker.java:714)
	at org.testng.internal.Invoker.invokeTestMethod(Invoker.java:901)
	at org.testng.internal.Invoker.invokeTestMethods(Invoker.java:1231)
	at org.testng.internal.TestMethodWorker.invokeTestMethods(TestMethodWorker.java:127)
	at org.testng.internal.TestMethodWorker.run(TestMethodWorker.java:111)
	at org.testng.TestRunner.privateRun(TestRunner.java:767)
	at org.testng.TestRunner.run(TestRunner.java:617)
	at org.testng.SuiteRunner.runTest(SuiteRunner.java:334)
	at org.testng.SuiteRunner.runSequentially(SuiteRunner.java:329)
	at org.testng.SuiteRunner.privateRun(SuiteRunner.java:291)
	at org.testng.SuiteRunner.run(SuiteRunner.java:240)
	at org.testng.SuiteRunnerWorker.runSuite(SuiteRunnerWorker.java:52)
	at org.testng.SuiteRunnerWorker.run(SuiteRunnerWorker.java:86)
	at org.testng.TestNG.runSuitesSequentially(TestNG.java:1224)
	at org.testng.TestNG.runSuitesLocally(TestNG.java:1149)
	at org.testng.TestNG.run(TestNG.java:1057)
	at org.apache.maven.surefire.testng.TestNGExecutor.run(TestNGExecutor.java:178)
	at org.apache.maven.surefire.testng.TestNGXmlTestSuite.execute(TestNGXmlTestSuite.java:92)
	at org.apache.maven.surefire.testng.TestNGProvider.invoke(TestNGProvider.java:96)
	at sun.reflect.NativeMethodAccessorImpl.invoke0(Native Method)
	at sun.reflect.NativeMethodAccessorImpl.invoke(NativeMethodAccessorImpl.java:62)
	at sun.reflect.DelegatingMethodAccessorImpl.invoke(DelegatingMethodAccessorImpl.java:43)
	at java.lang.reflect.Method.invoke(Method.java:497)
	at org.apache.maven.surefire.util.ReflectionUtils.invokeMethodWithArray(ReflectionUtils.java:189)
	at org.apache.maven.surefire.booter.ProviderFactory$ProviderProxy.invoke(ProviderFactory.java:165)
	at org.apache.maven.surefire.booter.ProviderFactory.invokeProvider(ProviderFactory.java:85)
	at org.apache.maven.surefire.booter.ForkedBooter.runSuitesInProcess(ForkedBooter.java:115)
	at org.apache.maven.surefire.booter.ForkedBooter.main(ForkedBooter.java:75)
]]>
            </full-stacktrace>
          </exception> <!-- org.openqa.selenium.InvalidArgumentException -->
          <reporter-output>
          </reporter-output>
        </test-method> <!-- navigateToUserProfile -->
        <test-method status="PASS" signature="tearDown(org.testng.ITestResult)[pri:0, instance:com.mmk.test_execution_engine.MMKMainSiteTestCases@1ed4004b]" name="tearDown" is-config="true" duration-ms="474" started-at="2017-07-18T17:07:03Z" finished-at="2017-07-18T17:07:03Z">
          <params>
            <param index="0">
              <value>
                <![CDATA[[TestResult name=navigateToUserProfile status=FAILURE method=MMKMainSiteTestCases.navigateToUserProfile()[pri:0, instance:com.mmk.test_execution_engine.MMKMainSiteTestCases@1ed4004b] output={null}]]]>
              </value>
            </param>
          </params>
          <reporter-output>
            <line>
              <![CDATA[<h3>Failed Test Method :navigateToUserProfile</h3></br>]]>
            </line>
            <line>
              <![CDATA[<a href="..\screenshots\FailedTest\mmk_test_18_Jul_2017__05_07_03PM.png"><p align="left">Failed Test Screenshot Tue Jul 18 17:07:03 IST 2017</p>]]>
            </line>
            <line>
              <![CDATA[<p><img width="600" src=..\screenshots\FailedTest\mmk_test_18_Jul_2017__05_07_03PM.png alt="Test Failed atTue Jul 18 17:07:03 IST 2017"/></p></a><br/>]]>
            </line>
          </reporter-output>
        </test-method> <!-- tearDown -->
        <test-method status="FAIL" signature="navigateToUserProfileAndCheckValidRedirect()[pri:0, instance:com.mmk.test_execution_engine.MMKMainSiteTestCases@1ed4004b]" name="navigateToUserProfileAndCheckValidRedirect" duration-ms="162" started-at="2017-07-18T17:07:03Z" finished-at="2017-07-18T17:07:03Z">
          <exception class="org.openqa.selenium.InvalidArgumentException">
            <message>
              <![CDATA[Could not find webelement key
Build info: version: '3.4.0', revision: 'unknown', time: 'unknown'
System info: host: 'TSS167', ip: '192.168.1.167', os.name: 'Windows 8.1', os.arch: 'amd64', os.version: '6.3', java.version: '1.8.0_51'
Driver info: org.openqa.selenium.firefox.FirefoxDriver
Capabilities [{moz:profile=C:\Users\NAREND~1.RAJ\AppData\Local\Temp\rust_mozprofile.N4yg1ywWgtwa, rotatable=false, timeouts={implicit=0.0, page load=300000.0, script=30000.0}, pageLoadStrategy=normal, platform=ANY, specificationLevel=0.0, moz:accessibilityChecks=false, acceptInsecureCerts=false, browserVersion=52.0.2, platformVersion=6.3, moz:processID=1360.0, browserName=firefox, javascriptEnabled=true, platformName=windows_nt}]
Session ID: 0215aa8f-cade-4264-91fd-3c58a5fd1fb0]]>
            </message>
            <full-stacktrace>
              <![CDATA[org.openqa.selenium.InvalidArgumentException: Could not find webelement key
Build info: version: '3.4.0', revision: 'unknown', time: 'unknown'
System info: host: 'TSS167', ip: '192.168.1.167', os.name: 'Windows 8.1', os.arch: 'amd64', os.version: '6.3', java.version: '1.8.0_51'
Driver info: org.openqa.selenium.firefox.FirefoxDriver
Capabilities [{moz:profile=C:\Users\NAREND~1.RAJ\AppData\Local\Temp\rust_mozprofile.N4yg1ywWgtwa, rotatable=false, timeouts={implicit=0.0, page load=300000.0, script=30000.0}, pageLoadStrategy=normal, platform=ANY, specificationLevel=0.0, moz:accessibilityChecks=false, acceptInsecureCerts=false, browserVersion=52.0.2, platformVersion=6.3, moz:processID=1360.0, browserName=firefox, javascriptEnabled=true, platformName=windows_nt}]
Session ID: 0215aa8f-cade-4264-91fd-3c58a5fd1fb0
	at sun.reflect.GeneratedConstructorAccessor13.newInstance(Unknown Source)
	at sun.reflect.DelegatingConstructorAccessorImpl.newInstance(DelegatingConstructorAccessorImpl.java:45)
	at java.lang.reflect.Constructor.newInstance(Constructor.java:422)
	at org.openqa.selenium.remote.http.W3CHttpResponseCodec.createException(W3CHttpResponseCodec.java:150)
	at org.openqa.selenium.remote.http.W3CHttpResponseCodec.decode(W3CHttpResponseCodec.java:115)
	at org.openqa.selenium.remote.http.W3CHttpResponseCodec.decode(W3CHttpResponseCodec.java:45)
	at org.openqa.selenium.remote.HttpCommandExecutor.execute(HttpCommandExecutor.java:164)
	at org.openqa.selenium.remote.service.DriverCommandExecutor.execute(DriverCommandExecutor.java:82)
	at org.openqa.selenium.remote.RemoteWebDriver.execute(RemoteWebDriver.java:637)
	at org.openqa.selenium.remote.RemoteWebDriver.perform(RemoteWebDriver.java:703)
	at org.openqa.selenium.interactions.Actions$BuiltAction.perform(Actions.java:631)
	at com.mmkproject.pages.MyMoneyKartHomePage.navigateToUserProfile(MyMoneyKartHomePage.java:461)
	at com.mmk.test_execution_engine.MMKMainSiteTestCases.navigateToUserProfileAndCheckValidRedirect(MMKMainSiteTestCases.java:250)
	at sun.reflect.NativeMethodAccessorImpl.invoke0(Native Method)
	at sun.reflect.NativeMethodAccessorImpl.invoke(NativeMethodAccessorImpl.java:62)
	at sun.reflect.DelegatingMethodAccessorImpl.invoke(DelegatingMethodAccessorImpl.java:43)
	at java.lang.reflect.Method.invoke(Method.java:497)
	at org.testng.internal.MethodInvocationHelper.invokeMethod(MethodInvocationHelper.java:84)
	at org.testng.internal.Invoker.invokeMethod(Invoker.java:714)
	at org.testng.internal.Invoker.invokeTestMethod(Invoker.java:901)
	at org.testng.internal.Invoker.invokeTestMethods(Invoker.java:1231)
	at org.testng.internal.TestMethodWorker.invokeTestMethods(TestMethodWorker.java:127)
	at org.testng.internal.TestMethodWorker.run(TestMethodWorker.java:111)
	at org.testng.TestRunner.privateRun(TestRunner.java:767)
	at org.testng.TestRunner.run(TestRunner.java:617)
	at org.testng.SuiteRunner.runTest(SuiteRunner.java:334)
	at org.testng.SuiteRunner.runSequentially(SuiteRunner.java:329)
	at org.testng.SuiteRunner.privateRun(SuiteRunner.java:291)
	at org.testng.SuiteRunner.run(SuiteRunner.java:240)
	at org.testng.SuiteRunnerWorker.runSuite(SuiteRunnerWorker.java:52)
	at org.testng.SuiteRunnerWorker.run(SuiteRunnerWorker.java:86)
	at org.testng.TestNG.runSuitesSequentially(TestNG.java:1224)
	at org.testng.TestNG.runSuitesLocally(TestNG.java:1149)
	at org.testng.TestNG.run(TestNG.java:1057)
	at org.apache.maven.surefire.testng.TestNGExecutor.run(TestNGExecutor.java:178)
	at org.apache.maven.surefire.testng.TestNGXmlTestSuite.execute(TestNGXmlTestSuite.java:92)
	at org.apache.maven.surefire.testng.TestNGProvider.invoke(TestNGProvider.java:96)
	at sun.reflect.NativeMethodAccessorImpl.invoke0(Native Method)
	at sun.reflect.NativeMethodAccessorImpl.invoke(NativeMethodAccessorImpl.java:62)
	at sun.reflect.DelegatingMethodAccessorImpl.invoke(DelegatingMethodAccessorImpl.java:43)
	at java.lang.reflect.Method.invoke(Method.java:497)
	at org.apache.maven.surefire.util.ReflectionUtils.invokeMethodWithArray(ReflectionUtils.java:189)
	at org.apache.maven.surefire.booter.ProviderFactory$ProviderProxy.invoke(ProviderFactory.java:165)
	at org.apache.maven.surefire.booter.ProviderFactory.invokeProvider(ProviderFactory.java:85)
	at org.apache.maven.surefire.booter.ForkedBooter.runSuitesInProcess(ForkedBooter.java:115)
	at org.apache.maven.surefire.booter.ForkedBooter.main(ForkedBooter.java:75)
]]>
            </full-stacktrace>
          </exception> <!-- org.openqa.selenium.InvalidArgumentException -->
          <reporter-output>
          </reporter-output>
        </test-method> <!-- navigateToUserProfileAndCheckValidRedirect -->
        <test-method status="PASS" signature="tearDown(org.testng.ITestResult)[pri:0, instance:com.mmk.test_execution_engine.MMKMainSiteTestCases@1ed4004b]" name="tearDown" is-config="true" duration-ms="403" started-at="2017-07-18T17:07:03Z" finished-at="2017-07-18T17:07:04Z">
          <params>
            <param index="0">
              <value>
                <![CDATA[[TestResult name=navigateToUserProfileAndCheckValidRedirect status=FAILURE method=MMKMainSiteTestCases.navigateToUserProfileAndCheckValidRedirect()[pri:0, instance:com.mmk.test_execution_engine.MMKMainSiteTestCases@1ed4004b] output={null}]]]>
              </value>
            </param>
          </params>
          <reporter-output>
            <line>
              <![CDATA[<h3>Failed Test Method :navigateToUserProfileAndCheckValidRedirect</h3></br>]]>
            </line>
            <line>
              <![CDATA[<a href="..\screenshots\FailedTest\mmk_test_18_Jul_2017__05_07_04PM.png"><p align="left">Failed Test Screenshot Tue Jul 18 17:07:04 IST 2017</p>]]>
            </line>
            <line>
              <![CDATA[<p><img width="600" src=..\screenshots\FailedTest\mmk_test_18_Jul_2017__05_07_04PM.png alt="Test Failed atTue Jul 18 17:07:04 IST 2017"/></p></a><br/>]]>
            </line>
          </reporter-output>
        </test-method> <!-- tearDown -->
        <test-method status="FAIL" signature="navigateToUserProfileAndGetProfileDetails()[pri:0, instance:com.mmk.test_execution_engine.MMKMainSiteTestCases@1ed4004b]" name="navigateToUserProfileAndGetProfileDetails" duration-ms="170" started-at="2017-07-18T17:07:04Z" finished-at="2017-07-18T17:07:04Z">
          <exception class="org.openqa.selenium.InvalidArgumentException">
            <message>
              <![CDATA[Could not find webelement key
Build info: version: '3.4.0', revision: 'unknown', time: 'unknown'
System info: host: 'TSS167', ip: '192.168.1.167', os.name: 'Windows 8.1', os.arch: 'amd64', os.version: '6.3', java.version: '1.8.0_51'
Driver info: org.openqa.selenium.firefox.FirefoxDriver
Capabilities [{moz:profile=C:\Users\NAREND~1.RAJ\AppData\Local\Temp\rust_mozprofile.N4yg1ywWgtwa, rotatable=false, timeouts={implicit=0.0, page load=300000.0, script=30000.0}, pageLoadStrategy=normal, platform=ANY, specificationLevel=0.0, moz:accessibilityChecks=false, acceptInsecureCerts=false, browserVersion=52.0.2, platformVersion=6.3, moz:processID=1360.0, browserName=firefox, javascriptEnabled=true, platformName=windows_nt}]
Session ID: 0215aa8f-cade-4264-91fd-3c58a5fd1fb0]]>
            </message>
            <full-stacktrace>
              <![CDATA[org.openqa.selenium.InvalidArgumentException: Could not find webelement key
Build info: version: '3.4.0', revision: 'unknown', time: 'unknown'
System info: host: 'TSS167', ip: '192.168.1.167', os.name: 'Windows 8.1', os.arch: 'amd64', os.version: '6.3', java.version: '1.8.0_51'
Driver info: org.openqa.selenium.firefox.FirefoxDriver
Capabilities [{moz:profile=C:\Users\NAREND~1.RAJ\AppData\Local\Temp\rust_mozprofile.N4yg1ywWgtwa, rotatable=false, timeouts={implicit=0.0, page load=300000.0, script=30000.0}, pageLoadStrategy=normal, platform=ANY, specificationLevel=0.0, moz:accessibilityChecks=false, acceptInsecureCerts=false, browserVersion=52.0.2, platformVersion=6.3, moz:processID=1360.0, browserName=firefox, javascriptEnabled=true, platformName=windows_nt}]
Session ID: 0215aa8f-cade-4264-91fd-3c58a5fd1fb0
	at sun.reflect.GeneratedConstructorAccessor13.newInstance(Unknown Source)
	at sun.reflect.DelegatingConstructorAccessorImpl.newInstance(DelegatingConstructorAccessorImpl.java:45)
	at java.lang.reflect.Constructor.newInstance(Constructor.java:422)
	at org.openqa.selenium.remote.http.W3CHttpResponseCodec.createException(W3CHttpResponseCodec.java:150)
	at org.openqa.selenium.remote.http.W3CHttpResponseCodec.decode(W3CHttpResponseCodec.java:115)
	at org.openqa.selenium.remote.http.W3CHttpResponseCodec.decode(W3CHttpResponseCodec.java:45)
	at org.openqa.selenium.remote.HttpCommandExecutor.execute(HttpCommandExecutor.java:164)
	at org.openqa.selenium.remote.service.DriverCommandExecutor.execute(DriverCommandExecutor.java:82)
	at org.openqa.selenium.remote.RemoteWebDriver.execute(RemoteWebDriver.java:637)
	at org.openqa.selenium.remote.RemoteWebDriver.perform(RemoteWebDriver.java:703)
	at org.openqa.selenium.interactions.Actions$BuiltAction.perform(Actions.java:631)
	at com.mmkproject.pages.MyMoneyKartHomePage.navigateToUserProfile(MyMoneyKartHomePage.java:461)
	at com.mmk.test_execution_engine.MMKMainSiteTestCases.navigateToUserProfileAndGetProfileDetails(MMKMainSiteTestCases.java:261)
	at sun.reflect.NativeMethodAccessorImpl.invoke0(Native Method)
	at sun.reflect.NativeMethodAccessorImpl.invoke(NativeMethodAccessorImpl.java:62)
	at sun.reflect.DelegatingMethodAccessorImpl.invoke(DelegatingMethodAccessorImpl.java:43)
	at java.lang.reflect.Method.invoke(Method.java:497)
	at org.testng.internal.MethodInvocationHelper.invokeMethod(MethodInvocationHelper.java:84)
	at org.testng.internal.Invoker.invokeMethod(Invoker.java:714)
	at org.testng.internal.Invoker.invokeTestMethod(Invoker.java:901)
	at org.testng.internal.Invoker.invokeTestMethods(Invoker.java:1231)
	at org.testng.internal.TestMethodWorker.invokeTestMethods(TestMethodWorker.java:127)
	at org.testng.internal.TestMethodWorker.run(TestMethodWorker.java:111)
	at org.testng.TestRunner.privateRun(TestRunner.java:767)
	at org.testng.TestRunner.run(TestRunner.java:617)
	at org.testng.SuiteRunner.runTest(SuiteRunner.java:334)
	at org.testng.SuiteRunner.runSequentially(SuiteRunner.java:329)
	at org.testng.SuiteRunner.privateRun(SuiteRunner.java:291)
	at org.testng.SuiteRunner.run(SuiteRunner.java:240)
	at org.testng.SuiteRunnerWorker.runSuite(SuiteRunnerWorker.java:52)
	at org.testng.SuiteRunnerWorker.run(SuiteRunnerWorker.java:86)
	at org.testng.TestNG.runSuitesSequentially(TestNG.java:1224)
	at org.testng.TestNG.runSuitesLocally(TestNG.java:1149)
	at org.testng.TestNG.run(TestNG.java:1057)
	at org.apache.maven.surefire.testng.TestNGExecutor.run(TestNGExecutor.java:178)
	at org.apache.maven.surefire.testng.TestNGXmlTestSuite.execute(TestNGXmlTestSuite.java:92)
	at org.apache.maven.surefire.testng.TestNGProvider.invoke(TestNGProvider.java:96)
	at sun.reflect.NativeMethodAccessorImpl.invoke0(Native Method)
	at sun.reflect.NativeMethodAccessorImpl.invoke(NativeMethodAccessorImpl.java:62)
	at sun.reflect.DelegatingMethodAccessorImpl.invoke(DelegatingMethodAccessorImpl.java:43)
	at java.lang.reflect.Method.invoke(Method.java:497)
	at org.apache.maven.surefire.util.ReflectionUtils.invokeMethodWithArray(ReflectionUtils.java:189)
	at org.apache.maven.surefire.booter.ProviderFactory$ProviderProxy.invoke(ProviderFactory.java:165)
	at org.apache.maven.surefire.booter.ProviderFactory.invokeProvider(ProviderFactory.java:85)
	at org.apache.maven.surefire.booter.ForkedBooter.runSuitesInProcess(ForkedBooter.java:115)
	at org.apache.maven.surefire.booter.ForkedBooter.main(ForkedBooter.java:75)
]]>
            </full-stacktrace>
          </exception> <!-- org.openqa.selenium.InvalidArgumentException -->
          <reporter-output>
          </reporter-output>
        </test-method> <!-- navigateToUserProfileAndGetProfileDetails -->
        <test-method status="PASS" signature="tearDown(org.testng.ITestResult)[pri:0, instance:com.mmk.test_execution_engine.MMKMainSiteTestCases@1ed4004b]" name="tearDown" is-config="true" duration-ms="413" started-at="2017-07-18T17:07:04Z" finished-at="2017-07-18T17:07:04Z">
          <params>
            <param index="0">
              <value>
                <![CDATA[[TestResult name=navigateToUserProfileAndGetProfileDetails status=FAILURE method=MMKMainSiteTestCases.navigateToUserProfileAndGetProfileDetails()[pri:0, instance:com.mmk.test_execution_engine.MMKMainSiteTestCases@1ed4004b] output={null}]]]>
              </value>
            </param>
          </params>
          <reporter-output>
            <line>
              <![CDATA[<h3>Failed Test Method :navigateToUserProfileAndGetProfileDetails</h3></br>]]>
            </line>
            <line>
              <![CDATA[<a href="..\screenshots\FailedTest\mmk_test_18_Jul_2017__05_07_04PM.png"><p align="left">Failed Test Screenshot Tue Jul 18 17:07:04 IST 2017</p>]]>
            </line>
            <line>
              <![CDATA[<p><img width="600" src=..\screenshots\FailedTest\mmk_test_18_Jul_2017__05_07_04PM.png alt="Test Failed atTue Jul 18 17:07:04 IST 2017"/></p></a><br/>]]>
            </line>
          </reporter-output>
        </test-method> <!-- tearDown -->
      </class> <!-- com.mmk.test_execution_engine.MMKMainSiteTestCases -->
    </test> <!-- MyMoneyKart_Functional_Test -->
    <test name="BusBookingSite_Functional_Test" duration-ms="445028" started-at="2017-07-18T11:37:05Z" finished-at="2017-07-18T11:44:30Z">
      <class name="com.mmk.test_execution_engine.MMKBusSiteTestCases">
        <test-method status="PASS" signature="navigateToBusHomePage()[pri:0, instance:com.mmk.test_execution_engine.MMKBusSiteTestCases@5ce81285]" name="navigateToBusHomePage" duration-ms="12843" started-at="2017-07-18T17:07:05Z" finished-at="2017-07-18T17:07:18Z">
          <reporter-output>
          </reporter-output>
        </test-method> <!-- navigateToBusHomePage -->
        <test-method status="PASS" signature="userLoginCheckAndLoginIfNot()[pri:0, instance:com.mmk.test_execution_engine.MMKBusSiteTestCases@5ce81285]" name="userLoginCheckAndLoginIfNot" duration-ms="19" started-at="2017-07-18T17:07:18Z" finished-at="2017-07-18T17:07:18Z">
          <reporter-output>
          </reporter-output>
        </test-method> <!-- userLoginCheckAndLoginIfNot -->
        <test-method status="PASS" signature="getSelectedPreferredCity()[pri:0, instance:com.mmk.test_execution_engine.MMKBusSiteTestCases@5ce81285]" name="getSelectedPreferredCity" duration-ms="2000" started-at="2017-07-18T17:07:18Z" finished-at="2017-07-18T17:07:20Z">
          <reporter-output>
          </reporter-output>
        </test-method> <!-- getSelectedPreferredCity -->
        <test-method status="PASS" signature="setPreferredCity()[pri:0, instance:com.mmk.test_execution_engine.MMKBusSiteTestCases@5ce81285]" name="setPreferredCity" duration-ms="364" started-at="2017-07-18T17:07:20Z" finished-at="2017-07-18T17:07:21Z">
          <reporter-output>
          </reporter-output>
        </test-method> <!-- setPreferredCity -->
        <test-method status="PASS" signature="checkBusRatingOptionAvailability()[pri:0, instance:com.mmk.test_execution_engine.MMKBusSiteTestCases@5ce81285]" name="checkBusRatingOptionAvailability" duration-ms="302" started-at="2017-07-18T17:07:21Z" finished-at="2017-07-18T17:07:21Z">
          <reporter-output>
          </reporter-output>
        </test-method> <!-- checkBusRatingOptionAvailability -->
        <test-method status="PASS" signature="rateABusIfRatingOptionAvailable()[pri:0, instance:com.mmk.test_execution_engine.MMKBusSiteTestCases@5ce81285]" name="rateABusIfRatingOptionAvailable" duration-ms="4207" started-at="2017-07-18T17:07:21Z" finished-at="2017-07-18T17:07:25Z">
          <reporter-output>
          </reporter-output>
        </test-method> <!-- rateABusIfRatingOptionAvailable -->
        <test-method status="PASS" signature="getRecentSearches()[pri:0, instance:com.mmk.test_execution_engine.MMKBusSiteTestCases@5ce81285]" name="getRecentSearches" duration-ms="531" started-at="2017-07-18T17:07:25Z" finished-at="2017-07-18T17:07:26Z">
          <reporter-output>
          </reporter-output>
        </test-method> <!-- getRecentSearches -->
        <test-method status="PASS" signature="doBusSearch()[pri:0, instance:com.mmk.test_execution_engine.MMKBusSiteTestCases@5ce81285]" name="doBusSearch" duration-ms="4804" started-at="2017-07-18T17:07:26Z" finished-at="2017-07-18T17:07:31Z">
          <reporter-output>
          </reporter-output>
        </test-method> <!-- doBusSearch -->
        <test-method status="FAIL" signature="modifySearchCheck()[pri:0, instance:com.mmk.test_execution_engine.MMKBusSiteTestCases@5ce81285]" name="modifySearchCheck" duration-ms="71794" started-at="2017-07-18T17:07:31Z" finished-at="2017-07-18T17:08:42Z">
          <exception class="org.openqa.selenium.NoSuchElementException">
            <message>
              <![CDATA[Unable to locate element: //input[@id='hdDate']
For documentation on this error, please visit: http://seleniumhq.org/exceptions/no_such_element.html
Build info: version: '3.4.0', revision: 'unknown', time: 'unknown'
System info: host: 'TSS167', ip: '192.168.1.167', os.name: 'Windows 8.1', os.arch: 'amd64', os.version: '6.3', java.version: '1.8.0_51'
Driver info: org.openqa.selenium.firefox.FirefoxDriver
Capabilities [{moz:profile=C:\Users\NAREND~1.RAJ\AppData\Local\Temp\rust_mozprofile.N4yg1ywWgtwa, rotatable=false, timeouts={implicit=0.0, page load=300000.0, script=30000.0}, pageLoadStrategy=normal, platform=ANY, specificationLevel=0.0, moz:accessibilityChecks=false, acceptInsecureCerts=false, browserVersion=52.0.2, platformVersion=6.3, moz:processID=1360.0, browserName=firefox, javascriptEnabled=true, platformName=windows_nt}]
Session ID: 0215aa8f-cade-4264-91fd-3c58a5fd1fb0
*** Element info: {Using=xpath, value=//input[@id='hdDate']}]]>
            </message>
            <full-stacktrace>
              <![CDATA[org.openqa.selenium.NoSuchElementException: Unable to locate element: //input[@id='hdDate']
For documentation on this error, please visit: http://seleniumhq.org/exceptions/no_such_element.html
Build info: version: '3.4.0', revision: 'unknown', time: 'unknown'
System info: host: 'TSS167', ip: '192.168.1.167', os.name: 'Windows 8.1', os.arch: 'amd64', os.version: '6.3', java.version: '1.8.0_51'
Driver info: org.openqa.selenium.firefox.FirefoxDriver
Capabilities [{moz:profile=C:\Users\NAREND~1.RAJ\AppData\Local\Temp\rust_mozprofile.N4yg1ywWgtwa, rotatable=false, timeouts={implicit=0.0, page load=300000.0, script=30000.0}, pageLoadStrategy=normal, platform=ANY, specificationLevel=0.0, moz:accessibilityChecks=false, acceptInsecureCerts=false, browserVersion=52.0.2, platformVersion=6.3, moz:processID=1360.0, browserName=firefox, javascriptEnabled=true, platformName=windows_nt}]
Session ID: 0215aa8f-cade-4264-91fd-3c58a5fd1fb0
*** Element info: {Using=xpath, value=//input[@id='hdDate']}
	at sun.reflect.NativeConstructorAccessorImpl.newInstance0(Native Method)
	at sun.reflect.NativeConstructorAccessorImpl.newInstance(NativeConstructorAccessorImpl.java:62)
	at sun.reflect.DelegatingConstructorAccessorImpl.newInstance(DelegatingConstructorAccessorImpl.java:45)
	at java.lang.reflect.Constructor.newInstance(Constructor.java:422)
	at org.openqa.selenium.remote.http.W3CHttpResponseCodec.createException(W3CHttpResponseCodec.java:150)
	at org.openqa.selenium.remote.http.W3CHttpResponseCodec.decode(W3CHttpResponseCodec.java:115)
	at org.openqa.selenium.remote.http.W3CHttpResponseCodec.decode(W3CHttpResponseCodec.java:45)
	at org.openqa.selenium.remote.HttpCommandExecutor.execute(HttpCommandExecutor.java:164)
	at org.openqa.selenium.remote.service.DriverCommandExecutor.execute(DriverCommandExecutor.java:82)
	at org.openqa.selenium.remote.RemoteWebDriver.execute(RemoteWebDriver.java:637)
	at org.openqa.selenium.remote.RemoteWebDriver.findElement(RemoteWebDriver.java:410)
	at org.openqa.selenium.remote.RemoteWebDriver.findElementByXPath(RemoteWebDriver.java:509)
	at org.openqa.selenium.By$ByXPath.findElement(By.java:361)
	at org.openqa.selenium.remote.RemoteWebDriver.findElement(RemoteWebDriver.java:402)
	at org.openqa.selenium.support.pagefactory.DefaultElementLocator.findElement(DefaultElementLocator.java:69)
	at org.openqa.selenium.support.pagefactory.internal.LocatingElementHandler.invoke(LocatingElementHandler.java:38)
	at com.sun.proxy.$Proxy8.getAttribute(Unknown Source)
	at com.busproject.pages.BusListingPage.modifySearch(BusListingPage.java:94)
	at com.mmk.test_execution_engine.MMKBusSiteTestCases.modifySearchCheck(MMKBusSiteTestCases.java:123)
	at sun.reflect.NativeMethodAccessorImpl.invoke0(Native Method)
	at sun.reflect.NativeMethodAccessorImpl.invoke(NativeMethodAccessorImpl.java:62)
	at sun.reflect.DelegatingMethodAccessorImpl.invoke(DelegatingMethodAccessorImpl.java:43)
	at java.lang.reflect.Method.invoke(Method.java:497)
	at org.testng.internal.MethodInvocationHelper.invokeMethod(MethodInvocationHelper.java:84)
	at org.testng.internal.Invoker.invokeMethod(Invoker.java:714)
	at org.testng.internal.Invoker.invokeTestMethod(Invoker.java:901)
	at org.testng.internal.Invoker.invokeTestMethods(Invoker.java:1231)
	at org.testng.internal.TestMethodWorker.invokeTestMethods(TestMethodWorker.java:127)
	at org.testng.internal.TestMethodWorker.run(TestMethodWorker.java:111)
	at org.testng.TestRunner.privateRun(TestRunner.java:767)
	at org.testng.TestRunner.run(TestRunner.java:617)
	at org.testng.SuiteRunner.runTest(SuiteRunner.java:334)
	at org.testng.SuiteRunner.runSequentially(SuiteRunner.java:329)
	at org.testng.SuiteRunner.privateRun(SuiteRunner.java:291)
	at org.testng.SuiteRunner.run(SuiteRunner.java:240)
	at org.testng.SuiteRunnerWorker.runSuite(SuiteRunnerWorker.java:52)
	at org.testng.SuiteRunnerWorker.run(SuiteRunnerWorker.java:86)
	at org.testng.TestNG.runSuitesSequentially(TestNG.java:1224)
	at org.testng.TestNG.runSuitesLocally(TestNG.java:1149)
	at org.testng.TestNG.run(TestNG.java:1057)
	at org.apache.maven.surefire.testng.TestNGExecutor.run(TestNGExecutor.java:178)
	at org.apache.maven.surefire.testng.TestNGXmlTestSuite.execute(TestNGXmlTestSuite.java:92)
	at org.apache.maven.surefire.testng.TestNGProvider.invoke(TestNGProvider.java:96)
	at sun.reflect.NativeMethodAccessorImpl.invoke0(Native Method)
	at sun.reflect.NativeMethodAccessorImpl.invoke(NativeMethodAccessorImpl.java:62)
	at sun.reflect.DelegatingMethodAccessorImpl.invoke(DelegatingMethodAccessorImpl.java:43)
	at java.lang.reflect.Method.invoke(Method.java:497)
	at org.apache.maven.surefire.util.ReflectionUtils.invokeMethodWithArray(ReflectionUtils.java:189)
	at org.apache.maven.surefire.booter.ProviderFactory$ProviderProxy.invoke(ProviderFactory.java:165)
	at org.apache.maven.surefire.booter.ProviderFactory.invokeProvider(ProviderFactory.java:85)
	at org.apache.maven.surefire.booter.ForkedBooter.runSuitesInProcess(ForkedBooter.java:115)
	at org.apache.maven.surefire.booter.ForkedBooter.main(ForkedBooter.java:75)
]]>
            </full-stacktrace>
          </exception> <!-- org.openqa.selenium.NoSuchElementException -->
          <reporter-output>
          </reporter-output>
        </test-method> <!-- modifySearchCheck -->
        <test-method status="PASS" signature="selectSeatAndProceed()[pri:0, instance:com.mmk.test_execution_engine.MMKBusSiteTestCases@5ce81285]" name="selectSeatAndProceed" duration-ms="16130" started-at="2017-07-18T17:08:42Z" finished-at="2017-07-18T17:08:58Z">
          <reporter-output>
          </reporter-output>
        </test-method> <!-- selectSeatAndProceed -->
        <test-method status="PASS" signature="isSelfFunctionalityCheck()[pri:0, instance:com.mmk.test_execution_engine.MMKBusSiteTestCases@5ce81285]" name="isSelfFunctionalityCheck" duration-ms="38495" started-at="2017-07-18T17:08:58Z" finished-at="2017-07-18T17:09:37Z">
          <reporter-output>
          </reporter-output>
        </test-method> <!-- isSelfFunctionalityCheck -->
        <test-method status="PASS" signature="fillPassangerDetailsAndProceedFurther()[pri:0, instance:com.mmk.test_execution_engine.MMKBusSiteTestCases@5ce81285]" name="fillPassangerDetailsAndProceedFurther" duration-ms="48939" started-at="2017-07-18T17:09:37Z" finished-at="2017-07-18T17:10:26Z">
          <reporter-output>
          </reporter-output>
        </test-method> <!-- fillPassangerDetailsAndProceedFurther -->
        <test-method status="PASS" signature="applyCouponCode()[pri:0, instance:com.mmk.test_execution_engine.MMKBusSiteTestCases@5ce81285]" name="applyCouponCode" duration-ms="52317" started-at="2017-07-18T17:10:26Z" finished-at="2017-07-18T17:11:18Z">
          <reporter-output>
          </reporter-output>
        </test-method> <!-- applyCouponCode -->
        <test-method status="PASS" signature="applyWalletAmountAndCheckout()[pri:0, instance:com.mmk.test_execution_engine.MMKBusSiteTestCases@5ce81285]" name="applyWalletAmountAndCheckout" duration-ms="88456" started-at="2017-07-18T17:11:18Z" finished-at="2017-07-18T17:12:47Z">
          <reporter-output>
          </reporter-output>
        </test-method> <!-- applyWalletAmountAndCheckout -->
        <test-method status="PASS" signature="completeBusBookingAndOrderCheckout()[pri:0, instance:com.mmk.test_execution_engine.MMKBusSiteTestCases@5ce81285]" name="completeBusBookingAndOrderCheckout" duration-ms="103821" started-at="2017-07-18T17:12:47Z" finished-at="2017-07-18T17:14:30Z">
          <reporter-output>
          </reporter-output>
        </test-method> <!-- completeBusBookingAndOrderCheckout -->
      </class> <!-- com.mmk.test_execution_engine.MMKBusSiteTestCases -->
    </test> <!-- BusBookingSite_Functional_Test -->
    <test name="Utility_Functional_Test" duration-ms="287686" started-at="2017-07-18T11:44:31Z" finished-at="2017-07-18T11:49:18Z">
      <class name="com.mmk.test_execution_engine.MMKUtilitySiteTestCases">
        <test-method status="PASS" signature="setUp(java.lang.String)[pri:0, instance:com.mmk.test_execution_engine.MMKUtilitySiteTestCases@5abca1e0]" name="setUp" is-config="true" duration-ms="29033" started-at="2017-07-18T17:01:58Z" finished-at="2017-07-18T17:02:27Z">
          <params>
            <param index="0">
              <value>
                <![CDATA[firefox]]>
              </value>
            </param>
          </params>
          <reporter-output>
          </reporter-output>
        </test-method> <!-- setUp -->
        <test-method status="PASS" signature="navigateToUtilitySiteAndVerifyCorrectLandingHomePage()[pri:0, instance:com.mmk.test_execution_engine.MMKUtilitySiteTestCases@5abca1e0]" name="navigateToUtilitySiteAndVerifyCorrectLandingHomePage" duration-ms="9519" started-at="2017-07-18T17:14:31Z" finished-at="2017-07-18T17:14:40Z">
          <reporter-output>
          </reporter-output>
        </test-method> <!-- navigateToUtilitySiteAndVerifyCorrectLandingHomePage -->
        <test-method status="PASS" signature="tearDown(org.testng.ITestResult)[pri:0, instance:com.mmk.test_execution_engine.MMKUtilitySiteTestCases@5abca1e0]" name="tearDown" is-config="true" duration-ms="0" started-at="2017-07-18T17:14:40Z" finished-at="2017-07-18T17:14:40Z">
          <params>
            <param index="0">
              <value>
                <![CDATA[[TestResult name=navigateToUtilitySiteAndVerifyCorrectLandingHomePage status=SUCCESS method=MMKUtilitySiteTestCases.navigateToUtilitySiteAndVerifyCorrectLandingHomePage()[pri:0, instance:com.mmk.test_execution_engine.MMKUtilitySiteTestCases@5abca1e0] output={null}]]]>
              </value>
            </param>
          </params>
          <reporter-output>
          </reporter-output>
        </test-method> <!-- tearDown -->
        <test-method status="PASS" signature="navigateToUtilityHomePageAndCheckWeatherUserIsLogigedIn()[pri:0, instance:com.mmk.test_execution_engine.MMKUtilitySiteTestCases@5abca1e0]" name="navigateToUtilityHomePageAndCheckWeatherUserIsLogigedIn" duration-ms="326" started-at="2017-07-18T17:14:40Z" finished-at="2017-07-18T17:14:40Z">
          <reporter-output>
          </reporter-output>
        </test-method> <!-- navigateToUtilityHomePageAndCheckWeatherUserIsLogigedIn -->
        <test-method status="PASS" signature="tearDown(org.testng.ITestResult)[pri:0, instance:com.mmk.test_execution_engine.MMKUtilitySiteTestCases@5abca1e0]" name="tearDown" is-config="true" duration-ms="0" started-at="2017-07-18T17:14:40Z" finished-at="2017-07-18T17:14:40Z">
          <params>
            <param index="0">
              <value>
                <![CDATA[[TestResult name=navigateToUtilityHomePageAndCheckWeatherUserIsLogigedIn status=SUCCESS method=MMKUtilitySiteTestCases.navigateToUtilityHomePageAndCheckWeatherUserIsLogigedIn()[pri:0, instance:com.mmk.test_execution_engine.MMKUtilitySiteTestCases@5abca1e0] output={null}]]]>
              </value>
            </param>
          </params>
          <reporter-output>
          </reporter-output>
        </test-method> <!-- tearDown -->
        <test-method status="PASS" signature="proceedPrepaidMobilerechargeAndVerifyLandingPageAfterFillRechargeDetails()[pri:0, instance:com.mmk.test_execution_engine.MMKUtilitySiteTestCases@5abca1e0]" name="proceedPrepaidMobilerechargeAndVerifyLandingPageAfterFillRechargeDetails" duration-ms="17850" started-at="2017-07-18T17:14:40Z" finished-at="2017-07-18T17:14:58Z">
          <reporter-output>
          </reporter-output>
        </test-method> <!-- proceedPrepaidMobilerechargeAndVerifyLandingPageAfterFillRechargeDetails -->
        <test-method status="PASS" signature="tearDown(org.testng.ITestResult)[pri:0, instance:com.mmk.test_execution_engine.MMKUtilitySiteTestCases@5abca1e0]" name="tearDown" is-config="true" duration-ms="0" started-at="2017-07-18T17:14:58Z" finished-at="2017-07-18T17:14:58Z">
          <params>
            <param index="0">
              <value>
                <![CDATA[[TestResult name=proceedPrepaidMobilerechargeAndVerifyLandingPageAfterFillRechargeDetails status=SUCCESS method=MMKUtilitySiteTestCases.proceedPrepaidMobilerechargeAndVerifyLandingPageAfterFillRechargeDetails()[pri:0, instance:com.mmk.test_execution_engine.MMKUtilitySiteTestCases@5abca1e0] output={null}]]]>
              </value>
            </param>
          </params>
          <reporter-output>
          </reporter-output>
        </test-method> <!-- tearDown -->
        <test-method status="PASS" signature="proceedPrepaidMobileRechargeAndApplyCoupon()[pri:0, instance:com.mmk.test_execution_engine.MMKUtilitySiteTestCases@5abca1e0]" name="proceedPrepaidMobileRechargeAndApplyCoupon" duration-ms="31663" started-at="2017-07-18T17:14:58Z" finished-at="2017-07-18T17:15:30Z">
          <reporter-output>
          </reporter-output>
        </test-method> <!-- proceedPrepaidMobileRechargeAndApplyCoupon -->
        <test-method status="PASS" signature="tearDown(org.testng.ITestResult)[pri:0, instance:com.mmk.test_execution_engine.MMKUtilitySiteTestCases@5abca1e0]" name="tearDown" is-config="true" duration-ms="0" started-at="2017-07-18T17:15:30Z" finished-at="2017-07-18T17:15:30Z">
          <params>
            <param index="0">
              <value>
                <![CDATA[[TestResult name=proceedPrepaidMobileRechargeAndApplyCoupon status=SUCCESS method=MMKUtilitySiteTestCases.proceedPrepaidMobileRechargeAndApplyCoupon()[pri:0, instance:com.mmk.test_execution_engine.MMKUtilitySiteTestCases@5abca1e0] output={null}]]]>
              </value>
            </param>
          </params>
          <reporter-output>
          </reporter-output>
        </test-method> <!-- tearDown -->
        <test-method status="PASS" signature="proceedPrepaidMobileRechargeAndVeriyLandingPageAfterWalletPay()[pri:0, instance:com.mmk.test_execution_engine.MMKUtilitySiteTestCases@5abca1e0]" name="proceedPrepaidMobileRechargeAndVeriyLandingPageAfterWalletPay" duration-ms="55148" started-at="2017-07-18T17:15:30Z" finished-at="2017-07-18T17:16:25Z">
          <reporter-output>
          </reporter-output>
        </test-method> <!-- proceedPrepaidMobileRechargeAndVeriyLandingPageAfterWalletPay -->
        <test-method status="PASS" signature="proceedPrepaidMobileRechargeAndVerifyStatusOnThankyouPage()[pri:0, instance:com.mmk.test_execution_engine.MMKUtilitySiteTestCases@5abca1e0]" name="proceedPrepaidMobileRechargeAndVerifyStatusOnThankyouPage" duration-ms="49379" started-at="2017-07-18T17:16:25Z" finished-at="2017-07-18T17:17:14Z">
          <reporter-output>
          </reporter-output>
        </test-method> <!-- proceedPrepaidMobileRechargeAndVerifyStatusOnThankyouPage -->
        <test-method status="PASS" signature="tearDown(org.testng.ITestResult)[pri:0, instance:com.mmk.test_execution_engine.MMKUtilitySiteTestCases@5abca1e0]" name="tearDown" is-config="true" duration-ms="0" started-at="2017-07-18T17:16:25Z" finished-at="2017-07-18T17:16:25Z">
          <params>
            <param index="0">
              <value>
                <![CDATA[[TestResult name=proceedPrepaidMobileRechargeAndVeriyLandingPageAfterWalletPay status=SUCCESS method=MMKUtilitySiteTestCases.proceedPrepaidMobileRechargeAndVeriyLandingPageAfterWalletPay()[pri:0, instance:com.mmk.test_execution_engine.MMKUtilitySiteTestCases@5abca1e0] output={null}]]]>
              </value>
            </param>
          </params>
          <reporter-output>
          </reporter-output>
        </test-method> <!-- tearDown -->
        <test-method status="PASS" signature="tearDown(org.testng.ITestResult)[pri:0, instance:com.mmk.test_execution_engine.MMKUtilitySiteTestCases@5abca1e0]" name="tearDown" is-config="true" duration-ms="0" started-at="2017-07-18T17:17:14Z" finished-at="2017-07-18T17:17:14Z">
          <params>
            <param index="0">
              <value>
                <![CDATA[[TestResult name=proceedPrepaidMobileRechargeAndVerifyStatusOnThankyouPage status=SUCCESS method=MMKUtilitySiteTestCases.proceedPrepaidMobileRechargeAndVerifyStatusOnThankyouPage()[pri:0, instance:com.mmk.test_execution_engine.MMKUtilitySiteTestCases@5abca1e0] output={null}]]]>
              </value>
            </param>
          </params>
          <reporter-output>
          </reporter-output>
        </test-method> <!-- tearDown -->
        <test-method status="PASS" signature="proceedPostpaidMobileRechargeAndVerifyStatusOnThankyouPage()[pri:0, instance:com.mmk.test_execution_engine.MMKUtilitySiteTestCases@5abca1e0]" name="proceedPostpaidMobileRechargeAndVerifyStatusOnThankyouPage" duration-ms="48680" started-at="2017-07-18T17:17:14Z" finished-at="2017-07-18T17:18:03Z">
          <reporter-output>
          </reporter-output>
        </test-method> <!-- proceedPostpaidMobileRechargeAndVerifyStatusOnThankyouPage -->
        <test-method status="PASS" signature="tearDown(org.testng.ITestResult)[pri:0, instance:com.mmk.test_execution_engine.MMKUtilitySiteTestCases@5abca1e0]" name="tearDown" is-config="true" duration-ms="1" started-at="2017-07-18T17:18:03Z" finished-at="2017-07-18T17:18:03Z">
          <params>
            <param index="0">
              <value>
                <![CDATA[[TestResult name=proceedPostpaidMobileRechargeAndVerifyStatusOnThankyouPage status=SUCCESS method=MMKUtilitySiteTestCases.proceedPostpaidMobileRechargeAndVerifyStatusOnThankyouPage()[pri:0, instance:com.mmk.test_execution_engine.MMKUtilitySiteTestCases@5abca1e0] output={null}]]]>
              </value>
            </param>
          </params>
          <reporter-output>
          </reporter-output>
        </test-method> <!-- tearDown -->
        <test-method status="PASS" signature="navigateToUtilitySiteAndswitchTodthRecharge()[pri:0, instance:com.mmk.test_execution_engine.MMKUtilitySiteTestCases@5abca1e0]" name="navigateToUtilitySiteAndswitchTodthRecharge" duration-ms="6678" started-at="2017-07-18T17:18:03Z" finished-at="2017-07-18T17:18:10Z">
          <reporter-output>
          </reporter-output>
        </test-method> <!-- navigateToUtilitySiteAndswitchTodthRecharge -->
        <test-method status="PASS" signature="tearDown(org.testng.ITestResult)[pri:0, instance:com.mmk.test_execution_engine.MMKUtilitySiteTestCases@5abca1e0]" name="tearDown" is-config="true" duration-ms="0" started-at="2017-07-18T17:18:10Z" finished-at="2017-07-18T17:18:10Z">
          <params>
            <param index="0">
              <value>
                <![CDATA[[TestResult name=navigateToUtilitySiteAndswitchTodthRecharge status=SUCCESS method=MMKUtilitySiteTestCases.navigateToUtilitySiteAndswitchTodthRecharge()[pri:0, instance:com.mmk.test_execution_engine.MMKUtilitySiteTestCases@5abca1e0] output={null}]]]>
              </value>
            </param>
          </params>
          <reporter-output>
          </reporter-output>
        </test-method> <!-- tearDown -->
        <test-method status="PASS" signature="proceedDTHRechargeAndVerifyLandingPage()[pri:0, instance:com.mmk.test_execution_engine.MMKUtilitySiteTestCases@5abca1e0]" name="proceedDTHRechargeAndVerifyLandingPage" duration-ms="17769" started-at="2017-07-18T17:18:10Z" finished-at="2017-07-18T17:18:28Z">
          <reporter-output>
          </reporter-output>
        </test-method> <!-- proceedDTHRechargeAndVerifyLandingPage -->
        <test-method status="PASS" signature="tearDown(org.testng.ITestResult)[pri:0, instance:com.mmk.test_execution_engine.MMKUtilitySiteTestCases@5abca1e0]" name="tearDown" is-config="true" duration-ms="0" started-at="2017-07-18T17:18:28Z" finished-at="2017-07-18T17:18:28Z">
          <params>
            <param index="0">
              <value>
                <![CDATA[[TestResult name=proceedDTHRechargeAndVerifyLandingPage status=SUCCESS method=MMKUtilitySiteTestCases.proceedDTHRechargeAndVerifyLandingPage()[pri:0, instance:com.mmk.test_execution_engine.MMKUtilitySiteTestCases@5abca1e0] output={null}]]]>
              </value>
            </param>
          </params>
          <reporter-output>
          </reporter-output>
        </test-method> <!-- tearDown -->
        <test-method status="PASS" signature="proceedDTHRechargeAndVerifyStatusOnThankyouPage()[pri:0, instance:com.mmk.test_execution_engine.MMKUtilitySiteTestCases@5abca1e0]" name="proceedDTHRechargeAndVerifyStatusOnThankyouPage" duration-ms="50665" started-at="2017-07-18T17:18:28Z" finished-at="2017-07-18T17:19:18Z">
          <reporter-output>
          </reporter-output>
        </test-method> <!-- proceedDTHRechargeAndVerifyStatusOnThankyouPage -->
        <test-method status="PASS" signature="tearDown(org.testng.ITestResult)[pri:0, instance:com.mmk.test_execution_engine.MMKUtilitySiteTestCases@5abca1e0]" name="tearDown" is-config="true" duration-ms="0" started-at="2017-07-18T17:19:18Z" finished-at="2017-07-18T17:19:18Z">
          <params>
            <param index="0">
              <value>
                <![CDATA[[TestResult name=proceedDTHRechargeAndVerifyStatusOnThankyouPage status=SUCCESS method=MMKUtilitySiteTestCases.proceedDTHRechargeAndVerifyStatusOnThankyouPage()[pri:0, instance:com.mmk.test_execution_engine.MMKUtilitySiteTestCases@5abca1e0] output={null}]]]>
              </value>
            </param>
          </params>
          <reporter-output>
          </reporter-output>
        </test-method> <!-- tearDown -->
      </class> <!-- com.mmk.test_execution_engine.MMKUtilitySiteTestCases -->
    </test> <!-- Utility_Functional_Test -->
  </suite> <!-- MyMoneyKart -->
</testng-results>
